[0.011s] Invoking command in '/home/ethereal/rm_2025/rmul_nav_2025/build/navigator': AMENT_PREFIX_PATH=/home/ethereal/rm_2025/rmul_nav_2025/install/navigator_interfaces:${AMENT_PREFIX_PATH} CMAKE_PREFIX_PATH=/home/ethereal/rm_2025/rmul_nav_2025/install/navigator_interfaces:/opt/ros/humble LD_LIBRARY_PATH=/home/ethereal/rm_2025/rmul_nav_2025/install/navigator_interfaces/lib:${LD_LIBRARY_PATH} PS1=\[\e[1;32m\]\u@\h\[\e[0m\]:\[\e[1;34m\]\w\[\e[0m\]\$ PYTHONPATH=/home/ethereal/rm_2025/rmul_nav_2025/install/navigator_interfaces/local/lib/python3.10/dist-packages:${PYTHONPATH} /usr/bin/cmake /home/ethereal/rm_2025/rmul_nav_2025/src/Action/navigator -DCMAKE_INSTALL_PREFIX=/home/ethereal/rm_2025/rmul_nav_2025/install/navigator
[0.050s] -- The C compiler identification is GNU 11.4.0
[0.092s] -- The CXX compiler identification is GNU 11.4.0
[0.098s] -- Detecting C compiler ABI info
[0.147s] -- Detecting C compiler ABI info - done
[0.153s] -- Check for working C compiler: /usr/bin/cc - skipped
[0.153s] -- Detecting C compile features
[0.154s] -- Detecting C compile features - done
[0.155s] -- Detecting CXX compiler ABI info
[0.215s] -- Detecting CXX compiler ABI info - done
[0.222s] -- Check for working CXX compiler: /usr/bin/c++ - skipped
[0.222s] -- Detecting CXX compile features
[0.222s] -- Detecting CXX compile features - done
[0.225s] -- Found ament_cmake_auto: 1.3.11 (/opt/ros/humble/share/ament_cmake_auto/cmake)
[0.348s] -- Found Python3: /usr/bin/python3 (found version "3.10.12") found components: Interpreter 
[0.583s] -- Found rosidl_generator_c: 3.1.6 (/opt/ros/humble/share/rosidl_generator_c/cmake)
[0.590s] -- Found rosidl_adapter: 3.1.6 (/opt/ros/humble/share/rosidl_adapter/cmake)
[0.600s] -- Found rosidl_generator_cpp: 3.1.6 (/opt/ros/humble/share/rosidl_generator_cpp/cmake)
[0.611s] -- Using all available rosidl_typesupport_c: rosidl_typesupport_fastrtps_c;rosidl_typesupport_introspection_c
[0.625s] -- Using all available rosidl_typesupport_cpp: rosidl_typesupport_fastrtps_cpp;rosidl_typesupport_introspection_cpp
[0.660s] -- Found rmw_implementation_cmake: 6.1.2 (/opt/ros/humble/share/rmw_implementation_cmake/cmake)
[0.662s] -- Found rmw_fastrtps_cpp: 6.2.7 (/opt/ros/humble/share/rmw_fastrtps_cpp/cmake)
[0.773s] -- Found OpenSSL: /usr/lib/x86_64-linux-gnu/libcrypto.so (found version "3.0.2")  
[0.802s] -- Found FastRTPS: /opt/ros/humble/include  
[0.851s] -- Using RMW implementation 'rmw_fastrtps_cpp' as default
[0.868s] -- Looking for pthread.h
[0.932s] -- Looking for pthread.h - found
[0.933s] -- Performing Test CMAKE_HAVE_LIBC_PTHREAD
[1.009s] -- Performing Test CMAKE_HAVE_LIBC_PTHREAD - Success
[1.011s] -- Found Threads: TRUE  
[1.350s] -- Found eigen3_cmake_module: 0.1.1 (/opt/ros/humble/share/eigen3_cmake_module/cmake)
[1.352s] -- Found Eigen3: TRUE (found version "3.4.0") 
[1.352s] -- Ensuring Eigen3 include directory is part of orocos-kdl CMake target
[1.484s] -- Found ament_lint_auto: 0.12.11 (/opt/ros/humble/share/ament_lint_auto/cmake)
[1.506s] -- Added test 'cppcheck' to perform static code analysis on C / C++ code
[1.506s] -- Configured cppcheck include dirs: /home/ethereal/rm_2025/rmul_nav_2025/src/Action/navigator/include
[1.506s] -- Configured cppcheck exclude dirs and/or files: 
[1.508s] -- Added test 'cpplint' to check C / C++ code against the Google style
[1.508s] -- Configured cpplint exclude dirs and/or files: 
[1.508s] -- Added test 'flake8' to check Python code syntax and style conventions
[1.509s] -- Added test 'lint_cmake' to check CMake code style
[1.510s] -- Added test 'pep257' to check Python code against some of the docstring style conventions in PEP 257
[1.510s] -- Added test 'xmllint' to check XML markup files
[1.515s] -- Configuring done
[1.542s] -- Generating done
[1.552s] -- Build files have been written to: /home/ethereal/rm_2025/rmul_nav_2025/build/navigator
[1.566s] Invoked command in '/home/ethereal/rm_2025/rmul_nav_2025/build/navigator' returned '0': AMENT_PREFIX_PATH=/home/ethereal/rm_2025/rmul_nav_2025/install/navigator_interfaces:${AMENT_PREFIX_PATH} CMAKE_PREFIX_PATH=/home/ethereal/rm_2025/rmul_nav_2025/install/navigator_interfaces:/opt/ros/humble LD_LIBRARY_PATH=/home/ethereal/rm_2025/rmul_nav_2025/install/navigator_interfaces/lib:${LD_LIBRARY_PATH} PS1=\[\e[1;32m\]\u@\h\[\e[0m\]:\[\e[1;34m\]\w\[\e[0m\]\$ PYTHONPATH=/home/ethereal/rm_2025/rmul_nav_2025/install/navigator_interfaces/local/lib/python3.10/dist-packages:${PYTHONPATH} /usr/bin/cmake /home/ethereal/rm_2025/rmul_nav_2025/src/Action/navigator -DCMAKE_INSTALL_PREFIX=/home/ethereal/rm_2025/rmul_nav_2025/install/navigator
[1.569s] Invoking command in '/home/ethereal/rm_2025/rmul_nav_2025/build/navigator': AMENT_PREFIX_PATH=/home/ethereal/rm_2025/rmul_nav_2025/install/navigator_interfaces:${AMENT_PREFIX_PATH} CMAKE_PREFIX_PATH=/home/ethereal/rm_2025/rmul_nav_2025/install/navigator_interfaces:/opt/ros/humble LD_LIBRARY_PATH=/home/ethereal/rm_2025/rmul_nav_2025/install/navigator_interfaces/lib:${LD_LIBRARY_PATH} PS1=\[\e[1;32m\]\u@\h\[\e[0m\]:\[\e[1;34m\]\w\[\e[0m\]\$ PYTHONPATH=/home/ethereal/rm_2025/rmul_nav_2025/install/navigator_interfaces/local/lib/python3.10/dist-packages:${PYTHONPATH} /usr/bin/cmake --build /home/ethereal/rm_2025/rmul_nav_2025/build/navigator -- -j20 -l20
[1.617s] [ 25%] [32mBuilding CXX object CMakeFiles/navigator.dir/src/navigator.cpp.o[0m
[13.227s] [ 50%] [32m[1mLinking CXX shared library libnavigator.so[0m
[13.820s] [ 50%] Built target navigator
[13.832s] [ 75%] [32mBuilding CXX object CMakeFiles/navigator_node.dir/src/node_exec.cpp.o[0m
[16.159s] [100%] [32m[1mLinking CXX executable navigator_node[0m
[16.390s] [100%] Built target navigator_node
[16.397s] Invoked command in '/home/ethereal/rm_2025/rmul_nav_2025/build/navigator' returned '0': AMENT_PREFIX_PATH=/home/ethereal/rm_2025/rmul_nav_2025/install/navigator_interfaces:${AMENT_PREFIX_PATH} CMAKE_PREFIX_PATH=/home/ethereal/rm_2025/rmul_nav_2025/install/navigator_interfaces:/opt/ros/humble LD_LIBRARY_PATH=/home/ethereal/rm_2025/rmul_nav_2025/install/navigator_interfaces/lib:${LD_LIBRARY_PATH} PS1=\[\e[1;32m\]\u@\h\[\e[0m\]:\[\e[1;34m\]\w\[\e[0m\]\$ PYTHONPATH=/home/ethereal/rm_2025/rmul_nav_2025/install/navigator_interfaces/local/lib/python3.10/dist-packages:${PYTHONPATH} /usr/bin/cmake --build /home/ethereal/rm_2025/rmul_nav_2025/build/navigator -- -j20 -l20
[16.398s] Invoking command in '/home/ethereal/rm_2025/rmul_nav_2025/build/navigator': AMENT_PREFIX_PATH=/home/ethereal/rm_2025/rmul_nav_2025/install/navigator_interfaces:${AMENT_PREFIX_PATH} CMAKE_PREFIX_PATH=/home/ethereal/rm_2025/rmul_nav_2025/install/navigator_interfaces:/opt/ros/humble LD_LIBRARY_PATH=/home/ethereal/rm_2025/rmul_nav_2025/install/navigator_interfaces/lib:${LD_LIBRARY_PATH} PS1=\[\e[1;32m\]\u@\h\[\e[0m\]:\[\e[1;34m\]\w\[\e[0m\]\$ PYTHONPATH=/home/ethereal/rm_2025/rmul_nav_2025/install/navigator_interfaces/local/lib/python3.10/dist-packages:${PYTHONPATH} /usr/bin/cmake --install /home/ethereal/rm_2025/rmul_nav_2025/build/navigator
[16.402s] -- Install configuration: ""
[16.402s] -- Installing: /home/ethereal/rm_2025/rmul_nav_2025/install/navigator/include
[16.402s] -- Installing: /home/ethereal/rm_2025/rmul_nav_2025/install/navigator/include/navigator
[16.402s] -- Installing: /home/ethereal/rm_2025/rmul_nav_2025/install/navigator/include/navigator/navigator.hpp
[16.402s] -- Installing: /home/ethereal/rm_2025/rmul_nav_2025/install/navigator/share/navigator/environment/library_path.sh
[16.402s] -- Installing: /home/ethereal/rm_2025/rmul_nav_2025/install/navigator/share/navigator/environment/library_path.dsv
[16.403s] -- Installing: /home/ethereal/rm_2025/rmul_nav_2025/install/navigator/lib/libnavigator.so
[16.410s] -- Set runtime path of "/home/ethereal/rm_2025/rmul_nav_2025/install/navigator/lib/libnavigator.so" to ""
[16.410s] -- Installing: /home/ethereal/rm_2025/rmul_nav_2025/install/navigator/lib/navigator/navigator_node
[16.410s] -- Set runtime path of "/home/ethereal/rm_2025/rmul_nav_2025/install/navigator/lib/navigator/navigator_node" to ""
[16.411s] -- Installing: /home/ethereal/rm_2025/rmul_nav_2025/install/navigator/share/navigator/launch
[16.411s] -- Installing: /home/ethereal/rm_2025/rmul_nav_2025/install/navigator/share/navigator/launch/launch.py
[16.411s] -- Installing: /home/ethereal/rm_2025/rmul_nav_2025/install/navigator/share/ament_index/resource_index/package_run_dependencies/navigator
[16.411s] -- Installing: /home/ethereal/rm_2025/rmul_nav_2025/install/navigator/share/ament_index/resource_index/parent_prefix_path/navigator
[16.411s] -- Installing: /home/ethereal/rm_2025/rmul_nav_2025/install/navigator/share/navigator/environment/ament_prefix_path.sh
[16.412s] -- Installing: /home/ethereal/rm_2025/rmul_nav_2025/install/navigator/share/navigator/environment/ament_prefix_path.dsv
[16.412s] -- Installing: /home/ethereal/rm_2025/rmul_nav_2025/install/navigator/share/navigator/environment/path.sh
[16.412s] -- Installing: /home/ethereal/rm_2025/rmul_nav_2025/install/navigator/share/navigator/environment/path.dsv
[16.412s] -- Installing: /home/ethereal/rm_2025/rmul_nav_2025/install/navigator/share/navigator/local_setup.bash
[16.412s] -- Installing: /home/ethereal/rm_2025/rmul_nav_2025/install/navigator/share/navigator/local_setup.sh
[16.412s] -- Installing: /home/ethereal/rm_2025/rmul_nav_2025/install/navigator/share/navigator/local_setup.zsh
[16.412s] -- Installing: /home/ethereal/rm_2025/rmul_nav_2025/install/navigator/share/navigator/local_setup.dsv
[16.412s] -- Installing: /home/ethereal/rm_2025/rmul_nav_2025/install/navigator/share/navigator/package.dsv
[16.413s] -- Installing: /home/ethereal/rm_2025/rmul_nav_2025/install/navigator/share/ament_index/resource_index/packages/navigator
[16.413s] -- Installing: /home/ethereal/rm_2025/rmul_nav_2025/install/navigator/share/navigator/cmake/ament_cmake_export_dependencies-extras.cmake
[16.413s] -- Installing: /home/ethereal/rm_2025/rmul_nav_2025/install/navigator/share/navigator/cmake/ament_cmake_export_include_directories-extras.cmake
[16.413s] -- Installing: /home/ethereal/rm_2025/rmul_nav_2025/install/navigator/share/navigator/cmake/ament_cmake_export_libraries-extras.cmake
[16.413s] -- Installing: /home/ethereal/rm_2025/rmul_nav_2025/install/navigator/share/navigator/cmake/navigatorConfig.cmake
[16.413s] -- Installing: /home/ethereal/rm_2025/rmul_nav_2025/install/navigator/share/navigator/cmake/navigatorConfig-version.cmake
[16.413s] -- Installing: /home/ethereal/rm_2025/rmul_nav_2025/install/navigator/share/navigator/package.xml
[16.414s] -- Up-to-date: /home/ethereal/rm_2025/rmul_nav_2025/install/navigator/share/navigator/launch
[16.415s] -- Up-to-date: /home/ethereal/rm_2025/rmul_nav_2025/install/navigator/share/navigator/launch/launch.py
[16.415s] Invoked command in '/home/ethereal/rm_2025/rmul_nav_2025/build/navigator' returned '0': AMENT_PREFIX_PATH=/home/ethereal/rm_2025/rmul_nav_2025/install/navigator_interfaces:${AMENT_PREFIX_PATH} CMAKE_PREFIX_PATH=/home/ethereal/rm_2025/rmul_nav_2025/install/navigator_interfaces:/opt/ros/humble LD_LIBRARY_PATH=/home/ethereal/rm_2025/rmul_nav_2025/install/navigator_interfaces/lib:${LD_LIBRARY_PATH} PS1=\[\e[1;32m\]\u@\h\[\e[0m\]:\[\e[1;34m\]\w\[\e[0m\]\$ PYTHONPATH=/home/ethereal/rm_2025/rmul_nav_2025/install/navigator_interfaces/local/lib/python3.10/dist-packages:${PYTHONPATH} /usr/bin/cmake --install /home/ethereal/rm_2025/rmul_nav_2025/build/navigator
