[0.016s] Invoking command in '/home/ethereal/rm_2025/rmul_nav_2025/build/rmul_decision': AMENT_PREFIX_PATH=/home/ethereal/rm_2025/rmul_nav_2025/install/pb_rm_interfaces:/home/ethereal/rm_2025/rmul_nav_2025/install/navigator_interfaces:${AMENT_PREFIX_PATH} CMAKE_PREFIX_PATH=/home/ethereal/rm_2025/rmul_nav_2025/install/pb_rm_interfaces:/home/ethereal/rm_2025/rmul_nav_2025/install/navigator_interfaces:/opt/ros/humble LD_LIBRARY_PATH=/home/ethereal/rm_2025/rmul_nav_2025/install/pb_rm_interfaces/lib:/home/ethereal/rm_2025/rmul_nav_2025/install/navigator_interfaces/lib:${LD_LIBRARY_PATH} PS1=\[\e[1;32m\]\u@\h\[\e[0m\]:\[\e[1;34m\]\w\[\e[0m\]\$ PYTHONPATH=/home/ethereal/rm_2025/rmul_nav_2025/install/pb_rm_interfaces/local/lib/python3.10/dist-packages:/home/ethereal/rm_2025/rmul_nav_2025/install/navigator_interfaces/local/lib/python3.10/dist-packages:${PYTHONPATH} /usr/bin/cmake --build /home/ethereal/rm_2025/rmul_nav_2025/build/rmul_decision -- -j20 -l20
[0.042s] [35m[1mConsolidate compiler generated dependencies of target rmul_decision[0m
[0.052s] [ 50%] Built target rmul_decision_node
[0.059s] [ 75%] [32mBuilding CXX object CMakeFiles/rmul_decision.dir/src/rmul_decision.cpp.o[0m
[11.360s] [100%] [32m[1mLinking CXX shared library librmul_decision.so[0m
[12.020s] [100%] Built target rmul_decision
[12.027s] Invoked command in '/home/ethereal/rm_2025/rmul_nav_2025/build/rmul_decision' returned '0': AMENT_PREFIX_PATH=/home/ethereal/rm_2025/rmul_nav_2025/install/pb_rm_interfaces:/home/ethereal/rm_2025/rmul_nav_2025/install/navigator_interfaces:${AMENT_PREFIX_PATH} CMAKE_PREFIX_PATH=/home/ethereal/rm_2025/rmul_nav_2025/install/pb_rm_interfaces:/home/ethereal/rm_2025/rmul_nav_2025/install/navigator_interfaces:/opt/ros/humble LD_LIBRARY_PATH=/home/ethereal/rm_2025/rmul_nav_2025/install/pb_rm_interfaces/lib:/home/ethereal/rm_2025/rmul_nav_2025/install/navigator_interfaces/lib:${LD_LIBRARY_PATH} PS1=\[\e[1;32m\]\u@\h\[\e[0m\]:\[\e[1;34m\]\w\[\e[0m\]\$ PYTHONPATH=/home/ethereal/rm_2025/rmul_nav_2025/install/pb_rm_interfaces/local/lib/python3.10/dist-packages:/home/ethereal/rm_2025/rmul_nav_2025/install/navigator_interfaces/local/lib/python3.10/dist-packages:${PYTHONPATH} /usr/bin/cmake --build /home/ethereal/rm_2025/rmul_nav_2025/build/rmul_decision -- -j20 -l20
[12.029s] Invoking command in '/home/ethereal/rm_2025/rmul_nav_2025/build/rmul_decision': AMENT_PREFIX_PATH=/home/ethereal/rm_2025/rmul_nav_2025/install/pb_rm_interfaces:/home/ethereal/rm_2025/rmul_nav_2025/install/navigator_interfaces:${AMENT_PREFIX_PATH} CMAKE_PREFIX_PATH=/home/ethereal/rm_2025/rmul_nav_2025/install/pb_rm_interfaces:/home/ethereal/rm_2025/rmul_nav_2025/install/navigator_interfaces:/opt/ros/humble LD_LIBRARY_PATH=/home/ethereal/rm_2025/rmul_nav_2025/install/pb_rm_interfaces/lib:/home/ethereal/rm_2025/rmul_nav_2025/install/navigator_interfaces/lib:${LD_LIBRARY_PATH} PS1=\[\e[1;32m\]\u@\h\[\e[0m\]:\[\e[1;34m\]\w\[\e[0m\]\$ PYTHONPATH=/home/ethereal/rm_2025/rmul_nav_2025/install/pb_rm_interfaces/local/lib/python3.10/dist-packages:/home/ethereal/rm_2025/rmul_nav_2025/install/navigator_interfaces/local/lib/python3.10/dist-packages:${PYTHONPATH} /usr/bin/cmake --install /home/ethereal/rm_2025/rmul_nav_2025/build/rmul_decision
[12.033s] -- Install configuration: ""
[12.034s] -- Up-to-date: /home/ethereal/rm_2025/rmul_nav_2025/install/rmul_decision/lib/rmul_decision/rmul_decision_node
[12.034s] -- Up-to-date: /home/ethereal/rm_2025/rmul_nav_2025/install/rmul_decision/include
[12.034s] -- Up-to-date: /home/ethereal/rm_2025/rmul_nav_2025/install/rmul_decision/include/rmul_decision
[12.034s] -- Installing: /home/ethereal/rm_2025/rmul_nav_2025/install/rmul_decision/include/rmul_decision/rmul_decision.hpp
[12.034s] -- Up-to-date: /home/ethereal/rm_2025/rmul_nav_2025/install/rmul_decision/share/rmul_decision/environment/library_path.sh
[12.034s] -- Up-to-date: /home/ethereal/rm_2025/rmul_nav_2025/install/rmul_decision/share/rmul_decision/environment/library_path.dsv
[12.035s] -- Installing: /home/ethereal/rm_2025/rmul_nav_2025/install/rmul_decision/lib/librmul_decision.so
[12.046s] -- Set runtime path of "/home/ethereal/rm_2025/rmul_nav_2025/install/rmul_decision/lib/librmul_decision.so" to ""
[12.046s] -- Up-to-date: /home/ethereal/rm_2025/rmul_nav_2025/install/rmul_decision/share/rmul_decision/launch
[12.046s] -- Installing: /home/ethereal/rm_2025/rmul_nav_2025/install/rmul_decision/share/rmul_decision/launch/rmul_decision_launch.py
[12.046s] -- Up-to-date: /home/ethereal/rm_2025/rmul_nav_2025/install/rmul_decision/share/ament_index/resource_index/package_run_dependencies/rmul_decision
[12.046s] -- Up-to-date: /home/ethereal/rm_2025/rmul_nav_2025/install/rmul_decision/share/ament_index/resource_index/parent_prefix_path/rmul_decision
[12.046s] -- Up-to-date: /home/ethereal/rm_2025/rmul_nav_2025/install/rmul_decision/share/rmul_decision/environment/ament_prefix_path.sh
[12.046s] -- Up-to-date: /home/ethereal/rm_2025/rmul_nav_2025/install/rmul_decision/share/rmul_decision/environment/ament_prefix_path.dsv
[12.047s] -- Up-to-date: /home/ethereal/rm_2025/rmul_nav_2025/install/rmul_decision/share/rmul_decision/environment/path.sh
[12.047s] -- Up-to-date: /home/ethereal/rm_2025/rmul_nav_2025/install/rmul_decision/share/rmul_decision/environment/path.dsv
[12.047s] -- Up-to-date: /home/ethereal/rm_2025/rmul_nav_2025/install/rmul_decision/share/rmul_decision/local_setup.bash
[12.047s] -- Up-to-date: /home/ethereal/rm_2025/rmul_nav_2025/install/rmul_decision/share/rmul_decision/local_setup.sh
[12.047s] -- Up-to-date: /home/ethereal/rm_2025/rmul_nav_2025/install/rmul_decision/share/rmul_decision/local_setup.zsh
[12.047s] -- Up-to-date: /home/ethereal/rm_2025/rmul_nav_2025/install/rmul_decision/share/rmul_decision/local_setup.dsv
[12.047s] -- Installing: /home/ethereal/rm_2025/rmul_nav_2025/install/rmul_decision/share/rmul_decision/package.dsv
[12.047s] -- Up-to-date: /home/ethereal/rm_2025/rmul_nav_2025/install/rmul_decision/share/ament_index/resource_index/packages/rmul_decision
[12.047s] -- Up-to-date: /home/ethereal/rm_2025/rmul_nav_2025/install/rmul_decision/share/ament_index/resource_index/rclcpp_components/rmul_decision
[12.047s] -- Up-to-date: /home/ethereal/rm_2025/rmul_nav_2025/install/rmul_decision/share/rmul_decision/cmake/ament_cmake_export_dependencies-extras.cmake
[12.047s] -- Up-to-date: /home/ethereal/rm_2025/rmul_nav_2025/install/rmul_decision/share/rmul_decision/cmake/ament_cmake_export_include_directories-extras.cmake
[12.047s] -- Up-to-date: /home/ethereal/rm_2025/rmul_nav_2025/install/rmul_decision/share/rmul_decision/cmake/ament_cmake_export_libraries-extras.cmake
[12.047s] -- Up-to-date: /home/ethereal/rm_2025/rmul_nav_2025/install/rmul_decision/share/rmul_decision/cmake/rmul_decisionConfig.cmake
[12.047s] -- Up-to-date: /home/ethereal/rm_2025/rmul_nav_2025/install/rmul_decision/share/rmul_decision/cmake/rmul_decisionConfig-version.cmake
[12.047s] -- Up-to-date: /home/ethereal/rm_2025/rmul_nav_2025/install/rmul_decision/share/rmul_decision/package.xml
[12.048s] -- Up-to-date: /home/ethereal/rm_2025/rmul_nav_2025/install/rmul_decision/share/rmul_decision/launch
[12.048s] -- Up-to-date: /home/ethereal/rm_2025/rmul_nav_2025/install/rmul_decision/share/rmul_decision/launch/rmul_decision_launch.py
[12.048s] -- Up-to-date: /home/ethereal/rm_2025/rmul_nav_2025/install/rmul_decision/share/rmul_decision/config
[12.048s] -- Installing: /home/ethereal/rm_2025/rmul_nav_2025/install/rmul_decision/share/rmul_decision/config/rmul_decision_params.yaml
[12.049s] Invoked command in '/home/ethereal/rm_2025/rmul_nav_2025/build/rmul_decision' returned '0': AMENT_PREFIX_PATH=/home/ethereal/rm_2025/rmul_nav_2025/install/pb_rm_interfaces:/home/ethereal/rm_2025/rmul_nav_2025/install/navigator_interfaces:${AMENT_PREFIX_PATH} CMAKE_PREFIX_PATH=/home/ethereal/rm_2025/rmul_nav_2025/install/pb_rm_interfaces:/home/ethereal/rm_2025/rmul_nav_2025/install/navigator_interfaces:/opt/ros/humble LD_LIBRARY_PATH=/home/ethereal/rm_2025/rmul_nav_2025/install/pb_rm_interfaces/lib:/home/ethereal/rm_2025/rmul_nav_2025/install/navigator_interfaces/lib:${LD_LIBRARY_PATH} PS1=\[\e[1;32m\]\u@\h\[\e[0m\]:\[\e[1;34m\]\w\[\e[0m\]\$ PYTHONPATH=/home/ethereal/rm_2025/rmul_nav_2025/install/pb_rm_interfaces/local/lib/python3.10/dist-packages:/home/ethereal/rm_2025/rmul_nav_2025/install/navigator_interfaces/local/lib/python3.10/dist-packages:${PYTHONPATH} /usr/bin/cmake --install /home/ethereal/rm_2025/rmul_nav_2025/build/rmul_decision
