[0.035s] Invoking command in '/home/ethereal/rm_2025/rmul_nav_2025/build/terminal_listener': AMENT_PREFIX_PATH=/home/ethereal/rm_2025/rmul_nav_2025/install/navigator_interfaces:${AMENT_PREFIX_PATH} CMAKE_PREFIX_PATH=/home/ethereal/rm_2025/rmul_nav_2025/install/navigator_interfaces:/opt/ros/humble LD_LIBRARY_PATH=/home/ethereal/rm_2025/rmul_nav_2025/install/navigator_interfaces/lib:${LD_LIBRARY_PATH} PS1=\[\e[1;32m\]\u@\h\[\e[0m\]:\[\e[1;34m\]\w\[\e[0m\]\$ PYTHONPATH=/home/ethereal/rm_2025/rmul_nav_2025/install/navigator_interfaces/local/lib/python3.10/dist-packages:${PYTHONPATH} /usr/bin/cmake --build /home/ethereal/rm_2025/rmul_nav_2025/build/terminal_listener -- -j20 -l20
[0.060s] [35m[1mConsolidate compiler generated dependencies of target terminal_listener[0m
[0.073s] [100%] Built target terminal_listener
[0.080s] Invoked command in '/home/ethereal/rm_2025/rmul_nav_2025/build/terminal_listener' returned '0': AMENT_PREFIX_PATH=/home/ethereal/rm_2025/rmul_nav_2025/install/navigator_interfaces:${AMENT_PREFIX_PATH} CMAKE_PREFIX_PATH=/home/ethereal/rm_2025/rmul_nav_2025/install/navigator_interfaces:/opt/ros/humble LD_LIBRARY_PATH=/home/ethereal/rm_2025/rmul_nav_2025/install/navigator_interfaces/lib:${LD_LIBRARY_PATH} PS1=\[\e[1;32m\]\u@\h\[\e[0m\]:\[\e[1;34m\]\w\[\e[0m\]\$ PYTHONPATH=/home/ethereal/rm_2025/rmul_nav_2025/install/navigator_interfaces/local/lib/python3.10/dist-packages:${PYTHONPATH} /usr/bin/cmake --build /home/ethereal/rm_2025/rmul_nav_2025/build/terminal_listener -- -j20 -l20
[0.083s] Invoking command in '/home/ethereal/rm_2025/rmul_nav_2025/build/terminal_listener': AMENT_PREFIX_PATH=/home/ethereal/rm_2025/rmul_nav_2025/install/navigator_interfaces:${AMENT_PREFIX_PATH} CMAKE_PREFIX_PATH=/home/ethereal/rm_2025/rmul_nav_2025/install/navigator_interfaces:/opt/ros/humble LD_LIBRARY_PATH=/home/ethereal/rm_2025/rmul_nav_2025/install/navigator_interfaces/lib:${LD_LIBRARY_PATH} PS1=\[\e[1;32m\]\u@\h\[\e[0m\]:\[\e[1;34m\]\w\[\e[0m\]\$ PYTHONPATH=/home/ethereal/rm_2025/rmul_nav_2025/install/navigator_interfaces/local/lib/python3.10/dist-packages:${PYTHONPATH} /usr/bin/cmake --install /home/ethereal/rm_2025/rmul_nav_2025/build/terminal_listener
[0.086s] -- Install configuration: ""
[0.087s] -- Up-to-date: /home/ethereal/rm_2025/rmul_nav_2025/install/terminal_listener/lib/terminal_listener/terminal_listener
[0.087s] -- Up-to-date: /home/ethereal/rm_2025/rmul_nav_2025/install/terminal_listener/share/ament_index/resource_index/package_run_dependencies/terminal_listener
[0.087s] -- Up-to-date: /home/ethereal/rm_2025/rmul_nav_2025/install/terminal_listener/share/ament_index/resource_index/parent_prefix_path/terminal_listener
[0.087s] -- Up-to-date: /home/ethereal/rm_2025/rmul_nav_2025/install/terminal_listener/share/terminal_listener/environment/ament_prefix_path.sh
[0.087s] -- Up-to-date: /home/ethereal/rm_2025/rmul_nav_2025/install/terminal_listener/share/terminal_listener/environment/ament_prefix_path.dsv
[0.087s] -- Up-to-date: /home/ethereal/rm_2025/rmul_nav_2025/install/terminal_listener/share/terminal_listener/environment/path.sh
[0.087s] -- Up-to-date: /home/ethereal/rm_2025/rmul_nav_2025/install/terminal_listener/share/terminal_listener/environment/path.dsv
[0.088s] -- Up-to-date: /home/ethereal/rm_2025/rmul_nav_2025/install/terminal_listener/share/terminal_listener/local_setup.bash
[0.088s] -- Up-to-date: /home/ethereal/rm_2025/rmul_nav_2025/install/terminal_listener/share/terminal_listener/local_setup.sh
[0.088s] -- Up-to-date: /home/ethereal/rm_2025/rmul_nav_2025/install/terminal_listener/share/terminal_listener/local_setup.zsh
[0.088s] -- Up-to-date: /home/ethereal/rm_2025/rmul_nav_2025/install/terminal_listener/share/terminal_listener/local_setup.dsv
[0.088s] -- Installing: /home/ethereal/rm_2025/rmul_nav_2025/install/terminal_listener/share/terminal_listener/package.dsv
[0.089s] -- Up-to-date: /home/ethereal/rm_2025/rmul_nav_2025/install/terminal_listener/share/ament_index/resource_index/packages/terminal_listener
[0.089s] -- Up-to-date: /home/ethereal/rm_2025/rmul_nav_2025/install/terminal_listener/share/terminal_listener/cmake/terminal_listenerConfig.cmake
[0.089s] -- Up-to-date: /home/ethereal/rm_2025/rmul_nav_2025/install/terminal_listener/share/terminal_listener/cmake/terminal_listenerConfig-version.cmake
[0.089s] -- Up-to-date: /home/ethereal/rm_2025/rmul_nav_2025/install/terminal_listener/share/terminal_listener/package.xml
[0.091s] Invoked command in '/home/ethereal/rm_2025/rmul_nav_2025/build/terminal_listener' returned '0': AMENT_PREFIX_PATH=/home/ethereal/rm_2025/rmul_nav_2025/install/navigator_interfaces:${AMENT_PREFIX_PATH} CMAKE_PREFIX_PATH=/home/ethereal/rm_2025/rmul_nav_2025/install/navigator_interfaces:/opt/ros/humble LD_LIBRARY_PATH=/home/ethereal/rm_2025/rmul_nav_2025/install/navigator_interfaces/lib:${LD_LIBRARY_PATH} PS1=\[\e[1;32m\]\u@\h\[\e[0m\]:\[\e[1;34m\]\w\[\e[0m\]\$ PYTHONPATH=/home/ethereal/rm_2025/rmul_nav_2025/install/navigator_interfaces/local/lib/python3.10/dist-packages:${PYTHONPATH} /usr/bin/cmake --install /home/ethereal/rm_2025/rmul_nav_2025/build/terminal_listener
