[0.015s] Invoking command in '/home/ethereal/rm_2025/rmul_nav_2025/build/navigator_interfaces': CMAKE_PREFIX_PATH=/opt/ros/humble PS1=\[\e[1;32m\]\u@\h\[\e[0m\]:\[\e[1;34m\]\w\[\e[0m\]\$ /usr/bin/cmake --build /home/ethereal/rm_2025/rmul_nav_2025/build/navigator_interfaces -- -j20 -l20
[0.041s] [  9%] Built target navigator_interfaces__rosidl_generator_c
[0.046s] [ 12%] Built target navigator_interfaces__cpp
[0.047s] [ 12%] Built target ament_cmake_python_copy_navigator_interfaces
[0.058s] [ 22%] Built target navigator_interfaces__rosidl_typesupport_introspection_c
[0.062s] [ 32%] Built target navigator_interfaces__rosidl_typesupport_fastrtps_c
[0.065s] [ 41%] Built target navigator_interfaces__rosidl_typesupport_fastrtps_cpp
[0.065s] [ 58%] Built target navigator_interfaces__rosidl_typesupport_cpp
[0.065s] [ 61%] Built target navigator_interfaces__rosidl_typesupport_introspection_cpp
[0.065s] [ 70%] Built target navigator_interfaces__rosidl_typesupport_c
[0.082s] [ 70%] Built target navigator_interfaces
[0.098s] [ 74%] Built target navigator_interfaces__py
[0.112s] [ 80%] Built target navigator_interfaces__rosidl_generator_py
[0.127s] [ 87%] Built target navigator_interfaces__rosidl_typesupport_fastrtps_c__pyext
[0.127s] [ 93%] Built target navigator_interfaces__rosidl_typesupport_introspection_c__pyext
[0.128s] [100%] Built target navigator_interfaces__rosidl_typesupport_c__pyext
[0.232s] running egg_info
[0.232s] writing navigator_interfaces.egg-info/PKG-INFO
[0.233s] writing dependency_links to navigator_interfaces.egg-info/dependency_links.txt
[0.233s] writing top-level names to navigator_interfaces.egg-info/top_level.txt
[0.234s] reading manifest file 'navigator_interfaces.egg-info/SOURCES.txt'
[0.235s] writing manifest file 'navigator_interfaces.egg-info/SOURCES.txt'
[0.253s] [100%] Built target ament_cmake_python_build_navigator_interfaces_egg
[0.260s] Invoked command in '/home/ethereal/rm_2025/rmul_nav_2025/build/navigator_interfaces' returned '0': CMAKE_PREFIX_PATH=/opt/ros/humble PS1=\[\e[1;32m\]\u@\h\[\e[0m\]:\[\e[1;34m\]\w\[\e[0m\]\$ /usr/bin/cmake --build /home/ethereal/rm_2025/rmul_nav_2025/build/navigator_interfaces -- -j20 -l20
[0.265s] Invoking command in '/home/ethereal/rm_2025/rmul_nav_2025/build/navigator_interfaces': CMAKE_PREFIX_PATH=/opt/ros/humble PS1=\[\e[1;32m\]\u@\h\[\e[0m\]:\[\e[1;34m\]\w\[\e[0m\]\$ /usr/bin/cmake --install /home/ethereal/rm_2025/rmul_nav_2025/build/navigator_interfaces
[0.269s] -- Install configuration: ""
[0.269s] -- Up-to-date: /home/ethereal/rm_2025/rmul_nav_2025/install/navigator_interfaces/share/ament_index/resource_index/rosidl_interfaces/navigator_interfaces
[0.269s] -- Up-to-date: /home/ethereal/rm_2025/rmul_nav_2025/install/navigator_interfaces/include/navigator_interfaces/navigator_interfaces
[0.269s] -- Up-to-date: /home/ethereal/rm_2025/rmul_nav_2025/install/navigator_interfaces/include/navigator_interfaces/navigator_interfaces/msg
[0.269s] -- Up-to-date: /home/ethereal/rm_2025/rmul_nav_2025/install/navigator_interfaces/include/navigator_interfaces/navigator_interfaces/msg/detail
[0.270s] -- Up-to-date: /home/ethereal/rm_2025/rmul_nav_2025/install/navigator_interfaces/include/navigator_interfaces/navigator_interfaces/msg/detail/navigate__type_support.h
[0.270s] -- Up-to-date: /home/ethereal/rm_2025/rmul_nav_2025/install/navigator_interfaces/include/navigator_interfaces/navigator_interfaces/msg/detail/navigate__functions.c
[0.270s] -- Up-to-date: /home/ethereal/rm_2025/rmul_nav_2025/install/navigator_interfaces/include/navigator_interfaces/navigator_interfaces/msg/detail/navigate__functions.h
[0.270s] -- Up-to-date: /home/ethereal/rm_2025/rmul_nav_2025/install/navigator_interfaces/include/navigator_interfaces/navigator_interfaces/msg/detail/navigate__struct.h
[0.270s] -- Up-to-date: /home/ethereal/rm_2025/rmul_nav_2025/install/navigator_interfaces/include/navigator_interfaces/navigator_interfaces/msg/navigate.h
[0.270s] -- Up-to-date: /home/ethereal/rm_2025/rmul_nav_2025/install/navigator_interfaces/include/navigator_interfaces/navigator_interfaces/msg/rosidl_generator_c__visibility_control.h
[0.270s] -- Up-to-date: /home/ethereal/rm_2025/rmul_nav_2025/install/navigator_interfaces/share/navigator_interfaces/environment/library_path.sh
[0.270s] -- Up-to-date: /home/ethereal/rm_2025/rmul_nav_2025/install/navigator_interfaces/share/navigator_interfaces/environment/library_path.dsv
[0.270s] -- Up-to-date: /home/ethereal/rm_2025/rmul_nav_2025/install/navigator_interfaces/lib/libnavigator_interfaces__rosidl_generator_c.so
[0.270s] -- Up-to-date: /home/ethereal/rm_2025/rmul_nav_2025/install/navigator_interfaces/include/navigator_interfaces/navigator_interfaces
[0.270s] -- Up-to-date: /home/ethereal/rm_2025/rmul_nav_2025/install/navigator_interfaces/include/navigator_interfaces/navigator_interfaces/msg
[0.271s] -- Up-to-date: /home/ethereal/rm_2025/rmul_nav_2025/install/navigator_interfaces/include/navigator_interfaces/navigator_interfaces/msg/detail
[0.271s] -- Up-to-date: /home/ethereal/rm_2025/rmul_nav_2025/install/navigator_interfaces/include/navigator_interfaces/navigator_interfaces/msg/detail/navigate__rosidl_typesupport_fastrtps_c.h
[0.271s] -- Up-to-date: /home/ethereal/rm_2025/rmul_nav_2025/install/navigator_interfaces/include/navigator_interfaces/navigator_interfaces/msg/rosidl_typesupport_fastrtps_c__visibility_control.h
[0.271s] -- Up-to-date: /home/ethereal/rm_2025/rmul_nav_2025/install/navigator_interfaces/lib/libnavigator_interfaces__rosidl_typesupport_fastrtps_c.so
[0.271s] -- Up-to-date: /home/ethereal/rm_2025/rmul_nav_2025/install/navigator_interfaces/include/navigator_interfaces/navigator_interfaces
[0.271s] -- Up-to-date: /home/ethereal/rm_2025/rmul_nav_2025/install/navigator_interfaces/include/navigator_interfaces/navigator_interfaces/msg
[0.271s] -- Up-to-date: /home/ethereal/rm_2025/rmul_nav_2025/install/navigator_interfaces/include/navigator_interfaces/navigator_interfaces/msg/navigate.hpp
[0.271s] -- Up-to-date: /home/ethereal/rm_2025/rmul_nav_2025/install/navigator_interfaces/include/navigator_interfaces/navigator_interfaces/msg/detail
[0.271s] -- Up-to-date: /home/ethereal/rm_2025/rmul_nav_2025/install/navigator_interfaces/include/navigator_interfaces/navigator_interfaces/msg/detail/navigate__traits.hpp
[0.271s] -- Up-to-date: /home/ethereal/rm_2025/rmul_nav_2025/install/navigator_interfaces/include/navigator_interfaces/navigator_interfaces/msg/detail/navigate__builder.hpp
[0.272s] -- Up-to-date: /home/ethereal/rm_2025/rmul_nav_2025/install/navigator_interfaces/include/navigator_interfaces/navigator_interfaces/msg/detail/navigate__struct.hpp
[0.272s] -- Up-to-date: /home/ethereal/rm_2025/rmul_nav_2025/install/navigator_interfaces/include/navigator_interfaces/navigator_interfaces/msg/detail/navigate__type_support.hpp
[0.272s] -- Up-to-date: /home/ethereal/rm_2025/rmul_nav_2025/install/navigator_interfaces/include/navigator_interfaces/navigator_interfaces/msg/rosidl_generator_cpp__visibility_control.hpp
[0.272s] -- Up-to-date: /home/ethereal/rm_2025/rmul_nav_2025/install/navigator_interfaces/include/navigator_interfaces/navigator_interfaces
[0.272s] -- Up-to-date: /home/ethereal/rm_2025/rmul_nav_2025/install/navigator_interfaces/include/navigator_interfaces/navigator_interfaces/msg
[0.272s] -- Up-to-date: /home/ethereal/rm_2025/rmul_nav_2025/install/navigator_interfaces/include/navigator_interfaces/navigator_interfaces/msg/detail
[0.272s] -- Up-to-date: /home/ethereal/rm_2025/rmul_nav_2025/install/navigator_interfaces/include/navigator_interfaces/navigator_interfaces/msg/detail/dds_fastrtps
[0.273s] -- Up-to-date: /home/ethereal/rm_2025/rmul_nav_2025/install/navigator_interfaces/include/navigator_interfaces/navigator_interfaces/msg/detail/navigate__rosidl_typesupport_fastrtps_cpp.hpp
[0.274s] -- Up-to-date: /home/ethereal/rm_2025/rmul_nav_2025/install/navigator_interfaces/include/navigator_interfaces/navigator_interfaces/msg/rosidl_typesupport_fastrtps_cpp__visibility_control.h
[0.274s] -- Up-to-date: /home/ethereal/rm_2025/rmul_nav_2025/install/navigator_interfaces/lib/libnavigator_interfaces__rosidl_typesupport_fastrtps_cpp.so
[0.274s] -- Up-to-date: /home/ethereal/rm_2025/rmul_nav_2025/install/navigator_interfaces/include/navigator_interfaces/navigator_interfaces
[0.274s] -- Up-to-date: /home/ethereal/rm_2025/rmul_nav_2025/install/navigator_interfaces/include/navigator_interfaces/navigator_interfaces/msg
[0.274s] -- Up-to-date: /home/ethereal/rm_2025/rmul_nav_2025/install/navigator_interfaces/include/navigator_interfaces/navigator_interfaces/msg/detail
[0.274s] -- Up-to-date: /home/ethereal/rm_2025/rmul_nav_2025/install/navigator_interfaces/include/navigator_interfaces/navigator_interfaces/msg/detail/navigate__type_support.c
[0.274s] -- Up-to-date: /home/ethereal/rm_2025/rmul_nav_2025/install/navigator_interfaces/include/navigator_interfaces/navigator_interfaces/msg/detail/navigate__rosidl_typesupport_introspection_c.h
[0.274s] -- Up-to-date: /home/ethereal/rm_2025/rmul_nav_2025/install/navigator_interfaces/include/navigator_interfaces/navigator_interfaces/msg/rosidl_typesupport_introspection_c__visibility_control.h
[0.274s] -- Up-to-date: /home/ethereal/rm_2025/rmul_nav_2025/install/navigator_interfaces/lib/libnavigator_interfaces__rosidl_typesupport_introspection_c.so
[0.274s] -- Up-to-date: /home/ethereal/rm_2025/rmul_nav_2025/install/navigator_interfaces/lib/libnavigator_interfaces__rosidl_typesupport_c.so
[0.274s] -- Up-to-date: /home/ethereal/rm_2025/rmul_nav_2025/install/navigator_interfaces/include/navigator_interfaces/navigator_interfaces
[0.274s] -- Up-to-date: /home/ethereal/rm_2025/rmul_nav_2025/install/navigator_interfaces/include/navigator_interfaces/navigator_interfaces/msg
[0.275s] -- Up-to-date: /home/ethereal/rm_2025/rmul_nav_2025/install/navigator_interfaces/include/navigator_interfaces/navigator_interfaces/msg/detail
[0.275s] -- Up-to-date: /home/ethereal/rm_2025/rmul_nav_2025/install/navigator_interfaces/include/navigator_interfaces/navigator_interfaces/msg/detail/navigate__rosidl_typesupport_introspection_cpp.hpp
[0.275s] -- Up-to-date: /home/ethereal/rm_2025/rmul_nav_2025/install/navigator_interfaces/include/navigator_interfaces/navigator_interfaces/msg/detail/navigate__type_support.cpp
[0.275s] -- Up-to-date: /home/ethereal/rm_2025/rmul_nav_2025/install/navigator_interfaces/lib/libnavigator_interfaces__rosidl_typesupport_introspection_cpp.so
[0.275s] -- Up-to-date: /home/ethereal/rm_2025/rmul_nav_2025/install/navigator_interfaces/lib/libnavigator_interfaces__rosidl_typesupport_cpp.so
[0.275s] -- Up-to-date: /home/ethereal/rm_2025/rmul_nav_2025/install/navigator_interfaces/share/navigator_interfaces/environment/pythonpath.sh
[0.275s] -- Up-to-date: /home/ethereal/rm_2025/rmul_nav_2025/install/navigator_interfaces/share/navigator_interfaces/environment/pythonpath.dsv
[0.275s] -- Up-to-date: /home/ethereal/rm_2025/rmul_nav_2025/install/navigator_interfaces/local/lib/python3.10/dist-packages/navigator_interfaces-0.0.0-py3.10.egg-info
[0.275s] -- Installing: /home/ethereal/rm_2025/rmul_nav_2025/install/navigator_interfaces/local/lib/python3.10/dist-packages/navigator_interfaces-0.0.0-py3.10.egg-info/SOURCES.txt
[0.275s] -- Installing: /home/ethereal/rm_2025/rmul_nav_2025/install/navigator_interfaces/local/lib/python3.10/dist-packages/navigator_interfaces-0.0.0-py3.10.egg-info/top_level.txt
[0.275s] -- Installing: /home/ethereal/rm_2025/rmul_nav_2025/install/navigator_interfaces/local/lib/python3.10/dist-packages/navigator_interfaces-0.0.0-py3.10.egg-info/dependency_links.txt
[0.276s] -- Installing: /home/ethereal/rm_2025/rmul_nav_2025/install/navigator_interfaces/local/lib/python3.10/dist-packages/navigator_interfaces-0.0.0-py3.10.egg-info/PKG-INFO
[0.276s] -- Up-to-date: /home/ethereal/rm_2025/rmul_nav_2025/install/navigator_interfaces/local/lib/python3.10/dist-packages/navigator_interfaces
[0.276s] -- Up-to-date: /home/ethereal/rm_2025/rmul_nav_2025/install/navigator_interfaces/local/lib/python3.10/dist-packages/navigator_interfaces/_navigator_interfaces_s.ep.rosidl_typesupport_fastrtps_c.c
[0.277s] -- Up-to-date: /home/ethereal/rm_2025/rmul_nav_2025/install/navigator_interfaces/local/lib/python3.10/dist-packages/navigator_interfaces/libnavigator_interfaces__rosidl_generator_py.so
[0.277s] -- Up-to-date: /home/ethereal/rm_2025/rmul_nav_2025/install/navigator_interfaces/local/lib/python3.10/dist-packages/navigator_interfaces/msg
[0.277s] -- Up-to-date: /home/ethereal/rm_2025/rmul_nav_2025/install/navigator_interfaces/local/lib/python3.10/dist-packages/navigator_interfaces/msg/_navigate.py
[0.277s] -- Up-to-date: /home/ethereal/rm_2025/rmul_nav_2025/install/navigator_interfaces/local/lib/python3.10/dist-packages/navigator_interfaces/msg/_navigate_s.c
[0.277s] -- Up-to-date: /home/ethereal/rm_2025/rmul_nav_2025/install/navigator_interfaces/local/lib/python3.10/dist-packages/navigator_interfaces/msg/__init__.py
[0.277s] -- Up-to-date: /home/ethereal/rm_2025/rmul_nav_2025/install/navigator_interfaces/local/lib/python3.10/dist-packages/navigator_interfaces/navigator_interfaces_s__rosidl_typesupport_fastrtps_c.cpython-310-x86_64-linux-gnu.so
[0.277s] -- Up-to-date: /home/ethereal/rm_2025/rmul_nav_2025/install/navigator_interfaces/local/lib/python3.10/dist-packages/navigator_interfaces/navigator_interfaces_s__rosidl_typesupport_introspection_c.cpython-310-x86_64-linux-gnu.so
[0.278s] -- Up-to-date: /home/ethereal/rm_2025/rmul_nav_2025/install/navigator_interfaces/local/lib/python3.10/dist-packages/navigator_interfaces/navigator_interfaces_s__rosidl_typesupport_c.cpython-310-x86_64-linux-gnu.so
[0.278s] -- Up-to-date: /home/ethereal/rm_2025/rmul_nav_2025/install/navigator_interfaces/local/lib/python3.10/dist-packages/navigator_interfaces/_navigator_interfaces_s.ep.rosidl_typesupport_c.c
[0.279s] -- Up-to-date: /home/ethereal/rm_2025/rmul_nav_2025/install/navigator_interfaces/local/lib/python3.10/dist-packages/navigator_interfaces/__init__.py
[0.279s] -- Up-to-date: /home/ethereal/rm_2025/rmul_nav_2025/install/navigator_interfaces/local/lib/python3.10/dist-packages/navigator_interfaces/_navigator_interfaces_s.ep.rosidl_typesupport_introspection_c.c
[0.298s] Listing '/home/ethereal/rm_2025/rmul_nav_2025/install/navigator_interfaces/local/lib/python3.10/dist-packages/navigator_interfaces'...
[0.298s] Listing '/home/ethereal/rm_2025/rmul_nav_2025/install/navigator_interfaces/local/lib/python3.10/dist-packages/navigator_interfaces/msg'...
[0.301s] -- Up-to-date: /home/ethereal/rm_2025/rmul_nav_2025/install/navigator_interfaces/local/lib/python3.10/dist-packages/navigator_interfaces/navigator_interfaces_s__rosidl_typesupport_fastrtps_c.cpython-310-x86_64-linux-gnu.so
[0.302s] -- Up-to-date: /home/ethereal/rm_2025/rmul_nav_2025/install/navigator_interfaces/local/lib/python3.10/dist-packages/navigator_interfaces/navigator_interfaces_s__rosidl_typesupport_introspection_c.cpython-310-x86_64-linux-gnu.so
[0.302s] -- Up-to-date: /home/ethereal/rm_2025/rmul_nav_2025/install/navigator_interfaces/local/lib/python3.10/dist-packages/navigator_interfaces/navigator_interfaces_s__rosidl_typesupport_c.cpython-310-x86_64-linux-gnu.so
[0.302s] -- Up-to-date: /home/ethereal/rm_2025/rmul_nav_2025/install/navigator_interfaces/lib/libnavigator_interfaces__rosidl_generator_py.so
[0.302s] -- Up-to-date: /home/ethereal/rm_2025/rmul_nav_2025/install/navigator_interfaces/share/navigator_interfaces/msg/Navigate.idl
[0.302s] -- Up-to-date: /home/ethereal/rm_2025/rmul_nav_2025/install/navigator_interfaces/share/navigator_interfaces/msg/Navigate.msg
[0.302s] -- Up-to-date: /home/ethereal/rm_2025/rmul_nav_2025/install/navigator_interfaces/share/ament_index/resource_index/package_run_dependencies/navigator_interfaces
[0.302s] -- Up-to-date: /home/ethereal/rm_2025/rmul_nav_2025/install/navigator_interfaces/share/ament_index/resource_index/parent_prefix_path/navigator_interfaces
[0.303s] -- Up-to-date: /home/ethereal/rm_2025/rmul_nav_2025/install/navigator_interfaces/share/navigator_interfaces/environment/ament_prefix_path.sh
[0.303s] -- Up-to-date: /home/ethereal/rm_2025/rmul_nav_2025/install/navigator_interfaces/share/navigator_interfaces/environment/ament_prefix_path.dsv
[0.303s] -- Up-to-date: /home/ethereal/rm_2025/rmul_nav_2025/install/navigator_interfaces/share/navigator_interfaces/environment/path.sh
[0.303s] -- Up-to-date: /home/ethereal/rm_2025/rmul_nav_2025/install/navigator_interfaces/share/navigator_interfaces/environment/path.dsv
[0.303s] -- Up-to-date: /home/ethereal/rm_2025/rmul_nav_2025/install/navigator_interfaces/share/navigator_interfaces/local_setup.bash
[0.303s] -- Up-to-date: /home/ethereal/rm_2025/rmul_nav_2025/install/navigator_interfaces/share/navigator_interfaces/local_setup.sh
[0.304s] -- Up-to-date: /home/ethereal/rm_2025/rmul_nav_2025/install/navigator_interfaces/share/navigator_interfaces/local_setup.zsh
[0.304s] -- Up-to-date: /home/ethereal/rm_2025/rmul_nav_2025/install/navigator_interfaces/share/navigator_interfaces/local_setup.dsv
[0.304s] -- Installing: /home/ethereal/rm_2025/rmul_nav_2025/install/navigator_interfaces/share/navigator_interfaces/package.dsv
[0.304s] -- Up-to-date: /home/ethereal/rm_2025/rmul_nav_2025/install/navigator_interfaces/share/ament_index/resource_index/packages/navigator_interfaces
[0.304s] -- Up-to-date: /home/ethereal/rm_2025/rmul_nav_2025/install/navigator_interfaces/share/navigator_interfaces/cmake/export_navigator_interfaces__rosidl_generator_cExport.cmake
[0.304s] -- Up-to-date: /home/ethereal/rm_2025/rmul_nav_2025/install/navigator_interfaces/share/navigator_interfaces/cmake/export_navigator_interfaces__rosidl_generator_cExport-noconfig.cmake
[0.304s] -- Up-to-date: /home/ethereal/rm_2025/rmul_nav_2025/install/navigator_interfaces/share/navigator_interfaces/cmake/export_navigator_interfaces__rosidl_typesupport_fastrtps_cExport.cmake
[0.304s] -- Up-to-date: /home/ethereal/rm_2025/rmul_nav_2025/install/navigator_interfaces/share/navigator_interfaces/cmake/export_navigator_interfaces__rosidl_typesupport_fastrtps_cExport-noconfig.cmake
[0.304s] -- Up-to-date: /home/ethereal/rm_2025/rmul_nav_2025/install/navigator_interfaces/share/navigator_interfaces/cmake/export_navigator_interfaces__rosidl_generator_cppExport.cmake
[0.304s] -- Up-to-date: /home/ethereal/rm_2025/rmul_nav_2025/install/navigator_interfaces/share/navigator_interfaces/cmake/export_navigator_interfaces__rosidl_typesupport_fastrtps_cppExport.cmake
[0.304s] -- Up-to-date: /home/ethereal/rm_2025/rmul_nav_2025/install/navigator_interfaces/share/navigator_interfaces/cmake/export_navigator_interfaces__rosidl_typesupport_fastrtps_cppExport-noconfig.cmake
[0.304s] -- Up-to-date: /home/ethereal/rm_2025/rmul_nav_2025/install/navigator_interfaces/share/navigator_interfaces/cmake/navigator_interfaces__rosidl_typesupport_introspection_cExport.cmake
[0.304s] -- Up-to-date: /home/ethereal/rm_2025/rmul_nav_2025/install/navigator_interfaces/share/navigator_interfaces/cmake/navigator_interfaces__rosidl_typesupport_introspection_cExport-noconfig.cmake
[0.305s] -- Up-to-date: /home/ethereal/rm_2025/rmul_nav_2025/install/navigator_interfaces/share/navigator_interfaces/cmake/navigator_interfaces__rosidl_typesupport_cExport.cmake
[0.305s] -- Up-to-date: /home/ethereal/rm_2025/rmul_nav_2025/install/navigator_interfaces/share/navigator_interfaces/cmake/navigator_interfaces__rosidl_typesupport_cExport-noconfig.cmake
[0.305s] -- Up-to-date: /home/ethereal/rm_2025/rmul_nav_2025/install/navigator_interfaces/share/navigator_interfaces/cmake/navigator_interfaces__rosidl_typesupport_introspection_cppExport.cmake
[0.305s] -- Up-to-date: /home/ethereal/rm_2025/rmul_nav_2025/install/navigator_interfaces/share/navigator_interfaces/cmake/navigator_interfaces__rosidl_typesupport_introspection_cppExport-noconfig.cmake
[0.305s] -- Up-to-date: /home/ethereal/rm_2025/rmul_nav_2025/install/navigator_interfaces/share/navigator_interfaces/cmake/navigator_interfaces__rosidl_typesupport_cppExport.cmake
[0.305s] -- Up-to-date: /home/ethereal/rm_2025/rmul_nav_2025/install/navigator_interfaces/share/navigator_interfaces/cmake/navigator_interfaces__rosidl_typesupport_cppExport-noconfig.cmake
[0.306s] -- Up-to-date: /home/ethereal/rm_2025/rmul_nav_2025/install/navigator_interfaces/share/navigator_interfaces/cmake/export_navigator_interfaces__rosidl_generator_pyExport.cmake
[0.306s] -- Up-to-date: /home/ethereal/rm_2025/rmul_nav_2025/install/navigator_interfaces/share/navigator_interfaces/cmake/export_navigator_interfaces__rosidl_generator_pyExport-noconfig.cmake
[0.307s] -- Up-to-date: /home/ethereal/rm_2025/rmul_nav_2025/install/navigator_interfaces/share/navigator_interfaces/cmake/rosidl_cmake-extras.cmake
[0.307s] -- Up-to-date: /home/ethereal/rm_2025/rmul_nav_2025/install/navigator_interfaces/share/navigator_interfaces/cmake/ament_cmake_export_dependencies-extras.cmake
[0.307s] -- Up-to-date: /home/ethereal/rm_2025/rmul_nav_2025/install/navigator_interfaces/share/navigator_interfaces/cmake/ament_cmake_export_include_directories-extras.cmake
[0.308s] -- Up-to-date: /home/ethereal/rm_2025/rmul_nav_2025/install/navigator_interfaces/share/navigator_interfaces/cmake/ament_cmake_export_libraries-extras.cmake
[0.308s] -- Up-to-date: /home/ethereal/rm_2025/rmul_nav_2025/install/navigator_interfaces/share/navigator_interfaces/cmake/ament_cmake_export_targets-extras.cmake
[0.308s] -- Up-to-date: /home/ethereal/rm_2025/rmul_nav_2025/install/navigator_interfaces/share/navigator_interfaces/cmake/rosidl_cmake_export_typesupport_targets-extras.cmake
[0.309s] -- Up-to-date: /home/ethereal/rm_2025/rmul_nav_2025/install/navigator_interfaces/share/navigator_interfaces/cmake/rosidl_cmake_export_typesupport_libraries-extras.cmake
[0.309s] -- Up-to-date: /home/ethereal/rm_2025/rmul_nav_2025/install/navigator_interfaces/share/navigator_interfaces/cmake/navigator_interfacesConfig.cmake
[0.309s] -- Up-to-date: /home/ethereal/rm_2025/rmul_nav_2025/install/navigator_interfaces/share/navigator_interfaces/cmake/navigator_interfacesConfig-version.cmake
[0.309s] -- Up-to-date: /home/ethereal/rm_2025/rmul_nav_2025/install/navigator_interfaces/share/navigator_interfaces/package.xml
[0.309s] Invoked command in '/home/ethereal/rm_2025/rmul_nav_2025/build/navigator_interfaces' returned '0': CMAKE_PREFIX_PATH=/opt/ros/humble PS1=\[\e[1;32m\]\u@\h\[\e[0m\]:\[\e[1;34m\]\w\[\e[0m\]\$ /usr/bin/cmake --install /home/ethereal/rm_2025/rmul_nav_2025/build/navigator_interfaces
