[0.012s] Invoking command in '/home/ethereal/rm_2025/rmul_nav_2025/build/terminal_listener': AMENT_PREFIX_PATH=/home/ethereal/rm_2025/rmul_nav_2025/install/navigator_interfaces:${AMENT_PREFIX_PATH} CMAKE_PREFIX_PATH=/home/ethereal/rm_2025/rmul_nav_2025/install/navigator_interfaces:/opt/ros/humble LD_LIBRARY_PATH=/home/ethereal/rm_2025/rmul_nav_2025/install/navigator_interfaces/lib:${LD_LIBRARY_PATH} PS1=\[\e[1;32m\]\u@\h\[\e[0m\]:\[\e[1;34m\]\w\[\e[0m\]\$ PYTHONPATH=/home/ethereal/rm_2025/rmul_nav_2025/install/navigator_interfaces/local/lib/python3.10/dist-packages:${PYTHONPATH} /usr/bin/cmake /home/ethereal/rm_2025/rmul_nav_2025/src/Tool/terminal_listener -DCMAKE_INSTALL_PREFIX=/home/ethereal/rm_2025/rmul_nav_2025/install/terminal_listener
[0.051s] -- The C compiler identification is GNU 11.4.0
[0.092s] -- The CXX compiler identification is GNU 11.4.0
[0.098s] -- Detecting C compiler ABI info
[0.145s] -- Detecting C compiler ABI info - done
[0.150s] -- Check for working C compiler: /usr/bin/cc - skipped
[0.151s] -- Detecting C compile features
[0.151s] -- Detecting C compile features - done
[0.153s] -- Detecting CXX compiler ABI info
[0.214s] -- Detecting CXX compiler ABI info - done
[0.222s] -- Check for working CXX compiler: /usr/bin/c++ - skipped
[0.222s] -- Detecting CXX compile features
[0.223s] -- Detecting CXX compile features - done
[0.224s] -- Found ament_cmake: 1.3.11 (/opt/ros/humble/share/ament_cmake/cmake)
[0.344s] -- Found Python3: /usr/bin/python3 (found version "3.10.12") found components: Interpreter 
[0.423s] -- Found rclcpp: 16.0.11 (/opt/ros/humble/share/rclcpp/cmake)
[0.484s] -- Found rosidl_generator_c: 3.1.6 (/opt/ros/humble/share/rosidl_generator_c/cmake)
[0.492s] -- Found rosidl_adapter: 3.1.6 (/opt/ros/humble/share/rosidl_adapter/cmake)
[0.504s] -- Found rosidl_generator_cpp: 3.1.6 (/opt/ros/humble/share/rosidl_generator_cpp/cmake)
[0.520s] -- Using all available rosidl_typesupport_c: rosidl_typesupport_fastrtps_c;rosidl_typesupport_introspection_c
[0.553s] -- Using all available rosidl_typesupport_cpp: rosidl_typesupport_fastrtps_cpp;rosidl_typesupport_introspection_cpp
[0.637s] -- Found rmw_implementation_cmake: 6.1.2 (/opt/ros/humble/share/rmw_implementation_cmake/cmake)
[0.643s] -- Found rmw_fastrtps_cpp: 6.2.7 (/opt/ros/humble/share/rmw_fastrtps_cpp/cmake)
[0.769s] -- Found OpenSSL: /usr/lib/x86_64-linux-gnu/libcrypto.so (found version "3.0.2")  
[0.799s] -- Found FastRTPS: /opt/ros/humble/include  
[0.850s] -- Using RMW implementation 'rmw_fastrtps_cpp' as default
[0.866s] -- Looking for pthread.h
[0.929s] -- Looking for pthread.h - found
[0.930s] -- Performing Test CMAKE_HAVE_LIBC_PTHREAD
[0.997s] -- Performing Test CMAKE_HAVE_LIBC_PTHREAD - Success
[0.998s] -- Found Threads: TRUE  
[1.082s] -- Found geometry_msgs: 4.2.4 (/opt/ros/humble/share/geometry_msgs/cmake)
[1.094s] -- Found navigator_interfaces: 0.0.0 (/home/ethereal/rm_2025/rmul_nav_2025/install/navigator_interfaces/share/navigator_interfaces/cmake)
[1.186s] -- Configuring done
[1.200s] -- Generating done
[1.203s] -- Build files have been written to: /home/ethereal/rm_2025/rmul_nav_2025/build/terminal_listener
[1.213s] Invoked command in '/home/ethereal/rm_2025/rmul_nav_2025/build/terminal_listener' returned '0': AMENT_PREFIX_PATH=/home/ethereal/rm_2025/rmul_nav_2025/install/navigator_interfaces:${AMENT_PREFIX_PATH} CMAKE_PREFIX_PATH=/home/ethereal/rm_2025/rmul_nav_2025/install/navigator_interfaces:/opt/ros/humble LD_LIBRARY_PATH=/home/ethereal/rm_2025/rmul_nav_2025/install/navigator_interfaces/lib:${LD_LIBRARY_PATH} PS1=\[\e[1;32m\]\u@\h\[\e[0m\]:\[\e[1;34m\]\w\[\e[0m\]\$ PYTHONPATH=/home/ethereal/rm_2025/rmul_nav_2025/install/navigator_interfaces/local/lib/python3.10/dist-packages:${PYTHONPATH} /usr/bin/cmake /home/ethereal/rm_2025/rmul_nav_2025/src/Tool/terminal_listener -DCMAKE_INSTALL_PREFIX=/home/ethereal/rm_2025/rmul_nav_2025/install/terminal_listener
[1.215s] Invoking command in '/home/ethereal/rm_2025/rmul_nav_2025/build/terminal_listener': AMENT_PREFIX_PATH=/home/ethereal/rm_2025/rmul_nav_2025/install/navigator_interfaces:${AMENT_PREFIX_PATH} CMAKE_PREFIX_PATH=/home/ethereal/rm_2025/rmul_nav_2025/install/navigator_interfaces:/opt/ros/humble LD_LIBRARY_PATH=/home/ethereal/rm_2025/rmul_nav_2025/install/navigator_interfaces/lib:${LD_LIBRARY_PATH} PS1=\[\e[1;32m\]\u@\h\[\e[0m\]:\[\e[1;34m\]\w\[\e[0m\]\$ PYTHONPATH=/home/ethereal/rm_2025/rmul_nav_2025/install/navigator_interfaces/local/lib/python3.10/dist-packages:${PYTHONPATH} /usr/bin/cmake --build /home/ethereal/rm_2025/rmul_nav_2025/build/terminal_listener -- -j20 -l20
[1.261s] [ 50%] [32mBuilding CXX object CMakeFiles/terminal_listener.dir/src/terminal_listener.cpp.o[0m
[6.503s] [100%] [32m[1mLinking CXX executable terminal_listener[0m
[6.678s] [100%] Built target terminal_listener
[6.685s] Invoked command in '/home/ethereal/rm_2025/rmul_nav_2025/build/terminal_listener' returned '0': AMENT_PREFIX_PATH=/home/ethereal/rm_2025/rmul_nav_2025/install/navigator_interfaces:${AMENT_PREFIX_PATH} CMAKE_PREFIX_PATH=/home/ethereal/rm_2025/rmul_nav_2025/install/navigator_interfaces:/opt/ros/humble LD_LIBRARY_PATH=/home/ethereal/rm_2025/rmul_nav_2025/install/navigator_interfaces/lib:${LD_LIBRARY_PATH} PS1=\[\e[1;32m\]\u@\h\[\e[0m\]:\[\e[1;34m\]\w\[\e[0m\]\$ PYTHONPATH=/home/ethereal/rm_2025/rmul_nav_2025/install/navigator_interfaces/local/lib/python3.10/dist-packages:${PYTHONPATH} /usr/bin/cmake --build /home/ethereal/rm_2025/rmul_nav_2025/build/terminal_listener -- -j20 -l20
[6.687s] Invoking command in '/home/ethereal/rm_2025/rmul_nav_2025/build/terminal_listener': AMENT_PREFIX_PATH=/home/ethereal/rm_2025/rmul_nav_2025/install/navigator_interfaces:${AMENT_PREFIX_PATH} CMAKE_PREFIX_PATH=/home/ethereal/rm_2025/rmul_nav_2025/install/navigator_interfaces:/opt/ros/humble LD_LIBRARY_PATH=/home/ethereal/rm_2025/rmul_nav_2025/install/navigator_interfaces/lib:${LD_LIBRARY_PATH} PS1=\[\e[1;32m\]\u@\h\[\e[0m\]:\[\e[1;34m\]\w\[\e[0m\]\$ PYTHONPATH=/home/ethereal/rm_2025/rmul_nav_2025/install/navigator_interfaces/local/lib/python3.10/dist-packages:${PYTHONPATH} /usr/bin/cmake --install /home/ethereal/rm_2025/rmul_nav_2025/build/terminal_listener
[6.692s] -- Install configuration: ""
[6.692s] -- Installing: /home/ethereal/rm_2025/rmul_nav_2025/install/terminal_listener/lib/terminal_listener/terminal_listener
[6.693s] -- Set runtime path of "/home/ethereal/rm_2025/rmul_nav_2025/install/terminal_listener/lib/terminal_listener/terminal_listener" to ""
[6.693s] -- Installing: /home/ethereal/rm_2025/rmul_nav_2025/install/terminal_listener/share/ament_index/resource_index/package_run_dependencies/terminal_listener
[6.694s] -- Installing: /home/ethereal/rm_2025/rmul_nav_2025/install/terminal_listener/share/ament_index/resource_index/parent_prefix_path/terminal_listener
[6.694s] -- Installing: /home/ethereal/rm_2025/rmul_nav_2025/install/terminal_listener/share/terminal_listener/environment/ament_prefix_path.sh
[6.694s] -- Installing: /home/ethereal/rm_2025/rmul_nav_2025/install/terminal_listener/share/terminal_listener/environment/ament_prefix_path.dsv
[6.694s] -- Installing: /home/ethereal/rm_2025/rmul_nav_2025/install/terminal_listener/share/terminal_listener/environment/path.sh
[6.694s] -- Installing: /home/ethereal/rm_2025/rmul_nav_2025/install/terminal_listener/share/terminal_listener/environment/path.dsv
[6.694s] -- Installing: /home/ethereal/rm_2025/rmul_nav_2025/install/terminal_listener/share/terminal_listener/local_setup.bash
[6.695s] -- Installing: /home/ethereal/rm_2025/rmul_nav_2025/install/terminal_listener/share/terminal_listener/local_setup.sh
[6.695s] -- Installing: /home/ethereal/rm_2025/rmul_nav_2025/install/terminal_listener/share/terminal_listener/local_setup.zsh
[6.695s] -- Installing: /home/ethereal/rm_2025/rmul_nav_2025/install/terminal_listener/share/terminal_listener/local_setup.dsv
[6.695s] -- Installing: /home/ethereal/rm_2025/rmul_nav_2025/install/terminal_listener/share/terminal_listener/package.dsv
[6.695s] -- Installing: /home/ethereal/rm_2025/rmul_nav_2025/install/terminal_listener/share/ament_index/resource_index/packages/terminal_listener
[6.695s] -- Installing: /home/ethereal/rm_2025/rmul_nav_2025/install/terminal_listener/share/terminal_listener/cmake/terminal_listenerConfig.cmake
[6.695s] -- Installing: /home/ethereal/rm_2025/rmul_nav_2025/install/terminal_listener/share/terminal_listener/cmake/terminal_listenerConfig-version.cmake
[6.696s] -- Installing: /home/ethereal/rm_2025/rmul_nav_2025/install/terminal_listener/share/terminal_listener/package.xml
[6.698s] Invoked command in '/home/ethereal/rm_2025/rmul_nav_2025/build/terminal_listener' returned '0': AMENT_PREFIX_PATH=/home/ethereal/rm_2025/rmul_nav_2025/install/navigator_interfaces:${AMENT_PREFIX_PATH} CMAKE_PREFIX_PATH=/home/ethereal/rm_2025/rmul_nav_2025/install/navigator_interfaces:/opt/ros/humble LD_LIBRARY_PATH=/home/ethereal/rm_2025/rmul_nav_2025/install/navigator_interfaces/lib:${LD_LIBRARY_PATH} PS1=\[\e[1;32m\]\u@\h\[\e[0m\]:\[\e[1;34m\]\w\[\e[0m\]\$ PYTHONPATH=/home/ethereal/rm_2025/rmul_nav_2025/install/navigator_interfaces/local/lib/python3.10/dist-packages:${PYTHONPATH} /usr/bin/cmake --install /home/ethereal/rm_2025/rmul_nav_2025/build/terminal_listener
