-- Found ament_cmake_auto: 1.3.11 (/opt/ros/humble/share/ament_cmake_auto/cmake)
-- Found rosidl_generator_c: 3.1.6 (/opt/ros/humble/share/rosidl_generator_c/cmake)
-- Found rosidl_adapter: 3.1.6 (/opt/ros/humble/share/rosidl_adapter/cmake)
-- Found rosidl_generator_cpp: 3.1.6 (/opt/ros/humble/share/rosidl_generator_cpp/cmake)
-- Using all available rosidl_typesupport_c: rosidl_typesupport_fastrtps_c;rosidl_typesupport_introspection_c
-- Using all available rosidl_typesupport_cpp: rosidl_typesupport_fastrtps_cpp;rosidl_typesupport_introspection_cpp
-- Found rmw_implementation_cmake: 6.1.2 (/opt/ros/humble/share/rmw_implementation_cmake/cmake)
-- Found rmw_fastrtps_cpp: 6.2.7 (/opt/ros/humble/share/rmw_fastrtps_cpp/cmake)
-- Using RMW implementation 'rmw_fastrtps_cpp' as default
-- Found ament_lint_auto: 0.12.11 (/opt/ros/humble/share/ament_lint_auto/cmake)
-- Added test 'cppcheck' to perform static code analysis on C / C++ code
-- Configured cppcheck include dirs: /home/ethereal/rm_2025/rmul_nav_2025/src/Decision/rmul_decision/include
-- Configured cppcheck exclude dirs and/or files: 
-- Added test 'cpplint' to check C / C++ code against the Google style
-- Configured cpplint exclude dirs and/or files: 
-- Added test 'lint_cmake' to check CMake code style
-- Added test 'xmllint' to check XML markup files
-- Configuring done
-- Generating done
-- Build files have been written to: /home/ethereal/rm_2025/rmul_nav_2025/build/rmul_decision
[ 50%] [32mBuilding CXX object CMakeFiles/rmul_decision_node.dir/rclcpp_components/node_main_rmul_decision_node.cpp.o[0m
[ 50%] [32mBuilding CXX object CMakeFiles/rmul_decision.dir/src/rmul_decision.cpp.o[0m
[ 75%] [32m[1mLinking CXX executable rmul_decision_node[0m
[ 75%] Built target rmul_decision_node
[100%] [32m[1mLinking CXX shared library librmul_decision.so[0m
[100%] Built target rmul_decision
-- Install configuration: ""
-- Installing: /home/ethereal/rm_2025/rmul_nav_2025/install/rmul_decision/lib/rmul_decision/rmul_decision_node
-- Set runtime path of "/home/ethereal/rm_2025/rmul_nav_2025/install/rmul_decision/lib/rmul_decision/rmul_decision_node" to ""
-- Installing: /home/ethereal/rm_2025/rmul_nav_2025/install/rmul_decision/include
-- Installing: /home/ethereal/rm_2025/rmul_nav_2025/install/rmul_decision/include/rmul_decision
-- Installing: /home/ethereal/rm_2025/rmul_nav_2025/install/rmul_decision/include/rmul_decision/rmul_decision.hpp
-- Installing: /home/ethereal/rm_2025/rmul_nav_2025/install/rmul_decision/share/rmul_decision/environment/library_path.sh
-- Installing: /home/ethereal/rm_2025/rmul_nav_2025/install/rmul_decision/share/rmul_decision/environment/library_path.dsv
-- Installing: /home/ethereal/rm_2025/rmul_nav_2025/install/rmul_decision/lib/librmul_decision.so
-- Set runtime path of "/home/ethereal/rm_2025/rmul_nav_2025/install/rmul_decision/lib/librmul_decision.so" to ""
-- Installing: /home/ethereal/rm_2025/rmul_nav_2025/install/rmul_decision/share/rmul_decision/launch
-- Installing: /home/ethereal/rm_2025/rmul_nav_2025/install/rmul_decision/share/ament_index/resource_index/package_run_dependencies/rmul_decision
-- Installing: /home/ethereal/rm_2025/rmul_nav_2025/install/rmul_decision/share/ament_index/resource_index/parent_prefix_path/rmul_decision
-- Installing: /home/ethereal/rm_2025/rmul_nav_2025/install/rmul_decision/share/rmul_decision/environment/ament_prefix_path.sh
-- Installing: /home/ethereal/rm_2025/rmul_nav_2025/install/rmul_decision/share/rmul_decision/environment/ament_prefix_path.dsv
-- Installing: /home/ethereal/rm_2025/rmul_nav_2025/install/rmul_decision/share/rmul_decision/environment/path.sh
-- Installing: /home/ethereal/rm_2025/rmul_nav_2025/install/rmul_decision/share/rmul_decision/environment/path.dsv
-- Installing: /home/ethereal/rm_2025/rmul_nav_2025/install/rmul_decision/share/rmul_decision/local_setup.bash
-- Installing: /home/ethereal/rm_2025/rmul_nav_2025/install/rmul_decision/share/rmul_decision/local_setup.sh
-- Installing: /home/ethereal/rm_2025/rmul_nav_2025/install/rmul_decision/share/rmul_decision/local_setup.zsh
-- Installing: /home/ethereal/rm_2025/rmul_nav_2025/install/rmul_decision/share/rmul_decision/local_setup.dsv
-- Installing: /home/ethereal/rm_2025/rmul_nav_2025/install/rmul_decision/share/rmul_decision/package.dsv
-- Installing: /home/ethereal/rm_2025/rmul_nav_2025/install/rmul_decision/share/ament_index/resource_index/packages/rmul_decision
-- Installing: /home/ethereal/rm_2025/rmul_nav_2025/install/rmul_decision/share/ament_index/resource_index/rclcpp_components/rmul_decision
-- Installing: /home/ethereal/rm_2025/rmul_nav_2025/install/rmul_decision/share/rmul_decision/cmake/ament_cmake_export_dependencies-extras.cmake
-- Installing: /home/ethereal/rm_2025/rmul_nav_2025/install/rmul_decision/share/rmul_decision/cmake/ament_cmake_export_include_directories-extras.cmake
-- Installing: /home/ethereal/rm_2025/rmul_nav_2025/install/rmul_decision/share/rmul_decision/cmake/ament_cmake_export_libraries-extras.cmake
-- Installing: /home/ethereal/rm_2025/rmul_nav_2025/install/rmul_decision/share/rmul_decision/cmake/rmul_decisionConfig.cmake
-- Installing: /home/ethereal/rm_2025/rmul_nav_2025/install/rmul_decision/share/rmul_decision/cmake/rmul_decisionConfig-version.cmake
-- Installing: /home/ethereal/rm_2025/rmul_nav_2025/install/rmul_decision/share/rmul_decision/package.xml
-- Up-to-date: /home/ethereal/rm_2025/rmul_nav_2025/install/rmul_decision/share/rmul_decision/launch
-- Installing: /home/ethereal/rm_2025/rmul_nav_2025/install/rmul_decision/share/rmul_decision/config
