[0.265s] DEBUG:colcon:Command line arguments: ['/usr/bin/colcon', 'build']
[0.265s] DEBUG:colcon:Parsed command line arguments: Namespace(log_base=None, log_level=None, verb_name='build', build_base='build', install_base='install', merge_install=False, symlink_install=False, test_result_base=None, continue_on_error=False, executor='parallel', parallel_workers=20, event_handlers=None, ignore_user_meta=False, metas=['./colcon.meta'], base_paths=['.'], packages_ignore=None, packages_ignore_regex=None, paths=None, packages_up_to=None, packages_up_to_regex=None, packages_above=None, packages_above_and_dependencies=None, packages_above_depth=None, packages_select_by_dep=None, packages_skip_by_dep=None, packages_skip_up_to=None, packages_select_build_failed=False, packages_skip_build_finished=False, packages_select_test_failures=False, packages_skip_test_passed=False, packages_select=None, packages_skip=None, packages_select_regex=None, packages_skip_regex=None, packages_start=None, packages_end=None, allow_overriding=[], cmake_args=None, cmake_target=None, cmake_target_skip_unavailable=False, cmake_clean_cache=False, cmake_clean_first=False, cmake_force_configure=False, ament_cmake_args=None, catkin_cmake_args=None, catkin_skip_building_tests=False, mixin_files=None, mixin=None, verb_parser=<colcon_mixin.mixin.mixin_argument.MixinArgumentDecorator object at 0x7f68538d1de0>, verb_extension=<colcon_core.verb.build.BuildVerb object at 0x7f68538d1420>, main=<bound method BuildVerb.main of <colcon_core.verb.build.BuildVerb object at 0x7f68538d1420>>, mixin_verb=('build',))
[0.482s] Level 1:colcon.colcon_core.package_discovery:discover_packages(colcon_meta) check parameters
[0.482s] Level 1:colcon.colcon_core.package_discovery:discover_packages(recursive) check parameters
[0.482s] Level 1:colcon.colcon_core.package_discovery:discover_packages(ignore) check parameters
[0.482s] Level 1:colcon.colcon_core.package_discovery:discover_packages(path) check parameters
[0.482s] Level 1:colcon.colcon_core.package_discovery:discover_packages(colcon_meta) discover
[0.482s] Level 1:colcon.colcon_core.package_discovery:discover_packages(recursive) discover
[0.482s] INFO:colcon.colcon_core.package_discovery:Crawling recursively for packages in '/home/ethereal/rm_2025/rmul_nav_2025'
[0.482s] Level 1:colcon.colcon_core.package_identification:_identify(.) by extensions ['ignore', 'ignore_ament_install']
[0.482s] Level 1:colcon.colcon_core.package_identification:_identify(.) by extension 'ignore'
[0.482s] Level 1:colcon.colcon_core.package_identification:_identify(.) by extension 'ignore_ament_install'
[0.482s] Level 1:colcon.colcon_core.package_identification:_identify(.) by extensions ['colcon_pkg']
[0.482s] Level 1:colcon.colcon_core.package_identification:_identify(.) by extension 'colcon_pkg'
[0.482s] Level 1:colcon.colcon_core.package_identification:_identify(.) by extensions ['colcon_meta']
[0.482s] Level 1:colcon.colcon_core.package_identification:_identify(.) by extension 'colcon_meta'
[0.482s] Level 1:colcon.colcon_core.package_identification:_identify(.) by extensions ['ros']
[0.482s] Level 1:colcon.colcon_core.package_identification:_identify(.) by extension 'ros'
[0.491s] Level 1:colcon.colcon_core.package_identification:_identify(.) by extensions ['cmake', 'python']
[0.491s] Level 1:colcon.colcon_core.package_identification:_identify(.) by extension 'cmake'
[0.491s] Level 1:colcon.colcon_core.package_identification:_identify(.) by extension 'python'
[0.491s] Level 1:colcon.colcon_core.package_identification:_identify(.) by extensions ['python_setup_py']
[0.491s] Level 1:colcon.colcon_core.package_identification:_identify(.) by extension 'python_setup_py'
[0.491s] Level 1:colcon.colcon_core.package_identification:_identify(build) by extensions ['ignore', 'ignore_ament_install']
[0.491s] Level 1:colcon.colcon_core.package_identification:_identify(build) by extension 'ignore'
[0.491s] Level 1:colcon.colcon_core.package_identification:_identify(build) ignored
[0.492s] Level 1:colcon.colcon_core.package_identification:_identify(install) by extensions ['ignore', 'ignore_ament_install']
[0.492s] Level 1:colcon.colcon_core.package_identification:_identify(install) by extension 'ignore'
[0.492s] Level 1:colcon.colcon_core.package_identification:_identify(install) ignored
[0.492s] Level 1:colcon.colcon_core.package_identification:_identify(log) by extensions ['ignore', 'ignore_ament_install']
[0.492s] Level 1:colcon.colcon_core.package_identification:_identify(log) by extension 'ignore'
[0.492s] Level 1:colcon.colcon_core.package_identification:_identify(log) ignored
[0.492s] Level 1:colcon.colcon_core.package_identification:_identify(src) by extensions ['ignore', 'ignore_ament_install']
[0.492s] Level 1:colcon.colcon_core.package_identification:_identify(src) by extension 'ignore'
[0.492s] Level 1:colcon.colcon_core.package_identification:_identify(src) by extension 'ignore_ament_install'
[0.492s] Level 1:colcon.colcon_core.package_identification:_identify(src) by extensions ['colcon_pkg']
[0.492s] Level 1:colcon.colcon_core.package_identification:_identify(src) by extension 'colcon_pkg'
[0.492s] Level 1:colcon.colcon_core.package_identification:_identify(src) by extensions ['colcon_meta']
[0.492s] Level 1:colcon.colcon_core.package_identification:_identify(src) by extension 'colcon_meta'
[0.492s] Level 1:colcon.colcon_core.package_identification:_identify(src) by extensions ['ros']
[0.492s] Level 1:colcon.colcon_core.package_identification:_identify(src) by extension 'ros'
[0.492s] Level 1:colcon.colcon_core.package_identification:_identify(src) by extensions ['cmake', 'python']
[0.492s] Level 1:colcon.colcon_core.package_identification:_identify(src) by extension 'cmake'
[0.492s] Level 1:colcon.colcon_core.package_identification:_identify(src) by extension 'python'
[0.492s] Level 1:colcon.colcon_core.package_identification:_identify(src) by extensions ['python_setup_py']
[0.492s] Level 1:colcon.colcon_core.package_identification:_identify(src) by extension 'python_setup_py'
[0.492s] Level 1:colcon.colcon_core.package_identification:_identify(src/Action) by extensions ['ignore', 'ignore_ament_install']
[0.492s] Level 1:colcon.colcon_core.package_identification:_identify(src/Action) by extension 'ignore'
[0.492s] Level 1:colcon.colcon_core.package_identification:_identify(src/Action) by extension 'ignore_ament_install'
[0.492s] Level 1:colcon.colcon_core.package_identification:_identify(src/Action) by extensions ['colcon_pkg']
[0.493s] Level 1:colcon.colcon_core.package_identification:_identify(src/Action) by extension 'colcon_pkg'
[0.493s] Level 1:colcon.colcon_core.package_identification:_identify(src/Action) by extensions ['colcon_meta']
[0.493s] Level 1:colcon.colcon_core.package_identification:_identify(src/Action) by extension 'colcon_meta'
[0.493s] Level 1:colcon.colcon_core.package_identification:_identify(src/Action) by extensions ['ros']
[0.493s] Level 1:colcon.colcon_core.package_identification:_identify(src/Action) by extension 'ros'
[0.493s] Level 1:colcon.colcon_core.package_identification:_identify(src/Action) by extensions ['cmake', 'python']
[0.493s] Level 1:colcon.colcon_core.package_identification:_identify(src/Action) by extension 'cmake'
[0.493s] Level 1:colcon.colcon_core.package_identification:_identify(src/Action) by extension 'python'
[0.493s] Level 1:colcon.colcon_core.package_identification:_identify(src/Action) by extensions ['python_setup_py']
[0.493s] Level 1:colcon.colcon_core.package_identification:_identify(src/Action) by extension 'python_setup_py'
[0.493s] Level 1:colcon.colcon_core.package_identification:_identify(src/Action/navigator) by extensions ['ignore', 'ignore_ament_install']
[0.493s] Level 1:colcon.colcon_core.package_identification:_identify(src/Action/navigator) by extension 'ignore'
[0.493s] Level 1:colcon.colcon_core.package_identification:_identify(src/Action/navigator) by extension 'ignore_ament_install'
[0.493s] Level 1:colcon.colcon_core.package_identification:_identify(src/Action/navigator) by extensions ['colcon_pkg']
[0.494s] Level 1:colcon.colcon_core.package_identification:_identify(src/Action/navigator) by extension 'colcon_pkg'
[0.494s] Level 1:colcon.colcon_core.package_identification:_identify(src/Action/navigator) by extensions ['colcon_meta']
[0.494s] Level 1:colcon.colcon_core.package_identification:_identify(src/Action/navigator) by extension 'colcon_meta'
[0.494s] Level 1:colcon.colcon_core.package_identification:_identify(src/Action/navigator) by extensions ['ros']
[0.494s] Level 1:colcon.colcon_core.package_identification:_identify(src/Action/navigator) by extension 'ros'
[0.497s] DEBUG:colcon.colcon_core.package_identification:Package 'src/Action/navigator' with type 'ros.ament_cmake' and name 'navigator'
[0.497s] Level 1:colcon.colcon_core.package_identification:_identify(src/Action/navigator_interfaces) by extensions ['ignore', 'ignore_ament_install']
[0.497s] Level 1:colcon.colcon_core.package_identification:_identify(src/Action/navigator_interfaces) by extension 'ignore'
[0.497s] Level 1:colcon.colcon_core.package_identification:_identify(src/Action/navigator_interfaces) by extension 'ignore_ament_install'
[0.497s] Level 1:colcon.colcon_core.package_identification:_identify(src/Action/navigator_interfaces) by extensions ['colcon_pkg']
[0.497s] Level 1:colcon.colcon_core.package_identification:_identify(src/Action/navigator_interfaces) by extension 'colcon_pkg'
[0.497s] Level 1:colcon.colcon_core.package_identification:_identify(src/Action/navigator_interfaces) by extensions ['colcon_meta']
[0.497s] Level 1:colcon.colcon_core.package_identification:_identify(src/Action/navigator_interfaces) by extension 'colcon_meta'
[0.498s] Level 1:colcon.colcon_core.package_identification:_identify(src/Action/navigator_interfaces) by extensions ['ros']
[0.498s] Level 1:colcon.colcon_core.package_identification:_identify(src/Action/navigator_interfaces) by extension 'ros'
[0.499s] DEBUG:colcon.colcon_core.package_identification:Package 'src/Action/navigator_interfaces' with type 'ros.ament_cmake' and name 'navigator_interfaces'
[0.499s] Level 1:colcon.colcon_core.package_identification:_identify(src/Decision) by extensions ['ignore', 'ignore_ament_install']
[0.499s] Level 1:colcon.colcon_core.package_identification:_identify(src/Decision) by extension 'ignore'
[0.499s] Level 1:colcon.colcon_core.package_identification:_identify(src/Decision) by extension 'ignore_ament_install'
[0.499s] Level 1:colcon.colcon_core.package_identification:_identify(src/Decision) by extensions ['colcon_pkg']
[0.499s] Level 1:colcon.colcon_core.package_identification:_identify(src/Decision) by extension 'colcon_pkg'
[0.499s] Level 1:colcon.colcon_core.package_identification:_identify(src/Decision) by extensions ['colcon_meta']
[0.499s] Level 1:colcon.colcon_core.package_identification:_identify(src/Decision) by extension 'colcon_meta'
[0.499s] Level 1:colcon.colcon_core.package_identification:_identify(src/Decision) by extensions ['ros']
[0.499s] Level 1:colcon.colcon_core.package_identification:_identify(src/Decision) by extension 'ros'
[0.499s] Level 1:colcon.colcon_core.package_identification:_identify(src/Decision) by extensions ['cmake', 'python']
[0.499s] Level 1:colcon.colcon_core.package_identification:_identify(src/Decision) by extension 'cmake'
[0.499s] Level 1:colcon.colcon_core.package_identification:_identify(src/Decision) by extension 'python'
[0.499s] Level 1:colcon.colcon_core.package_identification:_identify(src/Decision) by extensions ['python_setup_py']
[0.499s] Level 1:colcon.colcon_core.package_identification:_identify(src/Decision) by extension 'python_setup_py'
[0.499s] Level 1:colcon.colcon_core.package_identification:_identify(src/Decision/pb_rm_interfaces) by extensions ['ignore', 'ignore_ament_install']
[0.500s] Level 1:colcon.colcon_core.package_identification:_identify(src/Decision/pb_rm_interfaces) by extension 'ignore'
[0.500s] Level 1:colcon.colcon_core.package_identification:_identify(src/Decision/pb_rm_interfaces) by extension 'ignore_ament_install'
[0.500s] Level 1:colcon.colcon_core.package_identification:_identify(src/Decision/pb_rm_interfaces) by extensions ['colcon_pkg']
[0.500s] Level 1:colcon.colcon_core.package_identification:_identify(src/Decision/pb_rm_interfaces) by extension 'colcon_pkg'
[0.500s] Level 1:colcon.colcon_core.package_identification:_identify(src/Decision/pb_rm_interfaces) by extensions ['colcon_meta']
[0.500s] Level 1:colcon.colcon_core.package_identification:_identify(src/Decision/pb_rm_interfaces) by extension 'colcon_meta'
[0.500s] Level 1:colcon.colcon_core.package_identification:_identify(src/Decision/pb_rm_interfaces) by extensions ['ros']
[0.500s] Level 1:colcon.colcon_core.package_identification:_identify(src/Decision/pb_rm_interfaces) by extension 'ros'
[0.500s] DEBUG:colcon.colcon_core.package_identification:Package 'src/Decision/pb_rm_interfaces' with type 'ros.ament_cmake' and name 'pb_rm_interfaces'
[0.500s] Level 1:colcon.colcon_core.package_identification:_identify(src/Decision/rmul_decision) by extensions ['ignore', 'ignore_ament_install']
[0.500s] Level 1:colcon.colcon_core.package_identification:_identify(src/Decision/rmul_decision) by extension 'ignore'
[0.500s] Level 1:colcon.colcon_core.package_identification:_identify(src/Decision/rmul_decision) by extension 'ignore_ament_install'
[0.500s] Level 1:colcon.colcon_core.package_identification:_identify(src/Decision/rmul_decision) by extensions ['colcon_pkg']
[0.500s] Level 1:colcon.colcon_core.package_identification:_identify(src/Decision/rmul_decision) by extension 'colcon_pkg'
[0.500s] Level 1:colcon.colcon_core.package_identification:_identify(src/Decision/rmul_decision) by extensions ['colcon_meta']
[0.500s] Level 1:colcon.colcon_core.package_identification:_identify(src/Decision/rmul_decision) by extension 'colcon_meta'
[0.500s] Level 1:colcon.colcon_core.package_identification:_identify(src/Decision/rmul_decision) by extensions ['ros']
[0.500s] Level 1:colcon.colcon_core.package_identification:_identify(src/Decision/rmul_decision) by extension 'ros'
[0.501s] DEBUG:colcon.colcon_core.package_identification:Package 'src/Decision/rmul_decision' with type 'ros.ament_cmake' and name 'rmul_decision'
[0.502s] Level 1:colcon.colcon_core.package_identification:_identify(src/Tool) by extensions ['ignore', 'ignore_ament_install']
[0.502s] Level 1:colcon.colcon_core.package_identification:_identify(src/Tool) by extension 'ignore'
[0.502s] Level 1:colcon.colcon_core.package_identification:_identify(src/Tool) by extension 'ignore_ament_install'
[0.502s] Level 1:colcon.colcon_core.package_identification:_identify(src/Tool) by extensions ['colcon_pkg']
[0.502s] Level 1:colcon.colcon_core.package_identification:_identify(src/Tool) by extension 'colcon_pkg'
[0.502s] Level 1:colcon.colcon_core.package_identification:_identify(src/Tool) by extensions ['colcon_meta']
[0.502s] Level 1:colcon.colcon_core.package_identification:_identify(src/Tool) by extension 'colcon_meta'
[0.502s] Level 1:colcon.colcon_core.package_identification:_identify(src/Tool) by extensions ['ros']
[0.502s] Level 1:colcon.colcon_core.package_identification:_identify(src/Tool) by extension 'ros'
[0.502s] Level 1:colcon.colcon_core.package_identification:_identify(src/Tool) by extensions ['cmake', 'python']
[0.502s] Level 1:colcon.colcon_core.package_identification:_identify(src/Tool) by extension 'cmake'
[0.502s] Level 1:colcon.colcon_core.package_identification:_identify(src/Tool) by extension 'python'
[0.502s] Level 1:colcon.colcon_core.package_identification:_identify(src/Tool) by extensions ['python_setup_py']
[0.502s] Level 1:colcon.colcon_core.package_identification:_identify(src/Tool) by extension 'python_setup_py'
[0.502s] Level 1:colcon.colcon_core.package_identification:_identify(src/Tool/terminal_listener) by extensions ['ignore', 'ignore_ament_install']
[0.502s] Level 1:colcon.colcon_core.package_identification:_identify(src/Tool/terminal_listener) by extension 'ignore'
[0.502s] Level 1:colcon.colcon_core.package_identification:_identify(src/Tool/terminal_listener) by extension 'ignore_ament_install'
[0.502s] Level 1:colcon.colcon_core.package_identification:_identify(src/Tool/terminal_listener) by extensions ['colcon_pkg']
[0.502s] Level 1:colcon.colcon_core.package_identification:_identify(src/Tool/terminal_listener) by extension 'colcon_pkg'
[0.502s] Level 1:colcon.colcon_core.package_identification:_identify(src/Tool/terminal_listener) by extensions ['colcon_meta']
[0.502s] Level 1:colcon.colcon_core.package_identification:_identify(src/Tool/terminal_listener) by extension 'colcon_meta'
[0.502s] Level 1:colcon.colcon_core.package_identification:_identify(src/Tool/terminal_listener) by extensions ['ros']
[0.502s] Level 1:colcon.colcon_core.package_identification:_identify(src/Tool/terminal_listener) by extension 'ros'
[0.503s] DEBUG:colcon.colcon_core.package_identification:Package 'src/Tool/terminal_listener' with type 'ros.ament_cmake' and name 'terminal_listener'
[0.503s] Level 1:colcon.colcon_core.package_discovery:discover_packages(recursive) using defaults
[0.503s] Level 1:colcon.colcon_core.package_discovery:discover_packages(ignore) discover
[0.503s] Level 1:colcon.colcon_core.package_discovery:discover_packages(ignore) using defaults
[0.503s] Level 1:colcon.colcon_core.package_discovery:discover_packages(path) discover
[0.503s] Level 1:colcon.colcon_core.package_discovery:discover_packages(path) using defaults
[0.538s] Level 1:colcon.colcon_core.package_discovery:discover_packages(prefix_path) check parameters
[0.538s] Level 1:colcon.colcon_core.package_discovery:discover_packages(prefix_path) discover
[0.543s] DEBUG:colcon.colcon_installed_package_information.package_discovery:Found 292 installed packages in /opt/ros/humble
[0.544s] Level 1:colcon.colcon_core.package_discovery:discover_packages(prefix_path) using defaults
[0.633s] Level 5:colcon.colcon_core.verb:set package 'navigator_interfaces' build argument 'cmake_args' from command line to 'None'
[0.633s] Level 5:colcon.colcon_core.verb:set package 'navigator_interfaces' build argument 'cmake_target' from command line to 'None'
[0.633s] Level 5:colcon.colcon_core.verb:set package 'navigator_interfaces' build argument 'cmake_target_skip_unavailable' from command line to 'False'
[0.633s] Level 5:colcon.colcon_core.verb:set package 'navigator_interfaces' build argument 'cmake_clean_cache' from command line to 'False'
[0.633s] Level 5:colcon.colcon_core.verb:set package 'navigator_interfaces' build argument 'cmake_clean_first' from command line to 'False'
[0.633s] Level 5:colcon.colcon_core.verb:set package 'navigator_interfaces' build argument 'cmake_force_configure' from command line to 'False'
[0.633s] Level 5:colcon.colcon_core.verb:set package 'navigator_interfaces' build argument 'ament_cmake_args' from command line to 'None'
[0.633s] Level 5:colcon.colcon_core.verb:set package 'navigator_interfaces' build argument 'catkin_cmake_args' from command line to 'None'
[0.633s] Level 5:colcon.colcon_core.verb:set package 'navigator_interfaces' build argument 'catkin_skip_building_tests' from command line to 'False'
[0.633s] DEBUG:colcon.colcon_core.verb:Building package 'navigator_interfaces' with the following arguments: {'ament_cmake_args': None, 'build_base': '/home/ethereal/rm_2025/rmul_nav_2025/build/navigator_interfaces', 'catkin_cmake_args': None, 'catkin_skip_building_tests': False, 'cmake_args': None, 'cmake_clean_cache': False, 'cmake_clean_first': False, 'cmake_force_configure': False, 'cmake_target': None, 'cmake_target_skip_unavailable': False, 'install_base': '/home/ethereal/rm_2025/rmul_nav_2025/install/navigator_interfaces', 'merge_install': False, 'path': '/home/ethereal/rm_2025/rmul_nav_2025/src/Action/navigator_interfaces', 'symlink_install': False, 'test_result_base': None}
[0.634s] Level 5:colcon.colcon_core.verb:set package 'pb_rm_interfaces' build argument 'cmake_args' from command line to 'None'
[0.634s] Level 5:colcon.colcon_core.verb:set package 'pb_rm_interfaces' build argument 'cmake_target' from command line to 'None'
[0.634s] Level 5:colcon.colcon_core.verb:set package 'pb_rm_interfaces' build argument 'cmake_target_skip_unavailable' from command line to 'False'
[0.634s] Level 5:colcon.colcon_core.verb:set package 'pb_rm_interfaces' build argument 'cmake_clean_cache' from command line to 'False'
[0.634s] Level 5:colcon.colcon_core.verb:set package 'pb_rm_interfaces' build argument 'cmake_clean_first' from command line to 'False'
[0.634s] Level 5:colcon.colcon_core.verb:set package 'pb_rm_interfaces' build argument 'cmake_force_configure' from command line to 'False'
[0.634s] Level 5:colcon.colcon_core.verb:set package 'pb_rm_interfaces' build argument 'ament_cmake_args' from command line to 'None'
[0.634s] Level 5:colcon.colcon_core.verb:set package 'pb_rm_interfaces' build argument 'catkin_cmake_args' from command line to 'None'
[0.634s] Level 5:colcon.colcon_core.verb:set package 'pb_rm_interfaces' build argument 'catkin_skip_building_tests' from command line to 'False'
[0.634s] DEBUG:colcon.colcon_core.verb:Building package 'pb_rm_interfaces' with the following arguments: {'ament_cmake_args': None, 'build_base': '/home/ethereal/rm_2025/rmul_nav_2025/build/pb_rm_interfaces', 'catkin_cmake_args': None, 'catkin_skip_building_tests': False, 'cmake_args': None, 'cmake_clean_cache': False, 'cmake_clean_first': False, 'cmake_force_configure': False, 'cmake_target': None, 'cmake_target_skip_unavailable': False, 'install_base': '/home/ethereal/rm_2025/rmul_nav_2025/install/pb_rm_interfaces', 'merge_install': False, 'path': '/home/ethereal/rm_2025/rmul_nav_2025/src/Decision/pb_rm_interfaces', 'symlink_install': False, 'test_result_base': None}
[0.634s] Level 5:colcon.colcon_core.verb:set package 'navigator' build argument 'cmake_args' from command line to 'None'
[0.634s] Level 5:colcon.colcon_core.verb:set package 'navigator' build argument 'cmake_target' from command line to 'None'
[0.634s] Level 5:colcon.colcon_core.verb:set package 'navigator' build argument 'cmake_target_skip_unavailable' from command line to 'False'
[0.634s] Level 5:colcon.colcon_core.verb:set package 'navigator' build argument 'cmake_clean_cache' from command line to 'False'
[0.634s] Level 5:colcon.colcon_core.verb:set package 'navigator' build argument 'cmake_clean_first' from command line to 'False'
[0.634s] Level 5:colcon.colcon_core.verb:set package 'navigator' build argument 'cmake_force_configure' from command line to 'False'
[0.634s] Level 5:colcon.colcon_core.verb:set package 'navigator' build argument 'ament_cmake_args' from command line to 'None'
[0.634s] Level 5:colcon.colcon_core.verb:set package 'navigator' build argument 'catkin_cmake_args' from command line to 'None'
[0.634s] Level 5:colcon.colcon_core.verb:set package 'navigator' build argument 'catkin_skip_building_tests' from command line to 'False'
[0.634s] DEBUG:colcon.colcon_core.verb:Building package 'navigator' with the following arguments: {'ament_cmake_args': None, 'build_base': '/home/ethereal/rm_2025/rmul_nav_2025/build/navigator', 'catkin_cmake_args': None, 'catkin_skip_building_tests': False, 'cmake_args': None, 'cmake_clean_cache': False, 'cmake_clean_first': False, 'cmake_force_configure': False, 'cmake_target': None, 'cmake_target_skip_unavailable': False, 'install_base': '/home/ethereal/rm_2025/rmul_nav_2025/install/navigator', 'merge_install': False, 'path': '/home/ethereal/rm_2025/rmul_nav_2025/src/Action/navigator', 'symlink_install': False, 'test_result_base': None}
[0.635s] Level 5:colcon.colcon_core.verb:set package 'rmul_decision' build argument 'cmake_args' from command line to 'None'
[0.635s] Level 5:colcon.colcon_core.verb:set package 'rmul_decision' build argument 'cmake_target' from command line to 'None'
[0.635s] Level 5:colcon.colcon_core.verb:set package 'rmul_decision' build argument 'cmake_target_skip_unavailable' from command line to 'False'
[0.635s] Level 5:colcon.colcon_core.verb:set package 'rmul_decision' build argument 'cmake_clean_cache' from command line to 'False'
[0.635s] Level 5:colcon.colcon_core.verb:set package 'rmul_decision' build argument 'cmake_clean_first' from command line to 'False'
[0.635s] Level 5:colcon.colcon_core.verb:set package 'rmul_decision' build argument 'cmake_force_configure' from command line to 'False'
[0.635s] Level 5:colcon.colcon_core.verb:set package 'rmul_decision' build argument 'ament_cmake_args' from command line to 'None'
[0.635s] Level 5:colcon.colcon_core.verb:set package 'rmul_decision' build argument 'catkin_cmake_args' from command line to 'None'
[0.635s] Level 5:colcon.colcon_core.verb:set package 'rmul_decision' build argument 'catkin_skip_building_tests' from command line to 'False'
[0.635s] DEBUG:colcon.colcon_core.verb:Building package 'rmul_decision' with the following arguments: {'ament_cmake_args': None, 'build_base': '/home/ethereal/rm_2025/rmul_nav_2025/build/rmul_decision', 'catkin_cmake_args': None, 'catkin_skip_building_tests': False, 'cmake_args': None, 'cmake_clean_cache': False, 'cmake_clean_first': False, 'cmake_force_configure': False, 'cmake_target': None, 'cmake_target_skip_unavailable': False, 'install_base': '/home/ethereal/rm_2025/rmul_nav_2025/install/rmul_decision', 'merge_install': False, 'path': '/home/ethereal/rm_2025/rmul_nav_2025/src/Decision/rmul_decision', 'symlink_install': False, 'test_result_base': None}
[0.635s] Level 5:colcon.colcon_core.verb:set package 'terminal_listener' build argument 'cmake_args' from command line to 'None'
[0.635s] Level 5:colcon.colcon_core.verb:set package 'terminal_listener' build argument 'cmake_target' from command line to 'None'
[0.635s] Level 5:colcon.colcon_core.verb:set package 'terminal_listener' build argument 'cmake_target_skip_unavailable' from command line to 'False'
[0.635s] Level 5:colcon.colcon_core.verb:set package 'terminal_listener' build argument 'cmake_clean_cache' from command line to 'False'
[0.635s] Level 5:colcon.colcon_core.verb:set package 'terminal_listener' build argument 'cmake_clean_first' from command line to 'False'
[0.635s] Level 5:colcon.colcon_core.verb:set package 'terminal_listener' build argument 'cmake_force_configure' from command line to 'False'
[0.635s] Level 5:colcon.colcon_core.verb:set package 'terminal_listener' build argument 'ament_cmake_args' from command line to 'None'
[0.635s] Level 5:colcon.colcon_core.verb:set package 'terminal_listener' build argument 'catkin_cmake_args' from command line to 'None'
[0.635s] Level 5:colcon.colcon_core.verb:set package 'terminal_listener' build argument 'catkin_skip_building_tests' from command line to 'False'
[0.635s] DEBUG:colcon.colcon_core.verb:Building package 'terminal_listener' with the following arguments: {'ament_cmake_args': None, 'build_base': '/home/ethereal/rm_2025/rmul_nav_2025/build/terminal_listener', 'catkin_cmake_args': None, 'catkin_skip_building_tests': False, 'cmake_args': None, 'cmake_clean_cache': False, 'cmake_clean_first': False, 'cmake_force_configure': False, 'cmake_target': None, 'cmake_target_skip_unavailable': False, 'install_base': '/home/ethereal/rm_2025/rmul_nav_2025/install/terminal_listener', 'merge_install': False, 'path': '/home/ethereal/rm_2025/rmul_nav_2025/src/Tool/terminal_listener', 'symlink_install': False, 'test_result_base': None}
[0.635s] INFO:colcon.colcon_core.executor:Executing jobs using 'parallel' executor
[0.636s] DEBUG:colcon.colcon_parallel_executor.executor.parallel:run_until_complete
[0.637s] INFO:colcon.colcon_ros.task.ament_cmake.build:Building ROS package in '/home/ethereal/rm_2025/rmul_nav_2025/src/Action/navigator_interfaces' with build type 'ament_cmake'
[0.637s] INFO:colcon.colcon_cmake.task.cmake.build:Building CMake package in '/home/ethereal/rm_2025/rmul_nav_2025/src/Action/navigator_interfaces'
[0.642s] INFO:colcon.colcon_core.plugin_system:Skipping extension 'colcon_core.shell.bat': Not used on non-Windows systems
[0.643s] INFO:colcon.colcon_core.shell:Skip shell extension 'powershell' for command environment: Not usable outside of PowerShell
[0.643s] DEBUG:colcon.colcon_core.shell:Skip shell extension 'dsv' for command environment
[0.645s] INFO:colcon.colcon_ros.task.ament_cmake.build:Building ROS package in '/home/ethereal/rm_2025/rmul_nav_2025/src/Decision/pb_rm_interfaces' with build type 'ament_cmake'
[0.645s] INFO:colcon.colcon_cmake.task.cmake.build:Building CMake package in '/home/ethereal/rm_2025/rmul_nav_2025/src/Decision/pb_rm_interfaces'
[0.645s] INFO:colcon.colcon_core.shell:Skip shell extension 'powershell' for command environment: Not usable outside of PowerShell
[0.645s] DEBUG:colcon.colcon_core.shell:Skip shell extension 'dsv' for command environment
[0.653s] DEBUG:colcon.colcon_core.event_handler.log_command:Invoking command in '/home/ethereal/rm_2025/rmul_nav_2025/build/navigator_interfaces': CMAKE_PREFIX_PATH=/opt/ros/humble PS1=\[\e[1;32m\]\u@\h\[\e[0m\]:\[\e[1;34m\]\w\[\e[0m\]\$ /usr/bin/cmake --build /home/ethereal/rm_2025/rmul_nav_2025/build/navigator_interfaces -- -j20 -l20
[0.658s] DEBUG:colcon.colcon_core.event_handler.log_command:Invoking command in '/home/ethereal/rm_2025/rmul_nav_2025/build/pb_rm_interfaces': CMAKE_PREFIX_PATH=/opt/ros/humble PS1=\[\e[1;32m\]\u@\h\[\e[0m\]:\[\e[1;34m\]\w\[\e[0m\]\$ /usr/bin/cmake --build /home/ethereal/rm_2025/rmul_nav_2025/build/pb_rm_interfaces -- -j20 -l20
[0.938s] DEBUG:colcon.colcon_core.event_handler.log_command:Invoked command in '/home/ethereal/rm_2025/rmul_nav_2025/build/navigator_interfaces' returned '0': CMAKE_PREFIX_PATH=/opt/ros/humble PS1=\[\e[1;32m\]\u@\h\[\e[0m\]:\[\e[1;34m\]\w\[\e[0m\]\$ /usr/bin/cmake --build /home/ethereal/rm_2025/rmul_nav_2025/build/navigator_interfaces -- -j20 -l20
[0.945s] DEBUG:colcon.colcon_core.event_handler.log_command:Invoking command in '/home/ethereal/rm_2025/rmul_nav_2025/build/navigator_interfaces': CMAKE_PREFIX_PATH=/opt/ros/humble PS1=\[\e[1;32m\]\u@\h\[\e[0m\]:\[\e[1;34m\]\w\[\e[0m\]\$ /usr/bin/cmake --install /home/ethereal/rm_2025/rmul_nav_2025/build/navigator_interfaces
[0.946s] DEBUG:colcon.colcon_core.event_handler.log_command:Invoked command in '/home/ethereal/rm_2025/rmul_nav_2025/build/pb_rm_interfaces' returned '0': CMAKE_PREFIX_PATH=/opt/ros/humble PS1=\[\e[1;32m\]\u@\h\[\e[0m\]:\[\e[1;34m\]\w\[\e[0m\]\$ /usr/bin/cmake --build /home/ethereal/rm_2025/rmul_nav_2025/build/pb_rm_interfaces -- -j20 -l20
[0.949s] DEBUG:colcon.colcon_core.event_handler.log_command:Invoking command in '/home/ethereal/rm_2025/rmul_nav_2025/build/pb_rm_interfaces': CMAKE_PREFIX_PATH=/opt/ros/humble PS1=\[\e[1;32m\]\u@\h\[\e[0m\]:\[\e[1;34m\]\w\[\e[0m\]\$ /usr/bin/cmake --install /home/ethereal/rm_2025/rmul_nav_2025/build/pb_rm_interfaces
[0.996s] Level 1:colcon.colcon_core.environment:create_environment_scripts_only(navigator_interfaces)
[0.998s] DEBUG:colcon.colcon_core.event_handler.log_command:Invoked command in '/home/ethereal/rm_2025/rmul_nav_2025/build/navigator_interfaces' returned '0': CMAKE_PREFIX_PATH=/opt/ros/humble PS1=\[\e[1;32m\]\u@\h\[\e[0m\]:\[\e[1;34m\]\w\[\e[0m\]\$ /usr/bin/cmake --install /home/ethereal/rm_2025/rmul_nav_2025/build/navigator_interfaces
[1.008s] Level 1:colcon.colcon_core.environment:checking '/home/ethereal/rm_2025/rmul_nav_2025/install/navigator_interfaces' for CMake module files
[1.009s] Level 1:colcon.colcon_core.environment:checking '/home/ethereal/rm_2025/rmul_nav_2025/install/navigator_interfaces' for CMake config files
[1.009s] Level 1:colcon.colcon_core.shell:create_environment_hook('navigator_interfaces', 'cmake_prefix_path')
[1.009s] INFO:colcon.colcon_core.shell:Creating environment hook '/home/ethereal/rm_2025/rmul_nav_2025/install/navigator_interfaces/share/navigator_interfaces/hook/cmake_prefix_path.ps1'
[1.010s] INFO:colcon.colcon_core.shell:Creating environment descriptor '/home/ethereal/rm_2025/rmul_nav_2025/install/navigator_interfaces/share/navigator_interfaces/hook/cmake_prefix_path.dsv'
[1.010s] INFO:colcon.colcon_core.shell:Creating environment hook '/home/ethereal/rm_2025/rmul_nav_2025/install/navigator_interfaces/share/navigator_interfaces/hook/cmake_prefix_path.sh'
[1.011s] Level 1:colcon.colcon_core.environment:checking '/home/ethereal/rm_2025/rmul_nav_2025/install/navigator_interfaces/lib'
[1.011s] Level 1:colcon.colcon_core.shell:create_environment_hook('navigator_interfaces', 'ld_library_path_lib')
[1.011s] INFO:colcon.colcon_core.shell:Creating environment hook '/home/ethereal/rm_2025/rmul_nav_2025/install/navigator_interfaces/share/navigator_interfaces/hook/ld_library_path_lib.ps1'
[1.011s] INFO:colcon.colcon_core.shell:Creating environment descriptor '/home/ethereal/rm_2025/rmul_nav_2025/install/navigator_interfaces/share/navigator_interfaces/hook/ld_library_path_lib.dsv'
[1.012s] INFO:colcon.colcon_core.shell:Creating environment hook '/home/ethereal/rm_2025/rmul_nav_2025/install/navigator_interfaces/share/navigator_interfaces/hook/ld_library_path_lib.sh'
[1.012s] Level 1:colcon.colcon_core.environment:checking '/home/ethereal/rm_2025/rmul_nav_2025/install/navigator_interfaces/bin'
[1.012s] Level 1:colcon.colcon_core.environment:checking '/home/ethereal/rm_2025/rmul_nav_2025/install/navigator_interfaces/lib/pkgconfig/navigator_interfaces.pc'
[1.012s] Level 1:colcon.colcon_core.environment:checking '/home/ethereal/rm_2025/rmul_nav_2025/install/navigator_interfaces/lib/python3.10/site-packages'
[1.012s] Level 1:colcon.colcon_core.environment:checking '/home/ethereal/rm_2025/rmul_nav_2025/install/navigator_interfaces/bin'
[1.013s] INFO:colcon.colcon_core.shell:Creating package script '/home/ethereal/rm_2025/rmul_nav_2025/install/navigator_interfaces/share/navigator_interfaces/package.ps1'
[1.013s] INFO:colcon.colcon_core.shell:Creating package descriptor '/home/ethereal/rm_2025/rmul_nav_2025/install/navigator_interfaces/share/navigator_interfaces/package.dsv'
[1.014s] INFO:colcon.colcon_core.shell:Creating package script '/home/ethereal/rm_2025/rmul_nav_2025/install/navigator_interfaces/share/navigator_interfaces/package.sh'
[1.014s] INFO:colcon.colcon_core.shell:Creating package script '/home/ethereal/rm_2025/rmul_nav_2025/install/navigator_interfaces/share/navigator_interfaces/package.bash'
[1.015s] INFO:colcon.colcon_core.shell:Creating package script '/home/ethereal/rm_2025/rmul_nav_2025/install/navigator_interfaces/share/navigator_interfaces/package.zsh'
[1.016s] Level 1:colcon.colcon_core.environment:create_file_with_runtime_dependencies(/home/ethereal/rm_2025/rmul_nav_2025/install/navigator_interfaces/share/colcon-core/packages/navigator_interfaces)
[1.017s] Level 1:colcon.colcon_core.environment:create_environment_scripts_only(navigator_interfaces)
[1.017s] Level 1:colcon.colcon_core.environment:checking '/home/ethereal/rm_2025/rmul_nav_2025/install/navigator_interfaces' for CMake module files
[1.017s] Level 1:colcon.colcon_core.environment:checking '/home/ethereal/rm_2025/rmul_nav_2025/install/navigator_interfaces' for CMake config files
[1.018s] Level 1:colcon.colcon_core.shell:create_environment_hook('navigator_interfaces', 'cmake_prefix_path')
[1.018s] INFO:colcon.colcon_core.shell:Creating environment hook '/home/ethereal/rm_2025/rmul_nav_2025/install/navigator_interfaces/share/navigator_interfaces/hook/cmake_prefix_path.ps1'
[1.018s] INFO:colcon.colcon_core.shell:Creating environment descriptor '/home/ethereal/rm_2025/rmul_nav_2025/install/navigator_interfaces/share/navigator_interfaces/hook/cmake_prefix_path.dsv'
[1.019s] INFO:colcon.colcon_core.shell:Creating environment hook '/home/ethereal/rm_2025/rmul_nav_2025/install/navigator_interfaces/share/navigator_interfaces/hook/cmake_prefix_path.sh'
[1.019s] Level 1:colcon.colcon_core.environment:checking '/home/ethereal/rm_2025/rmul_nav_2025/install/navigator_interfaces/lib'
[1.019s] Level 1:colcon.colcon_core.shell:create_environment_hook('navigator_interfaces', 'ld_library_path_lib')
[1.020s] INFO:colcon.colcon_core.shell:Creating environment hook '/home/ethereal/rm_2025/rmul_nav_2025/install/navigator_interfaces/share/navigator_interfaces/hook/ld_library_path_lib.ps1'
[1.020s] INFO:colcon.colcon_core.shell:Creating environment descriptor '/home/ethereal/rm_2025/rmul_nav_2025/install/navigator_interfaces/share/navigator_interfaces/hook/ld_library_path_lib.dsv'
[1.020s] INFO:colcon.colcon_core.shell:Creating environment hook '/home/ethereal/rm_2025/rmul_nav_2025/install/navigator_interfaces/share/navigator_interfaces/hook/ld_library_path_lib.sh'
[1.021s] Level 1:colcon.colcon_core.environment:checking '/home/ethereal/rm_2025/rmul_nav_2025/install/navigator_interfaces/bin'
[1.021s] Level 1:colcon.colcon_core.environment:checking '/home/ethereal/rm_2025/rmul_nav_2025/install/navigator_interfaces/lib/pkgconfig/navigator_interfaces.pc'
[1.021s] Level 1:colcon.colcon_core.environment:checking '/home/ethereal/rm_2025/rmul_nav_2025/install/navigator_interfaces/lib/python3.10/site-packages'
[1.021s] Level 1:colcon.colcon_core.environment:checking '/home/ethereal/rm_2025/rmul_nav_2025/install/navigator_interfaces/bin'
[1.021s] INFO:colcon.colcon_core.shell:Creating package script '/home/ethereal/rm_2025/rmul_nav_2025/install/navigator_interfaces/share/navigator_interfaces/package.ps1'
[1.022s] INFO:colcon.colcon_core.shell:Creating package descriptor '/home/ethereal/rm_2025/rmul_nav_2025/install/navigator_interfaces/share/navigator_interfaces/package.dsv'
[1.022s] INFO:colcon.colcon_core.shell:Creating package script '/home/ethereal/rm_2025/rmul_nav_2025/install/navigator_interfaces/share/navigator_interfaces/package.sh'
[1.022s] INFO:colcon.colcon_core.shell:Creating package script '/home/ethereal/rm_2025/rmul_nav_2025/install/navigator_interfaces/share/navigator_interfaces/package.bash'
[1.023s] INFO:colcon.colcon_core.shell:Creating package script '/home/ethereal/rm_2025/rmul_nav_2025/install/navigator_interfaces/share/navigator_interfaces/package.zsh'
[1.023s] Level 1:colcon.colcon_core.environment:create_file_with_runtime_dependencies(/home/ethereal/rm_2025/rmul_nav_2025/install/navigator_interfaces/share/colcon-core/packages/navigator_interfaces)
[1.023s] INFO:colcon.colcon_ros.task.ament_cmake.build:Building ROS package in '/home/ethereal/rm_2025/rmul_nav_2025/src/Action/navigator' with build type 'ament_cmake'
[1.023s] INFO:colcon.colcon_cmake.task.cmake.build:Building CMake package in '/home/ethereal/rm_2025/rmul_nav_2025/src/Action/navigator'
[1.024s] INFO:colcon.colcon_core.shell:Skip shell extension 'powershell' for command environment: Not usable outside of PowerShell
[1.024s] DEBUG:colcon.colcon_core.shell:Skip shell extension 'dsv' for command environment
[1.026s] INFO:colcon.colcon_ros.task.ament_cmake.build:Building ROS package in '/home/ethereal/rm_2025/rmul_nav_2025/src/Tool/terminal_listener' with build type 'ament_cmake'
[1.027s] INFO:colcon.colcon_cmake.task.cmake.build:Building CMake package in '/home/ethereal/rm_2025/rmul_nav_2025/src/Tool/terminal_listener'
[1.027s] INFO:colcon.colcon_core.shell:Skip shell extension 'powershell' for command environment: Not usable outside of PowerShell
[1.027s] DEBUG:colcon.colcon_core.shell:Skip shell extension 'dsv' for command environment
[1.030s] Level 1:colcon.colcon_core.environment:create_environment_scripts_only(pb_rm_interfaces)
[1.030s] DEBUG:colcon.colcon_core.event_handler.log_command:Invoked command in '/home/ethereal/rm_2025/rmul_nav_2025/build/pb_rm_interfaces' returned '0': CMAKE_PREFIX_PATH=/opt/ros/humble PS1=\[\e[1;32m\]\u@\h\[\e[0m\]:\[\e[1;34m\]\w\[\e[0m\]\$ /usr/bin/cmake --install /home/ethereal/rm_2025/rmul_nav_2025/build/pb_rm_interfaces
[1.030s] Level 1:colcon.colcon_core.environment:checking '/home/ethereal/rm_2025/rmul_nav_2025/install/pb_rm_interfaces' for CMake module files
[1.031s] Level 1:colcon.colcon_core.environment:checking '/home/ethereal/rm_2025/rmul_nav_2025/install/pb_rm_interfaces' for CMake config files
[1.032s] Level 1:colcon.colcon_core.shell:create_environment_hook('pb_rm_interfaces', 'cmake_prefix_path')
[1.032s] INFO:colcon.colcon_core.shell:Creating environment hook '/home/ethereal/rm_2025/rmul_nav_2025/install/pb_rm_interfaces/share/pb_rm_interfaces/hook/cmake_prefix_path.ps1'
[1.032s] INFO:colcon.colcon_core.shell:Creating environment descriptor '/home/ethereal/rm_2025/rmul_nav_2025/install/pb_rm_interfaces/share/pb_rm_interfaces/hook/cmake_prefix_path.dsv'
[1.032s] INFO:colcon.colcon_core.shell:Creating environment hook '/home/ethereal/rm_2025/rmul_nav_2025/install/pb_rm_interfaces/share/pb_rm_interfaces/hook/cmake_prefix_path.sh'
[1.033s] Level 1:colcon.colcon_core.environment:checking '/home/ethereal/rm_2025/rmul_nav_2025/install/pb_rm_interfaces/lib'
[1.033s] Level 1:colcon.colcon_core.shell:create_environment_hook('pb_rm_interfaces', 'ld_library_path_lib')
[1.033s] INFO:colcon.colcon_core.shell:Creating environment hook '/home/ethereal/rm_2025/rmul_nav_2025/install/pb_rm_interfaces/share/pb_rm_interfaces/hook/ld_library_path_lib.ps1'
[1.034s] INFO:colcon.colcon_core.shell:Creating environment descriptor '/home/ethereal/rm_2025/rmul_nav_2025/install/pb_rm_interfaces/share/pb_rm_interfaces/hook/ld_library_path_lib.dsv'
[1.034s] INFO:colcon.colcon_core.shell:Creating environment hook '/home/ethereal/rm_2025/rmul_nav_2025/install/pb_rm_interfaces/share/pb_rm_interfaces/hook/ld_library_path_lib.sh'
[1.034s] Level 1:colcon.colcon_core.environment:checking '/home/ethereal/rm_2025/rmul_nav_2025/install/pb_rm_interfaces/bin'
[1.034s] Level 1:colcon.colcon_core.environment:checking '/home/ethereal/rm_2025/rmul_nav_2025/install/pb_rm_interfaces/lib/pkgconfig/pb_rm_interfaces.pc'
[1.034s] Level 1:colcon.colcon_core.environment:checking '/home/ethereal/rm_2025/rmul_nav_2025/install/pb_rm_interfaces/lib/python3.10/site-packages'
[1.035s] Level 1:colcon.colcon_core.environment:checking '/home/ethereal/rm_2025/rmul_nav_2025/install/pb_rm_interfaces/bin'
[1.035s] INFO:colcon.colcon_core.shell:Creating package script '/home/ethereal/rm_2025/rmul_nav_2025/install/pb_rm_interfaces/share/pb_rm_interfaces/package.ps1'
[1.035s] INFO:colcon.colcon_core.shell:Creating package descriptor '/home/ethereal/rm_2025/rmul_nav_2025/install/pb_rm_interfaces/share/pb_rm_interfaces/package.dsv'
[1.036s] INFO:colcon.colcon_core.shell:Creating package script '/home/ethereal/rm_2025/rmul_nav_2025/install/pb_rm_interfaces/share/pb_rm_interfaces/package.sh'
[1.036s] INFO:colcon.colcon_core.shell:Creating package script '/home/ethereal/rm_2025/rmul_nav_2025/install/pb_rm_interfaces/share/pb_rm_interfaces/package.bash'
[1.036s] INFO:colcon.colcon_core.shell:Creating package script '/home/ethereal/rm_2025/rmul_nav_2025/install/pb_rm_interfaces/share/pb_rm_interfaces/package.zsh'
[1.036s] Level 1:colcon.colcon_core.environment:create_file_with_runtime_dependencies(/home/ethereal/rm_2025/rmul_nav_2025/install/pb_rm_interfaces/share/colcon-core/packages/pb_rm_interfaces)
[1.037s] Level 1:colcon.colcon_core.environment:create_environment_scripts_only(pb_rm_interfaces)
[1.037s] Level 1:colcon.colcon_core.environment:checking '/home/ethereal/rm_2025/rmul_nav_2025/install/pb_rm_interfaces' for CMake module files
[1.038s] Level 1:colcon.colcon_core.environment:checking '/home/ethereal/rm_2025/rmul_nav_2025/install/pb_rm_interfaces' for CMake config files
[1.039s] Level 1:colcon.colcon_core.shell:create_environment_hook('pb_rm_interfaces', 'cmake_prefix_path')
[1.039s] INFO:colcon.colcon_core.shell:Creating environment hook '/home/ethereal/rm_2025/rmul_nav_2025/install/pb_rm_interfaces/share/pb_rm_interfaces/hook/cmake_prefix_path.ps1'
[1.039s] INFO:colcon.colcon_core.shell:Creating environment descriptor '/home/ethereal/rm_2025/rmul_nav_2025/install/pb_rm_interfaces/share/pb_rm_interfaces/hook/cmake_prefix_path.dsv'
[1.040s] INFO:colcon.colcon_core.shell:Creating environment hook '/home/ethereal/rm_2025/rmul_nav_2025/install/pb_rm_interfaces/share/pb_rm_interfaces/hook/cmake_prefix_path.sh'
[1.040s] Level 1:colcon.colcon_core.environment:checking '/home/ethereal/rm_2025/rmul_nav_2025/install/pb_rm_interfaces/lib'
[1.040s] Level 1:colcon.colcon_core.shell:create_environment_hook('pb_rm_interfaces', 'ld_library_path_lib')
[1.041s] INFO:colcon.colcon_core.shell:Creating environment hook '/home/ethereal/rm_2025/rmul_nav_2025/install/pb_rm_interfaces/share/pb_rm_interfaces/hook/ld_library_path_lib.ps1'
[1.041s] INFO:colcon.colcon_core.shell:Creating environment descriptor '/home/ethereal/rm_2025/rmul_nav_2025/install/pb_rm_interfaces/share/pb_rm_interfaces/hook/ld_library_path_lib.dsv'
[1.041s] INFO:colcon.colcon_core.shell:Creating environment hook '/home/ethereal/rm_2025/rmul_nav_2025/install/pb_rm_interfaces/share/pb_rm_interfaces/hook/ld_library_path_lib.sh'
[1.042s] Level 1:colcon.colcon_core.environment:checking '/home/ethereal/rm_2025/rmul_nav_2025/install/pb_rm_interfaces/bin'
[1.042s] Level 1:colcon.colcon_core.environment:checking '/home/ethereal/rm_2025/rmul_nav_2025/install/pb_rm_interfaces/lib/pkgconfig/pb_rm_interfaces.pc'
[1.042s] Level 1:colcon.colcon_core.environment:checking '/home/ethereal/rm_2025/rmul_nav_2025/install/pb_rm_interfaces/lib/python3.10/site-packages'
[1.042s] Level 1:colcon.colcon_core.environment:checking '/home/ethereal/rm_2025/rmul_nav_2025/install/pb_rm_interfaces/bin'
[1.042s] INFO:colcon.colcon_core.shell:Creating package script '/home/ethereal/rm_2025/rmul_nav_2025/install/pb_rm_interfaces/share/pb_rm_interfaces/package.ps1'
[1.043s] INFO:colcon.colcon_core.shell:Creating package descriptor '/home/ethereal/rm_2025/rmul_nav_2025/install/pb_rm_interfaces/share/pb_rm_interfaces/package.dsv'
[1.043s] INFO:colcon.colcon_core.shell:Creating package script '/home/ethereal/rm_2025/rmul_nav_2025/install/pb_rm_interfaces/share/pb_rm_interfaces/package.sh'
[1.043s] INFO:colcon.colcon_core.shell:Creating package script '/home/ethereal/rm_2025/rmul_nav_2025/install/pb_rm_interfaces/share/pb_rm_interfaces/package.bash'
[1.044s] INFO:colcon.colcon_core.shell:Creating package script '/home/ethereal/rm_2025/rmul_nav_2025/install/pb_rm_interfaces/share/pb_rm_interfaces/package.zsh'
[1.044s] Level 1:colcon.colcon_core.environment:create_file_with_runtime_dependencies(/home/ethereal/rm_2025/rmul_nav_2025/install/pb_rm_interfaces/share/colcon-core/packages/pb_rm_interfaces)
[1.045s] INFO:colcon.colcon_ros.task.ament_cmake.build:Building ROS package in '/home/ethereal/rm_2025/rmul_nav_2025/src/Decision/rmul_decision' with build type 'ament_cmake'
[1.045s] INFO:colcon.colcon_cmake.task.cmake.build:Building CMake package in '/home/ethereal/rm_2025/rmul_nav_2025/src/Decision/rmul_decision'
[1.045s] INFO:colcon.colcon_core.shell:Skip shell extension 'powershell' for command environment: Not usable outside of PowerShell
[1.045s] DEBUG:colcon.colcon_core.shell:Skip shell extension 'dsv' for command environment
[1.056s] DEBUG:colcon.colcon_core.event_handler.log_command:Invoking command in '/home/ethereal/rm_2025/rmul_nav_2025/build/navigator': AMENT_PREFIX_PATH=/home/ethereal/rm_2025/rmul_nav_2025/install/navigator_interfaces:${AMENT_PREFIX_PATH} CMAKE_PREFIX_PATH=/home/ethereal/rm_2025/rmul_nav_2025/install/navigator_interfaces:/opt/ros/humble LD_LIBRARY_PATH=/home/ethereal/rm_2025/rmul_nav_2025/install/navigator_interfaces/lib:${LD_LIBRARY_PATH} PS1=\[\e[1;32m\]\u@\h\[\e[0m\]:\[\e[1;34m\]\w\[\e[0m\]\$ PYTHONPATH=/home/ethereal/rm_2025/rmul_nav_2025/install/navigator_interfaces/local/lib/python3.10/dist-packages:${PYTHONPATH} /usr/bin/cmake --build /home/ethereal/rm_2025/rmul_nav_2025/build/navigator -- -j20 -l20
[1.062s] DEBUG:colcon.colcon_core.event_handler.log_command:Invoking command in '/home/ethereal/rm_2025/rmul_nav_2025/build/terminal_listener': AMENT_PREFIX_PATH=/home/ethereal/rm_2025/rmul_nav_2025/install/navigator_interfaces:${AMENT_PREFIX_PATH} CMAKE_PREFIX_PATH=/home/ethereal/rm_2025/rmul_nav_2025/install/navigator_interfaces:/opt/ros/humble LD_LIBRARY_PATH=/home/ethereal/rm_2025/rmul_nav_2025/install/navigator_interfaces/lib:${LD_LIBRARY_PATH} PS1=\[\e[1;32m\]\u@\h\[\e[0m\]:\[\e[1;34m\]\w\[\e[0m\]\$ PYTHONPATH=/home/ethereal/rm_2025/rmul_nav_2025/install/navigator_interfaces/local/lib/python3.10/dist-packages:${PYTHONPATH} /usr/bin/cmake --build /home/ethereal/rm_2025/rmul_nav_2025/build/terminal_listener -- -j20 -l20
[1.066s] DEBUG:colcon.colcon_core.event_handler.log_command:Invoking command in '/home/ethereal/rm_2025/rmul_nav_2025/build/rmul_decision': AMENT_PREFIX_PATH=/home/ethereal/rm_2025/rmul_nav_2025/install/pb_rm_interfaces:/home/ethereal/rm_2025/rmul_nav_2025/install/navigator_interfaces:${AMENT_PREFIX_PATH} CMAKE_PREFIX_PATH=/home/ethereal/rm_2025/rmul_nav_2025/install/pb_rm_interfaces:/home/ethereal/rm_2025/rmul_nav_2025/install/navigator_interfaces:/opt/ros/humble LD_LIBRARY_PATH=/home/ethereal/rm_2025/rmul_nav_2025/install/pb_rm_interfaces/lib:/home/ethereal/rm_2025/rmul_nav_2025/install/navigator_interfaces/lib:${LD_LIBRARY_PATH} PS1=\[\e[1;32m\]\u@\h\[\e[0m\]:\[\e[1;34m\]\w\[\e[0m\]\$ PYTHONPATH=/home/ethereal/rm_2025/rmul_nav_2025/install/pb_rm_interfaces/local/lib/python3.10/dist-packages:/home/ethereal/rm_2025/rmul_nav_2025/install/navigator_interfaces/local/lib/python3.10/dist-packages:${PYTHONPATH} /usr/bin/cmake /home/ethereal/rm_2025/rmul_nav_2025/src/Decision/rmul_decision -DCMAKE_INSTALL_PREFIX=/home/ethereal/rm_2025/rmul_nav_2025/install/rmul_decision
[1.107s] DEBUG:colcon.colcon_core.event_handler.log_command:Invoked command in '/home/ethereal/rm_2025/rmul_nav_2025/build/terminal_listener' returned '0': AMENT_PREFIX_PATH=/home/ethereal/rm_2025/rmul_nav_2025/install/navigator_interfaces:${AMENT_PREFIX_PATH} CMAKE_PREFIX_PATH=/home/ethereal/rm_2025/rmul_nav_2025/install/navigator_interfaces:/opt/ros/humble LD_LIBRARY_PATH=/home/ethereal/rm_2025/rmul_nav_2025/install/navigator_interfaces/lib:${LD_LIBRARY_PATH} PS1=\[\e[1;32m\]\u@\h\[\e[0m\]:\[\e[1;34m\]\w\[\e[0m\]\$ PYTHONPATH=/home/ethereal/rm_2025/rmul_nav_2025/install/navigator_interfaces/local/lib/python3.10/dist-packages:${PYTHONPATH} /usr/bin/cmake --build /home/ethereal/rm_2025/rmul_nav_2025/build/terminal_listener -- -j20 -l20
[1.110s] DEBUG:colcon.colcon_core.event_handler.log_command:Invoking command in '/home/ethereal/rm_2025/rmul_nav_2025/build/terminal_listener': AMENT_PREFIX_PATH=/home/ethereal/rm_2025/rmul_nav_2025/install/navigator_interfaces:${AMENT_PREFIX_PATH} CMAKE_PREFIX_PATH=/home/ethereal/rm_2025/rmul_nav_2025/install/navigator_interfaces:/opt/ros/humble LD_LIBRARY_PATH=/home/ethereal/rm_2025/rmul_nav_2025/install/navigator_interfaces/lib:${LD_LIBRARY_PATH} PS1=\[\e[1;32m\]\u@\h\[\e[0m\]:\[\e[1;34m\]\w\[\e[0m\]\$ PYTHONPATH=/home/ethereal/rm_2025/rmul_nav_2025/install/navigator_interfaces/local/lib/python3.10/dist-packages:${PYTHONPATH} /usr/bin/cmake --install /home/ethereal/rm_2025/rmul_nav_2025/build/terminal_listener
[1.117s] Level 1:colcon.colcon_core.environment:create_environment_scripts_only(terminal_listener)
[1.117s] Level 1:colcon.colcon_core.environment:checking '/home/ethereal/rm_2025/rmul_nav_2025/install/terminal_listener' for CMake module files
[1.118s] DEBUG:colcon.colcon_core.event_handler.log_command:Invoked command in '/home/ethereal/rm_2025/rmul_nav_2025/build/terminal_listener' returned '0': AMENT_PREFIX_PATH=/home/ethereal/rm_2025/rmul_nav_2025/install/navigator_interfaces:${AMENT_PREFIX_PATH} CMAKE_PREFIX_PATH=/home/ethereal/rm_2025/rmul_nav_2025/install/navigator_interfaces:/opt/ros/humble LD_LIBRARY_PATH=/home/ethereal/rm_2025/rmul_nav_2025/install/navigator_interfaces/lib:${LD_LIBRARY_PATH} PS1=\[\e[1;32m\]\u@\h\[\e[0m\]:\[\e[1;34m\]\w\[\e[0m\]\$ PYTHONPATH=/home/ethereal/rm_2025/rmul_nav_2025/install/navigator_interfaces/local/lib/python3.10/dist-packages:${PYTHONPATH} /usr/bin/cmake --install /home/ethereal/rm_2025/rmul_nav_2025/build/terminal_listener
[1.118s] Level 1:colcon.colcon_core.environment:checking '/home/ethereal/rm_2025/rmul_nav_2025/install/terminal_listener' for CMake config files
[1.119s] Level 1:colcon.colcon_core.shell:create_environment_hook('terminal_listener', 'cmake_prefix_path')
[1.119s] INFO:colcon.colcon_core.shell:Creating environment hook '/home/ethereal/rm_2025/rmul_nav_2025/install/terminal_listener/share/terminal_listener/hook/cmake_prefix_path.ps1'
[1.120s] INFO:colcon.colcon_core.shell:Creating environment descriptor '/home/ethereal/rm_2025/rmul_nav_2025/install/terminal_listener/share/terminal_listener/hook/cmake_prefix_path.dsv'
[1.120s] INFO:colcon.colcon_core.shell:Creating environment hook '/home/ethereal/rm_2025/rmul_nav_2025/install/terminal_listener/share/terminal_listener/hook/cmake_prefix_path.sh'
[1.120s] Level 1:colcon.colcon_core.environment:checking '/home/ethereal/rm_2025/rmul_nav_2025/install/terminal_listener/lib'
[1.120s] Level 1:colcon.colcon_core.environment:checking '/home/ethereal/rm_2025/rmul_nav_2025/install/terminal_listener/bin'
[1.121s] Level 1:colcon.colcon_core.environment:checking '/home/ethereal/rm_2025/rmul_nav_2025/install/terminal_listener/lib/pkgconfig/terminal_listener.pc'
[1.121s] Level 1:colcon.colcon_core.environment:checking '/home/ethereal/rm_2025/rmul_nav_2025/install/terminal_listener/lib/python3.10/site-packages'
[1.121s] Level 1:colcon.colcon_core.environment:checking '/home/ethereal/rm_2025/rmul_nav_2025/install/terminal_listener/bin'
[1.121s] INFO:colcon.colcon_core.shell:Creating package script '/home/ethereal/rm_2025/rmul_nav_2025/install/terminal_listener/share/terminal_listener/package.ps1'
[1.122s] INFO:colcon.colcon_core.shell:Creating package descriptor '/home/ethereal/rm_2025/rmul_nav_2025/install/terminal_listener/share/terminal_listener/package.dsv'
[1.122s] INFO:colcon.colcon_core.shell:Creating package script '/home/ethereal/rm_2025/rmul_nav_2025/install/terminal_listener/share/terminal_listener/package.sh'
[1.122s] INFO:colcon.colcon_core.shell:Creating package script '/home/ethereal/rm_2025/rmul_nav_2025/install/terminal_listener/share/terminal_listener/package.bash'
[1.123s] INFO:colcon.colcon_core.shell:Creating package script '/home/ethereal/rm_2025/rmul_nav_2025/install/terminal_listener/share/terminal_listener/package.zsh'
[1.123s] Level 1:colcon.colcon_core.environment:create_file_with_runtime_dependencies(/home/ethereal/rm_2025/rmul_nav_2025/install/terminal_listener/share/colcon-core/packages/terminal_listener)
[1.123s] Level 1:colcon.colcon_core.environment:create_environment_scripts_only(terminal_listener)
[1.124s] Level 1:colcon.colcon_core.environment:checking '/home/ethereal/rm_2025/rmul_nav_2025/install/terminal_listener' for CMake module files
[1.124s] Level 1:colcon.colcon_core.environment:checking '/home/ethereal/rm_2025/rmul_nav_2025/install/terminal_listener' for CMake config files
[1.124s] Level 1:colcon.colcon_core.shell:create_environment_hook('terminal_listener', 'cmake_prefix_path')
[1.124s] INFO:colcon.colcon_core.shell:Creating environment hook '/home/ethereal/rm_2025/rmul_nav_2025/install/terminal_listener/share/terminal_listener/hook/cmake_prefix_path.ps1'
[1.125s] INFO:colcon.colcon_core.shell:Creating environment descriptor '/home/ethereal/rm_2025/rmul_nav_2025/install/terminal_listener/share/terminal_listener/hook/cmake_prefix_path.dsv'
[1.125s] INFO:colcon.colcon_core.shell:Creating environment hook '/home/ethereal/rm_2025/rmul_nav_2025/install/terminal_listener/share/terminal_listener/hook/cmake_prefix_path.sh'
[1.125s] Level 1:colcon.colcon_core.environment:checking '/home/ethereal/rm_2025/rmul_nav_2025/install/terminal_listener/lib'
[1.125s] Level 1:colcon.colcon_core.environment:checking '/home/ethereal/rm_2025/rmul_nav_2025/install/terminal_listener/bin'
[1.125s] Level 1:colcon.colcon_core.environment:checking '/home/ethereal/rm_2025/rmul_nav_2025/install/terminal_listener/lib/pkgconfig/terminal_listener.pc'
[1.125s] Level 1:colcon.colcon_core.environment:checking '/home/ethereal/rm_2025/rmul_nav_2025/install/terminal_listener/lib/python3.10/site-packages'
[1.126s] Level 1:colcon.colcon_core.environment:checking '/home/ethereal/rm_2025/rmul_nav_2025/install/terminal_listener/bin'
[1.126s] INFO:colcon.colcon_core.shell:Creating package script '/home/ethereal/rm_2025/rmul_nav_2025/install/terminal_listener/share/terminal_listener/package.ps1'
[1.126s] INFO:colcon.colcon_core.shell:Creating package descriptor '/home/ethereal/rm_2025/rmul_nav_2025/install/terminal_listener/share/terminal_listener/package.dsv'
[1.126s] INFO:colcon.colcon_core.shell:Creating package script '/home/ethereal/rm_2025/rmul_nav_2025/install/terminal_listener/share/terminal_listener/package.sh'
[1.127s] INFO:colcon.colcon_core.shell:Creating package script '/home/ethereal/rm_2025/rmul_nav_2025/install/terminal_listener/share/terminal_listener/package.bash'
[1.127s] INFO:colcon.colcon_core.shell:Creating package script '/home/ethereal/rm_2025/rmul_nav_2025/install/terminal_listener/share/terminal_listener/package.zsh'
[1.127s] Level 1:colcon.colcon_core.environment:create_file_with_runtime_dependencies(/home/ethereal/rm_2025/rmul_nav_2025/install/terminal_listener/share/colcon-core/packages/terminal_listener)
[1.129s] DEBUG:colcon.colcon_core.event_handler.log_command:Invoked command in '/home/ethereal/rm_2025/rmul_nav_2025/build/navigator' returned '0': AMENT_PREFIX_PATH=/home/ethereal/rm_2025/rmul_nav_2025/install/navigator_interfaces:${AMENT_PREFIX_PATH} CMAKE_PREFIX_PATH=/home/ethereal/rm_2025/rmul_nav_2025/install/navigator_interfaces:/opt/ros/humble LD_LIBRARY_PATH=/home/ethereal/rm_2025/rmul_nav_2025/install/navigator_interfaces/lib:${LD_LIBRARY_PATH} PS1=\[\e[1;32m\]\u@\h\[\e[0m\]:\[\e[1;34m\]\w\[\e[0m\]\$ PYTHONPATH=/home/ethereal/rm_2025/rmul_nav_2025/install/navigator_interfaces/local/lib/python3.10/dist-packages:${PYTHONPATH} /usr/bin/cmake --build /home/ethereal/rm_2025/rmul_nav_2025/build/navigator -- -j20 -l20
[1.131s] DEBUG:colcon.colcon_core.event_handler.log_command:Invoking command in '/home/ethereal/rm_2025/rmul_nav_2025/build/navigator': AMENT_PREFIX_PATH=/home/ethereal/rm_2025/rmul_nav_2025/install/navigator_interfaces:${AMENT_PREFIX_PATH} CMAKE_PREFIX_PATH=/home/ethereal/rm_2025/rmul_nav_2025/install/navigator_interfaces:/opt/ros/humble LD_LIBRARY_PATH=/home/ethereal/rm_2025/rmul_nav_2025/install/navigator_interfaces/lib:${LD_LIBRARY_PATH} PS1=\[\e[1;32m\]\u@\h\[\e[0m\]:\[\e[1;34m\]\w\[\e[0m\]\$ PYTHONPATH=/home/ethereal/rm_2025/rmul_nav_2025/install/navigator_interfaces/local/lib/python3.10/dist-packages:${PYTHONPATH} /usr/bin/cmake --install /home/ethereal/rm_2025/rmul_nav_2025/build/navigator
[1.156s] Level 1:colcon.colcon_core.environment:create_environment_scripts_only(navigator)
[1.157s] Level 1:colcon.colcon_core.environment:checking '/home/ethereal/rm_2025/rmul_nav_2025/install/navigator' for CMake module files
[1.157s] DEBUG:colcon.colcon_core.event_handler.log_command:Invoked command in '/home/ethereal/rm_2025/rmul_nav_2025/build/navigator' returned '0': AMENT_PREFIX_PATH=/home/ethereal/rm_2025/rmul_nav_2025/install/navigator_interfaces:${AMENT_PREFIX_PATH} CMAKE_PREFIX_PATH=/home/ethereal/rm_2025/rmul_nav_2025/install/navigator_interfaces:/opt/ros/humble LD_LIBRARY_PATH=/home/ethereal/rm_2025/rmul_nav_2025/install/navigator_interfaces/lib:${LD_LIBRARY_PATH} PS1=\[\e[1;32m\]\u@\h\[\e[0m\]:\[\e[1;34m\]\w\[\e[0m\]\$ PYTHONPATH=/home/ethereal/rm_2025/rmul_nav_2025/install/navigator_interfaces/local/lib/python3.10/dist-packages:${PYTHONPATH} /usr/bin/cmake --install /home/ethereal/rm_2025/rmul_nav_2025/build/navigator
[1.157s] Level 1:colcon.colcon_core.environment:checking '/home/ethereal/rm_2025/rmul_nav_2025/install/navigator' for CMake config files
[1.158s] Level 1:colcon.colcon_core.shell:create_environment_hook('navigator', 'cmake_prefix_path')
[1.158s] INFO:colcon.colcon_core.shell:Creating environment hook '/home/ethereal/rm_2025/rmul_nav_2025/install/navigator/share/navigator/hook/cmake_prefix_path.ps1'
[1.159s] INFO:colcon.colcon_core.shell:Creating environment descriptor '/home/ethereal/rm_2025/rmul_nav_2025/install/navigator/share/navigator/hook/cmake_prefix_path.dsv'
[1.159s] INFO:colcon.colcon_core.shell:Creating environment hook '/home/ethereal/rm_2025/rmul_nav_2025/install/navigator/share/navigator/hook/cmake_prefix_path.sh'
[1.160s] Level 1:colcon.colcon_core.environment:checking '/home/ethereal/rm_2025/rmul_nav_2025/install/navigator/lib'
[1.160s] Level 1:colcon.colcon_core.shell:create_environment_hook('navigator', 'ld_library_path_lib')
[1.160s] INFO:colcon.colcon_core.shell:Creating environment hook '/home/ethereal/rm_2025/rmul_nav_2025/install/navigator/share/navigator/hook/ld_library_path_lib.ps1'
[1.160s] INFO:colcon.colcon_core.shell:Creating environment descriptor '/home/ethereal/rm_2025/rmul_nav_2025/install/navigator/share/navigator/hook/ld_library_path_lib.dsv'
[1.161s] INFO:colcon.colcon_core.shell:Creating environment hook '/home/ethereal/rm_2025/rmul_nav_2025/install/navigator/share/navigator/hook/ld_library_path_lib.sh'
[1.161s] Level 1:colcon.colcon_core.environment:checking '/home/ethereal/rm_2025/rmul_nav_2025/install/navigator/bin'
[1.161s] Level 1:colcon.colcon_core.environment:checking '/home/ethereal/rm_2025/rmul_nav_2025/install/navigator/lib/pkgconfig/navigator.pc'
[1.162s] Level 1:colcon.colcon_core.environment:checking '/home/ethereal/rm_2025/rmul_nav_2025/install/navigator/lib/python3.10/site-packages'
[1.162s] Level 1:colcon.colcon_core.environment:checking '/home/ethereal/rm_2025/rmul_nav_2025/install/navigator/bin'
[1.162s] INFO:colcon.colcon_core.shell:Creating package script '/home/ethereal/rm_2025/rmul_nav_2025/install/navigator/share/navigator/package.ps1'
[1.162s] INFO:colcon.colcon_core.shell:Creating package descriptor '/home/ethereal/rm_2025/rmul_nav_2025/install/navigator/share/navigator/package.dsv'
[1.163s] INFO:colcon.colcon_core.shell:Creating package script '/home/ethereal/rm_2025/rmul_nav_2025/install/navigator/share/navigator/package.sh'
[1.163s] INFO:colcon.colcon_core.shell:Creating package script '/home/ethereal/rm_2025/rmul_nav_2025/install/navigator/share/navigator/package.bash'
[1.163s] INFO:colcon.colcon_core.shell:Creating package script '/home/ethereal/rm_2025/rmul_nav_2025/install/navigator/share/navigator/package.zsh'
[1.164s] Level 1:colcon.colcon_core.environment:create_file_with_runtime_dependencies(/home/ethereal/rm_2025/rmul_nav_2025/install/navigator/share/colcon-core/packages/navigator)
[1.165s] Level 1:colcon.colcon_core.environment:create_environment_scripts_only(navigator)
[1.165s] Level 1:colcon.colcon_core.environment:checking '/home/ethereal/rm_2025/rmul_nav_2025/install/navigator' for CMake module files
[1.165s] Level 1:colcon.colcon_core.environment:checking '/home/ethereal/rm_2025/rmul_nav_2025/install/navigator' for CMake config files
[1.165s] Level 1:colcon.colcon_core.shell:create_environment_hook('navigator', 'cmake_prefix_path')
[1.166s] INFO:colcon.colcon_core.shell:Creating environment hook '/home/ethereal/rm_2025/rmul_nav_2025/install/navigator/share/navigator/hook/cmake_prefix_path.ps1'
[1.166s] INFO:colcon.colcon_core.shell:Creating environment descriptor '/home/ethereal/rm_2025/rmul_nav_2025/install/navigator/share/navigator/hook/cmake_prefix_path.dsv'
[1.166s] INFO:colcon.colcon_core.shell:Creating environment hook '/home/ethereal/rm_2025/rmul_nav_2025/install/navigator/share/navigator/hook/cmake_prefix_path.sh'
[1.167s] Level 1:colcon.colcon_core.environment:checking '/home/ethereal/rm_2025/rmul_nav_2025/install/navigator/lib'
[1.167s] Level 1:colcon.colcon_core.shell:create_environment_hook('navigator', 'ld_library_path_lib')
[1.167s] INFO:colcon.colcon_core.shell:Creating environment hook '/home/ethereal/rm_2025/rmul_nav_2025/install/navigator/share/navigator/hook/ld_library_path_lib.ps1'
[1.167s] INFO:colcon.colcon_core.shell:Creating environment descriptor '/home/ethereal/rm_2025/rmul_nav_2025/install/navigator/share/navigator/hook/ld_library_path_lib.dsv'
[1.168s] INFO:colcon.colcon_core.shell:Creating environment hook '/home/ethereal/rm_2025/rmul_nav_2025/install/navigator/share/navigator/hook/ld_library_path_lib.sh'
[1.168s] Level 1:colcon.colcon_core.environment:checking '/home/ethereal/rm_2025/rmul_nav_2025/install/navigator/bin'
[1.168s] Level 1:colcon.colcon_core.environment:checking '/home/ethereal/rm_2025/rmul_nav_2025/install/navigator/lib/pkgconfig/navigator.pc'
[1.168s] Level 1:colcon.colcon_core.environment:checking '/home/ethereal/rm_2025/rmul_nav_2025/install/navigator/lib/python3.10/site-packages'
[1.169s] Level 1:colcon.colcon_core.environment:checking '/home/ethereal/rm_2025/rmul_nav_2025/install/navigator/bin'
[1.169s] INFO:colcon.colcon_core.shell:Creating package script '/home/ethereal/rm_2025/rmul_nav_2025/install/navigator/share/navigator/package.ps1'
[1.170s] INFO:colcon.colcon_core.shell:Creating package descriptor '/home/ethereal/rm_2025/rmul_nav_2025/install/navigator/share/navigator/package.dsv'
[1.170s] INFO:colcon.colcon_core.shell:Creating package script '/home/ethereal/rm_2025/rmul_nav_2025/install/navigator/share/navigator/package.sh'
[1.170s] INFO:colcon.colcon_core.shell:Creating package script '/home/ethereal/rm_2025/rmul_nav_2025/install/navigator/share/navigator/package.bash'
[1.170s] INFO:colcon.colcon_core.shell:Creating package script '/home/ethereal/rm_2025/rmul_nav_2025/install/navigator/share/navigator/package.zsh'
[1.171s] Level 1:colcon.colcon_core.environment:create_file_with_runtime_dependencies(/home/ethereal/rm_2025/rmul_nav_2025/install/navigator/share/colcon-core/packages/navigator)
[1.506s] DEBUG:colcon.colcon_core.event_handler.log_command:Invoked command in '/home/ethereal/rm_2025/rmul_nav_2025/build/rmul_decision' returned '0': AMENT_PREFIX_PATH=/home/ethereal/rm_2025/rmul_nav_2025/install/pb_rm_interfaces:/home/ethereal/rm_2025/rmul_nav_2025/install/navigator_interfaces:${AMENT_PREFIX_PATH} CMAKE_PREFIX_PATH=/home/ethereal/rm_2025/rmul_nav_2025/install/pb_rm_interfaces:/home/ethereal/rm_2025/rmul_nav_2025/install/navigator_interfaces:/opt/ros/humble LD_LIBRARY_PATH=/home/ethereal/rm_2025/rmul_nav_2025/install/pb_rm_interfaces/lib:/home/ethereal/rm_2025/rmul_nav_2025/install/navigator_interfaces/lib:${LD_LIBRARY_PATH} PS1=\[\e[1;32m\]\u@\h\[\e[0m\]:\[\e[1;34m\]\w\[\e[0m\]\$ PYTHONPATH=/home/ethereal/rm_2025/rmul_nav_2025/install/pb_rm_interfaces/local/lib/python3.10/dist-packages:/home/ethereal/rm_2025/rmul_nav_2025/install/navigator_interfaces/local/lib/python3.10/dist-packages:${PYTHONPATH} /usr/bin/cmake /home/ethereal/rm_2025/rmul_nav_2025/src/Decision/rmul_decision -DCMAKE_INSTALL_PREFIX=/home/ethereal/rm_2025/rmul_nav_2025/install/rmul_decision
[1.507s] DEBUG:colcon.colcon_core.event_handler.log_command:Invoking command in '/home/ethereal/rm_2025/rmul_nav_2025/build/rmul_decision': AMENT_PREFIX_PATH=/home/ethereal/rm_2025/rmul_nav_2025/install/pb_rm_interfaces:/home/ethereal/rm_2025/rmul_nav_2025/install/navigator_interfaces:${AMENT_PREFIX_PATH} CMAKE_PREFIX_PATH=/home/ethereal/rm_2025/rmul_nav_2025/install/pb_rm_interfaces:/home/ethereal/rm_2025/rmul_nav_2025/install/navigator_interfaces:/opt/ros/humble LD_LIBRARY_PATH=/home/ethereal/rm_2025/rmul_nav_2025/install/pb_rm_interfaces/lib:/home/ethereal/rm_2025/rmul_nav_2025/install/navigator_interfaces/lib:${LD_LIBRARY_PATH} PS1=\[\e[1;32m\]\u@\h\[\e[0m\]:\[\e[1;34m\]\w\[\e[0m\]\$ PYTHONPATH=/home/ethereal/rm_2025/rmul_nav_2025/install/pb_rm_interfaces/local/lib/python3.10/dist-packages:/home/ethereal/rm_2025/rmul_nav_2025/install/navigator_interfaces/local/lib/python3.10/dist-packages:${PYTHONPATH} /usr/bin/cmake --build /home/ethereal/rm_2025/rmul_nav_2025/build/rmul_decision -- -j20 -l20
[14.084s] DEBUG:colcon.colcon_core.event_handler.log_command:Invoked command in '/home/ethereal/rm_2025/rmul_nav_2025/build/rmul_decision' returned '0': AMENT_PREFIX_PATH=/home/ethereal/rm_2025/rmul_nav_2025/install/pb_rm_interfaces:/home/ethereal/rm_2025/rmul_nav_2025/install/navigator_interfaces:${AMENT_PREFIX_PATH} CMAKE_PREFIX_PATH=/home/ethereal/rm_2025/rmul_nav_2025/install/pb_rm_interfaces:/home/ethereal/rm_2025/rmul_nav_2025/install/navigator_interfaces:/opt/ros/humble LD_LIBRARY_PATH=/home/ethereal/rm_2025/rmul_nav_2025/install/pb_rm_interfaces/lib:/home/ethereal/rm_2025/rmul_nav_2025/install/navigator_interfaces/lib:${LD_LIBRARY_PATH} PS1=\[\e[1;32m\]\u@\h\[\e[0m\]:\[\e[1;34m\]\w\[\e[0m\]\$ PYTHONPATH=/home/ethereal/rm_2025/rmul_nav_2025/install/pb_rm_interfaces/local/lib/python3.10/dist-packages:/home/ethereal/rm_2025/rmul_nav_2025/install/navigator_interfaces/local/lib/python3.10/dist-packages:${PYTHONPATH} /usr/bin/cmake --build /home/ethereal/rm_2025/rmul_nav_2025/build/rmul_decision -- -j20 -l20
[14.085s] DEBUG:colcon.colcon_core.event_handler.log_command:Invoking command in '/home/ethereal/rm_2025/rmul_nav_2025/build/rmul_decision': AMENT_PREFIX_PATH=/home/ethereal/rm_2025/rmul_nav_2025/install/pb_rm_interfaces:/home/ethereal/rm_2025/rmul_nav_2025/install/navigator_interfaces:${AMENT_PREFIX_PATH} CMAKE_PREFIX_PATH=/home/ethereal/rm_2025/rmul_nav_2025/install/pb_rm_interfaces:/home/ethereal/rm_2025/rmul_nav_2025/install/navigator_interfaces:/opt/ros/humble LD_LIBRARY_PATH=/home/ethereal/rm_2025/rmul_nav_2025/install/pb_rm_interfaces/lib:/home/ethereal/rm_2025/rmul_nav_2025/install/navigator_interfaces/lib:${LD_LIBRARY_PATH} PS1=\[\e[1;32m\]\u@\h\[\e[0m\]:\[\e[1;34m\]\w\[\e[0m\]\$ PYTHONPATH=/home/ethereal/rm_2025/rmul_nav_2025/install/pb_rm_interfaces/local/lib/python3.10/dist-packages:/home/ethereal/rm_2025/rmul_nav_2025/install/navigator_interfaces/local/lib/python3.10/dist-packages:${PYTHONPATH} /usr/bin/cmake --install /home/ethereal/rm_2025/rmul_nav_2025/build/rmul_decision
[14.111s] Level 1:colcon.colcon_core.environment:create_environment_scripts_only(rmul_decision)
[14.111s] Level 1:colcon.colcon_core.environment:checking '/home/ethereal/rm_2025/rmul_nav_2025/install/rmul_decision' for CMake module files
[14.112s] DEBUG:colcon.colcon_core.event_handler.log_command:Invoked command in '/home/ethereal/rm_2025/rmul_nav_2025/build/rmul_decision' returned '0': AMENT_PREFIX_PATH=/home/ethereal/rm_2025/rmul_nav_2025/install/pb_rm_interfaces:/home/ethereal/rm_2025/rmul_nav_2025/install/navigator_interfaces:${AMENT_PREFIX_PATH} CMAKE_PREFIX_PATH=/home/ethereal/rm_2025/rmul_nav_2025/install/pb_rm_interfaces:/home/ethereal/rm_2025/rmul_nav_2025/install/navigator_interfaces:/opt/ros/humble LD_LIBRARY_PATH=/home/ethereal/rm_2025/rmul_nav_2025/install/pb_rm_interfaces/lib:/home/ethereal/rm_2025/rmul_nav_2025/install/navigator_interfaces/lib:${LD_LIBRARY_PATH} PS1=\[\e[1;32m\]\u@\h\[\e[0m\]:\[\e[1;34m\]\w\[\e[0m\]\$ PYTHONPATH=/home/ethereal/rm_2025/rmul_nav_2025/install/pb_rm_interfaces/local/lib/python3.10/dist-packages:/home/ethereal/rm_2025/rmul_nav_2025/install/navigator_interfaces/local/lib/python3.10/dist-packages:${PYTHONPATH} /usr/bin/cmake --install /home/ethereal/rm_2025/rmul_nav_2025/build/rmul_decision
[14.112s] Level 1:colcon.colcon_core.environment:checking '/home/ethereal/rm_2025/rmul_nav_2025/install/rmul_decision' for CMake config files
[14.112s] Level 1:colcon.colcon_core.shell:create_environment_hook('rmul_decision', 'cmake_prefix_path')
[14.113s] INFO:colcon.colcon_core.shell:Creating environment hook '/home/ethereal/rm_2025/rmul_nav_2025/install/rmul_decision/share/rmul_decision/hook/cmake_prefix_path.ps1'
[14.113s] INFO:colcon.colcon_core.shell:Creating environment descriptor '/home/ethereal/rm_2025/rmul_nav_2025/install/rmul_decision/share/rmul_decision/hook/cmake_prefix_path.dsv'
[14.114s] INFO:colcon.colcon_core.shell:Creating environment hook '/home/ethereal/rm_2025/rmul_nav_2025/install/rmul_decision/share/rmul_decision/hook/cmake_prefix_path.sh'
[14.114s] Level 1:colcon.colcon_core.environment:checking '/home/ethereal/rm_2025/rmul_nav_2025/install/rmul_decision/lib'
[14.114s] Level 1:colcon.colcon_core.shell:create_environment_hook('rmul_decision', 'ld_library_path_lib')
[14.114s] INFO:colcon.colcon_core.shell:Creating environment hook '/home/ethereal/rm_2025/rmul_nav_2025/install/rmul_decision/share/rmul_decision/hook/ld_library_path_lib.ps1'
[14.114s] INFO:colcon.colcon_core.shell:Creating environment descriptor '/home/ethereal/rm_2025/rmul_nav_2025/install/rmul_decision/share/rmul_decision/hook/ld_library_path_lib.dsv'
[14.115s] INFO:colcon.colcon_core.shell:Creating environment hook '/home/ethereal/rm_2025/rmul_nav_2025/install/rmul_decision/share/rmul_decision/hook/ld_library_path_lib.sh'
[14.115s] Level 1:colcon.colcon_core.environment:checking '/home/ethereal/rm_2025/rmul_nav_2025/install/rmul_decision/bin'
[14.115s] Level 1:colcon.colcon_core.environment:checking '/home/ethereal/rm_2025/rmul_nav_2025/install/rmul_decision/lib/pkgconfig/rmul_decision.pc'
[14.115s] Level 1:colcon.colcon_core.environment:checking '/home/ethereal/rm_2025/rmul_nav_2025/install/rmul_decision/lib/python3.10/site-packages'
[14.115s] Level 1:colcon.colcon_core.environment:checking '/home/ethereal/rm_2025/rmul_nav_2025/install/rmul_decision/bin'
[14.116s] INFO:colcon.colcon_core.shell:Creating package script '/home/ethereal/rm_2025/rmul_nav_2025/install/rmul_decision/share/rmul_decision/package.ps1'
[14.116s] INFO:colcon.colcon_core.shell:Creating package descriptor '/home/ethereal/rm_2025/rmul_nav_2025/install/rmul_decision/share/rmul_decision/package.dsv'
[14.116s] INFO:colcon.colcon_core.shell:Creating package script '/home/ethereal/rm_2025/rmul_nav_2025/install/rmul_decision/share/rmul_decision/package.sh'
[14.117s] INFO:colcon.colcon_core.shell:Creating package script '/home/ethereal/rm_2025/rmul_nav_2025/install/rmul_decision/share/rmul_decision/package.bash'
[14.117s] INFO:colcon.colcon_core.shell:Creating package script '/home/ethereal/rm_2025/rmul_nav_2025/install/rmul_decision/share/rmul_decision/package.zsh'
[14.117s] Level 1:colcon.colcon_core.environment:create_file_with_runtime_dependencies(/home/ethereal/rm_2025/rmul_nav_2025/install/rmul_decision/share/colcon-core/packages/rmul_decision)
[14.117s] Level 1:colcon.colcon_core.environment:create_environment_scripts_only(rmul_decision)
[14.118s] Level 1:colcon.colcon_core.environment:checking '/home/ethereal/rm_2025/rmul_nav_2025/install/rmul_decision' for CMake module files
[14.118s] Level 1:colcon.colcon_core.environment:checking '/home/ethereal/rm_2025/rmul_nav_2025/install/rmul_decision' for CMake config files
[14.118s] Level 1:colcon.colcon_core.shell:create_environment_hook('rmul_decision', 'cmake_prefix_path')
[14.118s] INFO:colcon.colcon_core.shell:Creating environment hook '/home/ethereal/rm_2025/rmul_nav_2025/install/rmul_decision/share/rmul_decision/hook/cmake_prefix_path.ps1'
[14.119s] INFO:colcon.colcon_core.shell:Creating environment descriptor '/home/ethereal/rm_2025/rmul_nav_2025/install/rmul_decision/share/rmul_decision/hook/cmake_prefix_path.dsv'
[14.119s] INFO:colcon.colcon_core.shell:Creating environment hook '/home/ethereal/rm_2025/rmul_nav_2025/install/rmul_decision/share/rmul_decision/hook/cmake_prefix_path.sh'
[14.119s] Level 1:colcon.colcon_core.environment:checking '/home/ethereal/rm_2025/rmul_nav_2025/install/rmul_decision/lib'
[14.119s] Level 1:colcon.colcon_core.shell:create_environment_hook('rmul_decision', 'ld_library_path_lib')
[14.119s] INFO:colcon.colcon_core.shell:Creating environment hook '/home/ethereal/rm_2025/rmul_nav_2025/install/rmul_decision/share/rmul_decision/hook/ld_library_path_lib.ps1'
[14.120s] INFO:colcon.colcon_core.shell:Creating environment descriptor '/home/ethereal/rm_2025/rmul_nav_2025/install/rmul_decision/share/rmul_decision/hook/ld_library_path_lib.dsv'
[14.120s] INFO:colcon.colcon_core.shell:Creating environment hook '/home/ethereal/rm_2025/rmul_nav_2025/install/rmul_decision/share/rmul_decision/hook/ld_library_path_lib.sh'
[14.120s] Level 1:colcon.colcon_core.environment:checking '/home/ethereal/rm_2025/rmul_nav_2025/install/rmul_decision/bin'
[14.120s] Level 1:colcon.colcon_core.environment:checking '/home/ethereal/rm_2025/rmul_nav_2025/install/rmul_decision/lib/pkgconfig/rmul_decision.pc'
[14.120s] Level 1:colcon.colcon_core.environment:checking '/home/ethereal/rm_2025/rmul_nav_2025/install/rmul_decision/lib/python3.10/site-packages'
[14.120s] Level 1:colcon.colcon_core.environment:checking '/home/ethereal/rm_2025/rmul_nav_2025/install/rmul_decision/bin'
[14.121s] INFO:colcon.colcon_core.shell:Creating package script '/home/ethereal/rm_2025/rmul_nav_2025/install/rmul_decision/share/rmul_decision/package.ps1'
[14.121s] INFO:colcon.colcon_core.shell:Creating package descriptor '/home/ethereal/rm_2025/rmul_nav_2025/install/rmul_decision/share/rmul_decision/package.dsv'
[14.122s] INFO:colcon.colcon_core.shell:Creating package script '/home/ethereal/rm_2025/rmul_nav_2025/install/rmul_decision/share/rmul_decision/package.sh'
[14.122s] INFO:colcon.colcon_core.shell:Creating package script '/home/ethereal/rm_2025/rmul_nav_2025/install/rmul_decision/share/rmul_decision/package.bash'
[14.122s] INFO:colcon.colcon_core.shell:Creating package script '/home/ethereal/rm_2025/rmul_nav_2025/install/rmul_decision/share/rmul_decision/package.zsh'
[14.122s] Level 1:colcon.colcon_core.environment:create_file_with_runtime_dependencies(/home/ethereal/rm_2025/rmul_nav_2025/install/rmul_decision/share/colcon-core/packages/rmul_decision)
[14.123s] DEBUG:colcon.colcon_parallel_executor.executor.parallel:closing loop
[14.123s] DEBUG:colcon.colcon_parallel_executor.executor.parallel:loop closed
[14.123s] DEBUG:colcon.colcon_parallel_executor.executor.parallel:run_until_complete finished with '0'
[14.124s] DEBUG:colcon.colcon_core.event_reactor:joining thread
[14.127s] INFO:colcon.colcon_core.plugin_system:Skipping extension 'colcon_notification.desktop_notification.notify_send': Could not find 'notify-send'
[14.127s] INFO:colcon.colcon_core.plugin_system:Skipping extension 'colcon_notification.desktop_notification.terminal_notifier': Not used on non-Darwin systems
[14.128s] INFO:colcon.colcon_core.plugin_system:Skipping extension 'colcon_notification.desktop_notification.win32': Not used on non-Windows systems
[14.128s] INFO:colcon.colcon_notification.desktop_notification:Sending desktop notification using 'notify2'
[14.128s] DEBUG:colcon.colcon_notification.desktop_notification.notify2:Failed to initialize notify2: org.freedesktop.DBus.Error.NotSupported: Unable to autolaunch a dbus-daemon without a $DISPLAY for X11
[14.128s] DEBUG:colcon.colcon_core.event_reactor:joined thread
[14.128s] INFO:colcon.colcon_core.shell:Creating prefix script '/home/ethereal/rm_2025/rmul_nav_2025/install/local_setup.ps1'
[14.129s] INFO:colcon.colcon_core.shell:Creating prefix util module '/home/ethereal/rm_2025/rmul_nav_2025/install/_local_setup_util_ps1.py'
[14.130s] INFO:colcon.colcon_core.shell:Creating prefix chain script '/home/ethereal/rm_2025/rmul_nav_2025/install/setup.ps1'
[14.131s] INFO:colcon.colcon_core.shell:Creating prefix script '/home/ethereal/rm_2025/rmul_nav_2025/install/local_setup.sh'
[14.131s] INFO:colcon.colcon_core.shell:Creating prefix util module '/home/ethereal/rm_2025/rmul_nav_2025/install/_local_setup_util_sh.py'
[14.132s] INFO:colcon.colcon_core.shell:Creating prefix chain script '/home/ethereal/rm_2025/rmul_nav_2025/install/setup.sh'
[14.132s] INFO:colcon.colcon_core.shell:Creating prefix script '/home/ethereal/rm_2025/rmul_nav_2025/install/local_setup.bash'
[14.133s] INFO:colcon.colcon_core.shell:Creating prefix chain script '/home/ethereal/rm_2025/rmul_nav_2025/install/setup.bash'
[14.133s] INFO:colcon.colcon_core.shell:Creating prefix script '/home/ethereal/rm_2025/rmul_nav_2025/install/local_setup.zsh'
[14.134s] INFO:colcon.colcon_core.shell:Creating prefix chain script '/home/ethereal/rm_2025/rmul_nav_2025/install/setup.zsh'
