[0.017s] Invoking command in '/home/ethereal/rm_2025/rmul_nav_2025/build/rmul_decision': CMAKE_PREFIX_PATH=/opt/ros/humble PS1=\[\e[1;32m\]\u@\h\[\e[0m\]:\[\e[1;34m\]\w\[\e[0m\]\$ /usr/bin/cmake /home/ethereal/rm_2025/rmul_nav_2025/src/Decision/rmul_decision -DCMAKE_INSTALL_PREFIX=/home/ethereal/rm_2025/rmul_nav_2025/install/rmul_decision
[0.162s] -- The C compiler identification is GNU 11.4.0
[0.244s] -- The CXX compiler identification is GNU 11.4.0
[0.255s] -- Detecting C compiler ABI info
[0.318s] -- Detecting C compiler ABI info - done
[0.325s] -- Check for working C compiler: /usr/bin/cc - skipped
[0.325s] -- Detecting C compile features
[0.326s] -- Detecting C compile features - done
[0.328s] -- Detecting CXX compiler ABI info
[0.387s] -- Detecting CXX compiler ABI info - done
[0.394s] -- Check for working CXX compiler: /usr/bin/c++ - skipped
[0.394s] -- Detecting CXX compile features
[0.394s] -- Detecting CXX compile features - done
[0.395s] -- Found ament_cmake: 1.3.11 (/opt/ros/humble/share/ament_cmake/cmake)
[0.513s] -- Found Python3: /usr/bin/python3 (found version "3.10.12") found components: Interpreter 
[0.615s] -- Found ament_lint_auto: 0.12.11 (/opt/ros/humble/share/ament_lint_auto/cmake)
[0.685s] -- Added test 'cppcheck' to perform static code analysis on C / C++ code
[0.685s] -- Configured cppcheck include dirs: 
[0.685s] -- Configured cppcheck exclude dirs and/or files: 
[0.686s] -- Added test 'lint_cmake' to check CMake code style
[0.687s] -- Added test 'uncrustify' to check C / C++ code style
[0.687s] -- Configured uncrustify additional arguments: 
[0.688s] -- Added test 'xmllint' to check XML markup files
[0.689s] -- Configuring done
[0.692s] -- Generating done
[0.693s] -- Build files have been written to: /home/ethereal/rm_2025/rmul_nav_2025/build/rmul_decision
[0.697s] Invoked command in '/home/ethereal/rm_2025/rmul_nav_2025/build/rmul_decision' returned '0': CMAKE_PREFIX_PATH=/opt/ros/humble PS1=\[\e[1;32m\]\u@\h\[\e[0m\]:\[\e[1;34m\]\w\[\e[0m\]\$ /usr/bin/cmake /home/ethereal/rm_2025/rmul_nav_2025/src/Decision/rmul_decision -DCMAKE_INSTALL_PREFIX=/home/ethereal/rm_2025/rmul_nav_2025/install/rmul_decision
[0.700s] Invoking command in '/home/ethereal/rm_2025/rmul_nav_2025/build/rmul_decision': CMAKE_PREFIX_PATH=/opt/ros/humble PS1=\[\e[1;32m\]\u@\h\[\e[0m\]:\[\e[1;34m\]\w\[\e[0m\]\$ /usr/bin/cmake --build /home/ethereal/rm_2025/rmul_nav_2025/build/rmul_decision -- -j20 -l20
[0.722s] Invoked command in '/home/ethereal/rm_2025/rmul_nav_2025/build/rmul_decision' returned '0': CMAKE_PREFIX_PATH=/opt/ros/humble PS1=\[\e[1;32m\]\u@\h\[\e[0m\]:\[\e[1;34m\]\w\[\e[0m\]\$ /usr/bin/cmake --build /home/ethereal/rm_2025/rmul_nav_2025/build/rmul_decision -- -j20 -l20
[0.730s] Invoking command in '/home/ethereal/rm_2025/rmul_nav_2025/build/rmul_decision': CMAKE_PREFIX_PATH=/opt/ros/humble PS1=\[\e[1;32m\]\u@\h\[\e[0m\]:\[\e[1;34m\]\w\[\e[0m\]\$ /usr/bin/cmake --install /home/ethereal/rm_2025/rmul_nav_2025/build/rmul_decision
[0.734s] -- Install configuration: ""
[0.735s] -- Installing: /home/ethereal/rm_2025/rmul_nav_2025/install/rmul_decision/share/ament_index/resource_index/package_run_dependencies/rmul_decision
[0.735s] -- Installing: /home/ethereal/rm_2025/rmul_nav_2025/install/rmul_decision/share/ament_index/resource_index/parent_prefix_path/rmul_decision
[0.735s] -- Installing: /home/ethereal/rm_2025/rmul_nav_2025/install/rmul_decision/share/rmul_decision/environment/ament_prefix_path.sh
[0.736s] -- Installing: /home/ethereal/rm_2025/rmul_nav_2025/install/rmul_decision/share/rmul_decision/environment/ament_prefix_path.dsv
[0.736s] -- Installing: /home/ethereal/rm_2025/rmul_nav_2025/install/rmul_decision/share/rmul_decision/environment/path.sh
[0.736s] -- Installing: /home/ethereal/rm_2025/rmul_nav_2025/install/rmul_decision/share/rmul_decision/environment/path.dsv
[0.736s] -- Installing: /home/ethereal/rm_2025/rmul_nav_2025/install/rmul_decision/share/rmul_decision/local_setup.bash
[0.736s] -- Installing: /home/ethereal/rm_2025/rmul_nav_2025/install/rmul_decision/share/rmul_decision/local_setup.sh
[0.737s] -- Installing: /home/ethereal/rm_2025/rmul_nav_2025/install/rmul_decision/share/rmul_decision/local_setup.zsh
[0.737s] -- Installing: /home/ethereal/rm_2025/rmul_nav_2025/install/rmul_decision/share/rmul_decision/local_setup.dsv
[0.737s] -- Installing: /home/ethereal/rm_2025/rmul_nav_2025/install/rmul_decision/share/rmul_decision/package.dsv
[0.737s] -- Installing: /home/ethereal/rm_2025/rmul_nav_2025/install/rmul_decision/share/ament_index/resource_index/packages/rmul_decision
[0.737s] -- Installing: /home/ethereal/rm_2025/rmul_nav_2025/install/rmul_decision/share/rmul_decision/cmake/rmul_decisionConfig.cmake
[0.737s] -- Installing: /home/ethereal/rm_2025/rmul_nav_2025/install/rmul_decision/share/rmul_decision/cmake/rmul_decisionConfig-version.cmake
[0.737s] -- Installing: /home/ethereal/rm_2025/rmul_nav_2025/install/rmul_decision/share/rmul_decision/package.xml
[0.739s] Invoked command in '/home/ethereal/rm_2025/rmul_nav_2025/build/rmul_decision' returned '0': CMAKE_PREFIX_PATH=/opt/ros/humble PS1=\[\e[1;32m\]\u@\h\[\e[0m\]:\[\e[1;34m\]\w\[\e[0m\]\$ /usr/bin/cmake --install /home/ethereal/rm_2025/rmul_nav_2025/build/rmul_decision
