[35m[1mConsolidate compiler generated dependencies of target rmul_decision[0m
[ 50%] Built target rmul_decision_node
[100%] Built target rmul_decision
-- Install configuration: ""
-- Up-to-date: /home/ethereal/rm_2025/rmul_nav_2025/install/rmul_decision/lib/rmul_decision/rmul_decision_node
-- Up-to-date: /home/ethereal/rm_2025/rmul_nav_2025/install/rmul_decision/include
-- Up-to-date: /home/ethereal/rm_2025/rmul_nav_2025/install/rmul_decision/include/rmul_decision
-- Up-to-date: /home/ethereal/rm_2025/rmul_nav_2025/install/rmul_decision/include/rmul_decision/rmul_decision.hpp
-- Up-to-date: /home/ethereal/rm_2025/rmul_nav_2025/install/rmul_decision/share/rmul_decision/environment/library_path.sh
-- Up-to-date: /home/ethereal/rm_2025/rmul_nav_2025/install/rmul_decision/share/rmul_decision/environment/library_path.dsv
-- Up-to-date: /home/ethereal/rm_2025/rmul_nav_2025/install/rmul_decision/lib/librmul_decision.so
-- Up-to-date: /home/ethereal/rm_2025/rmul_nav_2025/install/rmul_decision/share/rmul_decision/launch
-- Up-to-date: /home/ethereal/rm_2025/rmul_nav_2025/install/rmul_decision/share/rmul_decision/launch/rmul_decision_launch.py
-- Up-to-date: /home/ethereal/rm_2025/rmul_nav_2025/install/rmul_decision/share/ament_index/resource_index/package_run_dependencies/rmul_decision
-- Up-to-date: /home/ethereal/rm_2025/rmul_nav_2025/install/rmul_decision/share/ament_index/resource_index/parent_prefix_path/rmul_decision
-- Up-to-date: /home/ethereal/rm_2025/rmul_nav_2025/install/rmul_decision/share/rmul_decision/environment/ament_prefix_path.sh
-- Up-to-date: /home/ethereal/rm_2025/rmul_nav_2025/install/rmul_decision/share/rmul_decision/environment/ament_prefix_path.dsv
-- Up-to-date: /home/ethereal/rm_2025/rmul_nav_2025/install/rmul_decision/share/rmul_decision/environment/path.sh
-- Up-to-date: /home/ethereal/rm_2025/rmul_nav_2025/install/rmul_decision/share/rmul_decision/environment/path.dsv
-- Up-to-date: /home/ethereal/rm_2025/rmul_nav_2025/install/rmul_decision/share/rmul_decision/local_setup.bash
-- Up-to-date: /home/ethereal/rm_2025/rmul_nav_2025/install/rmul_decision/share/rmul_decision/local_setup.sh
-- Up-to-date: /home/ethereal/rm_2025/rmul_nav_2025/install/rmul_decision/share/rmul_decision/local_setup.zsh
-- Up-to-date: /home/ethereal/rm_2025/rmul_nav_2025/install/rmul_decision/share/rmul_decision/local_setup.dsv
-- Installing: /home/ethereal/rm_2025/rmul_nav_2025/install/rmul_decision/share/rmul_decision/package.dsv
-- Up-to-date: /home/ethereal/rm_2025/rmul_nav_2025/install/rmul_decision/share/ament_index/resource_index/packages/rmul_decision
-- Up-to-date: /home/ethereal/rm_2025/rmul_nav_2025/install/rmul_decision/share/ament_index/resource_index/rclcpp_components/rmul_decision
-- Up-to-date: /home/ethereal/rm_2025/rmul_nav_2025/install/rmul_decision/share/rmul_decision/cmake/ament_cmake_export_dependencies-extras.cmake
-- Up-to-date: /home/ethereal/rm_2025/rmul_nav_2025/install/rmul_decision/share/rmul_decision/cmake/ament_cmake_export_include_directories-extras.cmake
-- Up-to-date: /home/ethereal/rm_2025/rmul_nav_2025/install/rmul_decision/share/rmul_decision/cmake/ament_cmake_export_libraries-extras.cmake
-- Up-to-date: /home/ethereal/rm_2025/rmul_nav_2025/install/rmul_decision/share/rmul_decision/cmake/rmul_decisionConfig.cmake
-- Up-to-date: /home/ethereal/rm_2025/rmul_nav_2025/install/rmul_decision/share/rmul_decision/cmake/rmul_decisionConfig-version.cmake
-- Up-to-date: /home/ethereal/rm_2025/rmul_nav_2025/install/rmul_decision/share/rmul_decision/package.xml
-- Up-to-date: /home/ethereal/rm_2025/rmul_nav_2025/install/rmul_decision/share/rmul_decision/launch
-- Up-to-date: /home/ethereal/rm_2025/rmul_nav_2025/install/rmul_decision/share/rmul_decision/launch/rmul_decision_launch.py
-- Up-to-date: /home/ethereal/rm_2025/rmul_nav_2025/install/rmul_decision/share/rmul_decision/config
-- Up-to-date: /home/ethereal/rm_2025/rmul_nav_2025/install/rmul_decision/share/rmul_decision/config/rmul_decision_params.yaml
