[0.012s] Invoking command in '/home/ethereal/rm_2025/rmul_nav_2025/build/rmul_decision': AMENT_PREFIX_PATH=/home/ethereal/rm_2025/rmul_nav_2025/install/pb_rm_interfaces:/home/ethereal/rm_2025/rmul_nav_2025/install/navigator_interfaces:${AMENT_PREFIX_PATH} CMAKE_PREFIX_PATH=/home/ethereal/rm_2025/rmul_nav_2025/install/pb_rm_interfaces:/home/ethereal/rm_2025/rmul_nav_2025/install/navigator_interfaces:/opt/ros/humble LD_LIBRARY_PATH=/home/ethereal/rm_2025/rmul_nav_2025/install/pb_rm_interfaces/lib:/home/ethereal/rm_2025/rmul_nav_2025/install/navigator_interfaces/lib:${LD_LIBRARY_PATH} PS1=\[\e[1;32m\]\u@\h\[\e[0m\]:\[\e[1;34m\]\w\[\e[0m\]\$ PYTHONPATH=/home/ethereal/rm_2025/rmul_nav_2025/install/pb_rm_interfaces/local/lib/python3.10/dist-packages:/home/ethereal/rm_2025/rmul_nav_2025/install/navigator_interfaces/local/lib/python3.10/dist-packages:${PYTHONPATH} /usr/bin/cmake --build /home/ethereal/rm_2025/rmul_nav_2025/build/rmul_decision -- -j20 -l20
[0.040s] [35m[1mConsolidate compiler generated dependencies of target rmul_decision[0m
[0.050s] [ 50%] Built target rmul_decision_node
[0.056s] [100%] Built target rmul_decision
[0.070s] Invoked command in '/home/ethereal/rm_2025/rmul_nav_2025/build/rmul_decision' returned '0': AMENT_PREFIX_PATH=/home/ethereal/rm_2025/rmul_nav_2025/install/pb_rm_interfaces:/home/ethereal/rm_2025/rmul_nav_2025/install/navigator_interfaces:${AMENT_PREFIX_PATH} CMAKE_PREFIX_PATH=/home/ethereal/rm_2025/rmul_nav_2025/install/pb_rm_interfaces:/home/ethereal/rm_2025/rmul_nav_2025/install/navigator_interfaces:/opt/ros/humble LD_LIBRARY_PATH=/home/ethereal/rm_2025/rmul_nav_2025/install/pb_rm_interfaces/lib:/home/ethereal/rm_2025/rmul_nav_2025/install/navigator_interfaces/lib:${LD_LIBRARY_PATH} PS1=\[\e[1;32m\]\u@\h\[\e[0m\]:\[\e[1;34m\]\w\[\e[0m\]\$ PYTHONPATH=/home/ethereal/rm_2025/rmul_nav_2025/install/pb_rm_interfaces/local/lib/python3.10/dist-packages:/home/ethereal/rm_2025/rmul_nav_2025/install/navigator_interfaces/local/lib/python3.10/dist-packages:${PYTHONPATH} /usr/bin/cmake --build /home/ethereal/rm_2025/rmul_nav_2025/build/rmul_decision -- -j20 -l20
[0.071s] Invoking command in '/home/ethereal/rm_2025/rmul_nav_2025/build/rmul_decision': AMENT_PREFIX_PATH=/home/ethereal/rm_2025/rmul_nav_2025/install/pb_rm_interfaces:/home/ethereal/rm_2025/rmul_nav_2025/install/navigator_interfaces:${AMENT_PREFIX_PATH} CMAKE_PREFIX_PATH=/home/ethereal/rm_2025/rmul_nav_2025/install/pb_rm_interfaces:/home/ethereal/rm_2025/rmul_nav_2025/install/navigator_interfaces:/opt/ros/humble LD_LIBRARY_PATH=/home/ethereal/rm_2025/rmul_nav_2025/install/pb_rm_interfaces/lib:/home/ethereal/rm_2025/rmul_nav_2025/install/navigator_interfaces/lib:${LD_LIBRARY_PATH} PS1=\[\e[1;32m\]\u@\h\[\e[0m\]:\[\e[1;34m\]\w\[\e[0m\]\$ PYTHONPATH=/home/ethereal/rm_2025/rmul_nav_2025/install/pb_rm_interfaces/local/lib/python3.10/dist-packages:/home/ethereal/rm_2025/rmul_nav_2025/install/navigator_interfaces/local/lib/python3.10/dist-packages:${PYTHONPATH} /usr/bin/cmake --install /home/ethereal/rm_2025/rmul_nav_2025/build/rmul_decision
[0.085s] -- Install configuration: ""
[0.085s] -- Up-to-date: /home/ethereal/rm_2025/rmul_nav_2025/install/rmul_decision/lib/rmul_decision/rmul_decision_node
[0.085s] -- Up-to-date: /home/ethereal/rm_2025/rmul_nav_2025/install/rmul_decision/include
[0.087s] -- Up-to-date: /home/ethereal/rm_2025/rmul_nav_2025/install/rmul_decision/include/rmul_decision
[0.087s] -- Up-to-date: /home/ethereal/rm_2025/rmul_nav_2025/install/rmul_decision/include/rmul_decision/rmul_decision.hpp
[0.087s] -- Up-to-date: /home/ethereal/rm_2025/rmul_nav_2025/install/rmul_decision/share/rmul_decision/environment/library_path.sh
[0.087s] -- Up-to-date: /home/ethereal/rm_2025/rmul_nav_2025/install/rmul_decision/share/rmul_decision/environment/library_path.dsv
[0.087s] -- Up-to-date: /home/ethereal/rm_2025/rmul_nav_2025/install/rmul_decision/lib/librmul_decision.so
[0.087s] -- Up-to-date: /home/ethereal/rm_2025/rmul_nav_2025/install/rmul_decision/share/rmul_decision/launch
[0.088s] -- Up-to-date: /home/ethereal/rm_2025/rmul_nav_2025/install/rmul_decision/share/rmul_decision/launch/rmul_decision_launch.py
[0.088s] -- Up-to-date: /home/ethereal/rm_2025/rmul_nav_2025/install/rmul_decision/share/ament_index/resource_index/package_run_dependencies/rmul_decision
[0.088s] -- Up-to-date: /home/ethereal/rm_2025/rmul_nav_2025/install/rmul_decision/share/ament_index/resource_index/parent_prefix_path/rmul_decision
[0.088s] -- Up-to-date: /home/ethereal/rm_2025/rmul_nav_2025/install/rmul_decision/share/rmul_decision/environment/ament_prefix_path.sh
[0.088s] -- Up-to-date: /home/ethereal/rm_2025/rmul_nav_2025/install/rmul_decision/share/rmul_decision/environment/ament_prefix_path.dsv
[0.088s] -- Up-to-date: /home/ethereal/rm_2025/rmul_nav_2025/install/rmul_decision/share/rmul_decision/environment/path.sh
[0.088s] -- Up-to-date: /home/ethereal/rm_2025/rmul_nav_2025/install/rmul_decision/share/rmul_decision/environment/path.dsv
[0.089s] -- Up-to-date: /home/ethereal/rm_2025/rmul_nav_2025/install/rmul_decision/share/rmul_decision/local_setup.bash
[0.089s] -- Up-to-date: /home/ethereal/rm_2025/rmul_nav_2025/install/rmul_decision/share/rmul_decision/local_setup.sh
[0.089s] -- Up-to-date: /home/ethereal/rm_2025/rmul_nav_2025/install/rmul_decision/share/rmul_decision/local_setup.zsh
[0.089s] -- Up-to-date: /home/ethereal/rm_2025/rmul_nav_2025/install/rmul_decision/share/rmul_decision/local_setup.dsv
[0.089s] -- Installing: /home/ethereal/rm_2025/rmul_nav_2025/install/rmul_decision/share/rmul_decision/package.dsv
[0.089s] -- Up-to-date: /home/ethereal/rm_2025/rmul_nav_2025/install/rmul_decision/share/ament_index/resource_index/packages/rmul_decision
[0.089s] -- Up-to-date: /home/ethereal/rm_2025/rmul_nav_2025/install/rmul_decision/share/ament_index/resource_index/rclcpp_components/rmul_decision
[0.090s] -- Up-to-date: /home/ethereal/rm_2025/rmul_nav_2025/install/rmul_decision/share/rmul_decision/cmake/ament_cmake_export_dependencies-extras.cmake
[0.090s] -- Up-to-date: /home/ethereal/rm_2025/rmul_nav_2025/install/rmul_decision/share/rmul_decision/cmake/ament_cmake_export_include_directories-extras.cmake
[0.090s] -- Up-to-date: /home/ethereal/rm_2025/rmul_nav_2025/install/rmul_decision/share/rmul_decision/cmake/ament_cmake_export_libraries-extras.cmake
[0.090s] -- Up-to-date: /home/ethereal/rm_2025/rmul_nav_2025/install/rmul_decision/share/rmul_decision/cmake/rmul_decisionConfig.cmake
[0.091s] -- Up-to-date: /home/ethereal/rm_2025/rmul_nav_2025/install/rmul_decision/share/rmul_decision/cmake/rmul_decisionConfig-version.cmake
[0.091s] -- Up-to-date: /home/ethereal/rm_2025/rmul_nav_2025/install/rmul_decision/share/rmul_decision/package.xml
[0.091s] -- Up-to-date: /home/ethereal/rm_2025/rmul_nav_2025/install/rmul_decision/share/rmul_decision/launch
[0.091s] -- Up-to-date: /home/ethereal/rm_2025/rmul_nav_2025/install/rmul_decision/share/rmul_decision/launch/rmul_decision_launch.py
[0.091s] -- Up-to-date: /home/ethereal/rm_2025/rmul_nav_2025/install/rmul_decision/share/rmul_decision/config
[0.091s] -- Up-to-date: /home/ethereal/rm_2025/rmul_nav_2025/install/rmul_decision/share/rmul_decision/config/rmul_decision_params.yaml
[0.092s] Invoked command in '/home/ethereal/rm_2025/rmul_nav_2025/build/rmul_decision' returned '0': AMENT_PREFIX_PATH=/home/ethereal/rm_2025/rmul_nav_2025/install/pb_rm_interfaces:/home/ethereal/rm_2025/rmul_nav_2025/install/navigator_interfaces:${AMENT_PREFIX_PATH} CMAKE_PREFIX_PATH=/home/ethereal/rm_2025/rmul_nav_2025/install/pb_rm_interfaces:/home/ethereal/rm_2025/rmul_nav_2025/install/navigator_interfaces:/opt/ros/humble LD_LIBRARY_PATH=/home/ethereal/rm_2025/rmul_nav_2025/install/pb_rm_interfaces/lib:/home/ethereal/rm_2025/rmul_nav_2025/install/navigator_interfaces/lib:${LD_LIBRARY_PATH} PS1=\[\e[1;32m\]\u@\h\[\e[0m\]:\[\e[1;34m\]\w\[\e[0m\]\$ PYTHONPATH=/home/ethereal/rm_2025/rmul_nav_2025/install/pb_rm_interfaces/local/lib/python3.10/dist-packages:/home/ethereal/rm_2025/rmul_nav_2025/install/navigator_interfaces/local/lib/python3.10/dist-packages:${PYTHONPATH} /usr/bin/cmake --install /home/ethereal/rm_2025/rmul_nav_2025/build/rmul_decision
