[0.013s] Invoking command in '/home/ethereal/rm_2025/rmul_nav_2025/build/pb_rm_interfaces': CMAKE_PREFIX_PATH=/opt/ros/humble PS1=\[\e[1;32m\]\u@\h\[\e[0m\]:\[\e[1;34m\]\w\[\e[0m\]\$ /usr/bin/cmake --build /home/ethereal/rm_2025/rmul_nav_2025/build/pb_rm_interfaces -- -j20 -l20
[0.046s] [35m[1mConsolidate compiler generated dependencies of target pb_rm_interfaces__rosidl_generator_c[0m
[0.049s] [  0%] Built target pb_rm_interfaces__cpp
[0.056s] [  0%] Built target ament_cmake_python_copy_pb_rm_interfaces
[0.058s] [ 12%] Built target pb_rm_interfaces__rosidl_generator_c
[0.060s] [35m[1mConsolidate compiler generated dependencies of target pb_rm_interfaces__rosidl_typesupport_introspection_cpp[0m
[0.063s] [35m[1mConsolidate compiler generated dependencies of target pb_rm_interfaces__rosidl_typesupport_fastrtps_cpp[0m
[0.065s] [35m[1mConsolidate compiler generated dependencies of target pb_rm_interfaces__rosidl_typesupport_cpp[0m
[0.073s] [35m[1mConsolidate compiler generated dependencies of target pb_rm_interfaces__rosidl_typesupport_fastrtps_c[0m
[0.075s] [35m[1mConsolidate compiler generated dependencies of target pb_rm_interfaces__rosidl_typesupport_c[0m
[0.076s] [35m[1mConsolidate compiler generated dependencies of target pb_rm_interfaces__rosidl_typesupport_introspection_c[0m
[0.081s] [ 24%] Built target pb_rm_interfaces__rosidl_typesupport_introspection_cpp
[0.084s] [ 36%] Built target pb_rm_interfaces__rosidl_typesupport_cpp
[0.086s] [ 47%] Built target pb_rm_interfaces__rosidl_typesupport_fastrtps_cpp
[0.087s] [ 59%] Built target pb_rm_interfaces__rosidl_typesupport_c
[0.089s] [ 71%] Built target pb_rm_interfaces__rosidl_typesupport_introspection_c
[0.091s] [ 83%] Built target pb_rm_interfaces__rosidl_typesupport_fastrtps_c
[0.108s] [ 83%] Built target pb_rm_interfaces
[0.123s] [ 84%] Built target pb_rm_interfaces__py
[0.134s] [35m[1mConsolidate compiler generated dependencies of target pb_rm_interfaces__rosidl_generator_py[0m
[0.151s] [ 95%] Built target pb_rm_interfaces__rosidl_generator_py
[0.159s] [35m[1mConsolidate compiler generated dependencies of target pb_rm_interfaces__rosidl_typesupport_c__pyext[0m
[0.159s] [35m[1mConsolidate compiler generated dependencies of target pb_rm_interfaces__rosidl_typesupport_introspection_c__pyext[0m
[0.160s] [35m[1mConsolidate compiler generated dependencies of target pb_rm_interfaces__rosidl_typesupport_fastrtps_c__pyext[0m
[0.169s] [ 96%] Built target pb_rm_interfaces__rosidl_typesupport_c__pyext
[0.169s] [ 98%] Built target pb_rm_interfaces__rosidl_typesupport_introspection_c__pyext
[0.171s] [100%] Built target pb_rm_interfaces__rosidl_typesupport_fastrtps_c__pyext
[0.260s] running egg_info
[0.261s] writing pb_rm_interfaces.egg-info/PKG-INFO
[0.261s] writing dependency_links to pb_rm_interfaces.egg-info/dependency_links.txt
[0.261s] writing top-level names to pb_rm_interfaces.egg-info/top_level.txt
[0.264s] reading manifest file 'pb_rm_interfaces.egg-info/SOURCES.txt'
[0.264s] writing manifest file 'pb_rm_interfaces.egg-info/SOURCES.txt'
[0.284s] [100%] Built target ament_cmake_python_build_pb_rm_interfaces_egg
[0.301s] Invoked command in '/home/ethereal/rm_2025/rmul_nav_2025/build/pb_rm_interfaces' returned '0': CMAKE_PREFIX_PATH=/opt/ros/humble PS1=\[\e[1;32m\]\u@\h\[\e[0m\]:\[\e[1;34m\]\w\[\e[0m\]\$ /usr/bin/cmake --build /home/ethereal/rm_2025/rmul_nav_2025/build/pb_rm_interfaces -- -j20 -l20
[0.304s] Invoking command in '/home/ethereal/rm_2025/rmul_nav_2025/build/pb_rm_interfaces': CMAKE_PREFIX_PATH=/opt/ros/humble PS1=\[\e[1;32m\]\u@\h\[\e[0m\]:\[\e[1;34m\]\w\[\e[0m\]\$ /usr/bin/cmake --install /home/ethereal/rm_2025/rmul_nav_2025/build/pb_rm_interfaces
[0.315s] -- Install configuration: ""
[0.315s] -- Up-to-date: /home/ethereal/rm_2025/rmul_nav_2025/install/pb_rm_interfaces/share/ament_index/resource_index/rosidl_interfaces/pb_rm_interfaces
[0.316s] -- Up-to-date: /home/ethereal/rm_2025/rmul_nav_2025/install/pb_rm_interfaces/include/pb_rm_interfaces/pb_rm_interfaces
[0.316s] -- Up-to-date: /home/ethereal/rm_2025/rmul_nav_2025/install/pb_rm_interfaces/include/pb_rm_interfaces/pb_rm_interfaces/msg
[0.316s] -- Up-to-date: /home/ethereal/rm_2025/rmul_nav_2025/install/pb_rm_interfaces/include/pb_rm_interfaces/pb_rm_interfaces/msg/models.h
[0.316s] -- Up-to-date: /home/ethereal/rm_2025/rmul_nav_2025/install/pb_rm_interfaces/include/pb_rm_interfaces/pb_rm_interfaces/msg/gimbal.h
[0.317s] -- Up-to-date: /home/ethereal/rm_2025/rmul_nav_2025/install/pb_rm_interfaces/include/pb_rm_interfaces/pb_rm_interfaces/msg/game_robot_hp.h
[0.317s] -- Up-to-date: /home/ethereal/rm_2025/rmul_nav_2025/install/pb_rm_interfaces/include/pb_rm_interfaces/pb_rm_interfaces/msg/game_status.h
[0.318s] -- Up-to-date: /home/ethereal/rm_2025/rmul_nav_2025/install/pb_rm_interfaces/include/pb_rm_interfaces/pb_rm_interfaces/msg/detail
[0.318s] -- Up-to-date: /home/ethereal/rm_2025/rmul_nav_2025/install/pb_rm_interfaces/include/pb_rm_interfaces/pb_rm_interfaces/msg/detail/robot_state_info__functions.c
[0.318s] -- Up-to-date: /home/ethereal/rm_2025/rmul_nav_2025/install/pb_rm_interfaces/include/pb_rm_interfaces/pb_rm_interfaces/msg/detail/game_status__functions.h
[0.318s] -- Up-to-date: /home/ethereal/rm_2025/rmul_nav_2025/install/pb_rm_interfaces/include/pb_rm_interfaces/pb_rm_interfaces/msg/detail/robot_state_info__struct.h
[0.318s] -- Up-to-date: /home/ethereal/rm_2025/rmul_nav_2025/install/pb_rm_interfaces/include/pb_rm_interfaces/pb_rm_interfaces/msg/detail/game_status__type_support.h
[0.319s] -- Up-to-date: /home/ethereal/rm_2025/rmul_nav_2025/install/pb_rm_interfaces/include/pb_rm_interfaces/pb_rm_interfaces/msg/detail/game_robot_hp__struct.h
[0.319s] -- Up-to-date: /home/ethereal/rm_2025/rmul_nav_2025/install/pb_rm_interfaces/include/pb_rm_interfaces/pb_rm_interfaces/msg/detail/game_robot_hp__functions.c
[0.319s] -- Up-to-date: /home/ethereal/rm_2025/rmul_nav_2025/install/pb_rm_interfaces/include/pb_rm_interfaces/pb_rm_interfaces/msg/detail/robot_state_info__functions.h
[0.319s] -- Up-to-date: /home/ethereal/rm_2025/rmul_nav_2025/install/pb_rm_interfaces/include/pb_rm_interfaces/pb_rm_interfaces/msg/detail/models__functions.h
[0.319s] -- Up-to-date: /home/ethereal/rm_2025/rmul_nav_2025/install/pb_rm_interfaces/include/pb_rm_interfaces/pb_rm_interfaces/msg/detail/models__struct.h
[0.319s] -- Up-to-date: /home/ethereal/rm_2025/rmul_nav_2025/install/pb_rm_interfaces/include/pb_rm_interfaces/pb_rm_interfaces/msg/detail/ground_robot_position__struct.h
[0.319s] -- Up-to-date: /home/ethereal/rm_2025/rmul_nav_2025/install/pb_rm_interfaces/include/pb_rm_interfaces/pb_rm_interfaces/msg/detail/rfid_status__functions.h
[0.319s] -- Up-to-date: /home/ethereal/rm_2025/rmul_nav_2025/install/pb_rm_interfaces/include/pb_rm_interfaces/pb_rm_interfaces/msg/detail/ground_robot_position__functions.h
[0.320s] -- Up-to-date: /home/ethereal/rm_2025/rmul_nav_2025/install/pb_rm_interfaces/include/pb_rm_interfaces/pb_rm_interfaces/msg/detail/buff__functions.c
[0.320s] -- Up-to-date: /home/ethereal/rm_2025/rmul_nav_2025/install/pb_rm_interfaces/include/pb_rm_interfaces/pb_rm_interfaces/msg/detail/rfid_status__struct.h
[0.320s] -- Up-to-date: /home/ethereal/rm_2025/rmul_nav_2025/install/pb_rm_interfaces/include/pb_rm_interfaces/pb_rm_interfaces/msg/detail/gimbal__functions.h
[0.320s] -- Up-to-date: /home/ethereal/rm_2025/rmul_nav_2025/install/pb_rm_interfaces/include/pb_rm_interfaces/pb_rm_interfaces/msg/detail/models__functions.c
[0.320s] -- Up-to-date: /home/ethereal/rm_2025/rmul_nav_2025/install/pb_rm_interfaces/include/pb_rm_interfaces/pb_rm_interfaces/msg/detail/buff__functions.h
[0.320s] -- Up-to-date: /home/ethereal/rm_2025/rmul_nav_2025/install/pb_rm_interfaces/include/pb_rm_interfaces/pb_rm_interfaces/msg/detail/gimbal__functions.c
[0.320s] -- Up-to-date: /home/ethereal/rm_2025/rmul_nav_2025/install/pb_rm_interfaces/include/pb_rm_interfaces/pb_rm_interfaces/msg/detail/robot_status__functions.c
[0.320s] -- Up-to-date: /home/ethereal/rm_2025/rmul_nav_2025/install/pb_rm_interfaces/include/pb_rm_interfaces/pb_rm_interfaces/msg/detail/gimbal_cmd__struct.h
[0.320s] -- Up-to-date: /home/ethereal/rm_2025/rmul_nav_2025/install/pb_rm_interfaces/include/pb_rm_interfaces/pb_rm_interfaces/msg/detail/event_data__functions.c
[0.320s] -- Up-to-date: /home/ethereal/rm_2025/rmul_nav_2025/install/pb_rm_interfaces/include/pb_rm_interfaces/pb_rm_interfaces/msg/detail/models__type_support.h
[0.320s] -- Up-to-date: /home/ethereal/rm_2025/rmul_nav_2025/install/pb_rm_interfaces/include/pb_rm_interfaces/pb_rm_interfaces/msg/detail/ground_robot_position__type_support.h
[0.320s] -- Up-to-date: /home/ethereal/rm_2025/rmul_nav_2025/install/pb_rm_interfaces/include/pb_rm_interfaces/pb_rm_interfaces/msg/detail/rfid_status__type_support.h
[0.320s] -- Up-to-date: /home/ethereal/rm_2025/rmul_nav_2025/install/pb_rm_interfaces/include/pb_rm_interfaces/pb_rm_interfaces/msg/detail/gimbal__struct.h
[0.320s] -- Up-to-date: /home/ethereal/rm_2025/rmul_nav_2025/install/pb_rm_interfaces/include/pb_rm_interfaces/pb_rm_interfaces/msg/detail/robot_status__type_support.h
[0.320s] -- Up-to-date: /home/ethereal/rm_2025/rmul_nav_2025/install/pb_rm_interfaces/include/pb_rm_interfaces/pb_rm_interfaces/msg/detail/event_data__type_support.h
[0.320s] -- Up-to-date: /home/ethereal/rm_2025/rmul_nav_2025/install/pb_rm_interfaces/include/pb_rm_interfaces/pb_rm_interfaces/msg/detail/game_status__struct.h
[0.320s] -- Up-to-date: /home/ethereal/rm_2025/rmul_nav_2025/install/pb_rm_interfaces/include/pb_rm_interfaces/pb_rm_interfaces/msg/detail/robot_status__functions.h
[0.321s] -- Up-to-date: /home/ethereal/rm_2025/rmul_nav_2025/install/pb_rm_interfaces/include/pb_rm_interfaces/pb_rm_interfaces/msg/detail/game_robot_hp__functions.h
[0.321s] -- Up-to-date: /home/ethereal/rm_2025/rmul_nav_2025/install/pb_rm_interfaces/include/pb_rm_interfaces/pb_rm_interfaces/msg/detail/buff__struct.h
[0.321s] -- Up-to-date: /home/ethereal/rm_2025/rmul_nav_2025/install/pb_rm_interfaces/include/pb_rm_interfaces/pb_rm_interfaces/msg/detail/buff__type_support.h
[0.321s] -- Up-to-date: /home/ethereal/rm_2025/rmul_nav_2025/install/pb_rm_interfaces/include/pb_rm_interfaces/pb_rm_interfaces/msg/detail/game_status__functions.c
[0.321s] -- Up-to-date: /home/ethereal/rm_2025/rmul_nav_2025/install/pb_rm_interfaces/include/pb_rm_interfaces/pb_rm_interfaces/msg/detail/ground_robot_position__functions.c
[0.321s] -- Up-to-date: /home/ethereal/rm_2025/rmul_nav_2025/install/pb_rm_interfaces/include/pb_rm_interfaces/pb_rm_interfaces/msg/detail/robot_state_info__type_support.h
[0.321s] -- Up-to-date: /home/ethereal/rm_2025/rmul_nav_2025/install/pb_rm_interfaces/include/pb_rm_interfaces/pb_rm_interfaces/msg/detail/gimbal_cmd__type_support.h
[0.321s] -- Up-to-date: /home/ethereal/rm_2025/rmul_nav_2025/install/pb_rm_interfaces/include/pb_rm_interfaces/pb_rm_interfaces/msg/detail/gimbal_cmd__functions.h
[0.321s] -- Up-to-date: /home/ethereal/rm_2025/rmul_nav_2025/install/pb_rm_interfaces/include/pb_rm_interfaces/pb_rm_interfaces/msg/detail/rfid_status__functions.c
[0.321s] -- Up-to-date: /home/ethereal/rm_2025/rmul_nav_2025/install/pb_rm_interfaces/include/pb_rm_interfaces/pb_rm_interfaces/msg/detail/robot_status__struct.h
[0.321s] -- Up-to-date: /home/ethereal/rm_2025/rmul_nav_2025/install/pb_rm_interfaces/include/pb_rm_interfaces/pb_rm_interfaces/msg/detail/gimbal_cmd__functions.c
[0.321s] -- Up-to-date: /home/ethereal/rm_2025/rmul_nav_2025/install/pb_rm_interfaces/include/pb_rm_interfaces/pb_rm_interfaces/msg/detail/gimbal__type_support.h
[0.321s] -- Up-to-date: /home/ethereal/rm_2025/rmul_nav_2025/install/pb_rm_interfaces/include/pb_rm_interfaces/pb_rm_interfaces/msg/detail/event_data__struct.h
[0.321s] -- Up-to-date: /home/ethereal/rm_2025/rmul_nav_2025/install/pb_rm_interfaces/include/pb_rm_interfaces/pb_rm_interfaces/msg/detail/event_data__functions.h
[0.321s] -- Up-to-date: /home/ethereal/rm_2025/rmul_nav_2025/install/pb_rm_interfaces/include/pb_rm_interfaces/pb_rm_interfaces/msg/detail/game_robot_hp__type_support.h
[0.321s] -- Up-to-date: /home/ethereal/rm_2025/rmul_nav_2025/install/pb_rm_interfaces/include/pb_rm_interfaces/pb_rm_interfaces/msg/rfid_status.h
[0.321s] -- Up-to-date: /home/ethereal/rm_2025/rmul_nav_2025/install/pb_rm_interfaces/include/pb_rm_interfaces/pb_rm_interfaces/msg/gimbal_cmd.h
[0.321s] -- Up-to-date: /home/ethereal/rm_2025/rmul_nav_2025/install/pb_rm_interfaces/include/pb_rm_interfaces/pb_rm_interfaces/msg/robot_status.h
[0.321s] -- Up-to-date: /home/ethereal/rm_2025/rmul_nav_2025/install/pb_rm_interfaces/include/pb_rm_interfaces/pb_rm_interfaces/msg/ground_robot_position.h
[0.322s] -- Up-to-date: /home/ethereal/rm_2025/rmul_nav_2025/install/pb_rm_interfaces/include/pb_rm_interfaces/pb_rm_interfaces/msg/event_data.h
[0.322s] -- Up-to-date: /home/ethereal/rm_2025/rmul_nav_2025/install/pb_rm_interfaces/include/pb_rm_interfaces/pb_rm_interfaces/msg/robot_state_info.h
[0.322s] -- Up-to-date: /home/ethereal/rm_2025/rmul_nav_2025/install/pb_rm_interfaces/include/pb_rm_interfaces/pb_rm_interfaces/msg/rosidl_generator_c__visibility_control.h
[0.322s] -- Up-to-date: /home/ethereal/rm_2025/rmul_nav_2025/install/pb_rm_interfaces/include/pb_rm_interfaces/pb_rm_interfaces/msg/buff.h
[0.322s] -- Up-to-date: /home/ethereal/rm_2025/rmul_nav_2025/install/pb_rm_interfaces/share/pb_rm_interfaces/environment/library_path.sh
[0.322s] -- Up-to-date: /home/ethereal/rm_2025/rmul_nav_2025/install/pb_rm_interfaces/share/pb_rm_interfaces/environment/library_path.dsv
[0.322s] -- Up-to-date: /home/ethereal/rm_2025/rmul_nav_2025/install/pb_rm_interfaces/lib/libpb_rm_interfaces__rosidl_generator_c.so
[0.322s] -- Up-to-date: /home/ethereal/rm_2025/rmul_nav_2025/install/pb_rm_interfaces/include/pb_rm_interfaces/pb_rm_interfaces
[0.322s] -- Up-to-date: /home/ethereal/rm_2025/rmul_nav_2025/install/pb_rm_interfaces/include/pb_rm_interfaces/pb_rm_interfaces/msg
[0.322s] -- Up-to-date: /home/ethereal/rm_2025/rmul_nav_2025/install/pb_rm_interfaces/include/pb_rm_interfaces/pb_rm_interfaces/msg/detail
[0.322s] -- Up-to-date: /home/ethereal/rm_2025/rmul_nav_2025/install/pb_rm_interfaces/include/pb_rm_interfaces/pb_rm_interfaces/msg/detail/buff__rosidl_typesupport_fastrtps_c.h
[0.322s] -- Up-to-date: /home/ethereal/rm_2025/rmul_nav_2025/install/pb_rm_interfaces/include/pb_rm_interfaces/pb_rm_interfaces/msg/detail/event_data__rosidl_typesupport_fastrtps_c.h
[0.323s] -- Up-to-date: /home/ethereal/rm_2025/rmul_nav_2025/install/pb_rm_interfaces/include/pb_rm_interfaces/pb_rm_interfaces/msg/detail/robot_state_info__rosidl_typesupport_fastrtps_c.h
[0.323s] -- Up-to-date: /home/ethereal/rm_2025/rmul_nav_2025/install/pb_rm_interfaces/include/pb_rm_interfaces/pb_rm_interfaces/msg/detail/game_status__rosidl_typesupport_fastrtps_c.h
[0.323s] -- Up-to-date: /home/ethereal/rm_2025/rmul_nav_2025/install/pb_rm_interfaces/include/pb_rm_interfaces/pb_rm_interfaces/msg/detail/models__rosidl_typesupport_fastrtps_c.h
[0.323s] -- Up-to-date: /home/ethereal/rm_2025/rmul_nav_2025/install/pb_rm_interfaces/include/pb_rm_interfaces/pb_rm_interfaces/msg/detail/gimbal__rosidl_typesupport_fastrtps_c.h
[0.323s] -- Up-to-date: /home/ethereal/rm_2025/rmul_nav_2025/install/pb_rm_interfaces/include/pb_rm_interfaces/pb_rm_interfaces/msg/detail/ground_robot_position__rosidl_typesupport_fastrtps_c.h
[0.323s] -- Up-to-date: /home/ethereal/rm_2025/rmul_nav_2025/install/pb_rm_interfaces/include/pb_rm_interfaces/pb_rm_interfaces/msg/detail/rfid_status__rosidl_typesupport_fastrtps_c.h
[0.323s] -- Up-to-date: /home/ethereal/rm_2025/rmul_nav_2025/install/pb_rm_interfaces/include/pb_rm_interfaces/pb_rm_interfaces/msg/detail/robot_status__rosidl_typesupport_fastrtps_c.h
[0.323s] -- Up-to-date: /home/ethereal/rm_2025/rmul_nav_2025/install/pb_rm_interfaces/include/pb_rm_interfaces/pb_rm_interfaces/msg/detail/game_robot_hp__rosidl_typesupport_fastrtps_c.h
[0.323s] -- Up-to-date: /home/ethereal/rm_2025/rmul_nav_2025/install/pb_rm_interfaces/include/pb_rm_interfaces/pb_rm_interfaces/msg/detail/gimbal_cmd__rosidl_typesupport_fastrtps_c.h
[0.323s] -- Up-to-date: /home/ethereal/rm_2025/rmul_nav_2025/install/pb_rm_interfaces/include/pb_rm_interfaces/pb_rm_interfaces/msg/rosidl_typesupport_fastrtps_c__visibility_control.h
[0.323s] -- Up-to-date: /home/ethereal/rm_2025/rmul_nav_2025/install/pb_rm_interfaces/lib/libpb_rm_interfaces__rosidl_typesupport_fastrtps_c.so
[0.323s] -- Up-to-date: /home/ethereal/rm_2025/rmul_nav_2025/install/pb_rm_interfaces/include/pb_rm_interfaces/pb_rm_interfaces
[0.323s] -- Up-to-date: /home/ethereal/rm_2025/rmul_nav_2025/install/pb_rm_interfaces/include/pb_rm_interfaces/pb_rm_interfaces/msg
[0.324s] -- Up-to-date: /home/ethereal/rm_2025/rmul_nav_2025/install/pb_rm_interfaces/include/pb_rm_interfaces/pb_rm_interfaces/msg/detail
[0.324s] -- Up-to-date: /home/ethereal/rm_2025/rmul_nav_2025/install/pb_rm_interfaces/include/pb_rm_interfaces/pb_rm_interfaces/msg/detail/game_robot_hp__type_support.c
[0.324s] -- Up-to-date: /home/ethereal/rm_2025/rmul_nav_2025/install/pb_rm_interfaces/include/pb_rm_interfaces/pb_rm_interfaces/msg/detail/robot_state_info__rosidl_typesupport_introspection_c.h
[0.324s] -- Up-to-date: /home/ethereal/rm_2025/rmul_nav_2025/install/pb_rm_interfaces/include/pb_rm_interfaces/pb_rm_interfaces/msg/detail/event_data__rosidl_typesupport_introspection_c.h
[0.324s] -- Up-to-date: /home/ethereal/rm_2025/rmul_nav_2025/install/pb_rm_interfaces/include/pb_rm_interfaces/pb_rm_interfaces/msg/detail/event_data__type_support.c
[0.324s] -- Up-to-date: /home/ethereal/rm_2025/rmul_nav_2025/install/pb_rm_interfaces/include/pb_rm_interfaces/pb_rm_interfaces/msg/detail/ground_robot_position__type_support.c
[0.324s] -- Up-to-date: /home/ethereal/rm_2025/rmul_nav_2025/install/pb_rm_interfaces/include/pb_rm_interfaces/pb_rm_interfaces/msg/detail/rfid_status__type_support.c
[0.324s] -- Up-to-date: /home/ethereal/rm_2025/rmul_nav_2025/install/pb_rm_interfaces/include/pb_rm_interfaces/pb_rm_interfaces/msg/detail/game_robot_hp__rosidl_typesupport_introspection_c.h
[0.324s] -- Up-to-date: /home/ethereal/rm_2025/rmul_nav_2025/install/pb_rm_interfaces/include/pb_rm_interfaces/pb_rm_interfaces/msg/detail/buff__rosidl_typesupport_introspection_c.h
[0.324s] -- Up-to-date: /home/ethereal/rm_2025/rmul_nav_2025/install/pb_rm_interfaces/include/pb_rm_interfaces/pb_rm_interfaces/msg/detail/ground_robot_position__rosidl_typesupport_introspection_c.h
[0.324s] -- Up-to-date: /home/ethereal/rm_2025/rmul_nav_2025/install/pb_rm_interfaces/include/pb_rm_interfaces/pb_rm_interfaces/msg/detail/models__rosidl_typesupport_introspection_c.h
[0.324s] -- Up-to-date: /home/ethereal/rm_2025/rmul_nav_2025/install/pb_rm_interfaces/include/pb_rm_interfaces/pb_rm_interfaces/msg/detail/buff__type_support.c
[0.324s] -- Up-to-date: /home/ethereal/rm_2025/rmul_nav_2025/install/pb_rm_interfaces/include/pb_rm_interfaces/pb_rm_interfaces/msg/detail/rfid_status__rosidl_typesupport_introspection_c.h
[0.324s] -- Up-to-date: /home/ethereal/rm_2025/rmul_nav_2025/install/pb_rm_interfaces/include/pb_rm_interfaces/pb_rm_interfaces/msg/detail/game_status__rosidl_typesupport_introspection_c.h
[0.324s] -- Up-to-date: /home/ethereal/rm_2025/rmul_nav_2025/install/pb_rm_interfaces/include/pb_rm_interfaces/pb_rm_interfaces/msg/detail/robot_status__type_support.c
[0.324s] -- Up-to-date: /home/ethereal/rm_2025/rmul_nav_2025/install/pb_rm_interfaces/include/pb_rm_interfaces/pb_rm_interfaces/msg/detail/robot_state_info__type_support.c
[0.324s] -- Up-to-date: /home/ethereal/rm_2025/rmul_nav_2025/install/pb_rm_interfaces/include/pb_rm_interfaces/pb_rm_interfaces/msg/detail/gimbal__type_support.c
[0.324s] -- Up-to-date: /home/ethereal/rm_2025/rmul_nav_2025/install/pb_rm_interfaces/include/pb_rm_interfaces/pb_rm_interfaces/msg/detail/models__type_support.c
[0.324s] -- Up-to-date: /home/ethereal/rm_2025/rmul_nav_2025/install/pb_rm_interfaces/include/pb_rm_interfaces/pb_rm_interfaces/msg/detail/gimbal_cmd__type_support.c
[0.324s] -- Up-to-date: /home/ethereal/rm_2025/rmul_nav_2025/install/pb_rm_interfaces/include/pb_rm_interfaces/pb_rm_interfaces/msg/detail/gimbal__rosidl_typesupport_introspection_c.h
[0.324s] -- Up-to-date: /home/ethereal/rm_2025/rmul_nav_2025/install/pb_rm_interfaces/include/pb_rm_interfaces/pb_rm_interfaces/msg/detail/game_status__type_support.c
[0.324s] -- Up-to-date: /home/ethereal/rm_2025/rmul_nav_2025/install/pb_rm_interfaces/include/pb_rm_interfaces/pb_rm_interfaces/msg/detail/robot_status__rosidl_typesupport_introspection_c.h
[0.324s] -- Up-to-date: /home/ethereal/rm_2025/rmul_nav_2025/install/pb_rm_interfaces/include/pb_rm_interfaces/pb_rm_interfaces/msg/detail/gimbal_cmd__rosidl_typesupport_introspection_c.h
[0.324s] -- Up-to-date: /home/ethereal/rm_2025/rmul_nav_2025/install/pb_rm_interfaces/include/pb_rm_interfaces/pb_rm_interfaces/msg/rosidl_typesupport_introspection_c__visibility_control.h
[0.324s] -- Up-to-date: /home/ethereal/rm_2025/rmul_nav_2025/install/pb_rm_interfaces/lib/libpb_rm_interfaces__rosidl_typesupport_introspection_c.so
[0.325s] -- Up-to-date: /home/ethereal/rm_2025/rmul_nav_2025/install/pb_rm_interfaces/lib/libpb_rm_interfaces__rosidl_typesupport_c.so
[0.325s] -- Up-to-date: /home/ethereal/rm_2025/rmul_nav_2025/install/pb_rm_interfaces/include/pb_rm_interfaces/pb_rm_interfaces
[0.325s] -- Up-to-date: /home/ethereal/rm_2025/rmul_nav_2025/install/pb_rm_interfaces/include/pb_rm_interfaces/pb_rm_interfaces/msg
[0.325s] -- Up-to-date: /home/ethereal/rm_2025/rmul_nav_2025/install/pb_rm_interfaces/include/pb_rm_interfaces/pb_rm_interfaces/msg/game_robot_hp.hpp
[0.325s] -- Up-to-date: /home/ethereal/rm_2025/rmul_nav_2025/install/pb_rm_interfaces/include/pb_rm_interfaces/pb_rm_interfaces/msg/rfid_status.hpp
[0.325s] -- Up-to-date: /home/ethereal/rm_2025/rmul_nav_2025/install/pb_rm_interfaces/include/pb_rm_interfaces/pb_rm_interfaces/msg/game_status.hpp
[0.325s] -- Up-to-date: /home/ethereal/rm_2025/rmul_nav_2025/install/pb_rm_interfaces/include/pb_rm_interfaces/pb_rm_interfaces/msg/buff.hpp
[0.325s] -- Up-to-date: /home/ethereal/rm_2025/rmul_nav_2025/install/pb_rm_interfaces/include/pb_rm_interfaces/pb_rm_interfaces/msg/event_data.hpp
[0.325s] -- Up-to-date: /home/ethereal/rm_2025/rmul_nav_2025/install/pb_rm_interfaces/include/pb_rm_interfaces/pb_rm_interfaces/msg/gimbal_cmd.hpp
[0.325s] -- Up-to-date: /home/ethereal/rm_2025/rmul_nav_2025/install/pb_rm_interfaces/include/pb_rm_interfaces/pb_rm_interfaces/msg/detail
[0.325s] -- Up-to-date: /home/ethereal/rm_2025/rmul_nav_2025/install/pb_rm_interfaces/include/pb_rm_interfaces/pb_rm_interfaces/msg/detail/game_status__traits.hpp
[0.325s] -- Up-to-date: /home/ethereal/rm_2025/rmul_nav_2025/install/pb_rm_interfaces/include/pb_rm_interfaces/pb_rm_interfaces/msg/detail/robot_state_info__struct.hpp
[0.325s] -- Up-to-date: /home/ethereal/rm_2025/rmul_nav_2025/install/pb_rm_interfaces/include/pb_rm_interfaces/pb_rm_interfaces/msg/detail/ground_robot_position__struct.hpp
[0.325s] -- Up-to-date: /home/ethereal/rm_2025/rmul_nav_2025/install/pb_rm_interfaces/include/pb_rm_interfaces/pb_rm_interfaces/msg/detail/event_data__type_support.hpp
[0.325s] -- Up-to-date: /home/ethereal/rm_2025/rmul_nav_2025/install/pb_rm_interfaces/include/pb_rm_interfaces/pb_rm_interfaces/msg/detail/rfid_status__builder.hpp
[0.325s] -- Up-to-date: /home/ethereal/rm_2025/rmul_nav_2025/install/pb_rm_interfaces/include/pb_rm_interfaces/pb_rm_interfaces/msg/detail/models__builder.hpp
[0.325s] -- Up-to-date: /home/ethereal/rm_2025/rmul_nav_2025/install/pb_rm_interfaces/include/pb_rm_interfaces/pb_rm_interfaces/msg/detail/gimbal_cmd__type_support.hpp
[0.325s] -- Up-to-date: /home/ethereal/rm_2025/rmul_nav_2025/install/pb_rm_interfaces/include/pb_rm_interfaces/pb_rm_interfaces/msg/detail/robot_state_info__type_support.hpp
[0.325s] -- Up-to-date: /home/ethereal/rm_2025/rmul_nav_2025/install/pb_rm_interfaces/include/pb_rm_interfaces/pb_rm_interfaces/msg/detail/robot_status__traits.hpp
[0.325s] -- Up-to-date: /home/ethereal/rm_2025/rmul_nav_2025/install/pb_rm_interfaces/include/pb_rm_interfaces/pb_rm_interfaces/msg/detail/game_robot_hp__type_support.hpp
[0.325s] -- Up-to-date: /home/ethereal/rm_2025/rmul_nav_2025/install/pb_rm_interfaces/include/pb_rm_interfaces/pb_rm_interfaces/msg/detail/models__struct.hpp
[0.325s] -- Up-to-date: /home/ethereal/rm_2025/rmul_nav_2025/install/pb_rm_interfaces/include/pb_rm_interfaces/pb_rm_interfaces/msg/detail/models__type_support.hpp
[0.325s] -- Up-to-date: /home/ethereal/rm_2025/rmul_nav_2025/install/pb_rm_interfaces/include/pb_rm_interfaces/pb_rm_interfaces/msg/detail/robot_state_info__traits.hpp
[0.326s] -- Up-to-date: /home/ethereal/rm_2025/rmul_nav_2025/install/pb_rm_interfaces/include/pb_rm_interfaces/pb_rm_interfaces/msg/detail/game_robot_hp__builder.hpp
[0.326s] -- Up-to-date: /home/ethereal/rm_2025/rmul_nav_2025/install/pb_rm_interfaces/include/pb_rm_interfaces/pb_rm_interfaces/msg/detail/gimbal_cmd__struct.hpp
[0.326s] -- Up-to-date: /home/ethereal/rm_2025/rmul_nav_2025/install/pb_rm_interfaces/include/pb_rm_interfaces/pb_rm_interfaces/msg/detail/game_status__builder.hpp
[0.326s] -- Up-to-date: /home/ethereal/rm_2025/rmul_nav_2025/install/pb_rm_interfaces/include/pb_rm_interfaces/pb_rm_interfaces/msg/detail/event_data__builder.hpp
[0.326s] -- Up-to-date: /home/ethereal/rm_2025/rmul_nav_2025/install/pb_rm_interfaces/include/pb_rm_interfaces/pb_rm_interfaces/msg/detail/buff__builder.hpp
[0.326s] -- Up-to-date: /home/ethereal/rm_2025/rmul_nav_2025/install/pb_rm_interfaces/include/pb_rm_interfaces/pb_rm_interfaces/msg/detail/rfid_status__type_support.hpp
[0.326s] -- Up-to-date: /home/ethereal/rm_2025/rmul_nav_2025/install/pb_rm_interfaces/include/pb_rm_interfaces/pb_rm_interfaces/msg/detail/game_robot_hp__traits.hpp
[0.326s] -- Up-to-date: /home/ethereal/rm_2025/rmul_nav_2025/install/pb_rm_interfaces/include/pb_rm_interfaces/pb_rm_interfaces/msg/detail/buff__type_support.hpp
[0.326s] -- Up-to-date: /home/ethereal/rm_2025/rmul_nav_2025/install/pb_rm_interfaces/include/pb_rm_interfaces/pb_rm_interfaces/msg/detail/robot_status__struct.hpp
[0.326s] -- Up-to-date: /home/ethereal/rm_2025/rmul_nav_2025/install/pb_rm_interfaces/include/pb_rm_interfaces/pb_rm_interfaces/msg/detail/buff__traits.hpp
[0.326s] -- Up-to-date: /home/ethereal/rm_2025/rmul_nav_2025/install/pb_rm_interfaces/include/pb_rm_interfaces/pb_rm_interfaces/msg/detail/rfid_status__struct.hpp
[0.326s] -- Up-to-date: /home/ethereal/rm_2025/rmul_nav_2025/install/pb_rm_interfaces/include/pb_rm_interfaces/pb_rm_interfaces/msg/detail/gimbal_cmd__traits.hpp
[0.326s] -- Up-to-date: /home/ethereal/rm_2025/rmul_nav_2025/install/pb_rm_interfaces/include/pb_rm_interfaces/pb_rm_interfaces/msg/detail/ground_robot_position__builder.hpp
[0.326s] -- Up-to-date: /home/ethereal/rm_2025/rmul_nav_2025/install/pb_rm_interfaces/include/pb_rm_interfaces/pb_rm_interfaces/msg/detail/gimbal__struct.hpp
[0.326s] -- Up-to-date: /home/ethereal/rm_2025/rmul_nav_2025/install/pb_rm_interfaces/include/pb_rm_interfaces/pb_rm_interfaces/msg/detail/ground_robot_position__type_support.hpp
[0.326s] -- Up-to-date: /home/ethereal/rm_2025/rmul_nav_2025/install/pb_rm_interfaces/include/pb_rm_interfaces/pb_rm_interfaces/msg/detail/event_data__struct.hpp
[0.326s] -- Up-to-date: /home/ethereal/rm_2025/rmul_nav_2025/install/pb_rm_interfaces/include/pb_rm_interfaces/pb_rm_interfaces/msg/detail/game_status__struct.hpp
[0.326s] -- Up-to-date: /home/ethereal/rm_2025/rmul_nav_2025/install/pb_rm_interfaces/include/pb_rm_interfaces/pb_rm_interfaces/msg/detail/robot_status__builder.hpp
[0.326s] -- Up-to-date: /home/ethereal/rm_2025/rmul_nav_2025/install/pb_rm_interfaces/include/pb_rm_interfaces/pb_rm_interfaces/msg/detail/ground_robot_position__traits.hpp
[0.326s] -- Up-to-date: /home/ethereal/rm_2025/rmul_nav_2025/install/pb_rm_interfaces/include/pb_rm_interfaces/pb_rm_interfaces/msg/detail/gimbal__type_support.hpp
[0.326s] -- Up-to-date: /home/ethereal/rm_2025/rmul_nav_2025/install/pb_rm_interfaces/include/pb_rm_interfaces/pb_rm_interfaces/msg/detail/gimbal__builder.hpp
[0.326s] -- Up-to-date: /home/ethereal/rm_2025/rmul_nav_2025/install/pb_rm_interfaces/include/pb_rm_interfaces/pb_rm_interfaces/msg/detail/buff__struct.hpp
[0.326s] -- Up-to-date: /home/ethereal/rm_2025/rmul_nav_2025/install/pb_rm_interfaces/include/pb_rm_interfaces/pb_rm_interfaces/msg/detail/gimbal_cmd__builder.hpp
[0.326s] -- Up-to-date: /home/ethereal/rm_2025/rmul_nav_2025/install/pb_rm_interfaces/include/pb_rm_interfaces/pb_rm_interfaces/msg/detail/gimbal__traits.hpp
[0.327s] -- Up-to-date: /home/ethereal/rm_2025/rmul_nav_2025/install/pb_rm_interfaces/include/pb_rm_interfaces/pb_rm_interfaces/msg/detail/game_robot_hp__struct.hpp
[0.327s] -- Up-to-date: /home/ethereal/rm_2025/rmul_nav_2025/install/pb_rm_interfaces/include/pb_rm_interfaces/pb_rm_interfaces/msg/detail/robot_status__type_support.hpp
[0.327s] -- Up-to-date: /home/ethereal/rm_2025/rmul_nav_2025/install/pb_rm_interfaces/include/pb_rm_interfaces/pb_rm_interfaces/msg/detail/rfid_status__traits.hpp
[0.327s] -- Up-to-date: /home/ethereal/rm_2025/rmul_nav_2025/install/pb_rm_interfaces/include/pb_rm_interfaces/pb_rm_interfaces/msg/detail/event_data__traits.hpp
[0.327s] -- Up-to-date: /home/ethereal/rm_2025/rmul_nav_2025/install/pb_rm_interfaces/include/pb_rm_interfaces/pb_rm_interfaces/msg/detail/models__traits.hpp
[0.327s] -- Up-to-date: /home/ethereal/rm_2025/rmul_nav_2025/install/pb_rm_interfaces/include/pb_rm_interfaces/pb_rm_interfaces/msg/detail/game_status__type_support.hpp
[0.327s] -- Up-to-date: /home/ethereal/rm_2025/rmul_nav_2025/install/pb_rm_interfaces/include/pb_rm_interfaces/pb_rm_interfaces/msg/detail/robot_state_info__builder.hpp
[0.327s] -- Up-to-date: /home/ethereal/rm_2025/rmul_nav_2025/install/pb_rm_interfaces/include/pb_rm_interfaces/pb_rm_interfaces/msg/models.hpp
[0.327s] -- Up-to-date: /home/ethereal/rm_2025/rmul_nav_2025/install/pb_rm_interfaces/include/pb_rm_interfaces/pb_rm_interfaces/msg/robot_state_info.hpp
[0.327s] -- Up-to-date: /home/ethereal/rm_2025/rmul_nav_2025/install/pb_rm_interfaces/include/pb_rm_interfaces/pb_rm_interfaces/msg/ground_robot_position.hpp
[0.327s] -- Up-to-date: /home/ethereal/rm_2025/rmul_nav_2025/install/pb_rm_interfaces/include/pb_rm_interfaces/pb_rm_interfaces/msg/rosidl_generator_cpp__visibility_control.hpp
[0.327s] -- Up-to-date: /home/ethereal/rm_2025/rmul_nav_2025/install/pb_rm_interfaces/include/pb_rm_interfaces/pb_rm_interfaces/msg/robot_status.hpp
[0.327s] -- Up-to-date: /home/ethereal/rm_2025/rmul_nav_2025/install/pb_rm_interfaces/include/pb_rm_interfaces/pb_rm_interfaces/msg/gimbal.hpp
[0.327s] -- Up-to-date: /home/ethereal/rm_2025/rmul_nav_2025/install/pb_rm_interfaces/include/pb_rm_interfaces/pb_rm_interfaces
[0.327s] -- Up-to-date: /home/ethereal/rm_2025/rmul_nav_2025/install/pb_rm_interfaces/include/pb_rm_interfaces/pb_rm_interfaces/msg
[0.327s] -- Up-to-date: /home/ethereal/rm_2025/rmul_nav_2025/install/pb_rm_interfaces/include/pb_rm_interfaces/pb_rm_interfaces/msg/detail
[0.327s] -- Up-to-date: /home/ethereal/rm_2025/rmul_nav_2025/install/pb_rm_interfaces/include/pb_rm_interfaces/pb_rm_interfaces/msg/detail/buff__rosidl_typesupport_fastrtps_cpp.hpp
[0.328s] -- Up-to-date: /home/ethereal/rm_2025/rmul_nav_2025/install/pb_rm_interfaces/include/pb_rm_interfaces/pb_rm_interfaces/msg/detail/game_status__rosidl_typesupport_fastrtps_cpp.hpp
[0.328s] -- Up-to-date: /home/ethereal/rm_2025/rmul_nav_2025/install/pb_rm_interfaces/include/pb_rm_interfaces/pb_rm_interfaces/msg/detail/models__rosidl_typesupport_fastrtps_cpp.hpp
[0.328s] -- Up-to-date: /home/ethereal/rm_2025/rmul_nav_2025/install/pb_rm_interfaces/include/pb_rm_interfaces/pb_rm_interfaces/msg/detail/robot_state_info__rosidl_typesupport_fastrtps_cpp.hpp
[0.328s] -- Up-to-date: /home/ethereal/rm_2025/rmul_nav_2025/install/pb_rm_interfaces/include/pb_rm_interfaces/pb_rm_interfaces/msg/detail/rfid_status__rosidl_typesupport_fastrtps_cpp.hpp
[0.328s] -- Up-to-date: /home/ethereal/rm_2025/rmul_nav_2025/install/pb_rm_interfaces/include/pb_rm_interfaces/pb_rm_interfaces/msg/detail/robot_status__rosidl_typesupport_fastrtps_cpp.hpp
[0.328s] -- Up-to-date: /home/ethereal/rm_2025/rmul_nav_2025/install/pb_rm_interfaces/include/pb_rm_interfaces/pb_rm_interfaces/msg/detail/ground_robot_position__rosidl_typesupport_fastrtps_cpp.hpp
[0.328s] -- Up-to-date: /home/ethereal/rm_2025/rmul_nav_2025/install/pb_rm_interfaces/include/pb_rm_interfaces/pb_rm_interfaces/msg/detail/dds_fastrtps
[0.328s] -- Up-to-date: /home/ethereal/rm_2025/rmul_nav_2025/install/pb_rm_interfaces/include/pb_rm_interfaces/pb_rm_interfaces/msg/detail/gimbal_cmd__rosidl_typesupport_fastrtps_cpp.hpp
[0.328s] -- Up-to-date: /home/ethereal/rm_2025/rmul_nav_2025/install/pb_rm_interfaces/include/pb_rm_interfaces/pb_rm_interfaces/msg/detail/gimbal__rosidl_typesupport_fastrtps_cpp.hpp
[0.328s] -- Up-to-date: /home/ethereal/rm_2025/rmul_nav_2025/install/pb_rm_interfaces/include/pb_rm_interfaces/pb_rm_interfaces/msg/detail/game_robot_hp__rosidl_typesupport_fastrtps_cpp.hpp
[0.328s] -- Up-to-date: /home/ethereal/rm_2025/rmul_nav_2025/install/pb_rm_interfaces/include/pb_rm_interfaces/pb_rm_interfaces/msg/detail/event_data__rosidl_typesupport_fastrtps_cpp.hpp
[0.328s] -- Up-to-date: /home/ethereal/rm_2025/rmul_nav_2025/install/pb_rm_interfaces/include/pb_rm_interfaces/pb_rm_interfaces/msg/rosidl_typesupport_fastrtps_cpp__visibility_control.h
[0.328s] -- Up-to-date: /home/ethereal/rm_2025/rmul_nav_2025/install/pb_rm_interfaces/lib/libpb_rm_interfaces__rosidl_typesupport_fastrtps_cpp.so
[0.328s] -- Up-to-date: /home/ethereal/rm_2025/rmul_nav_2025/install/pb_rm_interfaces/include/pb_rm_interfaces/pb_rm_interfaces
[0.328s] -- Up-to-date: /home/ethereal/rm_2025/rmul_nav_2025/install/pb_rm_interfaces/include/pb_rm_interfaces/pb_rm_interfaces/msg
[0.328s] -- Up-to-date: /home/ethereal/rm_2025/rmul_nav_2025/install/pb_rm_interfaces/include/pb_rm_interfaces/pb_rm_interfaces/msg/detail
[0.328s] -- Up-to-date: /home/ethereal/rm_2025/rmul_nav_2025/install/pb_rm_interfaces/include/pb_rm_interfaces/pb_rm_interfaces/msg/detail/game_status__rosidl_typesupport_introspection_cpp.hpp
[0.328s] -- Up-to-date: /home/ethereal/rm_2025/rmul_nav_2025/install/pb_rm_interfaces/include/pb_rm_interfaces/pb_rm_interfaces/msg/detail/gimbal__type_support.cpp
[0.328s] -- Up-to-date: /home/ethereal/rm_2025/rmul_nav_2025/install/pb_rm_interfaces/include/pb_rm_interfaces/pb_rm_interfaces/msg/detail/rfid_status__type_support.cpp
[0.328s] -- Up-to-date: /home/ethereal/rm_2025/rmul_nav_2025/install/pb_rm_interfaces/include/pb_rm_interfaces/pb_rm_interfaces/msg/detail/ground_robot_position__type_support.cpp
[0.329s] -- Up-to-date: /home/ethereal/rm_2025/rmul_nav_2025/install/pb_rm_interfaces/include/pb_rm_interfaces/pb_rm_interfaces/msg/detail/game_status__type_support.cpp
[0.329s] -- Up-to-date: /home/ethereal/rm_2025/rmul_nav_2025/install/pb_rm_interfaces/include/pb_rm_interfaces/pb_rm_interfaces/msg/detail/event_data__rosidl_typesupport_introspection_cpp.hpp
[0.329s] -- Up-to-date: /home/ethereal/rm_2025/rmul_nav_2025/install/pb_rm_interfaces/include/pb_rm_interfaces/pb_rm_interfaces/msg/detail/robot_status__rosidl_typesupport_introspection_cpp.hpp
[0.329s] -- Up-to-date: /home/ethereal/rm_2025/rmul_nav_2025/install/pb_rm_interfaces/include/pb_rm_interfaces/pb_rm_interfaces/msg/detail/buff__rosidl_typesupport_introspection_cpp.hpp
[0.329s] -- Up-to-date: /home/ethereal/rm_2025/rmul_nav_2025/install/pb_rm_interfaces/include/pb_rm_interfaces/pb_rm_interfaces/msg/detail/gimbal_cmd__type_support.cpp
[0.329s] -- Up-to-date: /home/ethereal/rm_2025/rmul_nav_2025/install/pb_rm_interfaces/include/pb_rm_interfaces/pb_rm_interfaces/msg/detail/rfid_status__rosidl_typesupport_introspection_cpp.hpp
[0.329s] -- Up-to-date: /home/ethereal/rm_2025/rmul_nav_2025/install/pb_rm_interfaces/include/pb_rm_interfaces/pb_rm_interfaces/msg/detail/buff__type_support.cpp
[0.329s] -- Up-to-date: /home/ethereal/rm_2025/rmul_nav_2025/install/pb_rm_interfaces/include/pb_rm_interfaces/pb_rm_interfaces/msg/detail/robot_state_info__type_support.cpp
[0.329s] -- Up-to-date: /home/ethereal/rm_2025/rmul_nav_2025/install/pb_rm_interfaces/include/pb_rm_interfaces/pb_rm_interfaces/msg/detail/event_data__type_support.cpp
[0.329s] -- Up-to-date: /home/ethereal/rm_2025/rmul_nav_2025/install/pb_rm_interfaces/include/pb_rm_interfaces/pb_rm_interfaces/msg/detail/models__rosidl_typesupport_introspection_cpp.hpp
[0.329s] -- Up-to-date: /home/ethereal/rm_2025/rmul_nav_2025/install/pb_rm_interfaces/include/pb_rm_interfaces/pb_rm_interfaces/msg/detail/gimbal__rosidl_typesupport_introspection_cpp.hpp
[0.329s] -- Up-to-date: /home/ethereal/rm_2025/rmul_nav_2025/install/pb_rm_interfaces/include/pb_rm_interfaces/pb_rm_interfaces/msg/detail/robot_status__type_support.cpp
[0.329s] -- Up-to-date: /home/ethereal/rm_2025/rmul_nav_2025/install/pb_rm_interfaces/include/pb_rm_interfaces/pb_rm_interfaces/msg/detail/models__type_support.cpp
[0.329s] -- Up-to-date: /home/ethereal/rm_2025/rmul_nav_2025/install/pb_rm_interfaces/include/pb_rm_interfaces/pb_rm_interfaces/msg/detail/gimbal_cmd__rosidl_typesupport_introspection_cpp.hpp
[0.329s] -- Up-to-date: /home/ethereal/rm_2025/rmul_nav_2025/install/pb_rm_interfaces/include/pb_rm_interfaces/pb_rm_interfaces/msg/detail/game_robot_hp__rosidl_typesupport_introspection_cpp.hpp
[0.329s] -- Up-to-date: /home/ethereal/rm_2025/rmul_nav_2025/install/pb_rm_interfaces/include/pb_rm_interfaces/pb_rm_interfaces/msg/detail/robot_state_info__rosidl_typesupport_introspection_cpp.hpp
[0.329s] -- Up-to-date: /home/ethereal/rm_2025/rmul_nav_2025/install/pb_rm_interfaces/include/pb_rm_interfaces/pb_rm_interfaces/msg/detail/game_robot_hp__type_support.cpp
[0.329s] -- Up-to-date: /home/ethereal/rm_2025/rmul_nav_2025/install/pb_rm_interfaces/include/pb_rm_interfaces/pb_rm_interfaces/msg/detail/ground_robot_position__rosidl_typesupport_introspection_cpp.hpp
[0.329s] -- Up-to-date: /home/ethereal/rm_2025/rmul_nav_2025/install/pb_rm_interfaces/lib/libpb_rm_interfaces__rosidl_typesupport_introspection_cpp.so
[0.329s] -- Up-to-date: /home/ethereal/rm_2025/rmul_nav_2025/install/pb_rm_interfaces/lib/libpb_rm_interfaces__rosidl_typesupport_cpp.so
[0.329s] -- Up-to-date: /home/ethereal/rm_2025/rmul_nav_2025/install/pb_rm_interfaces/share/pb_rm_interfaces/environment/pythonpath.sh
[0.329s] -- Up-to-date: /home/ethereal/rm_2025/rmul_nav_2025/install/pb_rm_interfaces/share/pb_rm_interfaces/environment/pythonpath.dsv
[0.329s] -- Up-to-date: /home/ethereal/rm_2025/rmul_nav_2025/install/pb_rm_interfaces/local/lib/python3.10/dist-packages/pb_rm_interfaces-1.0.0-py3.10.egg-info
[0.329s] -- Installing: /home/ethereal/rm_2025/rmul_nav_2025/install/pb_rm_interfaces/local/lib/python3.10/dist-packages/pb_rm_interfaces-1.0.0-py3.10.egg-info/SOURCES.txt
[0.329s] -- Installing: /home/ethereal/rm_2025/rmul_nav_2025/install/pb_rm_interfaces/local/lib/python3.10/dist-packages/pb_rm_interfaces-1.0.0-py3.10.egg-info/top_level.txt
[0.330s] -- Installing: /home/ethereal/rm_2025/rmul_nav_2025/install/pb_rm_interfaces/local/lib/python3.10/dist-packages/pb_rm_interfaces-1.0.0-py3.10.egg-info/dependency_links.txt
[0.330s] -- Installing: /home/ethereal/rm_2025/rmul_nav_2025/install/pb_rm_interfaces/local/lib/python3.10/dist-packages/pb_rm_interfaces-1.0.0-py3.10.egg-info/PKG-INFO
[0.330s] -- Up-to-date: /home/ethereal/rm_2025/rmul_nav_2025/install/pb_rm_interfaces/local/lib/python3.10/dist-packages/pb_rm_interfaces
[0.330s] -- Up-to-date: /home/ethereal/rm_2025/rmul_nav_2025/install/pb_rm_interfaces/local/lib/python3.10/dist-packages/pb_rm_interfaces/_pb_rm_interfaces_s.ep.rosidl_typesupport_introspection_c.c
[0.330s] -- Up-to-date: /home/ethereal/rm_2025/rmul_nav_2025/install/pb_rm_interfaces/local/lib/python3.10/dist-packages/pb_rm_interfaces/msg
[0.330s] -- Up-to-date: /home/ethereal/rm_2025/rmul_nav_2025/install/pb_rm_interfaces/local/lib/python3.10/dist-packages/pb_rm_interfaces/msg/_gimbal.py
[0.330s] -- Up-to-date: /home/ethereal/rm_2025/rmul_nav_2025/install/pb_rm_interfaces/local/lib/python3.10/dist-packages/pb_rm_interfaces/msg/_game_status_s.c
[0.330s] -- Up-to-date: /home/ethereal/rm_2025/rmul_nav_2025/install/pb_rm_interfaces/local/lib/python3.10/dist-packages/pb_rm_interfaces/msg/_rfid_status_s.c
[0.330s] -- Up-to-date: /home/ethereal/rm_2025/rmul_nav_2025/install/pb_rm_interfaces/local/lib/python3.10/dist-packages/pb_rm_interfaces/msg/_rfid_status.py
[0.330s] -- Up-to-date: /home/ethereal/rm_2025/rmul_nav_2025/install/pb_rm_interfaces/local/lib/python3.10/dist-packages/pb_rm_interfaces/msg/_game_robot_hp.py
[0.330s] -- Up-to-date: /home/ethereal/rm_2025/rmul_nav_2025/install/pb_rm_interfaces/local/lib/python3.10/dist-packages/pb_rm_interfaces/msg/_event_data_s.c
[0.330s] -- Up-to-date: /home/ethereal/rm_2025/rmul_nav_2025/install/pb_rm_interfaces/local/lib/python3.10/dist-packages/pb_rm_interfaces/msg/_robot_status.py
[0.330s] -- Up-to-date: /home/ethereal/rm_2025/rmul_nav_2025/install/pb_rm_interfaces/local/lib/python3.10/dist-packages/pb_rm_interfaces/msg/_models_s.c
[0.330s] -- Up-to-date: /home/ethereal/rm_2025/rmul_nav_2025/install/pb_rm_interfaces/local/lib/python3.10/dist-packages/pb_rm_interfaces/msg/_models.py
[0.330s] -- Up-to-date: /home/ethereal/rm_2025/rmul_nav_2025/install/pb_rm_interfaces/local/lib/python3.10/dist-packages/pb_rm_interfaces/msg/_gimbal_s.c
[0.330s] -- Up-to-date: /home/ethereal/rm_2025/rmul_nav_2025/install/pb_rm_interfaces/local/lib/python3.10/dist-packages/pb_rm_interfaces/msg/_buff_s.c
[0.330s] -- Up-to-date: /home/ethereal/rm_2025/rmul_nav_2025/install/pb_rm_interfaces/local/lib/python3.10/dist-packages/pb_rm_interfaces/msg/_game_status.py
[0.330s] -- Up-to-date: /home/ethereal/rm_2025/rmul_nav_2025/install/pb_rm_interfaces/local/lib/python3.10/dist-packages/pb_rm_interfaces/msg/_buff.py
[0.330s] -- Up-to-date: /home/ethereal/rm_2025/rmul_nav_2025/install/pb_rm_interfaces/local/lib/python3.10/dist-packages/pb_rm_interfaces/msg/_gimbal_cmd.py
[0.330s] -- Up-to-date: /home/ethereal/rm_2025/rmul_nav_2025/install/pb_rm_interfaces/local/lib/python3.10/dist-packages/pb_rm_interfaces/msg/_ground_robot_position_s.c
[0.330s] -- Up-to-date: /home/ethereal/rm_2025/rmul_nav_2025/install/pb_rm_interfaces/local/lib/python3.10/dist-packages/pb_rm_interfaces/msg/_robot_status_s.c
[0.330s] -- Up-to-date: /home/ethereal/rm_2025/rmul_nav_2025/install/pb_rm_interfaces/local/lib/python3.10/dist-packages/pb_rm_interfaces/msg/_robot_state_info.py
[0.330s] -- Up-to-date: /home/ethereal/rm_2025/rmul_nav_2025/install/pb_rm_interfaces/local/lib/python3.10/dist-packages/pb_rm_interfaces/msg/_game_robot_hp_s.c
[0.330s] -- Up-to-date: /home/ethereal/rm_2025/rmul_nav_2025/install/pb_rm_interfaces/local/lib/python3.10/dist-packages/pb_rm_interfaces/msg/_event_data.py
[0.330s] -- Up-to-date: /home/ethereal/rm_2025/rmul_nav_2025/install/pb_rm_interfaces/local/lib/python3.10/dist-packages/pb_rm_interfaces/msg/_robot_state_info_s.c
[0.330s] -- Up-to-date: /home/ethereal/rm_2025/rmul_nav_2025/install/pb_rm_interfaces/local/lib/python3.10/dist-packages/pb_rm_interfaces/msg/_gimbal_cmd_s.c
[0.331s] -- Up-to-date: /home/ethereal/rm_2025/rmul_nav_2025/install/pb_rm_interfaces/local/lib/python3.10/dist-packages/pb_rm_interfaces/msg/_ground_robot_position.py
[0.331s] -- Up-to-date: /home/ethereal/rm_2025/rmul_nav_2025/install/pb_rm_interfaces/local/lib/python3.10/dist-packages/pb_rm_interfaces/msg/__init__.py
[0.331s] -- Up-to-date: /home/ethereal/rm_2025/rmul_nav_2025/install/pb_rm_interfaces/local/lib/python3.10/dist-packages/pb_rm_interfaces/_pb_rm_interfaces_s.ep.rosidl_typesupport_fastrtps_c.c
[0.331s] -- Up-to-date: /home/ethereal/rm_2025/rmul_nav_2025/install/pb_rm_interfaces/local/lib/python3.10/dist-packages/pb_rm_interfaces/pb_rm_interfaces_s__rosidl_typesupport_introspection_c.cpython-310-x86_64-linux-gnu.so
[0.331s] -- Up-to-date: /home/ethereal/rm_2025/rmul_nav_2025/install/pb_rm_interfaces/local/lib/python3.10/dist-packages/pb_rm_interfaces/pb_rm_interfaces_s__rosidl_typesupport_fastrtps_c.cpython-310-x86_64-linux-gnu.so
[0.331s] -- Up-to-date: /home/ethereal/rm_2025/rmul_nav_2025/install/pb_rm_interfaces/local/lib/python3.10/dist-packages/pb_rm_interfaces/pb_rm_interfaces_s__rosidl_typesupport_c.cpython-310-x86_64-linux-gnu.so
[0.331s] -- Up-to-date: /home/ethereal/rm_2025/rmul_nav_2025/install/pb_rm_interfaces/local/lib/python3.10/dist-packages/pb_rm_interfaces/_pb_rm_interfaces_s.ep.rosidl_typesupport_c.c
[0.331s] -- Up-to-date: /home/ethereal/rm_2025/rmul_nav_2025/install/pb_rm_interfaces/local/lib/python3.10/dist-packages/pb_rm_interfaces/libpb_rm_interfaces__rosidl_generator_py.so
[0.331s] -- Up-to-date: /home/ethereal/rm_2025/rmul_nav_2025/install/pb_rm_interfaces/local/lib/python3.10/dist-packages/pb_rm_interfaces/__init__.py
[0.346s] Listing '/home/ethereal/rm_2025/rmul_nav_2025/install/pb_rm_interfaces/local/lib/python3.10/dist-packages/pb_rm_interfaces'...
[0.346s] Listing '/home/ethereal/rm_2025/rmul_nav_2025/install/pb_rm_interfaces/local/lib/python3.10/dist-packages/pb_rm_interfaces/msg'...
[0.349s] -- Up-to-date: /home/ethereal/rm_2025/rmul_nav_2025/install/pb_rm_interfaces/local/lib/python3.10/dist-packages/pb_rm_interfaces/pb_rm_interfaces_s__rosidl_typesupport_fastrtps_c.cpython-310-x86_64-linux-gnu.so
[0.350s] -- Up-to-date: /home/ethereal/rm_2025/rmul_nav_2025/install/pb_rm_interfaces/local/lib/python3.10/dist-packages/pb_rm_interfaces/pb_rm_interfaces_s__rosidl_typesupport_introspection_c.cpython-310-x86_64-linux-gnu.so
[0.351s] -- Up-to-date: /home/ethereal/rm_2025/rmul_nav_2025/install/pb_rm_interfaces/local/lib/python3.10/dist-packages/pb_rm_interfaces/pb_rm_interfaces_s__rosidl_typesupport_c.cpython-310-x86_64-linux-gnu.so
[0.351s] -- Up-to-date: /home/ethereal/rm_2025/rmul_nav_2025/install/pb_rm_interfaces/lib/libpb_rm_interfaces__rosidl_generator_py.so
[0.351s] -- Up-to-date: /home/ethereal/rm_2025/rmul_nav_2025/install/pb_rm_interfaces/share/pb_rm_interfaces/msg/Buff.idl
[0.352s] -- Up-to-date: /home/ethereal/rm_2025/rmul_nav_2025/install/pb_rm_interfaces/share/pb_rm_interfaces/msg/EventData.idl
[0.352s] -- Up-to-date: /home/ethereal/rm_2025/rmul_nav_2025/install/pb_rm_interfaces/share/pb_rm_interfaces/msg/GameRobotHP.idl
[0.352s] -- Up-to-date: /home/ethereal/rm_2025/rmul_nav_2025/install/pb_rm_interfaces/share/pb_rm_interfaces/msg/GameStatus.idl
[0.352s] -- Up-to-date: /home/ethereal/rm_2025/rmul_nav_2025/install/pb_rm_interfaces/share/pb_rm_interfaces/msg/GroundRobotPosition.idl
[0.352s] -- Up-to-date: /home/ethereal/rm_2025/rmul_nav_2025/install/pb_rm_interfaces/share/pb_rm_interfaces/msg/RfidStatus.idl
[0.352s] -- Up-to-date: /home/ethereal/rm_2025/rmul_nav_2025/install/pb_rm_interfaces/share/pb_rm_interfaces/msg/RobotStatus.idl
[0.352s] -- Up-to-date: /home/ethereal/rm_2025/rmul_nav_2025/install/pb_rm_interfaces/share/pb_rm_interfaces/msg/Gimbal.idl
[0.352s] -- Up-to-date: /home/ethereal/rm_2025/rmul_nav_2025/install/pb_rm_interfaces/share/pb_rm_interfaces/msg/GimbalCmd.idl
[0.352s] -- Up-to-date: /home/ethereal/rm_2025/rmul_nav_2025/install/pb_rm_interfaces/share/pb_rm_interfaces/msg/Models.idl
[0.353s] -- Up-to-date: /home/ethereal/rm_2025/rmul_nav_2025/install/pb_rm_interfaces/share/pb_rm_interfaces/msg/RobotStateInfo.idl
[0.353s] -- Up-to-date: /home/ethereal/rm_2025/rmul_nav_2025/install/pb_rm_interfaces/share/pb_rm_interfaces/referee/Buff.msg
[0.353s] -- Up-to-date: /home/ethereal/rm_2025/rmul_nav_2025/install/pb_rm_interfaces/share/pb_rm_interfaces/referee/EventData.msg
[0.353s] -- Up-to-date: /home/ethereal/rm_2025/rmul_nav_2025/install/pb_rm_interfaces/share/pb_rm_interfaces/referee/GameRobotHP.msg
[0.353s] -- Up-to-date: /home/ethereal/rm_2025/rmul_nav_2025/install/pb_rm_interfaces/share/pb_rm_interfaces/referee/GameStatus.msg
[0.353s] -- Up-to-date: /home/ethereal/rm_2025/rmul_nav_2025/install/pb_rm_interfaces/share/pb_rm_interfaces/referee/GroundRobotPosition.msg
[0.353s] -- Up-to-date: /home/ethereal/rm_2025/rmul_nav_2025/install/pb_rm_interfaces/share/pb_rm_interfaces/referee/RfidStatus.msg
[0.354s] -- Up-to-date: /home/ethereal/rm_2025/rmul_nav_2025/install/pb_rm_interfaces/share/pb_rm_interfaces/referee/RobotStatus.msg
[0.354s] -- Up-to-date: /home/ethereal/rm_2025/rmul_nav_2025/install/pb_rm_interfaces/share/pb_rm_interfaces/msg/Gimbal.msg
[0.354s] -- Up-to-date: /home/ethereal/rm_2025/rmul_nav_2025/install/pb_rm_interfaces/share/pb_rm_interfaces/msg/GimbalCmd.msg
[0.354s] -- Up-to-date: /home/ethereal/rm_2025/rmul_nav_2025/install/pb_rm_interfaces/share/pb_rm_interfaces/msg/Models.msg
[0.354s] -- Up-to-date: /home/ethereal/rm_2025/rmul_nav_2025/install/pb_rm_interfaces/share/pb_rm_interfaces/msg/RobotStateInfo.msg
[0.355s] -- Up-to-date: /home/ethereal/rm_2025/rmul_nav_2025/install/pb_rm_interfaces/share/ament_index/resource_index/package_run_dependencies/pb_rm_interfaces
[0.355s] -- Up-to-date: /home/ethereal/rm_2025/rmul_nav_2025/install/pb_rm_interfaces/share/ament_index/resource_index/parent_prefix_path/pb_rm_interfaces
[0.355s] -- Up-to-date: /home/ethereal/rm_2025/rmul_nav_2025/install/pb_rm_interfaces/share/pb_rm_interfaces/environment/ament_prefix_path.sh
[0.355s] -- Up-to-date: /home/ethereal/rm_2025/rmul_nav_2025/install/pb_rm_interfaces/share/pb_rm_interfaces/environment/ament_prefix_path.dsv
[0.355s] -- Up-to-date: /home/ethereal/rm_2025/rmul_nav_2025/install/pb_rm_interfaces/share/pb_rm_interfaces/environment/path.sh
[0.355s] -- Up-to-date: /home/ethereal/rm_2025/rmul_nav_2025/install/pb_rm_interfaces/share/pb_rm_interfaces/environment/path.dsv
[0.355s] -- Up-to-date: /home/ethereal/rm_2025/rmul_nav_2025/install/pb_rm_interfaces/share/pb_rm_interfaces/local_setup.bash
[0.355s] -- Up-to-date: /home/ethereal/rm_2025/rmul_nav_2025/install/pb_rm_interfaces/share/pb_rm_interfaces/local_setup.sh
[0.355s] -- Up-to-date: /home/ethereal/rm_2025/rmul_nav_2025/install/pb_rm_interfaces/share/pb_rm_interfaces/local_setup.zsh
[0.355s] -- Up-to-date: /home/ethereal/rm_2025/rmul_nav_2025/install/pb_rm_interfaces/share/pb_rm_interfaces/local_setup.dsv
[0.356s] -- Installing: /home/ethereal/rm_2025/rmul_nav_2025/install/pb_rm_interfaces/share/pb_rm_interfaces/package.dsv
[0.356s] -- Up-to-date: /home/ethereal/rm_2025/rmul_nav_2025/install/pb_rm_interfaces/share/ament_index/resource_index/packages/pb_rm_interfaces
[0.356s] -- Up-to-date: /home/ethereal/rm_2025/rmul_nav_2025/install/pb_rm_interfaces/share/pb_rm_interfaces/cmake/export_pb_rm_interfaces__rosidl_generator_cExport.cmake
[0.356s] -- Up-to-date: /home/ethereal/rm_2025/rmul_nav_2025/install/pb_rm_interfaces/share/pb_rm_interfaces/cmake/export_pb_rm_interfaces__rosidl_generator_cExport-noconfig.cmake
[0.356s] -- Up-to-date: /home/ethereal/rm_2025/rmul_nav_2025/install/pb_rm_interfaces/share/pb_rm_interfaces/cmake/export_pb_rm_interfaces__rosidl_typesupport_fastrtps_cExport.cmake
[0.356s] -- Up-to-date: /home/ethereal/rm_2025/rmul_nav_2025/install/pb_rm_interfaces/share/pb_rm_interfaces/cmake/export_pb_rm_interfaces__rosidl_typesupport_fastrtps_cExport-noconfig.cmake
[0.356s] -- Up-to-date: /home/ethereal/rm_2025/rmul_nav_2025/install/pb_rm_interfaces/share/pb_rm_interfaces/cmake/pb_rm_interfaces__rosidl_typesupport_introspection_cExport.cmake
[0.356s] -- Up-to-date: /home/ethereal/rm_2025/rmul_nav_2025/install/pb_rm_interfaces/share/pb_rm_interfaces/cmake/pb_rm_interfaces__rosidl_typesupport_introspection_cExport-noconfig.cmake
[0.356s] -- Up-to-date: /home/ethereal/rm_2025/rmul_nav_2025/install/pb_rm_interfaces/share/pb_rm_interfaces/cmake/pb_rm_interfaces__rosidl_typesupport_cExport.cmake
[0.356s] -- Up-to-date: /home/ethereal/rm_2025/rmul_nav_2025/install/pb_rm_interfaces/share/pb_rm_interfaces/cmake/pb_rm_interfaces__rosidl_typesupport_cExport-noconfig.cmake
[0.357s] -- Up-to-date: /home/ethereal/rm_2025/rmul_nav_2025/install/pb_rm_interfaces/share/pb_rm_interfaces/cmake/export_pb_rm_interfaces__rosidl_generator_cppExport.cmake
[0.357s] -- Up-to-date: /home/ethereal/rm_2025/rmul_nav_2025/install/pb_rm_interfaces/share/pb_rm_interfaces/cmake/export_pb_rm_interfaces__rosidl_typesupport_fastrtps_cppExport.cmake
[0.357s] -- Up-to-date: /home/ethereal/rm_2025/rmul_nav_2025/install/pb_rm_interfaces/share/pb_rm_interfaces/cmake/export_pb_rm_interfaces__rosidl_typesupport_fastrtps_cppExport-noconfig.cmake
[0.357s] -- Up-to-date: /home/ethereal/rm_2025/rmul_nav_2025/install/pb_rm_interfaces/share/pb_rm_interfaces/cmake/pb_rm_interfaces__rosidl_typesupport_introspection_cppExport.cmake
[0.357s] -- Up-to-date: /home/ethereal/rm_2025/rmul_nav_2025/install/pb_rm_interfaces/share/pb_rm_interfaces/cmake/pb_rm_interfaces__rosidl_typesupport_introspection_cppExport-noconfig.cmake
[0.357s] -- Up-to-date: /home/ethereal/rm_2025/rmul_nav_2025/install/pb_rm_interfaces/share/pb_rm_interfaces/cmake/pb_rm_interfaces__rosidl_typesupport_cppExport.cmake
[0.357s] -- Up-to-date: /home/ethereal/rm_2025/rmul_nav_2025/install/pb_rm_interfaces/share/pb_rm_interfaces/cmake/pb_rm_interfaces__rosidl_typesupport_cppExport-noconfig.cmake
[0.357s] -- Up-to-date: /home/ethereal/rm_2025/rmul_nav_2025/install/pb_rm_interfaces/share/pb_rm_interfaces/cmake/export_pb_rm_interfaces__rosidl_generator_pyExport.cmake
[0.357s] -- Up-to-date: /home/ethereal/rm_2025/rmul_nav_2025/install/pb_rm_interfaces/share/pb_rm_interfaces/cmake/export_pb_rm_interfaces__rosidl_generator_pyExport-noconfig.cmake
[0.358s] -- Up-to-date: /home/ethereal/rm_2025/rmul_nav_2025/install/pb_rm_interfaces/share/pb_rm_interfaces/cmake/rosidl_cmake-extras.cmake
[0.358s] -- Up-to-date: /home/ethereal/rm_2025/rmul_nav_2025/install/pb_rm_interfaces/share/pb_rm_interfaces/cmake/ament_cmake_export_dependencies-extras.cmake
[0.358s] -- Up-to-date: /home/ethereal/rm_2025/rmul_nav_2025/install/pb_rm_interfaces/share/pb_rm_interfaces/cmake/ament_cmake_export_include_directories-extras.cmake
[0.358s] -- Up-to-date: /home/ethereal/rm_2025/rmul_nav_2025/install/pb_rm_interfaces/share/pb_rm_interfaces/cmake/ament_cmake_export_libraries-extras.cmake
[0.358s] -- Up-to-date: /home/ethereal/rm_2025/rmul_nav_2025/install/pb_rm_interfaces/share/pb_rm_interfaces/cmake/ament_cmake_export_targets-extras.cmake
[0.358s] -- Up-to-date: /home/ethereal/rm_2025/rmul_nav_2025/install/pb_rm_interfaces/share/pb_rm_interfaces/cmake/rosidl_cmake_export_typesupport_targets-extras.cmake
[0.358s] -- Up-to-date: /home/ethereal/rm_2025/rmul_nav_2025/install/pb_rm_interfaces/share/pb_rm_interfaces/cmake/rosidl_cmake_export_typesupport_libraries-extras.cmake
[0.358s] -- Up-to-date: /home/ethereal/rm_2025/rmul_nav_2025/install/pb_rm_interfaces/share/pb_rm_interfaces/cmake/pb_rm_interfacesConfig.cmake
[0.358s] -- Up-to-date: /home/ethereal/rm_2025/rmul_nav_2025/install/pb_rm_interfaces/share/pb_rm_interfaces/cmake/pb_rm_interfacesConfig-version.cmake
[0.359s] -- Up-to-date: /home/ethereal/rm_2025/rmul_nav_2025/install/pb_rm_interfaces/share/pb_rm_interfaces/package.xml
[0.385s] Invoked command in '/home/ethereal/rm_2025/rmul_nav_2025/build/pb_rm_interfaces' returned '0': CMAKE_PREFIX_PATH=/opt/ros/humble PS1=\[\e[1;32m\]\u@\h\[\e[0m\]:\[\e[1;34m\]\w\[\e[0m\]\$ /usr/bin/cmake --install /home/ethereal/rm_2025/rmul_nav_2025/build/pb_rm_interfaces
