[0.017s] Invoking command in '/home/ethereal/rm_2025/rmul_nav_2025/build/terminal_listener': AMENT_PREFIX_PATH=/home/ethereal/rm_2025/rmul_nav_2025/install/navigator_interfaces:${AMENT_PREFIX_PATH} CMAKE_PREFIX_PATH=/home/ethereal/rm_2025/rmul_nav_2025/install/navigator_interfaces:/opt/ros/humble LD_LIBRARY_PATH=/home/ethereal/rm_2025/rmul_nav_2025/install/navigator_interfaces/lib:${LD_LIBRARY_PATH} PS1=\[\e[1;32m\]\u@\h\[\e[0m\]:\[\e[1;34m\]\w\[\e[0m\]\$ PYTHONPATH=/home/ethereal/rm_2025/rmul_nav_2025/install/navigator_interfaces/local/lib/python3.10/dist-packages:${PYTHONPATH} /usr/bin/cmake /home/ethereal/rm_2025/rmul_nav_2025/src/Tool/terminal_listener -DCMAKE_INSTALL_PREFIX=/home/ethereal/rm_2025/rmul_nav_2025/install/terminal_listener
[0.052s] -- The C compiler identification is GNU 11.4.0
[0.096s] -- The CXX compiler identification is GNU 11.4.0
[0.101s] -- Detecting C compiler ABI info
[0.149s] -- Detecting C compiler ABI info - done
[0.154s] -- Check for working C compiler: /usr/bin/cc - skipped
[0.154s] -- Detecting C compile features
[0.155s] -- Detecting C compile features - done
[0.157s] -- Detecting CXX compiler ABI info
[0.218s] -- Detecting CXX compiler ABI info - done
[0.223s] -- Check for working CXX compiler: /usr/bin/c++ - skipped
[0.223s] -- Detecting CXX compile features
[0.223s] -- Detecting CXX compile features - done
[0.225s] -- Found ament_cmake: 1.3.11 (/opt/ros/humble/share/ament_cmake/cmake)
[0.347s] -- Found Python3: /usr/bin/python3 (found version "3.10.12") found components: Interpreter 
[0.445s] -- Found rclcpp: 16.0.11 (/opt/ros/humble/share/rclcpp/cmake)
[0.502s] -- Found rosidl_generator_c: 3.1.6 (/opt/ros/humble/share/rosidl_generator_c/cmake)
[0.508s] -- Found rosidl_adapter: 3.1.6 (/opt/ros/humble/share/rosidl_adapter/cmake)
[0.518s] -- Found rosidl_generator_cpp: 3.1.6 (/opt/ros/humble/share/rosidl_generator_cpp/cmake)
[0.530s] -- Using all available rosidl_typesupport_c: rosidl_typesupport_fastrtps_c;rosidl_typesupport_introspection_c
[0.542s] -- Using all available rosidl_typesupport_cpp: rosidl_typesupport_fastrtps_cpp;rosidl_typesupport_introspection_cpp
[0.588s] -- Found rmw_implementation_cmake: 6.1.2 (/opt/ros/humble/share/rmw_implementation_cmake/cmake)
[0.590s] -- Found rmw_fastrtps_cpp: 6.2.7 (/opt/ros/humble/share/rmw_fastrtps_cpp/cmake)
[0.681s] -- Found OpenSSL: /usr/lib/x86_64-linux-gnu/libcrypto.so (found version "3.0.2")  
[0.708s] -- Found FastRTPS: /opt/ros/humble/include  
[0.756s] -- Using RMW implementation 'rmw_fastrtps_cpp' as default
[0.763s] -- Looking for pthread.h
[0.839s] -- Looking for pthread.h - found
[0.840s] -- Performing Test CMAKE_HAVE_LIBC_PTHREAD
[0.913s] -- Performing Test CMAKE_HAVE_LIBC_PTHREAD - Success
[0.914s] -- Found Threads: TRUE  
[0.957s] -- Found geometry_msgs: 4.2.4 (/opt/ros/humble/share/geometry_msgs/cmake)
[0.973s] -- Found navigator_interfaces: 0.0.0 (/home/ethereal/rm_2025/rmul_nav_2025/install/navigator_interfaces/share/navigator_interfaces/cmake)
[1.050s] -- Configuring done
[1.064s] -- Generating done
[1.069s] -- Build files have been written to: /home/ethereal/rm_2025/rmul_nav_2025/build/terminal_listener
[1.079s] Invoked command in '/home/ethereal/rm_2025/rmul_nav_2025/build/terminal_listener' returned '0': AMENT_PREFIX_PATH=/home/ethereal/rm_2025/rmul_nav_2025/install/navigator_interfaces:${AMENT_PREFIX_PATH} CMAKE_PREFIX_PATH=/home/ethereal/rm_2025/rmul_nav_2025/install/navigator_interfaces:/opt/ros/humble LD_LIBRARY_PATH=/home/ethereal/rm_2025/rmul_nav_2025/install/navigator_interfaces/lib:${LD_LIBRARY_PATH} PS1=\[\e[1;32m\]\u@\h\[\e[0m\]:\[\e[1;34m\]\w\[\e[0m\]\$ PYTHONPATH=/home/ethereal/rm_2025/rmul_nav_2025/install/navigator_interfaces/local/lib/python3.10/dist-packages:${PYTHONPATH} /usr/bin/cmake /home/ethereal/rm_2025/rmul_nav_2025/src/Tool/terminal_listener -DCMAKE_INSTALL_PREFIX=/home/ethereal/rm_2025/rmul_nav_2025/install/terminal_listener
[1.081s] Invoking command in '/home/ethereal/rm_2025/rmul_nav_2025/build/terminal_listener': AMENT_PREFIX_PATH=/home/ethereal/rm_2025/rmul_nav_2025/install/navigator_interfaces:${AMENT_PREFIX_PATH} CMAKE_PREFIX_PATH=/home/ethereal/rm_2025/rmul_nav_2025/install/navigator_interfaces:/opt/ros/humble LD_LIBRARY_PATH=/home/ethereal/rm_2025/rmul_nav_2025/install/navigator_interfaces/lib:${LD_LIBRARY_PATH} PS1=\[\e[1;32m\]\u@\h\[\e[0m\]:\[\e[1;34m\]\w\[\e[0m\]\$ PYTHONPATH=/home/ethereal/rm_2025/rmul_nav_2025/install/navigator_interfaces/local/lib/python3.10/dist-packages:${PYTHONPATH} /usr/bin/cmake --build /home/ethereal/rm_2025/rmul_nav_2025/build/terminal_listener -- -j20 -l20
[1.121s] [ 50%] [32mBuilding CXX object CMakeFiles/terminal_listener.dir/src/terminal_listener.cpp.o[0m
[5.973s] [100%] [32m[1mLinking CXX executable terminal_listener[0m
[6.154s] [100%] Built target terminal_listener
[6.162s] Invoked command in '/home/ethereal/rm_2025/rmul_nav_2025/build/terminal_listener' returned '0': AMENT_PREFIX_PATH=/home/ethereal/rm_2025/rmul_nav_2025/install/navigator_interfaces:${AMENT_PREFIX_PATH} CMAKE_PREFIX_PATH=/home/ethereal/rm_2025/rmul_nav_2025/install/navigator_interfaces:/opt/ros/humble LD_LIBRARY_PATH=/home/ethereal/rm_2025/rmul_nav_2025/install/navigator_interfaces/lib:${LD_LIBRARY_PATH} PS1=\[\e[1;32m\]\u@\h\[\e[0m\]:\[\e[1;34m\]\w\[\e[0m\]\$ PYTHONPATH=/home/ethereal/rm_2025/rmul_nav_2025/install/navigator_interfaces/local/lib/python3.10/dist-packages:${PYTHONPATH} /usr/bin/cmake --build /home/ethereal/rm_2025/rmul_nav_2025/build/terminal_listener -- -j20 -l20
[6.165s] Invoking command in '/home/ethereal/rm_2025/rmul_nav_2025/build/terminal_listener': AMENT_PREFIX_PATH=/home/ethereal/rm_2025/rmul_nav_2025/install/navigator_interfaces:${AMENT_PREFIX_PATH} CMAKE_PREFIX_PATH=/home/ethereal/rm_2025/rmul_nav_2025/install/navigator_interfaces:/opt/ros/humble LD_LIBRARY_PATH=/home/ethereal/rm_2025/rmul_nav_2025/install/navigator_interfaces/lib:${LD_LIBRARY_PATH} PS1=\[\e[1;32m\]\u@\h\[\e[0m\]:\[\e[1;34m\]\w\[\e[0m\]\$ PYTHONPATH=/home/ethereal/rm_2025/rmul_nav_2025/install/navigator_interfaces/local/lib/python3.10/dist-packages:${PYTHONPATH} /usr/bin/cmake --install /home/ethereal/rm_2025/rmul_nav_2025/build/terminal_listener
[6.169s] -- Install configuration: ""
[6.170s] -- Installing: /home/ethereal/rm_2025/rmul_nav_2025/install/terminal_listener/lib/terminal_listener/terminal_listener
[6.171s] -- Set runtime path of "/home/ethereal/rm_2025/rmul_nav_2025/install/terminal_listener/lib/terminal_listener/terminal_listener" to ""
[6.172s] -- Installing: /home/ethereal/rm_2025/rmul_nav_2025/install/terminal_listener/share/ament_index/resource_index/package_run_dependencies/terminal_listener
[6.173s] -- Installing: /home/ethereal/rm_2025/rmul_nav_2025/install/terminal_listener/share/ament_index/resource_index/parent_prefix_path/terminal_listener
[6.174s] -- Installing: /home/ethereal/rm_2025/rmul_nav_2025/install/terminal_listener/share/terminal_listener/environment/ament_prefix_path.sh
[6.175s] -- Installing: /home/ethereal/rm_2025/rmul_nav_2025/install/terminal_listener/share/terminal_listener/environment/ament_prefix_path.dsv
[6.175s] -- Installing: /home/ethereal/rm_2025/rmul_nav_2025/install/terminal_listener/share/terminal_listener/environment/path.sh
[6.175s] -- Installing: /home/ethereal/rm_2025/rmul_nav_2025/install/terminal_listener/share/terminal_listener/environment/path.dsv
[6.175s] -- Installing: /home/ethereal/rm_2025/rmul_nav_2025/install/terminal_listener/share/terminal_listener/local_setup.bash
[6.176s] -- Installing: /home/ethereal/rm_2025/rmul_nav_2025/install/terminal_listener/share/terminal_listener/local_setup.sh
[6.176s] -- Installing: /home/ethereal/rm_2025/rmul_nav_2025/install/terminal_listener/share/terminal_listener/local_setup.zsh
[6.176s] -- Installing: /home/ethereal/rm_2025/rmul_nav_2025/install/terminal_listener/share/terminal_listener/local_setup.dsv
[6.176s] -- Installing: /home/ethereal/rm_2025/rmul_nav_2025/install/terminal_listener/share/terminal_listener/package.dsv
[6.176s] -- Installing: /home/ethereal/rm_2025/rmul_nav_2025/install/terminal_listener/share/ament_index/resource_index/packages/terminal_listener
[6.177s] -- Installing: /home/ethereal/rm_2025/rmul_nav_2025/install/terminal_listener/share/terminal_listener/cmake/terminal_listenerConfig.cmake
[6.177s] -- Installing: /home/ethereal/rm_2025/rmul_nav_2025/install/terminal_listener/share/terminal_listener/cmake/terminal_listenerConfig-version.cmake
[6.177s] -- Installing: /home/ethereal/rm_2025/rmul_nav_2025/install/terminal_listener/share/terminal_listener/package.xml
[6.180s] Invoked command in '/home/ethereal/rm_2025/rmul_nav_2025/build/terminal_listener' returned '0': AMENT_PREFIX_PATH=/home/ethereal/rm_2025/rmul_nav_2025/install/navigator_interfaces:${AMENT_PREFIX_PATH} CMAKE_PREFIX_PATH=/home/ethereal/rm_2025/rmul_nav_2025/install/navigator_interfaces:/opt/ros/humble LD_LIBRARY_PATH=/home/ethereal/rm_2025/rmul_nav_2025/install/navigator_interfaces/lib:${LD_LIBRARY_PATH} PS1=\[\e[1;32m\]\u@\h\[\e[0m\]:\[\e[1;34m\]\w\[\e[0m\]\$ PYTHONPATH=/home/ethereal/rm_2025/rmul_nav_2025/install/navigator_interfaces/local/lib/python3.10/dist-packages:${PYTHONPATH} /usr/bin/cmake --install /home/ethereal/rm_2025/rmul_nav_2025/build/terminal_listener
