[0.255s] DEBUG:colcon:Command line arguments: ['/usr/bin/colcon', 'build']
[0.255s] DEBUG:colcon:Parsed command line arguments: Namespace(log_base=None, log_level=None, verb_name='build', build_base='build', install_base='install', merge_install=False, symlink_install=False, test_result_base=None, continue_on_error=False, executor='parallel', parallel_workers=20, event_handlers=None, ignore_user_meta=False, metas=['./colcon.meta'], base_paths=['.'], packages_ignore=None, packages_ignore_regex=None, paths=None, packages_up_to=None, packages_up_to_regex=None, packages_above=None, packages_above_and_dependencies=None, packages_above_depth=None, packages_select_by_dep=None, packages_skip_by_dep=None, packages_skip_up_to=None, packages_select_build_failed=False, packages_skip_build_finished=False, packages_select_test_failures=False, packages_skip_test_passed=False, packages_select=None, packages_skip=None, packages_select_regex=None, packages_skip_regex=None, packages_start=None, packages_end=None, allow_overriding=[], cmake_args=None, cmake_target=None, cmake_target_skip_unavailable=False, cmake_clean_cache=False, cmake_clean_first=False, cmake_force_configure=False, ament_cmake_args=None, catkin_cmake_args=None, catkin_skip_building_tests=False, mixin_files=None, mixin=None, verb_parser=<colcon_mixin.mixin.mixin_argument.MixinArgumentDecorator object at 0x7f03f2dc1db0>, verb_extension=<colcon_core.verb.build.BuildVerb object at 0x7f03f2dc13f0>, main=<bound method BuildVerb.main of <colcon_core.verb.build.BuildVerb object at 0x7f03f2dc13f0>>, mixin_verb=('build',))
[0.499s] Level 1:colcon.colcon_core.package_discovery:discover_packages(colcon_meta) check parameters
[0.499s] Level 1:colcon.colcon_core.package_discovery:discover_packages(recursive) check parameters
[0.499s] Level 1:colcon.colcon_core.package_discovery:discover_packages(ignore) check parameters
[0.499s] Level 1:colcon.colcon_core.package_discovery:discover_packages(path) check parameters
[0.499s] Level 1:colcon.colcon_core.package_discovery:discover_packages(colcon_meta) discover
[0.499s] Level 1:colcon.colcon_core.package_discovery:discover_packages(recursive) discover
[0.499s] INFO:colcon.colcon_core.package_discovery:Crawling recursively for packages in '/home/ethereal/rm_2025/rmul_nav_2025'
[0.499s] Level 1:colcon.colcon_core.package_identification:_identify(.) by extensions ['ignore', 'ignore_ament_install']
[0.500s] Level 1:colcon.colcon_core.package_identification:_identify(.) by extension 'ignore'
[0.500s] Level 1:colcon.colcon_core.package_identification:_identify(.) by extension 'ignore_ament_install'
[0.500s] Level 1:colcon.colcon_core.package_identification:_identify(.) by extensions ['colcon_pkg']
[0.500s] Level 1:colcon.colcon_core.package_identification:_identify(.) by extension 'colcon_pkg'
[0.500s] Level 1:colcon.colcon_core.package_identification:_identify(.) by extensions ['colcon_meta']
[0.500s] Level 1:colcon.colcon_core.package_identification:_identify(.) by extension 'colcon_meta'
[0.500s] Level 1:colcon.colcon_core.package_identification:_identify(.) by extensions ['ros']
[0.500s] Level 1:colcon.colcon_core.package_identification:_identify(.) by extension 'ros'
[0.513s] Level 1:colcon.colcon_core.package_identification:_identify(.) by extensions ['cmake', 'python']
[0.513s] Level 1:colcon.colcon_core.package_identification:_identify(.) by extension 'cmake'
[0.513s] Level 1:colcon.colcon_core.package_identification:_identify(.) by extension 'python'
[0.513s] Level 1:colcon.colcon_core.package_identification:_identify(.) by extensions ['python_setup_py']
[0.513s] Level 1:colcon.colcon_core.package_identification:_identify(.) by extension 'python_setup_py'
[0.514s] Level 1:colcon.colcon_core.package_identification:_identify(build) by extensions ['ignore', 'ignore_ament_install']
[0.514s] Level 1:colcon.colcon_core.package_identification:_identify(build) by extension 'ignore'
[0.514s] Level 1:colcon.colcon_core.package_identification:_identify(build) ignored
[0.514s] Level 1:colcon.colcon_core.package_identification:_identify(install) by extensions ['ignore', 'ignore_ament_install']
[0.514s] Level 1:colcon.colcon_core.package_identification:_identify(install) by extension 'ignore'
[0.514s] Level 1:colcon.colcon_core.package_identification:_identify(install) ignored
[0.514s] Level 1:colcon.colcon_core.package_identification:_identify(log) by extensions ['ignore', 'ignore_ament_install']
[0.514s] Level 1:colcon.colcon_core.package_identification:_identify(log) by extension 'ignore'
[0.514s] Level 1:colcon.colcon_core.package_identification:_identify(log) ignored
[0.514s] Level 1:colcon.colcon_core.package_identification:_identify(src) by extensions ['ignore', 'ignore_ament_install']
[0.514s] Level 1:colcon.colcon_core.package_identification:_identify(src) by extension 'ignore'
[0.514s] Level 1:colcon.colcon_core.package_identification:_identify(src) by extension 'ignore_ament_install'
[0.514s] Level 1:colcon.colcon_core.package_identification:_identify(src) by extensions ['colcon_pkg']
[0.514s] Level 1:colcon.colcon_core.package_identification:_identify(src) by extension 'colcon_pkg'
[0.515s] Level 1:colcon.colcon_core.package_identification:_identify(src) by extensions ['colcon_meta']
[0.515s] Level 1:colcon.colcon_core.package_identification:_identify(src) by extension 'colcon_meta'
[0.515s] Level 1:colcon.colcon_core.package_identification:_identify(src) by extensions ['ros']
[0.515s] Level 1:colcon.colcon_core.package_identification:_identify(src) by extension 'ros'
[0.515s] Level 1:colcon.colcon_core.package_identification:_identify(src) by extensions ['cmake', 'python']
[0.515s] Level 1:colcon.colcon_core.package_identification:_identify(src) by extension 'cmake'
[0.515s] Level 1:colcon.colcon_core.package_identification:_identify(src) by extension 'python'
[0.515s] Level 1:colcon.colcon_core.package_identification:_identify(src) by extensions ['python_setup_py']
[0.515s] Level 1:colcon.colcon_core.package_identification:_identify(src) by extension 'python_setup_py'
[0.515s] Level 1:colcon.colcon_core.package_identification:_identify(src/Action) by extensions ['ignore', 'ignore_ament_install']
[0.515s] Level 1:colcon.colcon_core.package_identification:_identify(src/Action) by extension 'ignore'
[0.515s] Level 1:colcon.colcon_core.package_identification:_identify(src/Action) by extension 'ignore_ament_install'
[0.515s] Level 1:colcon.colcon_core.package_identification:_identify(src/Action) by extensions ['colcon_pkg']
[0.515s] Level 1:colcon.colcon_core.package_identification:_identify(src/Action) by extension 'colcon_pkg'
[0.515s] Level 1:colcon.colcon_core.package_identification:_identify(src/Action) by extensions ['colcon_meta']
[0.515s] Level 1:colcon.colcon_core.package_identification:_identify(src/Action) by extension 'colcon_meta'
[0.515s] Level 1:colcon.colcon_core.package_identification:_identify(src/Action) by extensions ['ros']
[0.515s] Level 1:colcon.colcon_core.package_identification:_identify(src/Action) by extension 'ros'
[0.515s] Level 1:colcon.colcon_core.package_identification:_identify(src/Action) by extensions ['cmake', 'python']
[0.515s] Level 1:colcon.colcon_core.package_identification:_identify(src/Action) by extension 'cmake'
[0.515s] Level 1:colcon.colcon_core.package_identification:_identify(src/Action) by extension 'python'
[0.515s] Level 1:colcon.colcon_core.package_identification:_identify(src/Action) by extensions ['python_setup_py']
[0.515s] Level 1:colcon.colcon_core.package_identification:_identify(src/Action) by extension 'python_setup_py'
[0.515s] Level 1:colcon.colcon_core.package_identification:_identify(src/Action/navigator) by extensions ['ignore', 'ignore_ament_install']
[0.515s] Level 1:colcon.colcon_core.package_identification:_identify(src/Action/navigator) by extension 'ignore'
[0.516s] Level 1:colcon.colcon_core.package_identification:_identify(src/Action/navigator) by extension 'ignore_ament_install'
[0.516s] Level 1:colcon.colcon_core.package_identification:_identify(src/Action/navigator) by extensions ['colcon_pkg']
[0.516s] Level 1:colcon.colcon_core.package_identification:_identify(src/Action/navigator) by extension 'colcon_pkg'
[0.516s] Level 1:colcon.colcon_core.package_identification:_identify(src/Action/navigator) by extensions ['colcon_meta']
[0.516s] Level 1:colcon.colcon_core.package_identification:_identify(src/Action/navigator) by extension 'colcon_meta'
[0.516s] Level 1:colcon.colcon_core.package_identification:_identify(src/Action/navigator) by extensions ['ros']
[0.516s] Level 1:colcon.colcon_core.package_identification:_identify(src/Action/navigator) by extension 'ros'
[0.520s] DEBUG:colcon.colcon_core.package_identification:Package 'src/Action/navigator' with type 'ros.ament_cmake' and name 'navigator'
[0.520s] Level 1:colcon.colcon_core.package_identification:_identify(src/Action/navigator_interfaces) by extensions ['ignore', 'ignore_ament_install']
[0.520s] Level 1:colcon.colcon_core.package_identification:_identify(src/Action/navigator_interfaces) by extension 'ignore'
[0.520s] Level 1:colcon.colcon_core.package_identification:_identify(src/Action/navigator_interfaces) by extension 'ignore_ament_install'
[0.520s] Level 1:colcon.colcon_core.package_identification:_identify(src/Action/navigator_interfaces) by extensions ['colcon_pkg']
[0.520s] Level 1:colcon.colcon_core.package_identification:_identify(src/Action/navigator_interfaces) by extension 'colcon_pkg'
[0.520s] Level 1:colcon.colcon_core.package_identification:_identify(src/Action/navigator_interfaces) by extensions ['colcon_meta']
[0.520s] Level 1:colcon.colcon_core.package_identification:_identify(src/Action/navigator_interfaces) by extension 'colcon_meta'
[0.520s] Level 1:colcon.colcon_core.package_identification:_identify(src/Action/navigator_interfaces) by extensions ['ros']
[0.520s] Level 1:colcon.colcon_core.package_identification:_identify(src/Action/navigator_interfaces) by extension 'ros'
[0.521s] DEBUG:colcon.colcon_core.package_identification:Package 'src/Action/navigator_interfaces' with type 'ros.ament_cmake' and name 'navigator_interfaces'
[0.521s] Level 1:colcon.colcon_core.package_identification:_identify(src/Decision) by extensions ['ignore', 'ignore_ament_install']
[0.521s] Level 1:colcon.colcon_core.package_identification:_identify(src/Decision) by extension 'ignore'
[0.521s] Level 1:colcon.colcon_core.package_identification:_identify(src/Decision) by extension 'ignore_ament_install'
[0.521s] Level 1:colcon.colcon_core.package_identification:_identify(src/Decision) by extensions ['colcon_pkg']
[0.521s] Level 1:colcon.colcon_core.package_identification:_identify(src/Decision) by extension 'colcon_pkg'
[0.521s] Level 1:colcon.colcon_core.package_identification:_identify(src/Decision) by extensions ['colcon_meta']
[0.521s] Level 1:colcon.colcon_core.package_identification:_identify(src/Decision) by extension 'colcon_meta'
[0.521s] Level 1:colcon.colcon_core.package_identification:_identify(src/Decision) by extensions ['ros']
[0.521s] Level 1:colcon.colcon_core.package_identification:_identify(src/Decision) by extension 'ros'
[0.521s] Level 1:colcon.colcon_core.package_identification:_identify(src/Decision) by extensions ['cmake', 'python']
[0.521s] Level 1:colcon.colcon_core.package_identification:_identify(src/Decision) by extension 'cmake'
[0.521s] Level 1:colcon.colcon_core.package_identification:_identify(src/Decision) by extension 'python'
[0.521s] Level 1:colcon.colcon_core.package_identification:_identify(src/Decision) by extensions ['python_setup_py']
[0.521s] Level 1:colcon.colcon_core.package_identification:_identify(src/Decision) by extension 'python_setup_py'
[0.521s] Level 1:colcon.colcon_core.package_identification:_identify(src/Decision/pb_rm_interfaces) by extensions ['ignore', 'ignore_ament_install']
[0.522s] Level 1:colcon.colcon_core.package_identification:_identify(src/Decision/pb_rm_interfaces) by extension 'ignore'
[0.522s] Level 1:colcon.colcon_core.package_identification:_identify(src/Decision/pb_rm_interfaces) by extension 'ignore_ament_install'
[0.522s] Level 1:colcon.colcon_core.package_identification:_identify(src/Decision/pb_rm_interfaces) by extensions ['colcon_pkg']
[0.522s] Level 1:colcon.colcon_core.package_identification:_identify(src/Decision/pb_rm_interfaces) by extension 'colcon_pkg'
[0.522s] Level 1:colcon.colcon_core.package_identification:_identify(src/Decision/pb_rm_interfaces) by extensions ['colcon_meta']
[0.522s] Level 1:colcon.colcon_core.package_identification:_identify(src/Decision/pb_rm_interfaces) by extension 'colcon_meta'
[0.522s] Level 1:colcon.colcon_core.package_identification:_identify(src/Decision/pb_rm_interfaces) by extensions ['ros']
[0.522s] Level 1:colcon.colcon_core.package_identification:_identify(src/Decision/pb_rm_interfaces) by extension 'ros'
[0.522s] DEBUG:colcon.colcon_core.package_identification:Package 'src/Decision/pb_rm_interfaces' with type 'ros.ament_cmake' and name 'pb_rm_interfaces'
[0.523s] Level 1:colcon.colcon_core.package_identification:_identify(src/Decision/rmul_decision) by extensions ['ignore', 'ignore_ament_install']
[0.523s] Level 1:colcon.colcon_core.package_identification:_identify(src/Decision/rmul_decision) by extension 'ignore'
[0.523s] Level 1:colcon.colcon_core.package_identification:_identify(src/Decision/rmul_decision) by extension 'ignore_ament_install'
[0.523s] Level 1:colcon.colcon_core.package_identification:_identify(src/Decision/rmul_decision) by extensions ['colcon_pkg']
[0.523s] Level 1:colcon.colcon_core.package_identification:_identify(src/Decision/rmul_decision) by extension 'colcon_pkg'
[0.523s] Level 1:colcon.colcon_core.package_identification:_identify(src/Decision/rmul_decision) by extensions ['colcon_meta']
[0.523s] Level 1:colcon.colcon_core.package_identification:_identify(src/Decision/rmul_decision) by extension 'colcon_meta'
[0.523s] Level 1:colcon.colcon_core.package_identification:_identify(src/Decision/rmul_decision) by extensions ['ros']
[0.523s] Level 1:colcon.colcon_core.package_identification:_identify(src/Decision/rmul_decision) by extension 'ros'
[0.523s] DEBUG:colcon.colcon_core.package_identification:Package 'src/Decision/rmul_decision' with type 'ros.ament_cmake' and name 'rmul_decision'
[0.524s] Level 1:colcon.colcon_core.package_identification:_identify(src/Tool) by extensions ['ignore', 'ignore_ament_install']
[0.524s] Level 1:colcon.colcon_core.package_identification:_identify(src/Tool) by extension 'ignore'
[0.524s] Level 1:colcon.colcon_core.package_identification:_identify(src/Tool) by extension 'ignore_ament_install'
[0.524s] Level 1:colcon.colcon_core.package_identification:_identify(src/Tool) by extensions ['colcon_pkg']
[0.524s] Level 1:colcon.colcon_core.package_identification:_identify(src/Tool) by extension 'colcon_pkg'
[0.524s] Level 1:colcon.colcon_core.package_identification:_identify(src/Tool) by extensions ['colcon_meta']
[0.524s] Level 1:colcon.colcon_core.package_identification:_identify(src/Tool) by extension 'colcon_meta'
[0.524s] Level 1:colcon.colcon_core.package_identification:_identify(src/Tool) by extensions ['ros']
[0.524s] Level 1:colcon.colcon_core.package_identification:_identify(src/Tool) by extension 'ros'
[0.524s] Level 1:colcon.colcon_core.package_identification:_identify(src/Tool) by extensions ['cmake', 'python']
[0.524s] Level 1:colcon.colcon_core.package_identification:_identify(src/Tool) by extension 'cmake'
[0.524s] Level 1:colcon.colcon_core.package_identification:_identify(src/Tool) by extension 'python'
[0.524s] Level 1:colcon.colcon_core.package_identification:_identify(src/Tool) by extensions ['python_setup_py']
[0.524s] Level 1:colcon.colcon_core.package_identification:_identify(src/Tool) by extension 'python_setup_py'
[0.524s] Level 1:colcon.colcon_core.package_identification:_identify(src/Tool/terminal_listener) by extensions ['ignore', 'ignore_ament_install']
[0.524s] Level 1:colcon.colcon_core.package_identification:_identify(src/Tool/terminal_listener) by extension 'ignore'
[0.524s] Level 1:colcon.colcon_core.package_identification:_identify(src/Tool/terminal_listener) by extension 'ignore_ament_install'
[0.524s] Level 1:colcon.colcon_core.package_identification:_identify(src/Tool/terminal_listener) by extensions ['colcon_pkg']
[0.524s] Level 1:colcon.colcon_core.package_identification:_identify(src/Tool/terminal_listener) by extension 'colcon_pkg'
[0.524s] Level 1:colcon.colcon_core.package_identification:_identify(src/Tool/terminal_listener) by extensions ['colcon_meta']
[0.524s] Level 1:colcon.colcon_core.package_identification:_identify(src/Tool/terminal_listener) by extension 'colcon_meta'
[0.525s] Level 1:colcon.colcon_core.package_identification:_identify(src/Tool/terminal_listener) by extensions ['ros']
[0.525s] Level 1:colcon.colcon_core.package_identification:_identify(src/Tool/terminal_listener) by extension 'ros'
[0.525s] DEBUG:colcon.colcon_core.package_identification:Package 'src/Tool/terminal_listener' with type 'ros.ament_cmake' and name 'terminal_listener'
[0.525s] Level 1:colcon.colcon_core.package_discovery:discover_packages(recursive) using defaults
[0.525s] Level 1:colcon.colcon_core.package_discovery:discover_packages(ignore) discover
[0.525s] Level 1:colcon.colcon_core.package_discovery:discover_packages(ignore) using defaults
[0.525s] Level 1:colcon.colcon_core.package_discovery:discover_packages(path) discover
[0.525s] Level 1:colcon.colcon_core.package_discovery:discover_packages(path) using defaults
[0.555s] Level 1:colcon.colcon_core.package_discovery:discover_packages(prefix_path) check parameters
[0.555s] Level 1:colcon.colcon_core.package_discovery:discover_packages(prefix_path) discover
[0.560s] DEBUG:colcon.colcon_installed_package_information.package_discovery:Found 292 installed packages in /opt/ros/humble
[0.568s] Level 1:colcon.colcon_core.package_discovery:discover_packages(prefix_path) using defaults
[0.606s] Level 5:colcon.colcon_core.verb:set package 'navigator_interfaces' build argument 'cmake_args' from command line to 'None'
[0.606s] Level 5:colcon.colcon_core.verb:set package 'navigator_interfaces' build argument 'cmake_target' from command line to 'None'
[0.606s] Level 5:colcon.colcon_core.verb:set package 'navigator_interfaces' build argument 'cmake_target_skip_unavailable' from command line to 'False'
[0.606s] Level 5:colcon.colcon_core.verb:set package 'navigator_interfaces' build argument 'cmake_clean_cache' from command line to 'False'
[0.606s] Level 5:colcon.colcon_core.verb:set package 'navigator_interfaces' build argument 'cmake_clean_first' from command line to 'False'
[0.606s] Level 5:colcon.colcon_core.verb:set package 'navigator_interfaces' build argument 'cmake_force_configure' from command line to 'False'
[0.606s] Level 5:colcon.colcon_core.verb:set package 'navigator_interfaces' build argument 'ament_cmake_args' from command line to 'None'
[0.606s] Level 5:colcon.colcon_core.verb:set package 'navigator_interfaces' build argument 'catkin_cmake_args' from command line to 'None'
[0.606s] Level 5:colcon.colcon_core.verb:set package 'navigator_interfaces' build argument 'catkin_skip_building_tests' from command line to 'False'
[0.606s] DEBUG:colcon.colcon_core.verb:Building package 'navigator_interfaces' with the following arguments: {'ament_cmake_args': None, 'build_base': '/home/ethereal/rm_2025/rmul_nav_2025/build/navigator_interfaces', 'catkin_cmake_args': None, 'catkin_skip_building_tests': False, 'cmake_args': None, 'cmake_clean_cache': False, 'cmake_clean_first': False, 'cmake_force_configure': False, 'cmake_target': None, 'cmake_target_skip_unavailable': False, 'install_base': '/home/ethereal/rm_2025/rmul_nav_2025/install/navigator_interfaces', 'merge_install': False, 'path': '/home/ethereal/rm_2025/rmul_nav_2025/src/Action/navigator_interfaces', 'symlink_install': False, 'test_result_base': None}
[0.606s] Level 5:colcon.colcon_core.verb:set package 'pb_rm_interfaces' build argument 'cmake_args' from command line to 'None'
[0.606s] Level 5:colcon.colcon_core.verb:set package 'pb_rm_interfaces' build argument 'cmake_target' from command line to 'None'
[0.606s] Level 5:colcon.colcon_core.verb:set package 'pb_rm_interfaces' build argument 'cmake_target_skip_unavailable' from command line to 'False'
[0.606s] Level 5:colcon.colcon_core.verb:set package 'pb_rm_interfaces' build argument 'cmake_clean_cache' from command line to 'False'
[0.607s] Level 5:colcon.colcon_core.verb:set package 'pb_rm_interfaces' build argument 'cmake_clean_first' from command line to 'False'
[0.607s] Level 5:colcon.colcon_core.verb:set package 'pb_rm_interfaces' build argument 'cmake_force_configure' from command line to 'False'
[0.607s] Level 5:colcon.colcon_core.verb:set package 'pb_rm_interfaces' build argument 'ament_cmake_args' from command line to 'None'
[0.607s] Level 5:colcon.colcon_core.verb:set package 'pb_rm_interfaces' build argument 'catkin_cmake_args' from command line to 'None'
[0.607s] Level 5:colcon.colcon_core.verb:set package 'pb_rm_interfaces' build argument 'catkin_skip_building_tests' from command line to 'False'
[0.607s] DEBUG:colcon.colcon_core.verb:Building package 'pb_rm_interfaces' with the following arguments: {'ament_cmake_args': None, 'build_base': '/home/ethereal/rm_2025/rmul_nav_2025/build/pb_rm_interfaces', 'catkin_cmake_args': None, 'catkin_skip_building_tests': False, 'cmake_args': None, 'cmake_clean_cache': False, 'cmake_clean_first': False, 'cmake_force_configure': False, 'cmake_target': None, 'cmake_target_skip_unavailable': False, 'install_base': '/home/ethereal/rm_2025/rmul_nav_2025/install/pb_rm_interfaces', 'merge_install': False, 'path': '/home/ethereal/rm_2025/rmul_nav_2025/src/Decision/pb_rm_interfaces', 'symlink_install': False, 'test_result_base': None}
[0.607s] Level 5:colcon.colcon_core.verb:set package 'rmul_decision' build argument 'cmake_args' from command line to 'None'
[0.607s] Level 5:colcon.colcon_core.verb:set package 'rmul_decision' build argument 'cmake_target' from command line to 'None'
[0.607s] Level 5:colcon.colcon_core.verb:set package 'rmul_decision' build argument 'cmake_target_skip_unavailable' from command line to 'False'
[0.607s] Level 5:colcon.colcon_core.verb:set package 'rmul_decision' build argument 'cmake_clean_cache' from command line to 'False'
[0.607s] Level 5:colcon.colcon_core.verb:set package 'rmul_decision' build argument 'cmake_clean_first' from command line to 'False'
[0.607s] Level 5:colcon.colcon_core.verb:set package 'rmul_decision' build argument 'cmake_force_configure' from command line to 'False'
[0.607s] Level 5:colcon.colcon_core.verb:set package 'rmul_decision' build argument 'ament_cmake_args' from command line to 'None'
[0.607s] Level 5:colcon.colcon_core.verb:set package 'rmul_decision' build argument 'catkin_cmake_args' from command line to 'None'
[0.607s] Level 5:colcon.colcon_core.verb:set package 'rmul_decision' build argument 'catkin_skip_building_tests' from command line to 'False'
[0.607s] DEBUG:colcon.colcon_core.verb:Building package 'rmul_decision' with the following arguments: {'ament_cmake_args': None, 'build_base': '/home/ethereal/rm_2025/rmul_nav_2025/build/rmul_decision', 'catkin_cmake_args': None, 'catkin_skip_building_tests': False, 'cmake_args': None, 'cmake_clean_cache': False, 'cmake_clean_first': False, 'cmake_force_configure': False, 'cmake_target': None, 'cmake_target_skip_unavailable': False, 'install_base': '/home/ethereal/rm_2025/rmul_nav_2025/install/rmul_decision', 'merge_install': False, 'path': '/home/ethereal/rm_2025/rmul_nav_2025/src/Decision/rmul_decision', 'symlink_install': False, 'test_result_base': None}
[0.607s] Level 5:colcon.colcon_core.verb:set package 'navigator' build argument 'cmake_args' from command line to 'None'
[0.607s] Level 5:colcon.colcon_core.verb:set package 'navigator' build argument 'cmake_target' from command line to 'None'
[0.607s] Level 5:colcon.colcon_core.verb:set package 'navigator' build argument 'cmake_target_skip_unavailable' from command line to 'False'
[0.607s] Level 5:colcon.colcon_core.verb:set package 'navigator' build argument 'cmake_clean_cache' from command line to 'False'
[0.607s] Level 5:colcon.colcon_core.verb:set package 'navigator' build argument 'cmake_clean_first' from command line to 'False'
[0.607s] Level 5:colcon.colcon_core.verb:set package 'navigator' build argument 'cmake_force_configure' from command line to 'False'
[0.607s] Level 5:colcon.colcon_core.verb:set package 'navigator' build argument 'ament_cmake_args' from command line to 'None'
[0.607s] Level 5:colcon.colcon_core.verb:set package 'navigator' build argument 'catkin_cmake_args' from command line to 'None'
[0.607s] Level 5:colcon.colcon_core.verb:set package 'navigator' build argument 'catkin_skip_building_tests' from command line to 'False'
[0.608s] DEBUG:colcon.colcon_core.verb:Building package 'navigator' with the following arguments: {'ament_cmake_args': None, 'build_base': '/home/ethereal/rm_2025/rmul_nav_2025/build/navigator', 'catkin_cmake_args': None, 'catkin_skip_building_tests': False, 'cmake_args': None, 'cmake_clean_cache': False, 'cmake_clean_first': False, 'cmake_force_configure': False, 'cmake_target': None, 'cmake_target_skip_unavailable': False, 'install_base': '/home/ethereal/rm_2025/rmul_nav_2025/install/navigator', 'merge_install': False, 'path': '/home/ethereal/rm_2025/rmul_nav_2025/src/Action/navigator', 'symlink_install': False, 'test_result_base': None}
[0.608s] Level 5:colcon.colcon_core.verb:set package 'terminal_listener' build argument 'cmake_args' from command line to 'None'
[0.608s] Level 5:colcon.colcon_core.verb:set package 'terminal_listener' build argument 'cmake_target' from command line to 'None'
[0.608s] Level 5:colcon.colcon_core.verb:set package 'terminal_listener' build argument 'cmake_target_skip_unavailable' from command line to 'False'
[0.608s] Level 5:colcon.colcon_core.verb:set package 'terminal_listener' build argument 'cmake_clean_cache' from command line to 'False'
[0.608s] Level 5:colcon.colcon_core.verb:set package 'terminal_listener' build argument 'cmake_clean_first' from command line to 'False'
[0.608s] Level 5:colcon.colcon_core.verb:set package 'terminal_listener' build argument 'cmake_force_configure' from command line to 'False'
[0.608s] Level 5:colcon.colcon_core.verb:set package 'terminal_listener' build argument 'ament_cmake_args' from command line to 'None'
[0.608s] Level 5:colcon.colcon_core.verb:set package 'terminal_listener' build argument 'catkin_cmake_args' from command line to 'None'
[0.608s] Level 5:colcon.colcon_core.verb:set package 'terminal_listener' build argument 'catkin_skip_building_tests' from command line to 'False'
[0.608s] DEBUG:colcon.colcon_core.verb:Building package 'terminal_listener' with the following arguments: {'ament_cmake_args': None, 'build_base': '/home/ethereal/rm_2025/rmul_nav_2025/build/terminal_listener', 'catkin_cmake_args': None, 'catkin_skip_building_tests': False, 'cmake_args': None, 'cmake_clean_cache': False, 'cmake_clean_first': False, 'cmake_force_configure': False, 'cmake_target': None, 'cmake_target_skip_unavailable': False, 'install_base': '/home/ethereal/rm_2025/rmul_nav_2025/install/terminal_listener', 'merge_install': False, 'path': '/home/ethereal/rm_2025/rmul_nav_2025/src/Tool/terminal_listener', 'symlink_install': False, 'test_result_base': None}
[0.608s] INFO:colcon.colcon_core.executor:Executing jobs using 'parallel' executor
[0.609s] DEBUG:colcon.colcon_parallel_executor.executor.parallel:run_until_complete
[0.609s] INFO:colcon.colcon_ros.task.ament_cmake.build:Building ROS package in '/home/ethereal/rm_2025/rmul_nav_2025/src/Action/navigator_interfaces' with build type 'ament_cmake'
[0.610s] INFO:colcon.colcon_cmake.task.cmake.build:Building CMake package in '/home/ethereal/rm_2025/rmul_nav_2025/src/Action/navigator_interfaces'
[0.615s] INFO:colcon.colcon_core.plugin_system:Skipping extension 'colcon_core.shell.bat': Not used on non-Windows systems
[0.615s] INFO:colcon.colcon_core.shell:Skip shell extension 'powershell' for command environment: Not usable outside of PowerShell
[0.615s] DEBUG:colcon.colcon_core.shell:Skip shell extension 'dsv' for command environment
[0.618s] INFO:colcon.colcon_ros.task.ament_cmake.build:Building ROS package in '/home/ethereal/rm_2025/rmul_nav_2025/src/Decision/pb_rm_interfaces' with build type 'ament_cmake'
[0.619s] INFO:colcon.colcon_cmake.task.cmake.build:Building CMake package in '/home/ethereal/rm_2025/rmul_nav_2025/src/Decision/pb_rm_interfaces'
[0.619s] INFO:colcon.colcon_core.shell:Skip shell extension 'powershell' for command environment: Not usable outside of PowerShell
[0.619s] DEBUG:colcon.colcon_core.shell:Skip shell extension 'dsv' for command environment
[0.621s] INFO:colcon.colcon_ros.task.ament_cmake.build:Building ROS package in '/home/ethereal/rm_2025/rmul_nav_2025/src/Decision/rmul_decision' with build type 'ament_cmake'
[0.622s] INFO:colcon.colcon_cmake.task.cmake.build:Building CMake package in '/home/ethereal/rm_2025/rmul_nav_2025/src/Decision/rmul_decision'
[0.622s] INFO:colcon.colcon_core.shell:Skip shell extension 'powershell' for command environment: Not usable outside of PowerShell
[0.622s] DEBUG:colcon.colcon_core.shell:Skip shell extension 'dsv' for command environment
[0.626s] DEBUG:colcon.colcon_core.event_handler.log_command:Invoking command in '/home/ethereal/rm_2025/rmul_nav_2025/build/navigator_interfaces': CMAKE_PREFIX_PATH=/opt/ros/humble PS1=\[\e[1;32m\]\u@\h\[\e[0m\]:\[\e[1;34m\]\w\[\e[0m\]\$ /usr/bin/cmake /home/ethereal/rm_2025/rmul_nav_2025/src/Action/navigator_interfaces -DCMAKE_INSTALL_PREFIX=/home/ethereal/rm_2025/rmul_nav_2025/install/navigator_interfaces
[0.636s] DEBUG:colcon.colcon_core.event_handler.log_command:Invoking command in '/home/ethereal/rm_2025/rmul_nav_2025/build/pb_rm_interfaces': CMAKE_PREFIX_PATH=/opt/ros/humble PS1=\[\e[1;32m\]\u@\h\[\e[0m\]:\[\e[1;34m\]\w\[\e[0m\]\$ /usr/bin/cmake /home/ethereal/rm_2025/rmul_nav_2025/src/Decision/pb_rm_interfaces -DCMAKE_INSTALL_PREFIX=/home/ethereal/rm_2025/rmul_nav_2025/install/pb_rm_interfaces
[0.639s] DEBUG:colcon.colcon_core.event_handler.log_command:Invoking command in '/home/ethereal/rm_2025/rmul_nav_2025/build/rmul_decision': CMAKE_PREFIX_PATH=/opt/ros/humble PS1=\[\e[1;32m\]\u@\h\[\e[0m\]:\[\e[1;34m\]\w\[\e[0m\]\$ /usr/bin/cmake /home/ethereal/rm_2025/rmul_nav_2025/src/Decision/rmul_decision -DCMAKE_INSTALL_PREFIX=/home/ethereal/rm_2025/rmul_nav_2025/install/rmul_decision
[1.319s] DEBUG:colcon.colcon_core.event_handler.log_command:Invoked command in '/home/ethereal/rm_2025/rmul_nav_2025/build/rmul_decision' returned '0': CMAKE_PREFIX_PATH=/opt/ros/humble PS1=\[\e[1;32m\]\u@\h\[\e[0m\]:\[\e[1;34m\]\w\[\e[0m\]\$ /usr/bin/cmake /home/ethereal/rm_2025/rmul_nav_2025/src/Decision/rmul_decision -DCMAKE_INSTALL_PREFIX=/home/ethereal/rm_2025/rmul_nav_2025/install/rmul_decision
[1.321s] DEBUG:colcon.colcon_core.event_handler.log_command:Invoking command in '/home/ethereal/rm_2025/rmul_nav_2025/build/rmul_decision': CMAKE_PREFIX_PATH=/opt/ros/humble PS1=\[\e[1;32m\]\u@\h\[\e[0m\]:\[\e[1;34m\]\w\[\e[0m\]\$ /usr/bin/cmake --build /home/ethereal/rm_2025/rmul_nav_2025/build/rmul_decision -- -j20 -l20
[1.344s] DEBUG:colcon.colcon_core.event_handler.log_command:Invoked command in '/home/ethereal/rm_2025/rmul_nav_2025/build/rmul_decision' returned '0': CMAKE_PREFIX_PATH=/opt/ros/humble PS1=\[\e[1;32m\]\u@\h\[\e[0m\]:\[\e[1;34m\]\w\[\e[0m\]\$ /usr/bin/cmake --build /home/ethereal/rm_2025/rmul_nav_2025/build/rmul_decision -- -j20 -l20
[1.352s] DEBUG:colcon.colcon_core.event_handler.log_command:Invoking command in '/home/ethereal/rm_2025/rmul_nav_2025/build/rmul_decision': CMAKE_PREFIX_PATH=/opt/ros/humble PS1=\[\e[1;32m\]\u@\h\[\e[0m\]:\[\e[1;34m\]\w\[\e[0m\]\$ /usr/bin/cmake --install /home/ethereal/rm_2025/rmul_nav_2025/build/rmul_decision
[1.359s] Level 1:colcon.colcon_core.environment:create_environment_scripts_only(rmul_decision)
[1.360s] DEBUG:colcon.colcon_core.event_handler.log_command:Invoked command in '/home/ethereal/rm_2025/rmul_nav_2025/build/rmul_decision' returned '0': CMAKE_PREFIX_PATH=/opt/ros/humble PS1=\[\e[1;32m\]\u@\h\[\e[0m\]:\[\e[1;34m\]\w\[\e[0m\]\$ /usr/bin/cmake --install /home/ethereal/rm_2025/rmul_nav_2025/build/rmul_decision
[1.368s] Level 1:colcon.colcon_core.environment:checking '/home/ethereal/rm_2025/rmul_nav_2025/install/rmul_decision' for CMake module files
[1.369s] Level 1:colcon.colcon_core.environment:checking '/home/ethereal/rm_2025/rmul_nav_2025/install/rmul_decision' for CMake config files
[1.369s] Level 1:colcon.colcon_core.shell:create_environment_hook('rmul_decision', 'cmake_prefix_path')
[1.369s] INFO:colcon.colcon_core.shell:Creating environment hook '/home/ethereal/rm_2025/rmul_nav_2025/install/rmul_decision/share/rmul_decision/hook/cmake_prefix_path.ps1'
[1.370s] INFO:colcon.colcon_core.shell:Creating environment descriptor '/home/ethereal/rm_2025/rmul_nav_2025/install/rmul_decision/share/rmul_decision/hook/cmake_prefix_path.dsv'
[1.371s] INFO:colcon.colcon_core.shell:Creating environment hook '/home/ethereal/rm_2025/rmul_nav_2025/install/rmul_decision/share/rmul_decision/hook/cmake_prefix_path.sh'
[1.372s] Level 1:colcon.colcon_core.environment:checking '/home/ethereal/rm_2025/rmul_nav_2025/install/rmul_decision/bin'
[1.372s] Level 1:colcon.colcon_core.environment:checking '/home/ethereal/rm_2025/rmul_nav_2025/install/rmul_decision/lib/pkgconfig/rmul_decision.pc'
[1.373s] Level 1:colcon.colcon_core.environment:checking '/home/ethereal/rm_2025/rmul_nav_2025/install/rmul_decision/lib/python3.10/site-packages'
[1.373s] Level 1:colcon.colcon_core.environment:checking '/home/ethereal/rm_2025/rmul_nav_2025/install/rmul_decision/bin'
[1.373s] INFO:colcon.colcon_core.shell:Creating package script '/home/ethereal/rm_2025/rmul_nav_2025/install/rmul_decision/share/rmul_decision/package.ps1'
[1.374s] INFO:colcon.colcon_core.shell:Creating package descriptor '/home/ethereal/rm_2025/rmul_nav_2025/install/rmul_decision/share/rmul_decision/package.dsv'
[1.375s] INFO:colcon.colcon_core.shell:Creating package script '/home/ethereal/rm_2025/rmul_nav_2025/install/rmul_decision/share/rmul_decision/package.sh'
[1.376s] INFO:colcon.colcon_core.shell:Creating package script '/home/ethereal/rm_2025/rmul_nav_2025/install/rmul_decision/share/rmul_decision/package.bash'
[1.378s] INFO:colcon.colcon_core.shell:Creating package script '/home/ethereal/rm_2025/rmul_nav_2025/install/rmul_decision/share/rmul_decision/package.zsh'
[1.379s] Level 1:colcon.colcon_core.environment:create_file_with_runtime_dependencies(/home/ethereal/rm_2025/rmul_nav_2025/install/rmul_decision/share/colcon-core/packages/rmul_decision)
[1.379s] Level 1:colcon.colcon_core.environment:create_environment_scripts_only(rmul_decision)
[1.380s] Level 1:colcon.colcon_core.environment:checking '/home/ethereal/rm_2025/rmul_nav_2025/install/rmul_decision' for CMake module files
[1.380s] Level 1:colcon.colcon_core.environment:checking '/home/ethereal/rm_2025/rmul_nav_2025/install/rmul_decision' for CMake config files
[1.380s] Level 1:colcon.colcon_core.shell:create_environment_hook('rmul_decision', 'cmake_prefix_path')
[1.380s] INFO:colcon.colcon_core.shell:Creating environment hook '/home/ethereal/rm_2025/rmul_nav_2025/install/rmul_decision/share/rmul_decision/hook/cmake_prefix_path.ps1'
[1.381s] INFO:colcon.colcon_core.shell:Creating environment descriptor '/home/ethereal/rm_2025/rmul_nav_2025/install/rmul_decision/share/rmul_decision/hook/cmake_prefix_path.dsv'
[1.381s] INFO:colcon.colcon_core.shell:Creating environment hook '/home/ethereal/rm_2025/rmul_nav_2025/install/rmul_decision/share/rmul_decision/hook/cmake_prefix_path.sh'
[1.382s] Level 1:colcon.colcon_core.environment:checking '/home/ethereal/rm_2025/rmul_nav_2025/install/rmul_decision/bin'
[1.382s] Level 1:colcon.colcon_core.environment:checking '/home/ethereal/rm_2025/rmul_nav_2025/install/rmul_decision/lib/pkgconfig/rmul_decision.pc'
[1.382s] Level 1:colcon.colcon_core.environment:checking '/home/ethereal/rm_2025/rmul_nav_2025/install/rmul_decision/lib/python3.10/site-packages'
[1.382s] Level 1:colcon.colcon_core.environment:checking '/home/ethereal/rm_2025/rmul_nav_2025/install/rmul_decision/bin'
[1.382s] INFO:colcon.colcon_core.shell:Creating package script '/home/ethereal/rm_2025/rmul_nav_2025/install/rmul_decision/share/rmul_decision/package.ps1'
[1.383s] INFO:colcon.colcon_core.shell:Creating package descriptor '/home/ethereal/rm_2025/rmul_nav_2025/install/rmul_decision/share/rmul_decision/package.dsv'
[1.383s] INFO:colcon.colcon_core.shell:Creating package script '/home/ethereal/rm_2025/rmul_nav_2025/install/rmul_decision/share/rmul_decision/package.sh'
[1.383s] INFO:colcon.colcon_core.shell:Creating package script '/home/ethereal/rm_2025/rmul_nav_2025/install/rmul_decision/share/rmul_decision/package.bash'
[1.384s] INFO:colcon.colcon_core.shell:Creating package script '/home/ethereal/rm_2025/rmul_nav_2025/install/rmul_decision/share/rmul_decision/package.zsh'
[1.384s] Level 1:colcon.colcon_core.environment:create_file_with_runtime_dependencies(/home/ethereal/rm_2025/rmul_nav_2025/install/rmul_decision/share/colcon-core/packages/rmul_decision)
[2.222s] DEBUG:colcon.colcon_core.event_handler.log_command:Invoked command in '/home/ethereal/rm_2025/rmul_nav_2025/build/navigator_interfaces' returned '0': CMAKE_PREFIX_PATH=/opt/ros/humble PS1=\[\e[1;32m\]\u@\h\[\e[0m\]:\[\e[1;34m\]\w\[\e[0m\]\$ /usr/bin/cmake /home/ethereal/rm_2025/rmul_nav_2025/src/Action/navigator_interfaces -DCMAKE_INSTALL_PREFIX=/home/ethereal/rm_2025/rmul_nav_2025/install/navigator_interfaces
[2.223s] DEBUG:colcon.colcon_core.event_handler.log_command:Invoking command in '/home/ethereal/rm_2025/rmul_nav_2025/build/navigator_interfaces': CMAKE_PREFIX_PATH=/opt/ros/humble PS1=\[\e[1;32m\]\u@\h\[\e[0m\]:\[\e[1;34m\]\w\[\e[0m\]\$ /usr/bin/cmake --build /home/ethereal/rm_2025/rmul_nav_2025/build/navigator_interfaces -- -j20 -l20
[2.268s] DEBUG:colcon.colcon_core.event_handler.log_command:Invoked command in '/home/ethereal/rm_2025/rmul_nav_2025/build/pb_rm_interfaces' returned '0': CMAKE_PREFIX_PATH=/opt/ros/humble PS1=\[\e[1;32m\]\u@\h\[\e[0m\]:\[\e[1;34m\]\w\[\e[0m\]\$ /usr/bin/cmake /home/ethereal/rm_2025/rmul_nav_2025/src/Decision/pb_rm_interfaces -DCMAKE_INSTALL_PREFIX=/home/ethereal/rm_2025/rmul_nav_2025/install/pb_rm_interfaces
[2.269s] DEBUG:colcon.colcon_core.event_handler.log_command:Invoking command in '/home/ethereal/rm_2025/rmul_nav_2025/build/pb_rm_interfaces': CMAKE_PREFIX_PATH=/opt/ros/humble PS1=\[\e[1;32m\]\u@\h\[\e[0m\]:\[\e[1;34m\]\w\[\e[0m\]\$ /usr/bin/cmake --build /home/ethereal/rm_2025/rmul_nav_2025/build/pb_rm_interfaces -- -j20 -l20
[3.844s] DEBUG:colcon.colcon_core.event_handler.log_command:Invoked command in '/home/ethereal/rm_2025/rmul_nav_2025/build/navigator_interfaces' returned '0': CMAKE_PREFIX_PATH=/opt/ros/humble PS1=\[\e[1;32m\]\u@\h\[\e[0m\]:\[\e[1;34m\]\w\[\e[0m\]\$ /usr/bin/cmake --build /home/ethereal/rm_2025/rmul_nav_2025/build/navigator_interfaces -- -j20 -l20
[3.846s] DEBUG:colcon.colcon_core.event_handler.log_command:Invoking command in '/home/ethereal/rm_2025/rmul_nav_2025/build/navigator_interfaces': CMAKE_PREFIX_PATH=/opt/ros/humble PS1=\[\e[1;32m\]\u@\h\[\e[0m\]:\[\e[1;34m\]\w\[\e[0m\]\$ /usr/bin/cmake --install /home/ethereal/rm_2025/rmul_nav_2025/build/navigator_interfaces
[3.898s] Level 1:colcon.colcon_core.environment:create_environment_scripts_only(navigator_interfaces)
[3.898s] DEBUG:colcon.colcon_core.event_handler.log_command:Invoked command in '/home/ethereal/rm_2025/rmul_nav_2025/build/navigator_interfaces' returned '0': CMAKE_PREFIX_PATH=/opt/ros/humble PS1=\[\e[1;32m\]\u@\h\[\e[0m\]:\[\e[1;34m\]\w\[\e[0m\]\$ /usr/bin/cmake --install /home/ethereal/rm_2025/rmul_nav_2025/build/navigator_interfaces
[3.899s] Level 1:colcon.colcon_core.environment:checking '/home/ethereal/rm_2025/rmul_nav_2025/install/navigator_interfaces' for CMake module files
[3.899s] Level 1:colcon.colcon_core.environment:checking '/home/ethereal/rm_2025/rmul_nav_2025/install/navigator_interfaces' for CMake config files
[3.899s] Level 1:colcon.colcon_core.shell:create_environment_hook('navigator_interfaces', 'cmake_prefix_path')
[3.900s] INFO:colcon.colcon_core.shell:Creating environment hook '/home/ethereal/rm_2025/rmul_nav_2025/install/navigator_interfaces/share/navigator_interfaces/hook/cmake_prefix_path.ps1'
[3.900s] INFO:colcon.colcon_core.shell:Creating environment descriptor '/home/ethereal/rm_2025/rmul_nav_2025/install/navigator_interfaces/share/navigator_interfaces/hook/cmake_prefix_path.dsv'
[3.900s] INFO:colcon.colcon_core.shell:Creating environment hook '/home/ethereal/rm_2025/rmul_nav_2025/install/navigator_interfaces/share/navigator_interfaces/hook/cmake_prefix_path.sh'
[3.901s] Level 1:colcon.colcon_core.environment:checking '/home/ethereal/rm_2025/rmul_nav_2025/install/navigator_interfaces/lib'
[3.901s] Level 1:colcon.colcon_core.shell:create_environment_hook('navigator_interfaces', 'ld_library_path_lib')
[3.901s] INFO:colcon.colcon_core.shell:Creating environment hook '/home/ethereal/rm_2025/rmul_nav_2025/install/navigator_interfaces/share/navigator_interfaces/hook/ld_library_path_lib.ps1'
[3.901s] INFO:colcon.colcon_core.shell:Creating environment descriptor '/home/ethereal/rm_2025/rmul_nav_2025/install/navigator_interfaces/share/navigator_interfaces/hook/ld_library_path_lib.dsv'
[3.902s] INFO:colcon.colcon_core.shell:Creating environment hook '/home/ethereal/rm_2025/rmul_nav_2025/install/navigator_interfaces/share/navigator_interfaces/hook/ld_library_path_lib.sh'
[3.902s] Level 1:colcon.colcon_core.environment:checking '/home/ethereal/rm_2025/rmul_nav_2025/install/navigator_interfaces/bin'
[3.902s] Level 1:colcon.colcon_core.environment:checking '/home/ethereal/rm_2025/rmul_nav_2025/install/navigator_interfaces/lib/pkgconfig/navigator_interfaces.pc'
[3.902s] Level 1:colcon.colcon_core.environment:checking '/home/ethereal/rm_2025/rmul_nav_2025/install/navigator_interfaces/lib/python3.10/site-packages'
[3.902s] Level 1:colcon.colcon_core.environment:checking '/home/ethereal/rm_2025/rmul_nav_2025/install/navigator_interfaces/bin'
[3.903s] INFO:colcon.colcon_core.shell:Creating package script '/home/ethereal/rm_2025/rmul_nav_2025/install/navigator_interfaces/share/navigator_interfaces/package.ps1'
[3.903s] INFO:colcon.colcon_core.shell:Creating package descriptor '/home/ethereal/rm_2025/rmul_nav_2025/install/navigator_interfaces/share/navigator_interfaces/package.dsv'
[3.903s] INFO:colcon.colcon_core.shell:Creating package script '/home/ethereal/rm_2025/rmul_nav_2025/install/navigator_interfaces/share/navigator_interfaces/package.sh'
[3.904s] INFO:colcon.colcon_core.shell:Creating package script '/home/ethereal/rm_2025/rmul_nav_2025/install/navigator_interfaces/share/navigator_interfaces/package.bash'
[3.904s] INFO:colcon.colcon_core.shell:Creating package script '/home/ethereal/rm_2025/rmul_nav_2025/install/navigator_interfaces/share/navigator_interfaces/package.zsh'
[3.905s] Level 1:colcon.colcon_core.environment:create_file_with_runtime_dependencies(/home/ethereal/rm_2025/rmul_nav_2025/install/navigator_interfaces/share/colcon-core/packages/navigator_interfaces)
[3.906s] Level 1:colcon.colcon_core.environment:create_environment_scripts_only(navigator_interfaces)
[3.906s] Level 1:colcon.colcon_core.environment:checking '/home/ethereal/rm_2025/rmul_nav_2025/install/navigator_interfaces' for CMake module files
[3.907s] Level 1:colcon.colcon_core.environment:checking '/home/ethereal/rm_2025/rmul_nav_2025/install/navigator_interfaces' for CMake config files
[3.907s] Level 1:colcon.colcon_core.shell:create_environment_hook('navigator_interfaces', 'cmake_prefix_path')
[3.907s] INFO:colcon.colcon_core.shell:Creating environment hook '/home/ethereal/rm_2025/rmul_nav_2025/install/navigator_interfaces/share/navigator_interfaces/hook/cmake_prefix_path.ps1'
[3.908s] INFO:colcon.colcon_core.shell:Creating environment descriptor '/home/ethereal/rm_2025/rmul_nav_2025/install/navigator_interfaces/share/navigator_interfaces/hook/cmake_prefix_path.dsv'
[3.908s] INFO:colcon.colcon_core.shell:Creating environment hook '/home/ethereal/rm_2025/rmul_nav_2025/install/navigator_interfaces/share/navigator_interfaces/hook/cmake_prefix_path.sh'
[3.908s] Level 1:colcon.colcon_core.environment:checking '/home/ethereal/rm_2025/rmul_nav_2025/install/navigator_interfaces/lib'
[3.909s] Level 1:colcon.colcon_core.shell:create_environment_hook('navigator_interfaces', 'ld_library_path_lib')
[3.909s] INFO:colcon.colcon_core.shell:Creating environment hook '/home/ethereal/rm_2025/rmul_nav_2025/install/navigator_interfaces/share/navigator_interfaces/hook/ld_library_path_lib.ps1'
[3.909s] INFO:colcon.colcon_core.shell:Creating environment descriptor '/home/ethereal/rm_2025/rmul_nav_2025/install/navigator_interfaces/share/navigator_interfaces/hook/ld_library_path_lib.dsv'
[3.910s] INFO:colcon.colcon_core.shell:Creating environment hook '/home/ethereal/rm_2025/rmul_nav_2025/install/navigator_interfaces/share/navigator_interfaces/hook/ld_library_path_lib.sh'
[3.910s] Level 1:colcon.colcon_core.environment:checking '/home/ethereal/rm_2025/rmul_nav_2025/install/navigator_interfaces/bin'
[3.910s] Level 1:colcon.colcon_core.environment:checking '/home/ethereal/rm_2025/rmul_nav_2025/install/navigator_interfaces/lib/pkgconfig/navigator_interfaces.pc'
[3.910s] Level 1:colcon.colcon_core.environment:checking '/home/ethereal/rm_2025/rmul_nav_2025/install/navigator_interfaces/lib/python3.10/site-packages'
[3.911s] Level 1:colcon.colcon_core.environment:checking '/home/ethereal/rm_2025/rmul_nav_2025/install/navigator_interfaces/bin'
[3.911s] INFO:colcon.colcon_core.shell:Creating package script '/home/ethereal/rm_2025/rmul_nav_2025/install/navigator_interfaces/share/navigator_interfaces/package.ps1'
[3.912s] INFO:colcon.colcon_core.shell:Creating package descriptor '/home/ethereal/rm_2025/rmul_nav_2025/install/navigator_interfaces/share/navigator_interfaces/package.dsv'
[3.912s] INFO:colcon.colcon_core.shell:Creating package script '/home/ethereal/rm_2025/rmul_nav_2025/install/navigator_interfaces/share/navigator_interfaces/package.sh'
[3.912s] INFO:colcon.colcon_core.shell:Creating package script '/home/ethereal/rm_2025/rmul_nav_2025/install/navigator_interfaces/share/navigator_interfaces/package.bash'
[3.913s] INFO:colcon.colcon_core.shell:Creating package script '/home/ethereal/rm_2025/rmul_nav_2025/install/navigator_interfaces/share/navigator_interfaces/package.zsh'
[3.913s] Level 1:colcon.colcon_core.environment:create_file_with_runtime_dependencies(/home/ethereal/rm_2025/rmul_nav_2025/install/navigator_interfaces/share/colcon-core/packages/navigator_interfaces)
[3.914s] INFO:colcon.colcon_ros.task.ament_cmake.build:Building ROS package in '/home/ethereal/rm_2025/rmul_nav_2025/src/Action/navigator' with build type 'ament_cmake'
[3.914s] INFO:colcon.colcon_cmake.task.cmake.build:Building CMake package in '/home/ethereal/rm_2025/rmul_nav_2025/src/Action/navigator'
[3.914s] INFO:colcon.colcon_core.shell:Skip shell extension 'powershell' for command environment: Not usable outside of PowerShell
[3.915s] DEBUG:colcon.colcon_core.shell:Skip shell extension 'dsv' for command environment
[3.918s] INFO:colcon.colcon_ros.task.ament_cmake.build:Building ROS package in '/home/ethereal/rm_2025/rmul_nav_2025/src/Tool/terminal_listener' with build type 'ament_cmake'
[3.918s] INFO:colcon.colcon_cmake.task.cmake.build:Building CMake package in '/home/ethereal/rm_2025/rmul_nav_2025/src/Tool/terminal_listener'
[3.918s] INFO:colcon.colcon_core.shell:Skip shell extension 'powershell' for command environment: Not usable outside of PowerShell
[3.919s] DEBUG:colcon.colcon_core.shell:Skip shell extension 'dsv' for command environment
[3.927s] DEBUG:colcon.colcon_core.event_handler.log_command:Invoking command in '/home/ethereal/rm_2025/rmul_nav_2025/build/navigator': AMENT_PREFIX_PATH=/home/ethereal/rm_2025/rmul_nav_2025/install/navigator_interfaces:${AMENT_PREFIX_PATH} CMAKE_PREFIX_PATH=/home/ethereal/rm_2025/rmul_nav_2025/install/navigator_interfaces:/opt/ros/humble LD_LIBRARY_PATH=/home/ethereal/rm_2025/rmul_nav_2025/install/navigator_interfaces/lib:${LD_LIBRARY_PATH} PS1=\[\e[1;32m\]\u@\h\[\e[0m\]:\[\e[1;34m\]\w\[\e[0m\]\$ PYTHONPATH=/home/ethereal/rm_2025/rmul_nav_2025/install/navigator_interfaces/local/lib/python3.10/dist-packages:${PYTHONPATH} /usr/bin/cmake /home/ethereal/rm_2025/rmul_nav_2025/src/Action/navigator -DCMAKE_INSTALL_PREFIX=/home/ethereal/rm_2025/rmul_nav_2025/install/navigator
[3.930s] DEBUG:colcon.colcon_core.event_handler.log_command:Invoking command in '/home/ethereal/rm_2025/rmul_nav_2025/build/terminal_listener': AMENT_PREFIX_PATH=/home/ethereal/rm_2025/rmul_nav_2025/install/navigator_interfaces:${AMENT_PREFIX_PATH} CMAKE_PREFIX_PATH=/home/ethereal/rm_2025/rmul_nav_2025/install/navigator_interfaces:/opt/ros/humble LD_LIBRARY_PATH=/home/ethereal/rm_2025/rmul_nav_2025/install/navigator_interfaces/lib:${LD_LIBRARY_PATH} PS1=\[\e[1;32m\]\u@\h\[\e[0m\]:\[\e[1;34m\]\w\[\e[0m\]\$ PYTHONPATH=/home/ethereal/rm_2025/rmul_nav_2025/install/navigator_interfaces/local/lib/python3.10/dist-packages:${PYTHONPATH} /usr/bin/cmake /home/ethereal/rm_2025/rmul_nav_2025/src/Tool/terminal_listener -DCMAKE_INSTALL_PREFIX=/home/ethereal/rm_2025/rmul_nav_2025/install/terminal_listener
[5.131s] DEBUG:colcon.colcon_core.event_handler.log_command:Invoked command in '/home/ethereal/rm_2025/rmul_nav_2025/build/terminal_listener' returned '0': AMENT_PREFIX_PATH=/home/ethereal/rm_2025/rmul_nav_2025/install/navigator_interfaces:${AMENT_PREFIX_PATH} CMAKE_PREFIX_PATH=/home/ethereal/rm_2025/rmul_nav_2025/install/navigator_interfaces:/opt/ros/humble LD_LIBRARY_PATH=/home/ethereal/rm_2025/rmul_nav_2025/install/navigator_interfaces/lib:${LD_LIBRARY_PATH} PS1=\[\e[1;32m\]\u@\h\[\e[0m\]:\[\e[1;34m\]\w\[\e[0m\]\$ PYTHONPATH=/home/ethereal/rm_2025/rmul_nav_2025/install/navigator_interfaces/local/lib/python3.10/dist-packages:${PYTHONPATH} /usr/bin/cmake /home/ethereal/rm_2025/rmul_nav_2025/src/Tool/terminal_listener -DCMAKE_INSTALL_PREFIX=/home/ethereal/rm_2025/rmul_nav_2025/install/terminal_listener
[5.134s] DEBUG:colcon.colcon_core.event_handler.log_command:Invoking command in '/home/ethereal/rm_2025/rmul_nav_2025/build/terminal_listener': AMENT_PREFIX_PATH=/home/ethereal/rm_2025/rmul_nav_2025/install/navigator_interfaces:${AMENT_PREFIX_PATH} CMAKE_PREFIX_PATH=/home/ethereal/rm_2025/rmul_nav_2025/install/navigator_interfaces:/opt/ros/humble LD_LIBRARY_PATH=/home/ethereal/rm_2025/rmul_nav_2025/install/navigator_interfaces/lib:${LD_LIBRARY_PATH} PS1=\[\e[1;32m\]\u@\h\[\e[0m\]:\[\e[1;34m\]\w\[\e[0m\]\$ PYTHONPATH=/home/ethereal/rm_2025/rmul_nav_2025/install/navigator_interfaces/local/lib/python3.10/dist-packages:${PYTHONPATH} /usr/bin/cmake --build /home/ethereal/rm_2025/rmul_nav_2025/build/terminal_listener -- -j20 -l20
[5.483s] DEBUG:colcon.colcon_core.event_handler.log_command:Invoked command in '/home/ethereal/rm_2025/rmul_nav_2025/build/navigator' returned '0': AMENT_PREFIX_PATH=/home/ethereal/rm_2025/rmul_nav_2025/install/navigator_interfaces:${AMENT_PREFIX_PATH} CMAKE_PREFIX_PATH=/home/ethereal/rm_2025/rmul_nav_2025/install/navigator_interfaces:/opt/ros/humble LD_LIBRARY_PATH=/home/ethereal/rm_2025/rmul_nav_2025/install/navigator_interfaces/lib:${LD_LIBRARY_PATH} PS1=\[\e[1;32m\]\u@\h\[\e[0m\]:\[\e[1;34m\]\w\[\e[0m\]\$ PYTHONPATH=/home/ethereal/rm_2025/rmul_nav_2025/install/navigator_interfaces/local/lib/python3.10/dist-packages:${PYTHONPATH} /usr/bin/cmake /home/ethereal/rm_2025/rmul_nav_2025/src/Action/navigator -DCMAKE_INSTALL_PREFIX=/home/ethereal/rm_2025/rmul_nav_2025/install/navigator
[5.484s] DEBUG:colcon.colcon_core.event_handler.log_command:Invoking command in '/home/ethereal/rm_2025/rmul_nav_2025/build/navigator': AMENT_PREFIX_PATH=/home/ethereal/rm_2025/rmul_nav_2025/install/navigator_interfaces:${AMENT_PREFIX_PATH} CMAKE_PREFIX_PATH=/home/ethereal/rm_2025/rmul_nav_2025/install/navigator_interfaces:/opt/ros/humble LD_LIBRARY_PATH=/home/ethereal/rm_2025/rmul_nav_2025/install/navigator_interfaces/lib:${LD_LIBRARY_PATH} PS1=\[\e[1;32m\]\u@\h\[\e[0m\]:\[\e[1;34m\]\w\[\e[0m\]\$ PYTHONPATH=/home/ethereal/rm_2025/rmul_nav_2025/install/navigator_interfaces/local/lib/python3.10/dist-packages:${PYTHONPATH} /usr/bin/cmake --build /home/ethereal/rm_2025/rmul_nav_2025/build/navigator -- -j20 -l20
[10.603s] DEBUG:colcon.colcon_core.event_handler.log_command:Invoked command in '/home/ethereal/rm_2025/rmul_nav_2025/build/terminal_listener' returned '0': AMENT_PREFIX_PATH=/home/ethereal/rm_2025/rmul_nav_2025/install/navigator_interfaces:${AMENT_PREFIX_PATH} CMAKE_PREFIX_PATH=/home/ethereal/rm_2025/rmul_nav_2025/install/navigator_interfaces:/opt/ros/humble LD_LIBRARY_PATH=/home/ethereal/rm_2025/rmul_nav_2025/install/navigator_interfaces/lib:${LD_LIBRARY_PATH} PS1=\[\e[1;32m\]\u@\h\[\e[0m\]:\[\e[1;34m\]\w\[\e[0m\]\$ PYTHONPATH=/home/ethereal/rm_2025/rmul_nav_2025/install/navigator_interfaces/local/lib/python3.10/dist-packages:${PYTHONPATH} /usr/bin/cmake --build /home/ethereal/rm_2025/rmul_nav_2025/build/terminal_listener -- -j20 -l20
[10.605s] DEBUG:colcon.colcon_core.event_handler.log_command:Invoking command in '/home/ethereal/rm_2025/rmul_nav_2025/build/terminal_listener': AMENT_PREFIX_PATH=/home/ethereal/rm_2025/rmul_nav_2025/install/navigator_interfaces:${AMENT_PREFIX_PATH} CMAKE_PREFIX_PATH=/home/ethereal/rm_2025/rmul_nav_2025/install/navigator_interfaces:/opt/ros/humble LD_LIBRARY_PATH=/home/ethereal/rm_2025/rmul_nav_2025/install/navigator_interfaces/lib:${LD_LIBRARY_PATH} PS1=\[\e[1;32m\]\u@\h\[\e[0m\]:\[\e[1;34m\]\w\[\e[0m\]\$ PYTHONPATH=/home/ethereal/rm_2025/rmul_nav_2025/install/navigator_interfaces/local/lib/python3.10/dist-packages:${PYTHONPATH} /usr/bin/cmake --install /home/ethereal/rm_2025/rmul_nav_2025/build/terminal_listener
[10.615s] Level 1:colcon.colcon_core.environment:create_environment_scripts_only(terminal_listener)
[10.615s] Level 1:colcon.colcon_core.environment:checking '/home/ethereal/rm_2025/rmul_nav_2025/install/terminal_listener' for CMake module files
[10.616s] DEBUG:colcon.colcon_core.event_handler.log_command:Invoked command in '/home/ethereal/rm_2025/rmul_nav_2025/build/terminal_listener' returned '0': AMENT_PREFIX_PATH=/home/ethereal/rm_2025/rmul_nav_2025/install/navigator_interfaces:${AMENT_PREFIX_PATH} CMAKE_PREFIX_PATH=/home/ethereal/rm_2025/rmul_nav_2025/install/navigator_interfaces:/opt/ros/humble LD_LIBRARY_PATH=/home/ethereal/rm_2025/rmul_nav_2025/install/navigator_interfaces/lib:${LD_LIBRARY_PATH} PS1=\[\e[1;32m\]\u@\h\[\e[0m\]:\[\e[1;34m\]\w\[\e[0m\]\$ PYTHONPATH=/home/ethereal/rm_2025/rmul_nav_2025/install/navigator_interfaces/local/lib/python3.10/dist-packages:${PYTHONPATH} /usr/bin/cmake --install /home/ethereal/rm_2025/rmul_nav_2025/build/terminal_listener
[10.616s] Level 1:colcon.colcon_core.environment:checking '/home/ethereal/rm_2025/rmul_nav_2025/install/terminal_listener' for CMake config files
[10.616s] Level 1:colcon.colcon_core.shell:create_environment_hook('terminal_listener', 'cmake_prefix_path')
[10.617s] INFO:colcon.colcon_core.shell:Creating environment hook '/home/ethereal/rm_2025/rmul_nav_2025/install/terminal_listener/share/terminal_listener/hook/cmake_prefix_path.ps1'
[10.617s] INFO:colcon.colcon_core.shell:Creating environment descriptor '/home/ethereal/rm_2025/rmul_nav_2025/install/terminal_listener/share/terminal_listener/hook/cmake_prefix_path.dsv'
[10.617s] INFO:colcon.colcon_core.shell:Creating environment hook '/home/ethereal/rm_2025/rmul_nav_2025/install/terminal_listener/share/terminal_listener/hook/cmake_prefix_path.sh'
[10.618s] Level 1:colcon.colcon_core.environment:checking '/home/ethereal/rm_2025/rmul_nav_2025/install/terminal_listener/lib'
[10.618s] Level 1:colcon.colcon_core.environment:checking '/home/ethereal/rm_2025/rmul_nav_2025/install/terminal_listener/bin'
[10.618s] Level 1:colcon.colcon_core.environment:checking '/home/ethereal/rm_2025/rmul_nav_2025/install/terminal_listener/lib/pkgconfig/terminal_listener.pc'
[10.618s] Level 1:colcon.colcon_core.environment:checking '/home/ethereal/rm_2025/rmul_nav_2025/install/terminal_listener/lib/python3.10/site-packages'
[10.618s] Level 1:colcon.colcon_core.environment:checking '/home/ethereal/rm_2025/rmul_nav_2025/install/terminal_listener/bin'
[10.619s] INFO:colcon.colcon_core.shell:Creating package script '/home/ethereal/rm_2025/rmul_nav_2025/install/terminal_listener/share/terminal_listener/package.ps1'
[10.619s] INFO:colcon.colcon_core.shell:Creating package descriptor '/home/ethereal/rm_2025/rmul_nav_2025/install/terminal_listener/share/terminal_listener/package.dsv'
[10.619s] INFO:colcon.colcon_core.shell:Creating package script '/home/ethereal/rm_2025/rmul_nav_2025/install/terminal_listener/share/terminal_listener/package.sh'
[10.620s] INFO:colcon.colcon_core.shell:Creating package script '/home/ethereal/rm_2025/rmul_nav_2025/install/terminal_listener/share/terminal_listener/package.bash'
[10.620s] INFO:colcon.colcon_core.shell:Creating package script '/home/ethereal/rm_2025/rmul_nav_2025/install/terminal_listener/share/terminal_listener/package.zsh'
[10.620s] Level 1:colcon.colcon_core.environment:create_file_with_runtime_dependencies(/home/ethereal/rm_2025/rmul_nav_2025/install/terminal_listener/share/colcon-core/packages/terminal_listener)
[10.621s] Level 1:colcon.colcon_core.environment:create_environment_scripts_only(terminal_listener)
[10.621s] Level 1:colcon.colcon_core.environment:checking '/home/ethereal/rm_2025/rmul_nav_2025/install/terminal_listener' for CMake module files
[10.622s] Level 1:colcon.colcon_core.environment:checking '/home/ethereal/rm_2025/rmul_nav_2025/install/terminal_listener' for CMake config files
[10.622s] Level 1:colcon.colcon_core.shell:create_environment_hook('terminal_listener', 'cmake_prefix_path')
[10.622s] INFO:colcon.colcon_core.shell:Creating environment hook '/home/ethereal/rm_2025/rmul_nav_2025/install/terminal_listener/share/terminal_listener/hook/cmake_prefix_path.ps1'
[10.623s] INFO:colcon.colcon_core.shell:Creating environment descriptor '/home/ethereal/rm_2025/rmul_nav_2025/install/terminal_listener/share/terminal_listener/hook/cmake_prefix_path.dsv'
[10.623s] INFO:colcon.colcon_core.shell:Creating environment hook '/home/ethereal/rm_2025/rmul_nav_2025/install/terminal_listener/share/terminal_listener/hook/cmake_prefix_path.sh'
[10.623s] Level 1:colcon.colcon_core.environment:checking '/home/ethereal/rm_2025/rmul_nav_2025/install/terminal_listener/lib'
[10.623s] Level 1:colcon.colcon_core.environment:checking '/home/ethereal/rm_2025/rmul_nav_2025/install/terminal_listener/bin'
[10.623s] Level 1:colcon.colcon_core.environment:checking '/home/ethereal/rm_2025/rmul_nav_2025/install/terminal_listener/lib/pkgconfig/terminal_listener.pc'
[10.624s] Level 1:colcon.colcon_core.environment:checking '/home/ethereal/rm_2025/rmul_nav_2025/install/terminal_listener/lib/python3.10/site-packages'
[10.624s] Level 1:colcon.colcon_core.environment:checking '/home/ethereal/rm_2025/rmul_nav_2025/install/terminal_listener/bin'
[10.625s] INFO:colcon.colcon_core.shell:Creating package script '/home/ethereal/rm_2025/rmul_nav_2025/install/terminal_listener/share/terminal_listener/package.ps1'
[10.625s] INFO:colcon.colcon_core.shell:Creating package descriptor '/home/ethereal/rm_2025/rmul_nav_2025/install/terminal_listener/share/terminal_listener/package.dsv'
[10.626s] INFO:colcon.colcon_core.shell:Creating package script '/home/ethereal/rm_2025/rmul_nav_2025/install/terminal_listener/share/terminal_listener/package.sh'
[10.627s] INFO:colcon.colcon_core.shell:Creating package script '/home/ethereal/rm_2025/rmul_nav_2025/install/terminal_listener/share/terminal_listener/package.bash'
[10.627s] INFO:colcon.colcon_core.shell:Creating package script '/home/ethereal/rm_2025/rmul_nav_2025/install/terminal_listener/share/terminal_listener/package.zsh'
[10.628s] Level 1:colcon.colcon_core.environment:create_file_with_runtime_dependencies(/home/ethereal/rm_2025/rmul_nav_2025/install/terminal_listener/share/colcon-core/packages/terminal_listener)
[12.190s] DEBUG:colcon.colcon_core.event_handler.log_command:Invoked command in '/home/ethereal/rm_2025/rmul_nav_2025/build/pb_rm_interfaces' returned '0': CMAKE_PREFIX_PATH=/opt/ros/humble PS1=\[\e[1;32m\]\u@\h\[\e[0m\]:\[\e[1;34m\]\w\[\e[0m\]\$ /usr/bin/cmake --build /home/ethereal/rm_2025/rmul_nav_2025/build/pb_rm_interfaces -- -j20 -l20
[12.192s] DEBUG:colcon.colcon_core.event_handler.log_command:Invoking command in '/home/ethereal/rm_2025/rmul_nav_2025/build/pb_rm_interfaces': CMAKE_PREFIX_PATH=/opt/ros/humble PS1=\[\e[1;32m\]\u@\h\[\e[0m\]:\[\e[1;34m\]\w\[\e[0m\]\$ /usr/bin/cmake --install /home/ethereal/rm_2025/rmul_nav_2025/build/pb_rm_interfaces
[12.280s] Level 1:colcon.colcon_core.environment:create_environment_scripts_only(pb_rm_interfaces)
[12.281s] Level 1:colcon.colcon_core.environment:checking '/home/ethereal/rm_2025/rmul_nav_2025/install/pb_rm_interfaces' for CMake module files
[12.281s] DEBUG:colcon.colcon_core.event_handler.log_command:Invoked command in '/home/ethereal/rm_2025/rmul_nav_2025/build/pb_rm_interfaces' returned '0': CMAKE_PREFIX_PATH=/opt/ros/humble PS1=\[\e[1;32m\]\u@\h\[\e[0m\]:\[\e[1;34m\]\w\[\e[0m\]\$ /usr/bin/cmake --install /home/ethereal/rm_2025/rmul_nav_2025/build/pb_rm_interfaces
[12.282s] Level 1:colcon.colcon_core.environment:checking '/home/ethereal/rm_2025/rmul_nav_2025/install/pb_rm_interfaces' for CMake config files
[12.282s] Level 1:colcon.colcon_core.shell:create_environment_hook('pb_rm_interfaces', 'cmake_prefix_path')
[12.282s] INFO:colcon.colcon_core.shell:Creating environment hook '/home/ethereal/rm_2025/rmul_nav_2025/install/pb_rm_interfaces/share/pb_rm_interfaces/hook/cmake_prefix_path.ps1'
[12.283s] INFO:colcon.colcon_core.shell:Creating environment descriptor '/home/ethereal/rm_2025/rmul_nav_2025/install/pb_rm_interfaces/share/pb_rm_interfaces/hook/cmake_prefix_path.dsv'
[12.283s] INFO:colcon.colcon_core.shell:Creating environment hook '/home/ethereal/rm_2025/rmul_nav_2025/install/pb_rm_interfaces/share/pb_rm_interfaces/hook/cmake_prefix_path.sh'
[12.283s] Level 1:colcon.colcon_core.environment:checking '/home/ethereal/rm_2025/rmul_nav_2025/install/pb_rm_interfaces/lib'
[12.283s] Level 1:colcon.colcon_core.shell:create_environment_hook('pb_rm_interfaces', 'ld_library_path_lib')
[12.284s] INFO:colcon.colcon_core.shell:Creating environment hook '/home/ethereal/rm_2025/rmul_nav_2025/install/pb_rm_interfaces/share/pb_rm_interfaces/hook/ld_library_path_lib.ps1'
[12.284s] INFO:colcon.colcon_core.shell:Creating environment descriptor '/home/ethereal/rm_2025/rmul_nav_2025/install/pb_rm_interfaces/share/pb_rm_interfaces/hook/ld_library_path_lib.dsv'
[12.284s] INFO:colcon.colcon_core.shell:Creating environment hook '/home/ethereal/rm_2025/rmul_nav_2025/install/pb_rm_interfaces/share/pb_rm_interfaces/hook/ld_library_path_lib.sh'
[12.285s] Level 1:colcon.colcon_core.environment:checking '/home/ethereal/rm_2025/rmul_nav_2025/install/pb_rm_interfaces/bin'
[12.285s] Level 1:colcon.colcon_core.environment:checking '/home/ethereal/rm_2025/rmul_nav_2025/install/pb_rm_interfaces/lib/pkgconfig/pb_rm_interfaces.pc'
[12.285s] Level 1:colcon.colcon_core.environment:checking '/home/ethereal/rm_2025/rmul_nav_2025/install/pb_rm_interfaces/lib/python3.10/site-packages'
[12.285s] Level 1:colcon.colcon_core.environment:checking '/home/ethereal/rm_2025/rmul_nav_2025/install/pb_rm_interfaces/bin'
[12.286s] INFO:colcon.colcon_core.shell:Creating package script '/home/ethereal/rm_2025/rmul_nav_2025/install/pb_rm_interfaces/share/pb_rm_interfaces/package.ps1'
[12.286s] INFO:colcon.colcon_core.shell:Creating package descriptor '/home/ethereal/rm_2025/rmul_nav_2025/install/pb_rm_interfaces/share/pb_rm_interfaces/package.dsv'
[12.286s] INFO:colcon.colcon_core.shell:Creating package script '/home/ethereal/rm_2025/rmul_nav_2025/install/pb_rm_interfaces/share/pb_rm_interfaces/package.sh'
[12.287s] INFO:colcon.colcon_core.shell:Creating package script '/home/ethereal/rm_2025/rmul_nav_2025/install/pb_rm_interfaces/share/pb_rm_interfaces/package.bash'
[12.287s] INFO:colcon.colcon_core.shell:Creating package script '/home/ethereal/rm_2025/rmul_nav_2025/install/pb_rm_interfaces/share/pb_rm_interfaces/package.zsh'
[12.287s] Level 1:colcon.colcon_core.environment:create_file_with_runtime_dependencies(/home/ethereal/rm_2025/rmul_nav_2025/install/pb_rm_interfaces/share/colcon-core/packages/pb_rm_interfaces)
[12.288s] Level 1:colcon.colcon_core.environment:create_environment_scripts_only(pb_rm_interfaces)
[12.288s] Level 1:colcon.colcon_core.environment:checking '/home/ethereal/rm_2025/rmul_nav_2025/install/pb_rm_interfaces' for CMake module files
[12.289s] Level 1:colcon.colcon_core.environment:checking '/home/ethereal/rm_2025/rmul_nav_2025/install/pb_rm_interfaces' for CMake config files
[12.289s] Level 1:colcon.colcon_core.shell:create_environment_hook('pb_rm_interfaces', 'cmake_prefix_path')
[12.289s] INFO:colcon.colcon_core.shell:Creating environment hook '/home/ethereal/rm_2025/rmul_nav_2025/install/pb_rm_interfaces/share/pb_rm_interfaces/hook/cmake_prefix_path.ps1'
[12.289s] INFO:colcon.colcon_core.shell:Creating environment descriptor '/home/ethereal/rm_2025/rmul_nav_2025/install/pb_rm_interfaces/share/pb_rm_interfaces/hook/cmake_prefix_path.dsv'
[12.290s] INFO:colcon.colcon_core.shell:Creating environment hook '/home/ethereal/rm_2025/rmul_nav_2025/install/pb_rm_interfaces/share/pb_rm_interfaces/hook/cmake_prefix_path.sh'
[12.290s] Level 1:colcon.colcon_core.environment:checking '/home/ethereal/rm_2025/rmul_nav_2025/install/pb_rm_interfaces/lib'
[12.290s] Level 1:colcon.colcon_core.shell:create_environment_hook('pb_rm_interfaces', 'ld_library_path_lib')
[12.290s] INFO:colcon.colcon_core.shell:Creating environment hook '/home/ethereal/rm_2025/rmul_nav_2025/install/pb_rm_interfaces/share/pb_rm_interfaces/hook/ld_library_path_lib.ps1'
[12.291s] INFO:colcon.colcon_core.shell:Creating environment descriptor '/home/ethereal/rm_2025/rmul_nav_2025/install/pb_rm_interfaces/share/pb_rm_interfaces/hook/ld_library_path_lib.dsv'
[12.291s] INFO:colcon.colcon_core.shell:Creating environment hook '/home/ethereal/rm_2025/rmul_nav_2025/install/pb_rm_interfaces/share/pb_rm_interfaces/hook/ld_library_path_lib.sh'
[12.291s] Level 1:colcon.colcon_core.environment:checking '/home/ethereal/rm_2025/rmul_nav_2025/install/pb_rm_interfaces/bin'
[12.291s] Level 1:colcon.colcon_core.environment:checking '/home/ethereal/rm_2025/rmul_nav_2025/install/pb_rm_interfaces/lib/pkgconfig/pb_rm_interfaces.pc'
[12.291s] Level 1:colcon.colcon_core.environment:checking '/home/ethereal/rm_2025/rmul_nav_2025/install/pb_rm_interfaces/lib/python3.10/site-packages'
[12.292s] Level 1:colcon.colcon_core.environment:checking '/home/ethereal/rm_2025/rmul_nav_2025/install/pb_rm_interfaces/bin'
[12.292s] INFO:colcon.colcon_core.shell:Creating package script '/home/ethereal/rm_2025/rmul_nav_2025/install/pb_rm_interfaces/share/pb_rm_interfaces/package.ps1'
[12.292s] INFO:colcon.colcon_core.shell:Creating package descriptor '/home/ethereal/rm_2025/rmul_nav_2025/install/pb_rm_interfaces/share/pb_rm_interfaces/package.dsv'
[12.293s] INFO:colcon.colcon_core.shell:Creating package script '/home/ethereal/rm_2025/rmul_nav_2025/install/pb_rm_interfaces/share/pb_rm_interfaces/package.sh'
[12.293s] INFO:colcon.colcon_core.shell:Creating package script '/home/ethereal/rm_2025/rmul_nav_2025/install/pb_rm_interfaces/share/pb_rm_interfaces/package.bash'
[12.294s] INFO:colcon.colcon_core.shell:Creating package script '/home/ethereal/rm_2025/rmul_nav_2025/install/pb_rm_interfaces/share/pb_rm_interfaces/package.zsh'
[12.294s] Level 1:colcon.colcon_core.environment:create_file_with_runtime_dependencies(/home/ethereal/rm_2025/rmul_nav_2025/install/pb_rm_interfaces/share/colcon-core/packages/pb_rm_interfaces)
[20.311s] DEBUG:colcon.colcon_core.event_handler.log_command:Invoked command in '/home/ethereal/rm_2025/rmul_nav_2025/build/navigator' returned '0': AMENT_PREFIX_PATH=/home/ethereal/rm_2025/rmul_nav_2025/install/navigator_interfaces:${AMENT_PREFIX_PATH} CMAKE_PREFIX_PATH=/home/ethereal/rm_2025/rmul_nav_2025/install/navigator_interfaces:/opt/ros/humble LD_LIBRARY_PATH=/home/ethereal/rm_2025/rmul_nav_2025/install/navigator_interfaces/lib:${LD_LIBRARY_PATH} PS1=\[\e[1;32m\]\u@\h\[\e[0m\]:\[\e[1;34m\]\w\[\e[0m\]\$ PYTHONPATH=/home/ethereal/rm_2025/rmul_nav_2025/install/navigator_interfaces/local/lib/python3.10/dist-packages:${PYTHONPATH} /usr/bin/cmake --build /home/ethereal/rm_2025/rmul_nav_2025/build/navigator -- -j20 -l20
[20.313s] DEBUG:colcon.colcon_core.event_handler.log_command:Invoking command in '/home/ethereal/rm_2025/rmul_nav_2025/build/navigator': AMENT_PREFIX_PATH=/home/ethereal/rm_2025/rmul_nav_2025/install/navigator_interfaces:${AMENT_PREFIX_PATH} CMAKE_PREFIX_PATH=/home/ethereal/rm_2025/rmul_nav_2025/install/navigator_interfaces:/opt/ros/humble LD_LIBRARY_PATH=/home/ethereal/rm_2025/rmul_nav_2025/install/navigator_interfaces/lib:${LD_LIBRARY_PATH} PS1=\[\e[1;32m\]\u@\h\[\e[0m\]:\[\e[1;34m\]\w\[\e[0m\]\$ PYTHONPATH=/home/ethereal/rm_2025/rmul_nav_2025/install/navigator_interfaces/local/lib/python3.10/dist-packages:${PYTHONPATH} /usr/bin/cmake --install /home/ethereal/rm_2025/rmul_nav_2025/build/navigator
[20.329s] Level 1:colcon.colcon_core.environment:create_environment_scripts_only(navigator)
[20.330s] Level 1:colcon.colcon_core.environment:checking '/home/ethereal/rm_2025/rmul_nav_2025/install/navigator' for CMake module files
[20.330s] DEBUG:colcon.colcon_core.event_handler.log_command:Invoked command in '/home/ethereal/rm_2025/rmul_nav_2025/build/navigator' returned '0': AMENT_PREFIX_PATH=/home/ethereal/rm_2025/rmul_nav_2025/install/navigator_interfaces:${AMENT_PREFIX_PATH} CMAKE_PREFIX_PATH=/home/ethereal/rm_2025/rmul_nav_2025/install/navigator_interfaces:/opt/ros/humble LD_LIBRARY_PATH=/home/ethereal/rm_2025/rmul_nav_2025/install/navigator_interfaces/lib:${LD_LIBRARY_PATH} PS1=\[\e[1;32m\]\u@\h\[\e[0m\]:\[\e[1;34m\]\w\[\e[0m\]\$ PYTHONPATH=/home/ethereal/rm_2025/rmul_nav_2025/install/navigator_interfaces/local/lib/python3.10/dist-packages:${PYTHONPATH} /usr/bin/cmake --install /home/ethereal/rm_2025/rmul_nav_2025/build/navigator
[20.330s] Level 1:colcon.colcon_core.environment:checking '/home/ethereal/rm_2025/rmul_nav_2025/install/navigator' for CMake config files
[20.330s] Level 1:colcon.colcon_core.shell:create_environment_hook('navigator', 'cmake_prefix_path')
[20.331s] INFO:colcon.colcon_core.shell:Creating environment hook '/home/ethereal/rm_2025/rmul_nav_2025/install/navigator/share/navigator/hook/cmake_prefix_path.ps1'
[20.331s] INFO:colcon.colcon_core.shell:Creating environment descriptor '/home/ethereal/rm_2025/rmul_nav_2025/install/navigator/share/navigator/hook/cmake_prefix_path.dsv'
[20.331s] INFO:colcon.colcon_core.shell:Creating environment hook '/home/ethereal/rm_2025/rmul_nav_2025/install/navigator/share/navigator/hook/cmake_prefix_path.sh'
[20.332s] Level 1:colcon.colcon_core.environment:checking '/home/ethereal/rm_2025/rmul_nav_2025/install/navigator/lib'
[20.332s] Level 1:colcon.colcon_core.shell:create_environment_hook('navigator', 'ld_library_path_lib')
[20.332s] INFO:colcon.colcon_core.shell:Creating environment hook '/home/ethereal/rm_2025/rmul_nav_2025/install/navigator/share/navigator/hook/ld_library_path_lib.ps1'
[20.332s] INFO:colcon.colcon_core.shell:Creating environment descriptor '/home/ethereal/rm_2025/rmul_nav_2025/install/navigator/share/navigator/hook/ld_library_path_lib.dsv'
[20.332s] INFO:colcon.colcon_core.shell:Creating environment hook '/home/ethereal/rm_2025/rmul_nav_2025/install/navigator/share/navigator/hook/ld_library_path_lib.sh'
[20.333s] Level 1:colcon.colcon_core.environment:checking '/home/ethereal/rm_2025/rmul_nav_2025/install/navigator/bin'
[20.333s] Level 1:colcon.colcon_core.environment:checking '/home/ethereal/rm_2025/rmul_nav_2025/install/navigator/lib/pkgconfig/navigator.pc'
[20.333s] Level 1:colcon.colcon_core.environment:checking '/home/ethereal/rm_2025/rmul_nav_2025/install/navigator/lib/python3.10/site-packages'
[20.333s] Level 1:colcon.colcon_core.environment:checking '/home/ethereal/rm_2025/rmul_nav_2025/install/navigator/bin'
[20.334s] INFO:colcon.colcon_core.shell:Creating package script '/home/ethereal/rm_2025/rmul_nav_2025/install/navigator/share/navigator/package.ps1'
[20.334s] INFO:colcon.colcon_core.shell:Creating package descriptor '/home/ethereal/rm_2025/rmul_nav_2025/install/navigator/share/navigator/package.dsv'
[20.334s] INFO:colcon.colcon_core.shell:Creating package script '/home/ethereal/rm_2025/rmul_nav_2025/install/navigator/share/navigator/package.sh'
[20.335s] INFO:colcon.colcon_core.shell:Creating package script '/home/ethereal/rm_2025/rmul_nav_2025/install/navigator/share/navigator/package.bash'
[20.335s] INFO:colcon.colcon_core.shell:Creating package script '/home/ethereal/rm_2025/rmul_nav_2025/install/navigator/share/navigator/package.zsh'
[20.335s] Level 1:colcon.colcon_core.environment:create_file_with_runtime_dependencies(/home/ethereal/rm_2025/rmul_nav_2025/install/navigator/share/colcon-core/packages/navigator)
[20.336s] Level 1:colcon.colcon_core.environment:create_environment_scripts_only(navigator)
[20.336s] Level 1:colcon.colcon_core.environment:checking '/home/ethereal/rm_2025/rmul_nav_2025/install/navigator' for CMake module files
[20.336s] Level 1:colcon.colcon_core.environment:checking '/home/ethereal/rm_2025/rmul_nav_2025/install/navigator' for CMake config files
[20.336s] Level 1:colcon.colcon_core.shell:create_environment_hook('navigator', 'cmake_prefix_path')
[20.336s] INFO:colcon.colcon_core.shell:Creating environment hook '/home/ethereal/rm_2025/rmul_nav_2025/install/navigator/share/navigator/hook/cmake_prefix_path.ps1'
[20.337s] INFO:colcon.colcon_core.shell:Creating environment descriptor '/home/ethereal/rm_2025/rmul_nav_2025/install/navigator/share/navigator/hook/cmake_prefix_path.dsv'
[20.337s] INFO:colcon.colcon_core.shell:Creating environment hook '/home/ethereal/rm_2025/rmul_nav_2025/install/navigator/share/navigator/hook/cmake_prefix_path.sh'
[20.337s] Level 1:colcon.colcon_core.environment:checking '/home/ethereal/rm_2025/rmul_nav_2025/install/navigator/lib'
[20.338s] Level 1:colcon.colcon_core.shell:create_environment_hook('navigator', 'ld_library_path_lib')
[20.338s] INFO:colcon.colcon_core.shell:Creating environment hook '/home/ethereal/rm_2025/rmul_nav_2025/install/navigator/share/navigator/hook/ld_library_path_lib.ps1'
[20.338s] INFO:colcon.colcon_core.shell:Creating environment descriptor '/home/ethereal/rm_2025/rmul_nav_2025/install/navigator/share/navigator/hook/ld_library_path_lib.dsv'
[20.338s] INFO:colcon.colcon_core.shell:Creating environment hook '/home/ethereal/rm_2025/rmul_nav_2025/install/navigator/share/navigator/hook/ld_library_path_lib.sh'
[20.338s] Level 1:colcon.colcon_core.environment:checking '/home/ethereal/rm_2025/rmul_nav_2025/install/navigator/bin'
[20.339s] Level 1:colcon.colcon_core.environment:checking '/home/ethereal/rm_2025/rmul_nav_2025/install/navigator/lib/pkgconfig/navigator.pc'
[20.339s] Level 1:colcon.colcon_core.environment:checking '/home/ethereal/rm_2025/rmul_nav_2025/install/navigator/lib/python3.10/site-packages'
[20.339s] Level 1:colcon.colcon_core.environment:checking '/home/ethereal/rm_2025/rmul_nav_2025/install/navigator/bin'
[20.339s] INFO:colcon.colcon_core.shell:Creating package script '/home/ethereal/rm_2025/rmul_nav_2025/install/navigator/share/navigator/package.ps1'
[20.340s] INFO:colcon.colcon_core.shell:Creating package descriptor '/home/ethereal/rm_2025/rmul_nav_2025/install/navigator/share/navigator/package.dsv'
[20.340s] INFO:colcon.colcon_core.shell:Creating package script '/home/ethereal/rm_2025/rmul_nav_2025/install/navigator/share/navigator/package.sh'
[20.340s] INFO:colcon.colcon_core.shell:Creating package script '/home/ethereal/rm_2025/rmul_nav_2025/install/navigator/share/navigator/package.bash'
[20.340s] INFO:colcon.colcon_core.shell:Creating package script '/home/ethereal/rm_2025/rmul_nav_2025/install/navigator/share/navigator/package.zsh'
[20.341s] Level 1:colcon.colcon_core.environment:create_file_with_runtime_dependencies(/home/ethereal/rm_2025/rmul_nav_2025/install/navigator/share/colcon-core/packages/navigator)
[20.341s] DEBUG:colcon.colcon_parallel_executor.executor.parallel:closing loop
[20.342s] DEBUG:colcon.colcon_parallel_executor.executor.parallel:loop closed
[20.342s] DEBUG:colcon.colcon_parallel_executor.executor.parallel:run_until_complete finished with '0'
[20.342s] DEBUG:colcon.colcon_core.event_reactor:joining thread
[20.354s] INFO:colcon.colcon_core.plugin_system:Skipping extension 'colcon_notification.desktop_notification.notify_send': Could not find 'notify-send'
[20.354s] INFO:colcon.colcon_core.plugin_system:Skipping extension 'colcon_notification.desktop_notification.terminal_notifier': Not used on non-Darwin systems
[20.354s] INFO:colcon.colcon_core.plugin_system:Skipping extension 'colcon_notification.desktop_notification.win32': Not used on non-Windows systems
[20.354s] INFO:colcon.colcon_notification.desktop_notification:Sending desktop notification using 'notify2'
[20.354s] DEBUG:colcon.colcon_notification.desktop_notification.notify2:Failed to initialize notify2: org.freedesktop.DBus.Error.NotSupported: Unable to autolaunch a dbus-daemon without a $DISPLAY for X11
[20.355s] DEBUG:colcon.colcon_core.event_reactor:joined thread
[20.355s] INFO:colcon.colcon_core.shell:Creating prefix script '/home/ethereal/rm_2025/rmul_nav_2025/install/local_setup.ps1'
[20.356s] INFO:colcon.colcon_core.shell:Creating prefix util module '/home/ethereal/rm_2025/rmul_nav_2025/install/_local_setup_util_ps1.py'
[20.357s] INFO:colcon.colcon_core.shell:Creating prefix chain script '/home/ethereal/rm_2025/rmul_nav_2025/install/setup.ps1'
[20.358s] INFO:colcon.colcon_core.shell:Creating prefix script '/home/ethereal/rm_2025/rmul_nav_2025/install/local_setup.sh'
[20.359s] INFO:colcon.colcon_core.shell:Creating prefix util module '/home/ethereal/rm_2025/rmul_nav_2025/install/_local_setup_util_sh.py'
[20.360s] INFO:colcon.colcon_core.shell:Creating prefix chain script '/home/ethereal/rm_2025/rmul_nav_2025/install/setup.sh'
[20.361s] INFO:colcon.colcon_core.shell:Creating prefix script '/home/ethereal/rm_2025/rmul_nav_2025/install/local_setup.bash'
[20.361s] INFO:colcon.colcon_core.shell:Creating prefix chain script '/home/ethereal/rm_2025/rmul_nav_2025/install/setup.bash'
[20.362s] INFO:colcon.colcon_core.shell:Creating prefix script '/home/ethereal/rm_2025/rmul_nav_2025/install/local_setup.zsh'
[20.363s] INFO:colcon.colcon_core.shell:Creating prefix chain script '/home/ethereal/rm_2025/rmul_nav_2025/install/setup.zsh'
