[0.010s] Invoking command in '/home/ethereal/rm_2025/rmul_nav_2025/build/navigator_interfaces': CMAKE_PREFIX_PATH=/opt/ros/humble PS1=\[\e[1;32m\]\u@\h\[\e[0m\]:\[\e[1;34m\]\w\[\e[0m\]\$ /usr/bin/cmake --build /home/ethereal/rm_2025/rmul_nav_2025/build/navigator_interfaces -- -j20 -l20
[0.037s] [  3%] Built target navigator_interfaces__cpp
[0.038s] [ 12%] Built target navigator_interfaces__rosidl_generator_c
[0.044s] [ 12%] Built target ament_cmake_python_copy_navigator_interfaces
[0.055s] [ 22%] Built target navigator_interfaces__rosidl_typesupport_c
[0.055s] [ 32%] Built target navigator_interfaces__rosidl_typesupport_introspection_c
[0.055s] [ 41%] Built target navigator_interfaces__rosidl_typesupport_fastrtps_c
[0.057s] [ 51%] Built target navigator_interfaces__rosidl_typesupport_introspection_cpp
[0.057s] [ 61%] Built target navigator_interfaces__rosidl_typesupport_cpp
[0.060s] [ 70%] Built target navigator_interfaces__rosidl_typesupport_fastrtps_cpp
[0.075s] [ 70%] Built target navigator_interfaces
[0.087s] [ 74%] Built target navigator_interfaces__py
[0.100s] [ 80%] Built target navigator_interfaces__rosidl_generator_py
[0.116s] [ 87%] Built target navigator_interfaces__rosidl_typesupport_introspection_c__pyext
[0.116s] [100%] Built target navigator_interfaces__rosidl_typesupport_c__pyext
[0.116s] [100%] Built target navigator_interfaces__rosidl_typesupport_fastrtps_c__pyext
[0.223s] running egg_info
[0.223s] writing navigator_interfaces.egg-info/PKG-INFO
[0.223s] writing dependency_links to navigator_interfaces.egg-info/dependency_links.txt
[0.224s] writing top-level names to navigator_interfaces.egg-info/top_level.txt
[0.225s] reading manifest file 'navigator_interfaces.egg-info/SOURCES.txt'
[0.225s] writing manifest file 'navigator_interfaces.egg-info/SOURCES.txt'
[0.242s] [100%] Built target ament_cmake_python_build_navigator_interfaces_egg
[0.250s] Invoked command in '/home/ethereal/rm_2025/rmul_nav_2025/build/navigator_interfaces' returned '0': CMAKE_PREFIX_PATH=/opt/ros/humble PS1=\[\e[1;32m\]\u@\h\[\e[0m\]:\[\e[1;34m\]\w\[\e[0m\]\$ /usr/bin/cmake --build /home/ethereal/rm_2025/rmul_nav_2025/build/navigator_interfaces -- -j20 -l20
[0.255s] Invoking command in '/home/ethereal/rm_2025/rmul_nav_2025/build/navigator_interfaces': CMAKE_PREFIX_PATH=/opt/ros/humble PS1=\[\e[1;32m\]\u@\h\[\e[0m\]:\[\e[1;34m\]\w\[\e[0m\]\$ /usr/bin/cmake --install /home/ethereal/rm_2025/rmul_nav_2025/build/navigator_interfaces
[0.260s] -- Install configuration: ""
[0.260s] -- Up-to-date: /home/ethereal/rm_2025/rmul_nav_2025/install/navigator_interfaces/share/ament_index/resource_index/rosidl_interfaces/navigator_interfaces
[0.260s] -- Up-to-date: /home/ethereal/rm_2025/rmul_nav_2025/install/navigator_interfaces/include/navigator_interfaces/navigator_interfaces
[0.260s] -- Up-to-date: /home/ethereal/rm_2025/rmul_nav_2025/install/navigator_interfaces/include/navigator_interfaces/navigator_interfaces/msg
[0.260s] -- Up-to-date: /home/ethereal/rm_2025/rmul_nav_2025/install/navigator_interfaces/include/navigator_interfaces/navigator_interfaces/msg/detail
[0.260s] -- Up-to-date: /home/ethereal/rm_2025/rmul_nav_2025/install/navigator_interfaces/include/navigator_interfaces/navigator_interfaces/msg/detail/navigate__type_support.h
[0.260s] -- Up-to-date: /home/ethereal/rm_2025/rmul_nav_2025/install/navigator_interfaces/include/navigator_interfaces/navigator_interfaces/msg/detail/navigate__functions.c
[0.261s] -- Up-to-date: /home/ethereal/rm_2025/rmul_nav_2025/install/navigator_interfaces/include/navigator_interfaces/navigator_interfaces/msg/detail/navigate__functions.h
[0.261s] -- Up-to-date: /home/ethereal/rm_2025/rmul_nav_2025/install/navigator_interfaces/include/navigator_interfaces/navigator_interfaces/msg/detail/navigate__struct.h
[0.261s] -- Up-to-date: /home/ethereal/rm_2025/rmul_nav_2025/install/navigator_interfaces/include/navigator_interfaces/navigator_interfaces/msg/navigate.h
[0.261s] -- Up-to-date: /home/ethereal/rm_2025/rmul_nav_2025/install/navigator_interfaces/include/navigator_interfaces/navigator_interfaces/msg/rosidl_generator_c__visibility_control.h
[0.261s] -- Up-to-date: /home/ethereal/rm_2025/rmul_nav_2025/install/navigator_interfaces/share/navigator_interfaces/environment/library_path.sh
[0.261s] -- Up-to-date: /home/ethereal/rm_2025/rmul_nav_2025/install/navigator_interfaces/share/navigator_interfaces/environment/library_path.dsv
[0.261s] -- Up-to-date: /home/ethereal/rm_2025/rmul_nav_2025/install/navigator_interfaces/lib/libnavigator_interfaces__rosidl_generator_c.so
[0.261s] -- Up-to-date: /home/ethereal/rm_2025/rmul_nav_2025/install/navigator_interfaces/include/navigator_interfaces/navigator_interfaces
[0.261s] -- Up-to-date: /home/ethereal/rm_2025/rmul_nav_2025/install/navigator_interfaces/include/navigator_interfaces/navigator_interfaces/msg
[0.261s] -- Up-to-date: /home/ethereal/rm_2025/rmul_nav_2025/install/navigator_interfaces/include/navigator_interfaces/navigator_interfaces/msg/detail
[0.262s] -- Up-to-date: /home/ethereal/rm_2025/rmul_nav_2025/install/navigator_interfaces/include/navigator_interfaces/navigator_interfaces/msg/detail/navigate__rosidl_typesupport_fastrtps_c.h
[0.262s] -- Up-to-date: /home/ethereal/rm_2025/rmul_nav_2025/install/navigator_interfaces/include/navigator_interfaces/navigator_interfaces/msg/rosidl_typesupport_fastrtps_c__visibility_control.h
[0.262s] -- Up-to-date: /home/ethereal/rm_2025/rmul_nav_2025/install/navigator_interfaces/lib/libnavigator_interfaces__rosidl_typesupport_fastrtps_c.so
[0.263s] -- Up-to-date: /home/ethereal/rm_2025/rmul_nav_2025/install/navigator_interfaces/include/navigator_interfaces/navigator_interfaces
[0.264s] -- Up-to-date: /home/ethereal/rm_2025/rmul_nav_2025/install/navigator_interfaces/include/navigator_interfaces/navigator_interfaces/msg
[0.264s] -- Up-to-date: /home/ethereal/rm_2025/rmul_nav_2025/install/navigator_interfaces/include/navigator_interfaces/navigator_interfaces/msg/navigate.hpp
[0.264s] -- Up-to-date: /home/ethereal/rm_2025/rmul_nav_2025/install/navigator_interfaces/include/navigator_interfaces/navigator_interfaces/msg/detail
[0.264s] -- Up-to-date: /home/ethereal/rm_2025/rmul_nav_2025/install/navigator_interfaces/include/navigator_interfaces/navigator_interfaces/msg/detail/navigate__traits.hpp
[0.265s] -- Up-to-date: /home/ethereal/rm_2025/rmul_nav_2025/install/navigator_interfaces/include/navigator_interfaces/navigator_interfaces/msg/detail/navigate__builder.hpp
[0.265s] -- Up-to-date: /home/ethereal/rm_2025/rmul_nav_2025/install/navigator_interfaces/include/navigator_interfaces/navigator_interfaces/msg/detail/navigate__struct.hpp
[0.265s] -- Up-to-date: /home/ethereal/rm_2025/rmul_nav_2025/install/navigator_interfaces/include/navigator_interfaces/navigator_interfaces/msg/detail/navigate__type_support.hpp
[0.265s] -- Up-to-date: /home/ethereal/rm_2025/rmul_nav_2025/install/navigator_interfaces/include/navigator_interfaces/navigator_interfaces/msg/rosidl_generator_cpp__visibility_control.hpp
[0.265s] -- Up-to-date: /home/ethereal/rm_2025/rmul_nav_2025/install/navigator_interfaces/include/navigator_interfaces/navigator_interfaces
[0.265s] -- Up-to-date: /home/ethereal/rm_2025/rmul_nav_2025/install/navigator_interfaces/include/navigator_interfaces/navigator_interfaces/msg
[0.265s] -- Up-to-date: /home/ethereal/rm_2025/rmul_nav_2025/install/navigator_interfaces/include/navigator_interfaces/navigator_interfaces/msg/detail
[0.265s] -- Up-to-date: /home/ethereal/rm_2025/rmul_nav_2025/install/navigator_interfaces/include/navigator_interfaces/navigator_interfaces/msg/detail/dds_fastrtps
[0.265s] -- Up-to-date: /home/ethereal/rm_2025/rmul_nav_2025/install/navigator_interfaces/include/navigator_interfaces/navigator_interfaces/msg/detail/navigate__rosidl_typesupport_fastrtps_cpp.hpp
[0.266s] -- Up-to-date: /home/ethereal/rm_2025/rmul_nav_2025/install/navigator_interfaces/include/navigator_interfaces/navigator_interfaces/msg/rosidl_typesupport_fastrtps_cpp__visibility_control.h
[0.266s] -- Up-to-date: /home/ethereal/rm_2025/rmul_nav_2025/install/navigator_interfaces/lib/libnavigator_interfaces__rosidl_typesupport_fastrtps_cpp.so
[0.266s] -- Up-to-date: /home/ethereal/rm_2025/rmul_nav_2025/install/navigator_interfaces/include/navigator_interfaces/navigator_interfaces
[0.266s] -- Up-to-date: /home/ethereal/rm_2025/rmul_nav_2025/install/navigator_interfaces/include/navigator_interfaces/navigator_interfaces/msg
[0.266s] -- Up-to-date: /home/ethereal/rm_2025/rmul_nav_2025/install/navigator_interfaces/include/navigator_interfaces/navigator_interfaces/msg/detail
[0.266s] -- Up-to-date: /home/ethereal/rm_2025/rmul_nav_2025/install/navigator_interfaces/include/navigator_interfaces/navigator_interfaces/msg/detail/navigate__type_support.c
[0.266s] -- Up-to-date: /home/ethereal/rm_2025/rmul_nav_2025/install/navigator_interfaces/include/navigator_interfaces/navigator_interfaces/msg/detail/navigate__rosidl_typesupport_introspection_c.h
[0.267s] -- Up-to-date: /home/ethereal/rm_2025/rmul_nav_2025/install/navigator_interfaces/include/navigator_interfaces/navigator_interfaces/msg/rosidl_typesupport_introspection_c__visibility_control.h
[0.267s] -- Up-to-date: /home/ethereal/rm_2025/rmul_nav_2025/install/navigator_interfaces/lib/libnavigator_interfaces__rosidl_typesupport_introspection_c.so
[0.267s] -- Up-to-date: /home/ethereal/rm_2025/rmul_nav_2025/install/navigator_interfaces/lib/libnavigator_interfaces__rosidl_typesupport_c.so
[0.267s] -- Up-to-date: /home/ethereal/rm_2025/rmul_nav_2025/install/navigator_interfaces/include/navigator_interfaces/navigator_interfaces
[0.267s] -- Up-to-date: /home/ethereal/rm_2025/rmul_nav_2025/install/navigator_interfaces/include/navigator_interfaces/navigator_interfaces/msg
[0.269s] -- Up-to-date: /home/ethereal/rm_2025/rmul_nav_2025/install/navigator_interfaces/include/navigator_interfaces/navigator_interfaces/msg/detail
[0.270s] -- Up-to-date: /home/ethereal/rm_2025/rmul_nav_2025/install/navigator_interfaces/include/navigator_interfaces/navigator_interfaces/msg/detail/navigate__rosidl_typesupport_introspection_cpp.hpp
[0.270s] -- Up-to-date: /home/ethereal/rm_2025/rmul_nav_2025/install/navigator_interfaces/include/navigator_interfaces/navigator_interfaces/msg/detail/navigate__type_support.cpp
[0.270s] -- Up-to-date: /home/ethereal/rm_2025/rmul_nav_2025/install/navigator_interfaces/lib/libnavigator_interfaces__rosidl_typesupport_introspection_cpp.so
[0.270s] -- Up-to-date: /home/ethereal/rm_2025/rmul_nav_2025/install/navigator_interfaces/lib/libnavigator_interfaces__rosidl_typesupport_cpp.so
[0.270s] -- Up-to-date: /home/ethereal/rm_2025/rmul_nav_2025/install/navigator_interfaces/share/navigator_interfaces/environment/pythonpath.sh
[0.270s] -- Up-to-date: /home/ethereal/rm_2025/rmul_nav_2025/install/navigator_interfaces/share/navigator_interfaces/environment/pythonpath.dsv
[0.270s] -- Up-to-date: /home/ethereal/rm_2025/rmul_nav_2025/install/navigator_interfaces/local/lib/python3.10/dist-packages/navigator_interfaces-0.0.0-py3.10.egg-info
[0.270s] -- Installing: /home/ethereal/rm_2025/rmul_nav_2025/install/navigator_interfaces/local/lib/python3.10/dist-packages/navigator_interfaces-0.0.0-py3.10.egg-info/SOURCES.txt
[0.272s] -- Installing: /home/ethereal/rm_2025/rmul_nav_2025/install/navigator_interfaces/local/lib/python3.10/dist-packages/navigator_interfaces-0.0.0-py3.10.egg-info/top_level.txt
[0.272s] -- Installing: /home/ethereal/rm_2025/rmul_nav_2025/install/navigator_interfaces/local/lib/python3.10/dist-packages/navigator_interfaces-0.0.0-py3.10.egg-info/dependency_links.txt
[0.272s] -- Installing: /home/ethereal/rm_2025/rmul_nav_2025/install/navigator_interfaces/local/lib/python3.10/dist-packages/navigator_interfaces-0.0.0-py3.10.egg-info/PKG-INFO
[0.272s] -- Up-to-date: /home/ethereal/rm_2025/rmul_nav_2025/install/navigator_interfaces/local/lib/python3.10/dist-packages/navigator_interfaces
[0.272s] -- Up-to-date: /home/ethereal/rm_2025/rmul_nav_2025/install/navigator_interfaces/local/lib/python3.10/dist-packages/navigator_interfaces/_navigator_interfaces_s.ep.rosidl_typesupport_fastrtps_c.c
[0.272s] -- Up-to-date: /home/ethereal/rm_2025/rmul_nav_2025/install/navigator_interfaces/local/lib/python3.10/dist-packages/navigator_interfaces/libnavigator_interfaces__rosidl_generator_py.so
[0.272s] -- Up-to-date: /home/ethereal/rm_2025/rmul_nav_2025/install/navigator_interfaces/local/lib/python3.10/dist-packages/navigator_interfaces/msg
[0.272s] -- Up-to-date: /home/ethereal/rm_2025/rmul_nav_2025/install/navigator_interfaces/local/lib/python3.10/dist-packages/navigator_interfaces/msg/_navigate.py
[0.272s] -- Up-to-date: /home/ethereal/rm_2025/rmul_nav_2025/install/navigator_interfaces/local/lib/python3.10/dist-packages/navigator_interfaces/msg/_navigate_s.c
[0.272s] -- Up-to-date: /home/ethereal/rm_2025/rmul_nav_2025/install/navigator_interfaces/local/lib/python3.10/dist-packages/navigator_interfaces/msg/__init__.py
[0.272s] -- Up-to-date: /home/ethereal/rm_2025/rmul_nav_2025/install/navigator_interfaces/local/lib/python3.10/dist-packages/navigator_interfaces/navigator_interfaces_s__rosidl_typesupport_fastrtps_c.cpython-310-x86_64-linux-gnu.so
[0.272s] -- Up-to-date: /home/ethereal/rm_2025/rmul_nav_2025/install/navigator_interfaces/local/lib/python3.10/dist-packages/navigator_interfaces/navigator_interfaces_s__rosidl_typesupport_introspection_c.cpython-310-x86_64-linux-gnu.so
[0.272s] -- Up-to-date: /home/ethereal/rm_2025/rmul_nav_2025/install/navigator_interfaces/local/lib/python3.10/dist-packages/navigator_interfaces/navigator_interfaces_s__rosidl_typesupport_c.cpython-310-x86_64-linux-gnu.so
[0.272s] -- Up-to-date: /home/ethereal/rm_2025/rmul_nav_2025/install/navigator_interfaces/local/lib/python3.10/dist-packages/navigator_interfaces/_navigator_interfaces_s.ep.rosidl_typesupport_c.c
[0.272s] -- Up-to-date: /home/ethereal/rm_2025/rmul_nav_2025/install/navigator_interfaces/local/lib/python3.10/dist-packages/navigator_interfaces/__init__.py
[0.272s] -- Up-to-date: /home/ethereal/rm_2025/rmul_nav_2025/install/navigator_interfaces/local/lib/python3.10/dist-packages/navigator_interfaces/_navigator_interfaces_s.ep.rosidl_typesupport_introspection_c.c
[0.284s] Listing '/home/ethereal/rm_2025/rmul_nav_2025/install/navigator_interfaces/local/lib/python3.10/dist-packages/navigator_interfaces'...
[0.284s] Listing '/home/ethereal/rm_2025/rmul_nav_2025/install/navigator_interfaces/local/lib/python3.10/dist-packages/navigator_interfaces/msg'...
[0.287s] -- Up-to-date: /home/ethereal/rm_2025/rmul_nav_2025/install/navigator_interfaces/local/lib/python3.10/dist-packages/navigator_interfaces/navigator_interfaces_s__rosidl_typesupport_fastrtps_c.cpython-310-x86_64-linux-gnu.so
[0.288s] -- Up-to-date: /home/ethereal/rm_2025/rmul_nav_2025/install/navigator_interfaces/local/lib/python3.10/dist-packages/navigator_interfaces/navigator_interfaces_s__rosidl_typesupport_introspection_c.cpython-310-x86_64-linux-gnu.so
[0.288s] -- Up-to-date: /home/ethereal/rm_2025/rmul_nav_2025/install/navigator_interfaces/local/lib/python3.10/dist-packages/navigator_interfaces/navigator_interfaces_s__rosidl_typesupport_c.cpython-310-x86_64-linux-gnu.so
[0.288s] -- Up-to-date: /home/ethereal/rm_2025/rmul_nav_2025/install/navigator_interfaces/lib/libnavigator_interfaces__rosidl_generator_py.so
[0.288s] -- Up-to-date: /home/ethereal/rm_2025/rmul_nav_2025/install/navigator_interfaces/share/navigator_interfaces/msg/Navigate.idl
[0.288s] -- Up-to-date: /home/ethereal/rm_2025/rmul_nav_2025/install/navigator_interfaces/share/navigator_interfaces/msg/Navigate.msg
[0.288s] -- Up-to-date: /home/ethereal/rm_2025/rmul_nav_2025/install/navigator_interfaces/share/ament_index/resource_index/package_run_dependencies/navigator_interfaces
[0.289s] -- Up-to-date: /home/ethereal/rm_2025/rmul_nav_2025/install/navigator_interfaces/share/ament_index/resource_index/parent_prefix_path/navigator_interfaces
[0.289s] -- Up-to-date: /home/ethereal/rm_2025/rmul_nav_2025/install/navigator_interfaces/share/navigator_interfaces/environment/ament_prefix_path.sh
[0.289s] -- Up-to-date: /home/ethereal/rm_2025/rmul_nav_2025/install/navigator_interfaces/share/navigator_interfaces/environment/ament_prefix_path.dsv
[0.289s] -- Up-to-date: /home/ethereal/rm_2025/rmul_nav_2025/install/navigator_interfaces/share/navigator_interfaces/environment/path.sh
[0.289s] -- Up-to-date: /home/ethereal/rm_2025/rmul_nav_2025/install/navigator_interfaces/share/navigator_interfaces/environment/path.dsv
[0.289s] -- Up-to-date: /home/ethereal/rm_2025/rmul_nav_2025/install/navigator_interfaces/share/navigator_interfaces/local_setup.bash
[0.289s] -- Up-to-date: /home/ethereal/rm_2025/rmul_nav_2025/install/navigator_interfaces/share/navigator_interfaces/local_setup.sh
[0.290s] -- Up-to-date: /home/ethereal/rm_2025/rmul_nav_2025/install/navigator_interfaces/share/navigator_interfaces/local_setup.zsh
[0.290s] -- Up-to-date: /home/ethereal/rm_2025/rmul_nav_2025/install/navigator_interfaces/share/navigator_interfaces/local_setup.dsv
[0.290s] -- Installing: /home/ethereal/rm_2025/rmul_nav_2025/install/navigator_interfaces/share/navigator_interfaces/package.dsv
[0.290s] -- Up-to-date: /home/ethereal/rm_2025/rmul_nav_2025/install/navigator_interfaces/share/ament_index/resource_index/packages/navigator_interfaces
[0.290s] -- Up-to-date: /home/ethereal/rm_2025/rmul_nav_2025/install/navigator_interfaces/share/navigator_interfaces/cmake/export_navigator_interfaces__rosidl_generator_cExport.cmake
[0.290s] -- Up-to-date: /home/ethereal/rm_2025/rmul_nav_2025/install/navigator_interfaces/share/navigator_interfaces/cmake/export_navigator_interfaces__rosidl_generator_cExport-noconfig.cmake
[0.290s] -- Up-to-date: /home/ethereal/rm_2025/rmul_nav_2025/install/navigator_interfaces/share/navigator_interfaces/cmake/export_navigator_interfaces__rosidl_typesupport_fastrtps_cExport.cmake
[0.290s] -- Up-to-date: /home/ethereal/rm_2025/rmul_nav_2025/install/navigator_interfaces/share/navigator_interfaces/cmake/export_navigator_interfaces__rosidl_typesupport_fastrtps_cExport-noconfig.cmake
[0.290s] -- Up-to-date: /home/ethereal/rm_2025/rmul_nav_2025/install/navigator_interfaces/share/navigator_interfaces/cmake/export_navigator_interfaces__rosidl_generator_cppExport.cmake
[0.290s] -- Up-to-date: /home/ethereal/rm_2025/rmul_nav_2025/install/navigator_interfaces/share/navigator_interfaces/cmake/export_navigator_interfaces__rosidl_typesupport_fastrtps_cppExport.cmake
[0.291s] -- Up-to-date: /home/ethereal/rm_2025/rmul_nav_2025/install/navigator_interfaces/share/navigator_interfaces/cmake/export_navigator_interfaces__rosidl_typesupport_fastrtps_cppExport-noconfig.cmake
[0.291s] -- Up-to-date: /home/ethereal/rm_2025/rmul_nav_2025/install/navigator_interfaces/share/navigator_interfaces/cmake/navigator_interfaces__rosidl_typesupport_introspection_cExport.cmake
[0.291s] -- Up-to-date: /home/ethereal/rm_2025/rmul_nav_2025/install/navigator_interfaces/share/navigator_interfaces/cmake/navigator_interfaces__rosidl_typesupport_introspection_cExport-noconfig.cmake
[0.291s] -- Up-to-date: /home/ethereal/rm_2025/rmul_nav_2025/install/navigator_interfaces/share/navigator_interfaces/cmake/navigator_interfaces__rosidl_typesupport_cExport.cmake
[0.291s] -- Up-to-date: /home/ethereal/rm_2025/rmul_nav_2025/install/navigator_interfaces/share/navigator_interfaces/cmake/navigator_interfaces__rosidl_typesupport_cExport-noconfig.cmake
[0.291s] -- Up-to-date: /home/ethereal/rm_2025/rmul_nav_2025/install/navigator_interfaces/share/navigator_interfaces/cmake/navigator_interfaces__rosidl_typesupport_introspection_cppExport.cmake
[0.291s] -- Up-to-date: /home/ethereal/rm_2025/rmul_nav_2025/install/navigator_interfaces/share/navigator_interfaces/cmake/navigator_interfaces__rosidl_typesupport_introspection_cppExport-noconfig.cmake
[0.291s] -- Up-to-date: /home/ethereal/rm_2025/rmul_nav_2025/install/navigator_interfaces/share/navigator_interfaces/cmake/navigator_interfaces__rosidl_typesupport_cppExport.cmake
[0.291s] -- Up-to-date: /home/ethereal/rm_2025/rmul_nav_2025/install/navigator_interfaces/share/navigator_interfaces/cmake/navigator_interfaces__rosidl_typesupport_cppExport-noconfig.cmake
[0.291s] -- Up-to-date: /home/ethereal/rm_2025/rmul_nav_2025/install/navigator_interfaces/share/navigator_interfaces/cmake/export_navigator_interfaces__rosidl_generator_pyExport.cmake
[0.291s] -- Up-to-date: /home/ethereal/rm_2025/rmul_nav_2025/install/navigator_interfaces/share/navigator_interfaces/cmake/export_navigator_interfaces__rosidl_generator_pyExport-noconfig.cmake
[0.291s] -- Up-to-date: /home/ethereal/rm_2025/rmul_nav_2025/install/navigator_interfaces/share/navigator_interfaces/cmake/rosidl_cmake-extras.cmake
[0.292s] -- Up-to-date: /home/ethereal/rm_2025/rmul_nav_2025/install/navigator_interfaces/share/navigator_interfaces/cmake/ament_cmake_export_dependencies-extras.cmake
[0.292s] -- Up-to-date: /home/ethereal/rm_2025/rmul_nav_2025/install/navigator_interfaces/share/navigator_interfaces/cmake/ament_cmake_export_include_directories-extras.cmake
[0.292s] -- Up-to-date: /home/ethereal/rm_2025/rmul_nav_2025/install/navigator_interfaces/share/navigator_interfaces/cmake/ament_cmake_export_libraries-extras.cmake
[0.292s] -- Up-to-date: /home/ethereal/rm_2025/rmul_nav_2025/install/navigator_interfaces/share/navigator_interfaces/cmake/ament_cmake_export_targets-extras.cmake
[0.292s] -- Up-to-date: /home/ethereal/rm_2025/rmul_nav_2025/install/navigator_interfaces/share/navigator_interfaces/cmake/rosidl_cmake_export_typesupport_targets-extras.cmake
[0.292s] -- Up-to-date: /home/ethereal/rm_2025/rmul_nav_2025/install/navigator_interfaces/share/navigator_interfaces/cmake/rosidl_cmake_export_typesupport_libraries-extras.cmake
[0.292s] -- Up-to-date: /home/ethereal/rm_2025/rmul_nav_2025/install/navigator_interfaces/share/navigator_interfaces/cmake/navigator_interfacesConfig.cmake
[0.292s] -- Up-to-date: /home/ethereal/rm_2025/rmul_nav_2025/install/navigator_interfaces/share/navigator_interfaces/cmake/navigator_interfacesConfig-version.cmake
[0.292s] -- Up-to-date: /home/ethereal/rm_2025/rmul_nav_2025/install/navigator_interfaces/share/navigator_interfaces/package.xml
[0.294s] Invoked command in '/home/ethereal/rm_2025/rmul_nav_2025/build/navigator_interfaces' returned '0': CMAKE_PREFIX_PATH=/opt/ros/humble PS1=\[\e[1;32m\]\u@\h\[\e[0m\]:\[\e[1;34m\]\w\[\e[0m\]\$ /usr/bin/cmake --install /home/ethereal/rm_2025/rmul_nav_2025/build/navigator_interfaces
