[0.072s] DEBUG:colcon:Command line arguments: ['/usr/bin/colcon', 'build']
[0.072s] DEBUG:colcon:Parsed command line arguments: Namespace(log_base=None, log_level=None, verb_name='build', build_base='build', install_base='install', merge_install=False, symlink_install=False, test_result_base=None, continue_on_error=False, executor='parallel', parallel_workers=20, event_handlers=None, ignore_user_meta=False, metas=['./colcon.meta'], base_paths=['.'], packages_ignore=None, packages_ignore_regex=None, paths=None, packages_up_to=None, packages_up_to_regex=None, packages_above=None, packages_above_and_dependencies=None, packages_above_depth=None, packages_select_by_dep=None, packages_skip_by_dep=None, packages_skip_up_to=None, packages_select_build_failed=False, packages_skip_build_finished=False, packages_select_test_failures=False, packages_skip_test_passed=False, packages_select=None, packages_skip=None, packages_select_regex=None, packages_skip_regex=None, packages_start=None, packages_end=None, allow_overriding=[], cmake_args=None, cmake_target=None, cmake_target_skip_unavailable=False, cmake_clean_cache=False, cmake_clean_first=False, cmake_force_configure=False, ament_cmake_args=None, catkin_cmake_args=None, catkin_skip_building_tests=False, mixin_files=None, mixin=None, verb_parser=<colcon_mixin.mixin.mixin_argument.MixinArgumentDecorator object at 0x7f384f28dde0>, verb_extension=<colcon_core.verb.build.BuildVerb object at 0x7f384f28d420>, main=<bound method BuildVerb.main of <colcon_core.verb.build.BuildVerb object at 0x7f384f28d420>>, mixin_verb=('build',))
[0.183s] Level 1:colcon.colcon_core.package_discovery:discover_packages(colcon_meta) check parameters
[0.183s] Level 1:colcon.colcon_core.package_discovery:discover_packages(recursive) check parameters
[0.183s] Level 1:colcon.colcon_core.package_discovery:discover_packages(ignore) check parameters
[0.183s] Level 1:colcon.colcon_core.package_discovery:discover_packages(path) check parameters
[0.183s] Level 1:colcon.colcon_core.package_discovery:discover_packages(colcon_meta) discover
[0.183s] Level 1:colcon.colcon_core.package_discovery:discover_packages(recursive) discover
[0.184s] INFO:colcon.colcon_core.package_discovery:Crawling recursively for packages in '/home/ethereal/rm_2025/rmul_nav_2025'
[0.184s] Level 1:colcon.colcon_core.package_identification:_identify(.) by extensions ['ignore', 'ignore_ament_install']
[0.184s] Level 1:colcon.colcon_core.package_identification:_identify(.) by extension 'ignore'
[0.184s] Level 1:colcon.colcon_core.package_identification:_identify(.) by extension 'ignore_ament_install'
[0.184s] Level 1:colcon.colcon_core.package_identification:_identify(.) by extensions ['colcon_pkg']
[0.184s] Level 1:colcon.colcon_core.package_identification:_identify(.) by extension 'colcon_pkg'
[0.184s] Level 1:colcon.colcon_core.package_identification:_identify(.) by extensions ['colcon_meta']
[0.184s] Level 1:colcon.colcon_core.package_identification:_identify(.) by extension 'colcon_meta'
[0.184s] Level 1:colcon.colcon_core.package_identification:_identify(.) by extensions ['ros']
[0.184s] Level 1:colcon.colcon_core.package_identification:_identify(.) by extension 'ros'
[0.192s] Level 1:colcon.colcon_core.package_identification:_identify(.) by extensions ['cmake', 'python']
[0.192s] Level 1:colcon.colcon_core.package_identification:_identify(.) by extension 'cmake'
[0.192s] Level 1:colcon.colcon_core.package_identification:_identify(.) by extension 'python'
[0.192s] Level 1:colcon.colcon_core.package_identification:_identify(.) by extensions ['python_setup_py']
[0.192s] Level 1:colcon.colcon_core.package_identification:_identify(.) by extension 'python_setup_py'
[0.192s] Level 1:colcon.colcon_core.package_identification:_identify(build) by extensions ['ignore', 'ignore_ament_install']
[0.192s] Level 1:colcon.colcon_core.package_identification:_identify(build) by extension 'ignore'
[0.192s] Level 1:colcon.colcon_core.package_identification:_identify(build) ignored
[0.192s] Level 1:colcon.colcon_core.package_identification:_identify(install) by extensions ['ignore', 'ignore_ament_install']
[0.192s] Level 1:colcon.colcon_core.package_identification:_identify(install) by extension 'ignore'
[0.192s] Level 1:colcon.colcon_core.package_identification:_identify(install) ignored
[0.193s] Level 1:colcon.colcon_core.package_identification:_identify(log) by extensions ['ignore', 'ignore_ament_install']
[0.193s] Level 1:colcon.colcon_core.package_identification:_identify(log) by extension 'ignore'
[0.193s] Level 1:colcon.colcon_core.package_identification:_identify(log) ignored
[0.193s] Level 1:colcon.colcon_core.package_identification:_identify(src) by extensions ['ignore', 'ignore_ament_install']
[0.193s] Level 1:colcon.colcon_core.package_identification:_identify(src) by extension 'ignore'
[0.193s] Level 1:colcon.colcon_core.package_identification:_identify(src) by extension 'ignore_ament_install'
[0.193s] Level 1:colcon.colcon_core.package_identification:_identify(src) by extensions ['colcon_pkg']
[0.193s] Level 1:colcon.colcon_core.package_identification:_identify(src) by extension 'colcon_pkg'
[0.193s] Level 1:colcon.colcon_core.package_identification:_identify(src) by extensions ['colcon_meta']
[0.193s] Level 1:colcon.colcon_core.package_identification:_identify(src) by extension 'colcon_meta'
[0.193s] Level 1:colcon.colcon_core.package_identification:_identify(src) by extensions ['ros']
[0.193s] Level 1:colcon.colcon_core.package_identification:_identify(src) by extension 'ros'
[0.193s] Level 1:colcon.colcon_core.package_identification:_identify(src) by extensions ['cmake', 'python']
[0.193s] Level 1:colcon.colcon_core.package_identification:_identify(src) by extension 'cmake'
[0.193s] Level 1:colcon.colcon_core.package_identification:_identify(src) by extension 'python'
[0.193s] Level 1:colcon.colcon_core.package_identification:_identify(src) by extensions ['python_setup_py']
[0.193s] Level 1:colcon.colcon_core.package_identification:_identify(src) by extension 'python_setup_py'
[0.193s] Level 1:colcon.colcon_core.package_identification:_identify(src/Action) by extensions ['ignore', 'ignore_ament_install']
[0.193s] Level 1:colcon.colcon_core.package_identification:_identify(src/Action) by extension 'ignore'
[0.193s] Level 1:colcon.colcon_core.package_identification:_identify(src/Action) by extension 'ignore_ament_install'
[0.193s] Level 1:colcon.colcon_core.package_identification:_identify(src/Action) by extensions ['colcon_pkg']
[0.193s] Level 1:colcon.colcon_core.package_identification:_identify(src/Action) by extension 'colcon_pkg'
[0.193s] Level 1:colcon.colcon_core.package_identification:_identify(src/Action) by extensions ['colcon_meta']
[0.193s] Level 1:colcon.colcon_core.package_identification:_identify(src/Action) by extension 'colcon_meta'
[0.193s] Level 1:colcon.colcon_core.package_identification:_identify(src/Action) by extensions ['ros']
[0.193s] Level 1:colcon.colcon_core.package_identification:_identify(src/Action) by extension 'ros'
[0.193s] Level 1:colcon.colcon_core.package_identification:_identify(src/Action) by extensions ['cmake', 'python']
[0.193s] Level 1:colcon.colcon_core.package_identification:_identify(src/Action) by extension 'cmake'
[0.194s] Level 1:colcon.colcon_core.package_identification:_identify(src/Action) by extension 'python'
[0.194s] Level 1:colcon.colcon_core.package_identification:_identify(src/Action) by extensions ['python_setup_py']
[0.194s] Level 1:colcon.colcon_core.package_identification:_identify(src/Action) by extension 'python_setup_py'
[0.194s] Level 1:colcon.colcon_core.package_identification:_identify(src/Action/navigator) by extensions ['ignore', 'ignore_ament_install']
[0.194s] Level 1:colcon.colcon_core.package_identification:_identify(src/Action/navigator) by extension 'ignore'
[0.194s] Level 1:colcon.colcon_core.package_identification:_identify(src/Action/navigator) by extension 'ignore_ament_install'
[0.194s] Level 1:colcon.colcon_core.package_identification:_identify(src/Action/navigator) by extensions ['colcon_pkg']
[0.194s] Level 1:colcon.colcon_core.package_identification:_identify(src/Action/navigator) by extension 'colcon_pkg'
[0.194s] Level 1:colcon.colcon_core.package_identification:_identify(src/Action/navigator) by extensions ['colcon_meta']
[0.194s] Level 1:colcon.colcon_core.package_identification:_identify(src/Action/navigator) by extension 'colcon_meta'
[0.194s] Level 1:colcon.colcon_core.package_identification:_identify(src/Action/navigator) by extensions ['ros']
[0.194s] Level 1:colcon.colcon_core.package_identification:_identify(src/Action/navigator) by extension 'ros'
[0.196s] DEBUG:colcon.colcon_core.package_identification:Package 'src/Action/navigator' with type 'ros.ament_cmake' and name 'navigator'
[0.197s] Level 1:colcon.colcon_core.package_identification:_identify(src/Action/navigator_interfaces) by extensions ['ignore', 'ignore_ament_install']
[0.197s] Level 1:colcon.colcon_core.package_identification:_identify(src/Action/navigator_interfaces) by extension 'ignore'
[0.197s] Level 1:colcon.colcon_core.package_identification:_identify(src/Action/navigator_interfaces) by extension 'ignore_ament_install'
[0.197s] Level 1:colcon.colcon_core.package_identification:_identify(src/Action/navigator_interfaces) by extensions ['colcon_pkg']
[0.197s] Level 1:colcon.colcon_core.package_identification:_identify(src/Action/navigator_interfaces) by extension 'colcon_pkg'
[0.197s] Level 1:colcon.colcon_core.package_identification:_identify(src/Action/navigator_interfaces) by extensions ['colcon_meta']
[0.197s] Level 1:colcon.colcon_core.package_identification:_identify(src/Action/navigator_interfaces) by extension 'colcon_meta'
[0.197s] Level 1:colcon.colcon_core.package_identification:_identify(src/Action/navigator_interfaces) by extensions ['ros']
[0.197s] Level 1:colcon.colcon_core.package_identification:_identify(src/Action/navigator_interfaces) by extension 'ros'
[0.197s] DEBUG:colcon.colcon_core.package_identification:Package 'src/Action/navigator_interfaces' with type 'ros.ament_cmake' and name 'navigator_interfaces'
[0.197s] Level 1:colcon.colcon_core.package_identification:_identify(src/Decision) by extensions ['ignore', 'ignore_ament_install']
[0.197s] Level 1:colcon.colcon_core.package_identification:_identify(src/Decision) by extension 'ignore'
[0.197s] Level 1:colcon.colcon_core.package_identification:_identify(src/Decision) by extension 'ignore_ament_install'
[0.198s] Level 1:colcon.colcon_core.package_identification:_identify(src/Decision) by extensions ['colcon_pkg']
[0.198s] Level 1:colcon.colcon_core.package_identification:_identify(src/Decision) by extension 'colcon_pkg'
[0.198s] Level 1:colcon.colcon_core.package_identification:_identify(src/Decision) by extensions ['colcon_meta']
[0.198s] Level 1:colcon.colcon_core.package_identification:_identify(src/Decision) by extension 'colcon_meta'
[0.198s] Level 1:colcon.colcon_core.package_identification:_identify(src/Decision) by extensions ['ros']
[0.198s] Level 1:colcon.colcon_core.package_identification:_identify(src/Decision) by extension 'ros'
[0.198s] Level 1:colcon.colcon_core.package_identification:_identify(src/Decision) by extensions ['cmake', 'python']
[0.198s] Level 1:colcon.colcon_core.package_identification:_identify(src/Decision) by extension 'cmake'
[0.198s] Level 1:colcon.colcon_core.package_identification:_identify(src/Decision) by extension 'python'
[0.198s] Level 1:colcon.colcon_core.package_identification:_identify(src/Decision) by extensions ['python_setup_py']
[0.198s] Level 1:colcon.colcon_core.package_identification:_identify(src/Decision) by extension 'python_setup_py'
[0.198s] Level 1:colcon.colcon_core.package_identification:_identify(src/Decision/pb_rm_interfaces) by extensions ['ignore', 'ignore_ament_install']
[0.198s] Level 1:colcon.colcon_core.package_identification:_identify(src/Decision/pb_rm_interfaces) by extension 'ignore'
[0.198s] Level 1:colcon.colcon_core.package_identification:_identify(src/Decision/pb_rm_interfaces) by extension 'ignore_ament_install'
[0.198s] Level 1:colcon.colcon_core.package_identification:_identify(src/Decision/pb_rm_interfaces) by extensions ['colcon_pkg']
[0.198s] Level 1:colcon.colcon_core.package_identification:_identify(src/Decision/pb_rm_interfaces) by extension 'colcon_pkg'
[0.198s] Level 1:colcon.colcon_core.package_identification:_identify(src/Decision/pb_rm_interfaces) by extensions ['colcon_meta']
[0.198s] Level 1:colcon.colcon_core.package_identification:_identify(src/Decision/pb_rm_interfaces) by extension 'colcon_meta'
[0.198s] Level 1:colcon.colcon_core.package_identification:_identify(src/Decision/pb_rm_interfaces) by extensions ['ros']
[0.198s] Level 1:colcon.colcon_core.package_identification:_identify(src/Decision/pb_rm_interfaces) by extension 'ros'
[0.199s] DEBUG:colcon.colcon_core.package_identification:Package 'src/Decision/pb_rm_interfaces' with type 'ros.ament_cmake' and name 'pb_rm_interfaces'
[0.199s] Level 1:colcon.colcon_core.package_identification:_identify(src/Decision/rmul_decision) by extensions ['ignore', 'ignore_ament_install']
[0.199s] Level 1:colcon.colcon_core.package_identification:_identify(src/Decision/rmul_decision) by extension 'ignore'
[0.199s] Level 1:colcon.colcon_core.package_identification:_identify(src/Decision/rmul_decision) by extension 'ignore_ament_install'
[0.199s] Level 1:colcon.colcon_core.package_identification:_identify(src/Decision/rmul_decision) by extensions ['colcon_pkg']
[0.199s] Level 1:colcon.colcon_core.package_identification:_identify(src/Decision/rmul_decision) by extension 'colcon_pkg'
[0.199s] Level 1:colcon.colcon_core.package_identification:_identify(src/Decision/rmul_decision) by extensions ['colcon_meta']
[0.199s] Level 1:colcon.colcon_core.package_identification:_identify(src/Decision/rmul_decision) by extension 'colcon_meta'
[0.199s] Level 1:colcon.colcon_core.package_identification:_identify(src/Decision/rmul_decision) by extensions ['ros']
[0.199s] Level 1:colcon.colcon_core.package_identification:_identify(src/Decision/rmul_decision) by extension 'ros'
[0.200s] DEBUG:colcon.colcon_core.package_identification:Package 'src/Decision/rmul_decision' with type 'ros.ament_cmake' and name 'rmul_decision'
[0.200s] Level 1:colcon.colcon_core.package_identification:_identify(src/Tool) by extensions ['ignore', 'ignore_ament_install']
[0.200s] Level 1:colcon.colcon_core.package_identification:_identify(src/Tool) by extension 'ignore'
[0.200s] Level 1:colcon.colcon_core.package_identification:_identify(src/Tool) by extension 'ignore_ament_install'
[0.200s] Level 1:colcon.colcon_core.package_identification:_identify(src/Tool) by extensions ['colcon_pkg']
[0.200s] Level 1:colcon.colcon_core.package_identification:_identify(src/Tool) by extension 'colcon_pkg'
[0.200s] Level 1:colcon.colcon_core.package_identification:_identify(src/Tool) by extensions ['colcon_meta']
[0.200s] Level 1:colcon.colcon_core.package_identification:_identify(src/Tool) by extension 'colcon_meta'
[0.200s] Level 1:colcon.colcon_core.package_identification:_identify(src/Tool) by extensions ['ros']
[0.200s] Level 1:colcon.colcon_core.package_identification:_identify(src/Tool) by extension 'ros'
[0.200s] Level 1:colcon.colcon_core.package_identification:_identify(src/Tool) by extensions ['cmake', 'python']
[0.200s] Level 1:colcon.colcon_core.package_identification:_identify(src/Tool) by extension 'cmake'
[0.200s] Level 1:colcon.colcon_core.package_identification:_identify(src/Tool) by extension 'python'
[0.200s] Level 1:colcon.colcon_core.package_identification:_identify(src/Tool) by extensions ['python_setup_py']
[0.200s] Level 1:colcon.colcon_core.package_identification:_identify(src/Tool) by extension 'python_setup_py'
[0.200s] Level 1:colcon.colcon_core.package_identification:_identify(src/Tool/terminal_listener) by extensions ['ignore', 'ignore_ament_install']
[0.200s] Level 1:colcon.colcon_core.package_identification:_identify(src/Tool/terminal_listener) by extension 'ignore'
[0.200s] Level 1:colcon.colcon_core.package_identification:_identify(src/Tool/terminal_listener) by extension 'ignore_ament_install'
[0.200s] Level 1:colcon.colcon_core.package_identification:_identify(src/Tool/terminal_listener) by extensions ['colcon_pkg']
[0.200s] Level 1:colcon.colcon_core.package_identification:_identify(src/Tool/terminal_listener) by extension 'colcon_pkg'
[0.200s] Level 1:colcon.colcon_core.package_identification:_identify(src/Tool/terminal_listener) by extensions ['colcon_meta']
[0.200s] Level 1:colcon.colcon_core.package_identification:_identify(src/Tool/terminal_listener) by extension 'colcon_meta'
[0.200s] Level 1:colcon.colcon_core.package_identification:_identify(src/Tool/terminal_listener) by extensions ['ros']
[0.200s] Level 1:colcon.colcon_core.package_identification:_identify(src/Tool/terminal_listener) by extension 'ros'
[0.201s] DEBUG:colcon.colcon_core.package_identification:Package 'src/Tool/terminal_listener' with type 'ros.ament_cmake' and name 'terminal_listener'
[0.201s] Level 1:colcon.colcon_core.package_discovery:discover_packages(recursive) using defaults
[0.201s] Level 1:colcon.colcon_core.package_discovery:discover_packages(ignore) discover
[0.201s] Level 1:colcon.colcon_core.package_discovery:discover_packages(ignore) using defaults
[0.201s] Level 1:colcon.colcon_core.package_discovery:discover_packages(path) discover
[0.201s] Level 1:colcon.colcon_core.package_discovery:discover_packages(path) using defaults
[0.222s] Level 1:colcon.colcon_core.package_discovery:discover_packages(prefix_path) check parameters
[0.222s] Level 1:colcon.colcon_core.package_discovery:discover_packages(prefix_path) discover
[0.223s] DEBUG:colcon.colcon_installed_package_information.package_discovery:Found 292 installed packages in /opt/ros/humble
[0.225s] Level 1:colcon.colcon_core.package_discovery:discover_packages(prefix_path) using defaults
[0.254s] Level 5:colcon.colcon_core.verb:set package 'navigator_interfaces' build argument 'cmake_args' from command line to 'None'
[0.255s] Level 5:colcon.colcon_core.verb:set package 'navigator_interfaces' build argument 'cmake_target' from command line to 'None'
[0.255s] Level 5:colcon.colcon_core.verb:set package 'navigator_interfaces' build argument 'cmake_target_skip_unavailable' from command line to 'False'
[0.255s] Level 5:colcon.colcon_core.verb:set package 'navigator_interfaces' build argument 'cmake_clean_cache' from command line to 'False'
[0.255s] Level 5:colcon.colcon_core.verb:set package 'navigator_interfaces' build argument 'cmake_clean_first' from command line to 'False'
[0.255s] Level 5:colcon.colcon_core.verb:set package 'navigator_interfaces' build argument 'cmake_force_configure' from command line to 'False'
[0.255s] Level 5:colcon.colcon_core.verb:set package 'navigator_interfaces' build argument 'ament_cmake_args' from command line to 'None'
[0.255s] Level 5:colcon.colcon_core.verb:set package 'navigator_interfaces' build argument 'catkin_cmake_args' from command line to 'None'
[0.255s] Level 5:colcon.colcon_core.verb:set package 'navigator_interfaces' build argument 'catkin_skip_building_tests' from command line to 'False'
[0.255s] DEBUG:colcon.colcon_core.verb:Building package 'navigator_interfaces' with the following arguments: {'ament_cmake_args': None, 'build_base': '/home/ethereal/rm_2025/rmul_nav_2025/build/navigator_interfaces', 'catkin_cmake_args': None, 'catkin_skip_building_tests': False, 'cmake_args': None, 'cmake_clean_cache': False, 'cmake_clean_first': False, 'cmake_force_configure': False, 'cmake_target': None, 'cmake_target_skip_unavailable': False, 'install_base': '/home/ethereal/rm_2025/rmul_nav_2025/install/navigator_interfaces', 'merge_install': False, 'path': '/home/ethereal/rm_2025/rmul_nav_2025/src/Action/navigator_interfaces', 'symlink_install': False, 'test_result_base': None}
[0.255s] Level 5:colcon.colcon_core.verb:set package 'pb_rm_interfaces' build argument 'cmake_args' from command line to 'None'
[0.255s] Level 5:colcon.colcon_core.verb:set package 'pb_rm_interfaces' build argument 'cmake_target' from command line to 'None'
[0.255s] Level 5:colcon.colcon_core.verb:set package 'pb_rm_interfaces' build argument 'cmake_target_skip_unavailable' from command line to 'False'
[0.255s] Level 5:colcon.colcon_core.verb:set package 'pb_rm_interfaces' build argument 'cmake_clean_cache' from command line to 'False'
[0.255s] Level 5:colcon.colcon_core.verb:set package 'pb_rm_interfaces' build argument 'cmake_clean_first' from command line to 'False'
[0.255s] Level 5:colcon.colcon_core.verb:set package 'pb_rm_interfaces' build argument 'cmake_force_configure' from command line to 'False'
[0.255s] Level 5:colcon.colcon_core.verb:set package 'pb_rm_interfaces' build argument 'ament_cmake_args' from command line to 'None'
[0.255s] Level 5:colcon.colcon_core.verb:set package 'pb_rm_interfaces' build argument 'catkin_cmake_args' from command line to 'None'
[0.255s] Level 5:colcon.colcon_core.verb:set package 'pb_rm_interfaces' build argument 'catkin_skip_building_tests' from command line to 'False'
[0.255s] DEBUG:colcon.colcon_core.verb:Building package 'pb_rm_interfaces' with the following arguments: {'ament_cmake_args': None, 'build_base': '/home/ethereal/rm_2025/rmul_nav_2025/build/pb_rm_interfaces', 'catkin_cmake_args': None, 'catkin_skip_building_tests': False, 'cmake_args': None, 'cmake_clean_cache': False, 'cmake_clean_first': False, 'cmake_force_configure': False, 'cmake_target': None, 'cmake_target_skip_unavailable': False, 'install_base': '/home/ethereal/rm_2025/rmul_nav_2025/install/pb_rm_interfaces', 'merge_install': False, 'path': '/home/ethereal/rm_2025/rmul_nav_2025/src/Decision/pb_rm_interfaces', 'symlink_install': False, 'test_result_base': None}
[0.255s] Level 5:colcon.colcon_core.verb:set package 'navigator' build argument 'cmake_args' from command line to 'None'
[0.255s] Level 5:colcon.colcon_core.verb:set package 'navigator' build argument 'cmake_target' from command line to 'None'
[0.255s] Level 5:colcon.colcon_core.verb:set package 'navigator' build argument 'cmake_target_skip_unavailable' from command line to 'False'
[0.255s] Level 5:colcon.colcon_core.verb:set package 'navigator' build argument 'cmake_clean_cache' from command line to 'False'
[0.255s] Level 5:colcon.colcon_core.verb:set package 'navigator' build argument 'cmake_clean_first' from command line to 'False'
[0.255s] Level 5:colcon.colcon_core.verb:set package 'navigator' build argument 'cmake_force_configure' from command line to 'False'
[0.256s] Level 5:colcon.colcon_core.verb:set package 'navigator' build argument 'ament_cmake_args' from command line to 'None'
[0.256s] Level 5:colcon.colcon_core.verb:set package 'navigator' build argument 'catkin_cmake_args' from command line to 'None'
[0.256s] Level 5:colcon.colcon_core.verb:set package 'navigator' build argument 'catkin_skip_building_tests' from command line to 'False'
[0.256s] DEBUG:colcon.colcon_core.verb:Building package 'navigator' with the following arguments: {'ament_cmake_args': None, 'build_base': '/home/ethereal/rm_2025/rmul_nav_2025/build/navigator', 'catkin_cmake_args': None, 'catkin_skip_building_tests': False, 'cmake_args': None, 'cmake_clean_cache': False, 'cmake_clean_first': False, 'cmake_force_configure': False, 'cmake_target': None, 'cmake_target_skip_unavailable': False, 'install_base': '/home/ethereal/rm_2025/rmul_nav_2025/install/navigator', 'merge_install': False, 'path': '/home/ethereal/rm_2025/rmul_nav_2025/src/Action/navigator', 'symlink_install': False, 'test_result_base': None}
[0.256s] Level 5:colcon.colcon_core.verb:set package 'rmul_decision' build argument 'cmake_args' from command line to 'None'
[0.256s] Level 5:colcon.colcon_core.verb:set package 'rmul_decision' build argument 'cmake_target' from command line to 'None'
[0.256s] Level 5:colcon.colcon_core.verb:set package 'rmul_decision' build argument 'cmake_target_skip_unavailable' from command line to 'False'
[0.256s] Level 5:colcon.colcon_core.verb:set package 'rmul_decision' build argument 'cmake_clean_cache' from command line to 'False'
[0.256s] Level 5:colcon.colcon_core.verb:set package 'rmul_decision' build argument 'cmake_clean_first' from command line to 'False'
[0.256s] Level 5:colcon.colcon_core.verb:set package 'rmul_decision' build argument 'cmake_force_configure' from command line to 'False'
[0.256s] Level 5:colcon.colcon_core.verb:set package 'rmul_decision' build argument 'ament_cmake_args' from command line to 'None'
[0.256s] Level 5:colcon.colcon_core.verb:set package 'rmul_decision' build argument 'catkin_cmake_args' from command line to 'None'
[0.256s] Level 5:colcon.colcon_core.verb:set package 'rmul_decision' build argument 'catkin_skip_building_tests' from command line to 'False'
[0.256s] DEBUG:colcon.colcon_core.verb:Building package 'rmul_decision' with the following arguments: {'ament_cmake_args': None, 'build_base': '/home/ethereal/rm_2025/rmul_nav_2025/build/rmul_decision', 'catkin_cmake_args': None, 'catkin_skip_building_tests': False, 'cmake_args': None, 'cmake_clean_cache': False, 'cmake_clean_first': False, 'cmake_force_configure': False, 'cmake_target': None, 'cmake_target_skip_unavailable': False, 'install_base': '/home/ethereal/rm_2025/rmul_nav_2025/install/rmul_decision', 'merge_install': False, 'path': '/home/ethereal/rm_2025/rmul_nav_2025/src/Decision/rmul_decision', 'symlink_install': False, 'test_result_base': None}
[0.256s] Level 5:colcon.colcon_core.verb:set package 'terminal_listener' build argument 'cmake_args' from command line to 'None'
[0.256s] Level 5:colcon.colcon_core.verb:set package 'terminal_listener' build argument 'cmake_target' from command line to 'None'
[0.256s] Level 5:colcon.colcon_core.verb:set package 'terminal_listener' build argument 'cmake_target_skip_unavailable' from command line to 'False'
[0.256s] Level 5:colcon.colcon_core.verb:set package 'terminal_listener' build argument 'cmake_clean_cache' from command line to 'False'
[0.256s] Level 5:colcon.colcon_core.verb:set package 'terminal_listener' build argument 'cmake_clean_first' from command line to 'False'
[0.256s] Level 5:colcon.colcon_core.verb:set package 'terminal_listener' build argument 'cmake_force_configure' from command line to 'False'
[0.256s] Level 5:colcon.colcon_core.verb:set package 'terminal_listener' build argument 'ament_cmake_args' from command line to 'None'
[0.256s] Level 5:colcon.colcon_core.verb:set package 'terminal_listener' build argument 'catkin_cmake_args' from command line to 'None'
[0.256s] Level 5:colcon.colcon_core.verb:set package 'terminal_listener' build argument 'catkin_skip_building_tests' from command line to 'False'
[0.256s] DEBUG:colcon.colcon_core.verb:Building package 'terminal_listener' with the following arguments: {'ament_cmake_args': None, 'build_base': '/home/ethereal/rm_2025/rmul_nav_2025/build/terminal_listener', 'catkin_cmake_args': None, 'catkin_skip_building_tests': False, 'cmake_args': None, 'cmake_clean_cache': False, 'cmake_clean_first': False, 'cmake_force_configure': False, 'cmake_target': None, 'cmake_target_skip_unavailable': False, 'install_base': '/home/ethereal/rm_2025/rmul_nav_2025/install/terminal_listener', 'merge_install': False, 'path': '/home/ethereal/rm_2025/rmul_nav_2025/src/Tool/terminal_listener', 'symlink_install': False, 'test_result_base': None}
[0.256s] INFO:colcon.colcon_core.executor:Executing jobs using 'parallel' executor
[0.257s] DEBUG:colcon.colcon_parallel_executor.executor.parallel:run_until_complete
[0.258s] INFO:colcon.colcon_ros.task.ament_cmake.build:Building ROS package in '/home/ethereal/rm_2025/rmul_nav_2025/src/Action/navigator_interfaces' with build type 'ament_cmake'
[0.258s] INFO:colcon.colcon_cmake.task.cmake.build:Building CMake package in '/home/ethereal/rm_2025/rmul_nav_2025/src/Action/navigator_interfaces'
[0.259s] INFO:colcon.colcon_core.plugin_system:Skipping extension 'colcon_core.shell.bat': Not used on non-Windows systems
[0.260s] INFO:colcon.colcon_core.shell:Skip shell extension 'powershell' for command environment: Not usable outside of PowerShell
[0.260s] DEBUG:colcon.colcon_core.shell:Skip shell extension 'dsv' for command environment
[0.262s] INFO:colcon.colcon_ros.task.ament_cmake.build:Building ROS package in '/home/ethereal/rm_2025/rmul_nav_2025/src/Decision/pb_rm_interfaces' with build type 'ament_cmake'
[0.263s] INFO:colcon.colcon_cmake.task.cmake.build:Building CMake package in '/home/ethereal/rm_2025/rmul_nav_2025/src/Decision/pb_rm_interfaces'
[0.263s] INFO:colcon.colcon_core.shell:Skip shell extension 'powershell' for command environment: Not usable outside of PowerShell
[0.263s] DEBUG:colcon.colcon_core.shell:Skip shell extension 'dsv' for command environment
[0.271s] DEBUG:colcon.colcon_core.event_handler.log_command:Invoking command in '/home/ethereal/rm_2025/rmul_nav_2025/build/navigator_interfaces': CMAKE_PREFIX_PATH=/opt/ros/humble PS1=\[\e[1;32m\]\u@\h\[\e[0m\]:\[\e[1;34m\]\w\[\e[0m\]\$ /usr/bin/cmake /home/ethereal/rm_2025/rmul_nav_2025/src/Action/navigator_interfaces -DCMAKE_INSTALL_PREFIX=/home/ethereal/rm_2025/rmul_nav_2025/install/navigator_interfaces
[0.276s] DEBUG:colcon.colcon_core.event_handler.log_command:Invoking command in '/home/ethereal/rm_2025/rmul_nav_2025/build/pb_rm_interfaces': CMAKE_PREFIX_PATH=/opt/ros/humble PS1=\[\e[1;32m\]\u@\h\[\e[0m\]:\[\e[1;34m\]\w\[\e[0m\]\$ /usr/bin/cmake /home/ethereal/rm_2025/rmul_nav_2025/src/Decision/pb_rm_interfaces -DCMAKE_INSTALL_PREFIX=/home/ethereal/rm_2025/rmul_nav_2025/install/pb_rm_interfaces
[1.543s] DEBUG:colcon.colcon_core.event_handler.log_command:Invoked command in '/home/ethereal/rm_2025/rmul_nav_2025/build/navigator_interfaces' returned '0': CMAKE_PREFIX_PATH=/opt/ros/humble PS1=\[\e[1;32m\]\u@\h\[\e[0m\]:\[\e[1;34m\]\w\[\e[0m\]\$ /usr/bin/cmake /home/ethereal/rm_2025/rmul_nav_2025/src/Action/navigator_interfaces -DCMAKE_INSTALL_PREFIX=/home/ethereal/rm_2025/rmul_nav_2025/install/navigator_interfaces
[1.544s] DEBUG:colcon.colcon_core.event_handler.log_command:Invoking command in '/home/ethereal/rm_2025/rmul_nav_2025/build/navigator_interfaces': CMAKE_PREFIX_PATH=/opt/ros/humble PS1=\[\e[1;32m\]\u@\h\[\e[0m\]:\[\e[1;34m\]\w\[\e[0m\]\$ /usr/bin/cmake --build /home/ethereal/rm_2025/rmul_nav_2025/build/navigator_interfaces -- -j20 -l20
[1.584s] DEBUG:colcon.colcon_core.event_handler.log_command:Invoked command in '/home/ethereal/rm_2025/rmul_nav_2025/build/pb_rm_interfaces' returned '0': CMAKE_PREFIX_PATH=/opt/ros/humble PS1=\[\e[1;32m\]\u@\h\[\e[0m\]:\[\e[1;34m\]\w\[\e[0m\]\$ /usr/bin/cmake /home/ethereal/rm_2025/rmul_nav_2025/src/Decision/pb_rm_interfaces -DCMAKE_INSTALL_PREFIX=/home/ethereal/rm_2025/rmul_nav_2025/install/pb_rm_interfaces
[1.585s] DEBUG:colcon.colcon_core.event_handler.log_command:Invoking command in '/home/ethereal/rm_2025/rmul_nav_2025/build/pb_rm_interfaces': CMAKE_PREFIX_PATH=/opt/ros/humble PS1=\[\e[1;32m\]\u@\h\[\e[0m\]:\[\e[1;34m\]\w\[\e[0m\]\$ /usr/bin/cmake --build /home/ethereal/rm_2025/rmul_nav_2025/build/pb_rm_interfaces -- -j20 -l20
[3.021s] DEBUG:colcon.colcon_core.event_handler.log_command:Invoked command in '/home/ethereal/rm_2025/rmul_nav_2025/build/navigator_interfaces' returned '0': CMAKE_PREFIX_PATH=/opt/ros/humble PS1=\[\e[1;32m\]\u@\h\[\e[0m\]:\[\e[1;34m\]\w\[\e[0m\]\$ /usr/bin/cmake --build /home/ethereal/rm_2025/rmul_nav_2025/build/navigator_interfaces -- -j20 -l20
[3.028s] DEBUG:colcon.colcon_core.event_handler.log_command:Invoking command in '/home/ethereal/rm_2025/rmul_nav_2025/build/navigator_interfaces': CMAKE_PREFIX_PATH=/opt/ros/humble PS1=\[\e[1;32m\]\u@\h\[\e[0m\]:\[\e[1;34m\]\w\[\e[0m\]\$ /usr/bin/cmake --install /home/ethereal/rm_2025/rmul_nav_2025/build/navigator_interfaces
[3.087s] Level 1:colcon.colcon_core.environment:create_environment_scripts_only(navigator_interfaces)
[3.088s] DEBUG:colcon.colcon_core.event_handler.log_command:Invoked command in '/home/ethereal/rm_2025/rmul_nav_2025/build/navigator_interfaces' returned '0': CMAKE_PREFIX_PATH=/opt/ros/humble PS1=\[\e[1;32m\]\u@\h\[\e[0m\]:\[\e[1;34m\]\w\[\e[0m\]\$ /usr/bin/cmake --install /home/ethereal/rm_2025/rmul_nav_2025/build/navigator_interfaces
[3.089s] Level 1:colcon.colcon_core.environment:checking '/home/ethereal/rm_2025/rmul_nav_2025/install/navigator_interfaces' for CMake module files
[3.090s] Level 1:colcon.colcon_core.environment:checking '/home/ethereal/rm_2025/rmul_nav_2025/install/navigator_interfaces' for CMake config files
[3.090s] Level 1:colcon.colcon_core.shell:create_environment_hook('navigator_interfaces', 'cmake_prefix_path')
[3.090s] INFO:colcon.colcon_core.shell:Creating environment hook '/home/ethereal/rm_2025/rmul_nav_2025/install/navigator_interfaces/share/navigator_interfaces/hook/cmake_prefix_path.ps1'
[3.091s] INFO:colcon.colcon_core.shell:Creating environment descriptor '/home/ethereal/rm_2025/rmul_nav_2025/install/navigator_interfaces/share/navigator_interfaces/hook/cmake_prefix_path.dsv'
[3.091s] INFO:colcon.colcon_core.shell:Creating environment hook '/home/ethereal/rm_2025/rmul_nav_2025/install/navigator_interfaces/share/navigator_interfaces/hook/cmake_prefix_path.sh'
[3.092s] Level 1:colcon.colcon_core.environment:checking '/home/ethereal/rm_2025/rmul_nav_2025/install/navigator_interfaces/lib'
[3.092s] Level 1:colcon.colcon_core.shell:create_environment_hook('navigator_interfaces', 'ld_library_path_lib')
[3.093s] INFO:colcon.colcon_core.shell:Creating environment hook '/home/ethereal/rm_2025/rmul_nav_2025/install/navigator_interfaces/share/navigator_interfaces/hook/ld_library_path_lib.ps1'
[3.093s] INFO:colcon.colcon_core.shell:Creating environment descriptor '/home/ethereal/rm_2025/rmul_nav_2025/install/navigator_interfaces/share/navigator_interfaces/hook/ld_library_path_lib.dsv'
[3.093s] INFO:colcon.colcon_core.shell:Creating environment hook '/home/ethereal/rm_2025/rmul_nav_2025/install/navigator_interfaces/share/navigator_interfaces/hook/ld_library_path_lib.sh'
[3.093s] Level 1:colcon.colcon_core.environment:checking '/home/ethereal/rm_2025/rmul_nav_2025/install/navigator_interfaces/bin'
[3.094s] Level 1:colcon.colcon_core.environment:checking '/home/ethereal/rm_2025/rmul_nav_2025/install/navigator_interfaces/lib/pkgconfig/navigator_interfaces.pc'
[3.094s] Level 1:colcon.colcon_core.environment:checking '/home/ethereal/rm_2025/rmul_nav_2025/install/navigator_interfaces/lib/python3.10/site-packages'
[3.094s] Level 1:colcon.colcon_core.environment:checking '/home/ethereal/rm_2025/rmul_nav_2025/install/navigator_interfaces/bin'
[3.095s] INFO:colcon.colcon_core.shell:Creating package script '/home/ethereal/rm_2025/rmul_nav_2025/install/navigator_interfaces/share/navigator_interfaces/package.ps1'
[3.095s] INFO:colcon.colcon_core.shell:Creating package descriptor '/home/ethereal/rm_2025/rmul_nav_2025/install/navigator_interfaces/share/navigator_interfaces/package.dsv'
[3.096s] INFO:colcon.colcon_core.shell:Creating package script '/home/ethereal/rm_2025/rmul_nav_2025/install/navigator_interfaces/share/navigator_interfaces/package.sh'
[3.097s] INFO:colcon.colcon_core.shell:Creating package script '/home/ethereal/rm_2025/rmul_nav_2025/install/navigator_interfaces/share/navigator_interfaces/package.bash'
[3.097s] INFO:colcon.colcon_core.shell:Creating package script '/home/ethereal/rm_2025/rmul_nav_2025/install/navigator_interfaces/share/navigator_interfaces/package.zsh'
[3.098s] Level 1:colcon.colcon_core.environment:create_file_with_runtime_dependencies(/home/ethereal/rm_2025/rmul_nav_2025/install/navigator_interfaces/share/colcon-core/packages/navigator_interfaces)
[3.099s] Level 1:colcon.colcon_core.environment:create_environment_scripts_only(navigator_interfaces)
[3.100s] Level 1:colcon.colcon_core.environment:checking '/home/ethereal/rm_2025/rmul_nav_2025/install/navigator_interfaces' for CMake module files
[3.100s] Level 1:colcon.colcon_core.environment:checking '/home/ethereal/rm_2025/rmul_nav_2025/install/navigator_interfaces' for CMake config files
[3.100s] Level 1:colcon.colcon_core.shell:create_environment_hook('navigator_interfaces', 'cmake_prefix_path')
[3.100s] INFO:colcon.colcon_core.shell:Creating environment hook '/home/ethereal/rm_2025/rmul_nav_2025/install/navigator_interfaces/share/navigator_interfaces/hook/cmake_prefix_path.ps1'
[3.101s] INFO:colcon.colcon_core.shell:Creating environment descriptor '/home/ethereal/rm_2025/rmul_nav_2025/install/navigator_interfaces/share/navigator_interfaces/hook/cmake_prefix_path.dsv'
[3.101s] INFO:colcon.colcon_core.shell:Creating environment hook '/home/ethereal/rm_2025/rmul_nav_2025/install/navigator_interfaces/share/navigator_interfaces/hook/cmake_prefix_path.sh'
[3.101s] Level 1:colcon.colcon_core.environment:checking '/home/ethereal/rm_2025/rmul_nav_2025/install/navigator_interfaces/lib'
[3.101s] Level 1:colcon.colcon_core.shell:create_environment_hook('navigator_interfaces', 'ld_library_path_lib')
[3.102s] INFO:colcon.colcon_core.shell:Creating environment hook '/home/ethereal/rm_2025/rmul_nav_2025/install/navigator_interfaces/share/navigator_interfaces/hook/ld_library_path_lib.ps1'
[3.102s] INFO:colcon.colcon_core.shell:Creating environment descriptor '/home/ethereal/rm_2025/rmul_nav_2025/install/navigator_interfaces/share/navigator_interfaces/hook/ld_library_path_lib.dsv'
[3.102s] INFO:colcon.colcon_core.shell:Creating environment hook '/home/ethereal/rm_2025/rmul_nav_2025/install/navigator_interfaces/share/navigator_interfaces/hook/ld_library_path_lib.sh'
[3.102s] Level 1:colcon.colcon_core.environment:checking '/home/ethereal/rm_2025/rmul_nav_2025/install/navigator_interfaces/bin'
[3.103s] Level 1:colcon.colcon_core.environment:checking '/home/ethereal/rm_2025/rmul_nav_2025/install/navigator_interfaces/lib/pkgconfig/navigator_interfaces.pc'
[3.103s] Level 1:colcon.colcon_core.environment:checking '/home/ethereal/rm_2025/rmul_nav_2025/install/navigator_interfaces/lib/python3.10/site-packages'
[3.103s] Level 1:colcon.colcon_core.environment:checking '/home/ethereal/rm_2025/rmul_nav_2025/install/navigator_interfaces/bin'
[3.103s] INFO:colcon.colcon_core.shell:Creating package script '/home/ethereal/rm_2025/rmul_nav_2025/install/navigator_interfaces/share/navigator_interfaces/package.ps1'
[3.104s] INFO:colcon.colcon_core.shell:Creating package descriptor '/home/ethereal/rm_2025/rmul_nav_2025/install/navigator_interfaces/share/navigator_interfaces/package.dsv'
[3.104s] INFO:colcon.colcon_core.shell:Creating package script '/home/ethereal/rm_2025/rmul_nav_2025/install/navigator_interfaces/share/navigator_interfaces/package.sh'
[3.105s] INFO:colcon.colcon_core.shell:Creating package script '/home/ethereal/rm_2025/rmul_nav_2025/install/navigator_interfaces/share/navigator_interfaces/package.bash'
[3.105s] INFO:colcon.colcon_core.shell:Creating package script '/home/ethereal/rm_2025/rmul_nav_2025/install/navigator_interfaces/share/navigator_interfaces/package.zsh'
[3.105s] Level 1:colcon.colcon_core.environment:create_file_with_runtime_dependencies(/home/ethereal/rm_2025/rmul_nav_2025/install/navigator_interfaces/share/colcon-core/packages/navigator_interfaces)
[3.106s] INFO:colcon.colcon_ros.task.ament_cmake.build:Building ROS package in '/home/ethereal/rm_2025/rmul_nav_2025/src/Action/navigator' with build type 'ament_cmake'
[3.106s] INFO:colcon.colcon_cmake.task.cmake.build:Building CMake package in '/home/ethereal/rm_2025/rmul_nav_2025/src/Action/navigator'
[3.106s] INFO:colcon.colcon_core.shell:Skip shell extension 'powershell' for command environment: Not usable outside of PowerShell
[3.106s] DEBUG:colcon.colcon_core.shell:Skip shell extension 'dsv' for command environment
[3.109s] INFO:colcon.colcon_ros.task.ament_cmake.build:Building ROS package in '/home/ethereal/rm_2025/rmul_nav_2025/src/Tool/terminal_listener' with build type 'ament_cmake'
[3.109s] INFO:colcon.colcon_cmake.task.cmake.build:Building CMake package in '/home/ethereal/rm_2025/rmul_nav_2025/src/Tool/terminal_listener'
[3.109s] INFO:colcon.colcon_core.shell:Skip shell extension 'powershell' for command environment: Not usable outside of PowerShell
[3.110s] DEBUG:colcon.colcon_core.shell:Skip shell extension 'dsv' for command environment
[3.121s] DEBUG:colcon.colcon_core.event_handler.log_command:Invoking command in '/home/ethereal/rm_2025/rmul_nav_2025/build/navigator': AMENT_PREFIX_PATH=/home/ethereal/rm_2025/rmul_nav_2025/install/navigator_interfaces:${AMENT_PREFIX_PATH} CMAKE_PREFIX_PATH=/home/ethereal/rm_2025/rmul_nav_2025/install/navigator_interfaces:/opt/ros/humble LD_LIBRARY_PATH=/home/ethereal/rm_2025/rmul_nav_2025/install/navigator_interfaces/lib:${LD_LIBRARY_PATH} PS1=\[\e[1;32m\]\u@\h\[\e[0m\]:\[\e[1;34m\]\w\[\e[0m\]\$ PYTHONPATH=/home/ethereal/rm_2025/rmul_nav_2025/install/navigator_interfaces/local/lib/python3.10/dist-packages:${PYTHONPATH} /usr/bin/cmake /home/ethereal/rm_2025/rmul_nav_2025/src/Action/navigator -DCMAKE_INSTALL_PREFIX=/home/ethereal/rm_2025/rmul_nav_2025/install/navigator
[3.126s] DEBUG:colcon.colcon_core.event_handler.log_command:Invoking command in '/home/ethereal/rm_2025/rmul_nav_2025/build/terminal_listener': AMENT_PREFIX_PATH=/home/ethereal/rm_2025/rmul_nav_2025/install/navigator_interfaces:${AMENT_PREFIX_PATH} CMAKE_PREFIX_PATH=/home/ethereal/rm_2025/rmul_nav_2025/install/navigator_interfaces:/opt/ros/humble LD_LIBRARY_PATH=/home/ethereal/rm_2025/rmul_nav_2025/install/navigator_interfaces/lib:${LD_LIBRARY_PATH} PS1=\[\e[1;32m\]\u@\h\[\e[0m\]:\[\e[1;34m\]\w\[\e[0m\]\$ PYTHONPATH=/home/ethereal/rm_2025/rmul_nav_2025/install/navigator_interfaces/local/lib/python3.10/dist-packages:${PYTHONPATH} /usr/bin/cmake /home/ethereal/rm_2025/rmul_nav_2025/src/Tool/terminal_listener -DCMAKE_INSTALL_PREFIX=/home/ethereal/rm_2025/rmul_nav_2025/install/terminal_listener
[4.188s] DEBUG:colcon.colcon_core.event_handler.log_command:Invoked command in '/home/ethereal/rm_2025/rmul_nav_2025/build/terminal_listener' returned '0': AMENT_PREFIX_PATH=/home/ethereal/rm_2025/rmul_nav_2025/install/navigator_interfaces:${AMENT_PREFIX_PATH} CMAKE_PREFIX_PATH=/home/ethereal/rm_2025/rmul_nav_2025/install/navigator_interfaces:/opt/ros/humble LD_LIBRARY_PATH=/home/ethereal/rm_2025/rmul_nav_2025/install/navigator_interfaces/lib:${LD_LIBRARY_PATH} PS1=\[\e[1;32m\]\u@\h\[\e[0m\]:\[\e[1;34m\]\w\[\e[0m\]\$ PYTHONPATH=/home/ethereal/rm_2025/rmul_nav_2025/install/navigator_interfaces/local/lib/python3.10/dist-packages:${PYTHONPATH} /usr/bin/cmake /home/ethereal/rm_2025/rmul_nav_2025/src/Tool/terminal_listener -DCMAKE_INSTALL_PREFIX=/home/ethereal/rm_2025/rmul_nav_2025/install/terminal_listener
[4.191s] DEBUG:colcon.colcon_core.event_handler.log_command:Invoking command in '/home/ethereal/rm_2025/rmul_nav_2025/build/terminal_listener': AMENT_PREFIX_PATH=/home/ethereal/rm_2025/rmul_nav_2025/install/navigator_interfaces:${AMENT_PREFIX_PATH} CMAKE_PREFIX_PATH=/home/ethereal/rm_2025/rmul_nav_2025/install/navigator_interfaces:/opt/ros/humble LD_LIBRARY_PATH=/home/ethereal/rm_2025/rmul_nav_2025/install/navigator_interfaces/lib:${LD_LIBRARY_PATH} PS1=\[\e[1;32m\]\u@\h\[\e[0m\]:\[\e[1;34m\]\w\[\e[0m\]\$ PYTHONPATH=/home/ethereal/rm_2025/rmul_nav_2025/install/navigator_interfaces/local/lib/python3.10/dist-packages:${PYTHONPATH} /usr/bin/cmake --build /home/ethereal/rm_2025/rmul_nav_2025/build/terminal_listener -- -j20 -l20
[4.539s] DEBUG:colcon.colcon_core.event_handler.log_command:Invoked command in '/home/ethereal/rm_2025/rmul_nav_2025/build/navigator' returned '0': AMENT_PREFIX_PATH=/home/ethereal/rm_2025/rmul_nav_2025/install/navigator_interfaces:${AMENT_PREFIX_PATH} CMAKE_PREFIX_PATH=/home/ethereal/rm_2025/rmul_nav_2025/install/navigator_interfaces:/opt/ros/humble LD_LIBRARY_PATH=/home/ethereal/rm_2025/rmul_nav_2025/install/navigator_interfaces/lib:${LD_LIBRARY_PATH} PS1=\[\e[1;32m\]\u@\h\[\e[0m\]:\[\e[1;34m\]\w\[\e[0m\]\$ PYTHONPATH=/home/ethereal/rm_2025/rmul_nav_2025/install/navigator_interfaces/local/lib/python3.10/dist-packages:${PYTHONPATH} /usr/bin/cmake /home/ethereal/rm_2025/rmul_nav_2025/src/Action/navigator -DCMAKE_INSTALL_PREFIX=/home/ethereal/rm_2025/rmul_nav_2025/install/navigator
[4.542s] DEBUG:colcon.colcon_core.event_handler.log_command:Invoking command in '/home/ethereal/rm_2025/rmul_nav_2025/build/navigator': AMENT_PREFIX_PATH=/home/ethereal/rm_2025/rmul_nav_2025/install/navigator_interfaces:${AMENT_PREFIX_PATH} CMAKE_PREFIX_PATH=/home/ethereal/rm_2025/rmul_nav_2025/install/navigator_interfaces:/opt/ros/humble LD_LIBRARY_PATH=/home/ethereal/rm_2025/rmul_nav_2025/install/navigator_interfaces/lib:${LD_LIBRARY_PATH} PS1=\[\e[1;32m\]\u@\h\[\e[0m\]:\[\e[1;34m\]\w\[\e[0m\]\$ PYTHONPATH=/home/ethereal/rm_2025/rmul_nav_2025/install/navigator_interfaces/local/lib/python3.10/dist-packages:${PYTHONPATH} /usr/bin/cmake --build /home/ethereal/rm_2025/rmul_nav_2025/build/navigator -- -j20 -l20
[9.271s] DEBUG:colcon.colcon_core.event_handler.log_command:Invoked command in '/home/ethereal/rm_2025/rmul_nav_2025/build/terminal_listener' returned '0': AMENT_PREFIX_PATH=/home/ethereal/rm_2025/rmul_nav_2025/install/navigator_interfaces:${AMENT_PREFIX_PATH} CMAKE_PREFIX_PATH=/home/ethereal/rm_2025/rmul_nav_2025/install/navigator_interfaces:/opt/ros/humble LD_LIBRARY_PATH=/home/ethereal/rm_2025/rmul_nav_2025/install/navigator_interfaces/lib:${LD_LIBRARY_PATH} PS1=\[\e[1;32m\]\u@\h\[\e[0m\]:\[\e[1;34m\]\w\[\e[0m\]\$ PYTHONPATH=/home/ethereal/rm_2025/rmul_nav_2025/install/navigator_interfaces/local/lib/python3.10/dist-packages:${PYTHONPATH} /usr/bin/cmake --build /home/ethereal/rm_2025/rmul_nav_2025/build/terminal_listener -- -j20 -l20
[9.274s] DEBUG:colcon.colcon_core.event_handler.log_command:Invoking command in '/home/ethereal/rm_2025/rmul_nav_2025/build/terminal_listener': AMENT_PREFIX_PATH=/home/ethereal/rm_2025/rmul_nav_2025/install/navigator_interfaces:${AMENT_PREFIX_PATH} CMAKE_PREFIX_PATH=/home/ethereal/rm_2025/rmul_nav_2025/install/navigator_interfaces:/opt/ros/humble LD_LIBRARY_PATH=/home/ethereal/rm_2025/rmul_nav_2025/install/navigator_interfaces/lib:${LD_LIBRARY_PATH} PS1=\[\e[1;32m\]\u@\h\[\e[0m\]:\[\e[1;34m\]\w\[\e[0m\]\$ PYTHONPATH=/home/ethereal/rm_2025/rmul_nav_2025/install/navigator_interfaces/local/lib/python3.10/dist-packages:${PYTHONPATH} /usr/bin/cmake --install /home/ethereal/rm_2025/rmul_nav_2025/build/terminal_listener
[9.288s] Level 1:colcon.colcon_core.environment:create_environment_scripts_only(terminal_listener)
[9.289s] Level 1:colcon.colcon_core.environment:checking '/home/ethereal/rm_2025/rmul_nav_2025/install/terminal_listener' for CMake module files
[9.289s] DEBUG:colcon.colcon_core.event_handler.log_command:Invoked command in '/home/ethereal/rm_2025/rmul_nav_2025/build/terminal_listener' returned '0': AMENT_PREFIX_PATH=/home/ethereal/rm_2025/rmul_nav_2025/install/navigator_interfaces:${AMENT_PREFIX_PATH} CMAKE_PREFIX_PATH=/home/ethereal/rm_2025/rmul_nav_2025/install/navigator_interfaces:/opt/ros/humble LD_LIBRARY_PATH=/home/ethereal/rm_2025/rmul_nav_2025/install/navigator_interfaces/lib:${LD_LIBRARY_PATH} PS1=\[\e[1;32m\]\u@\h\[\e[0m\]:\[\e[1;34m\]\w\[\e[0m\]\$ PYTHONPATH=/home/ethereal/rm_2025/rmul_nav_2025/install/navigator_interfaces/local/lib/python3.10/dist-packages:${PYTHONPATH} /usr/bin/cmake --install /home/ethereal/rm_2025/rmul_nav_2025/build/terminal_listener
[9.289s] Level 1:colcon.colcon_core.environment:checking '/home/ethereal/rm_2025/rmul_nav_2025/install/terminal_listener' for CMake config files
[9.290s] Level 1:colcon.colcon_core.shell:create_environment_hook('terminal_listener', 'cmake_prefix_path')
[9.290s] INFO:colcon.colcon_core.shell:Creating environment hook '/home/ethereal/rm_2025/rmul_nav_2025/install/terminal_listener/share/terminal_listener/hook/cmake_prefix_path.ps1'
[9.291s] INFO:colcon.colcon_core.shell:Creating environment descriptor '/home/ethereal/rm_2025/rmul_nav_2025/install/terminal_listener/share/terminal_listener/hook/cmake_prefix_path.dsv'
[9.292s] INFO:colcon.colcon_core.shell:Creating environment hook '/home/ethereal/rm_2025/rmul_nav_2025/install/terminal_listener/share/terminal_listener/hook/cmake_prefix_path.sh'
[9.292s] Level 1:colcon.colcon_core.environment:checking '/home/ethereal/rm_2025/rmul_nav_2025/install/terminal_listener/lib'
[9.292s] Level 1:colcon.colcon_core.environment:checking '/home/ethereal/rm_2025/rmul_nav_2025/install/terminal_listener/bin'
[9.292s] Level 1:colcon.colcon_core.environment:checking '/home/ethereal/rm_2025/rmul_nav_2025/install/terminal_listener/lib/pkgconfig/terminal_listener.pc'
[9.293s] Level 1:colcon.colcon_core.environment:checking '/home/ethereal/rm_2025/rmul_nav_2025/install/terminal_listener/lib/python3.10/site-packages'
[9.293s] Level 1:colcon.colcon_core.environment:checking '/home/ethereal/rm_2025/rmul_nav_2025/install/terminal_listener/bin'
[9.293s] INFO:colcon.colcon_core.shell:Creating package script '/home/ethereal/rm_2025/rmul_nav_2025/install/terminal_listener/share/terminal_listener/package.ps1'
[9.294s] INFO:colcon.colcon_core.shell:Creating package descriptor '/home/ethereal/rm_2025/rmul_nav_2025/install/terminal_listener/share/terminal_listener/package.dsv'
[9.294s] INFO:colcon.colcon_core.shell:Creating package script '/home/ethereal/rm_2025/rmul_nav_2025/install/terminal_listener/share/terminal_listener/package.sh'
[9.295s] INFO:colcon.colcon_core.shell:Creating package script '/home/ethereal/rm_2025/rmul_nav_2025/install/terminal_listener/share/terminal_listener/package.bash'
[9.296s] INFO:colcon.colcon_core.shell:Creating package script '/home/ethereal/rm_2025/rmul_nav_2025/install/terminal_listener/share/terminal_listener/package.zsh'
[9.296s] Level 1:colcon.colcon_core.environment:create_file_with_runtime_dependencies(/home/ethereal/rm_2025/rmul_nav_2025/install/terminal_listener/share/colcon-core/packages/terminal_listener)
[9.298s] Level 1:colcon.colcon_core.environment:create_environment_scripts_only(terminal_listener)
[9.298s] Level 1:colcon.colcon_core.environment:checking '/home/ethereal/rm_2025/rmul_nav_2025/install/terminal_listener' for CMake module files
[9.298s] Level 1:colcon.colcon_core.environment:checking '/home/ethereal/rm_2025/rmul_nav_2025/install/terminal_listener' for CMake config files
[9.298s] Level 1:colcon.colcon_core.shell:create_environment_hook('terminal_listener', 'cmake_prefix_path')
[9.298s] INFO:colcon.colcon_core.shell:Creating environment hook '/home/ethereal/rm_2025/rmul_nav_2025/install/terminal_listener/share/terminal_listener/hook/cmake_prefix_path.ps1'
[9.299s] INFO:colcon.colcon_core.shell:Creating environment descriptor '/home/ethereal/rm_2025/rmul_nav_2025/install/terminal_listener/share/terminal_listener/hook/cmake_prefix_path.dsv'
[9.299s] INFO:colcon.colcon_core.shell:Creating environment hook '/home/ethereal/rm_2025/rmul_nav_2025/install/terminal_listener/share/terminal_listener/hook/cmake_prefix_path.sh'
[9.300s] Level 1:colcon.colcon_core.environment:checking '/home/ethereal/rm_2025/rmul_nav_2025/install/terminal_listener/lib'
[9.300s] Level 1:colcon.colcon_core.environment:checking '/home/ethereal/rm_2025/rmul_nav_2025/install/terminal_listener/bin'
[9.300s] Level 1:colcon.colcon_core.environment:checking '/home/ethereal/rm_2025/rmul_nav_2025/install/terminal_listener/lib/pkgconfig/terminal_listener.pc'
[9.300s] Level 1:colcon.colcon_core.environment:checking '/home/ethereal/rm_2025/rmul_nav_2025/install/terminal_listener/lib/python3.10/site-packages'
[9.300s] Level 1:colcon.colcon_core.environment:checking '/home/ethereal/rm_2025/rmul_nav_2025/install/terminal_listener/bin'
[9.301s] INFO:colcon.colcon_core.shell:Creating package script '/home/ethereal/rm_2025/rmul_nav_2025/install/terminal_listener/share/terminal_listener/package.ps1'
[9.301s] INFO:colcon.colcon_core.shell:Creating package descriptor '/home/ethereal/rm_2025/rmul_nav_2025/install/terminal_listener/share/terminal_listener/package.dsv'
[9.301s] INFO:colcon.colcon_core.shell:Creating package script '/home/ethereal/rm_2025/rmul_nav_2025/install/terminal_listener/share/terminal_listener/package.sh'
[9.302s] INFO:colcon.colcon_core.shell:Creating package script '/home/ethereal/rm_2025/rmul_nav_2025/install/terminal_listener/share/terminal_listener/package.bash'
[9.302s] INFO:colcon.colcon_core.shell:Creating package script '/home/ethereal/rm_2025/rmul_nav_2025/install/terminal_listener/share/terminal_listener/package.zsh'
[9.303s] Level 1:colcon.colcon_core.environment:create_file_with_runtime_dependencies(/home/ethereal/rm_2025/rmul_nav_2025/install/terminal_listener/share/colcon-core/packages/terminal_listener)
[11.086s] DEBUG:colcon.colcon_core.event_handler.log_command:Invoked command in '/home/ethereal/rm_2025/rmul_nav_2025/build/pb_rm_interfaces' returned '0': CMAKE_PREFIX_PATH=/opt/ros/humble PS1=\[\e[1;32m\]\u@\h\[\e[0m\]:\[\e[1;34m\]\w\[\e[0m\]\$ /usr/bin/cmake --build /home/ethereal/rm_2025/rmul_nav_2025/build/pb_rm_interfaces -- -j20 -l20
[11.088s] DEBUG:colcon.colcon_core.event_handler.log_command:Invoking command in '/home/ethereal/rm_2025/rmul_nav_2025/build/pb_rm_interfaces': CMAKE_PREFIX_PATH=/opt/ros/humble PS1=\[\e[1;32m\]\u@\h\[\e[0m\]:\[\e[1;34m\]\w\[\e[0m\]\$ /usr/bin/cmake --install /home/ethereal/rm_2025/rmul_nav_2025/build/pb_rm_interfaces
[11.211s] Level 1:colcon.colcon_core.environment:create_environment_scripts_only(pb_rm_interfaces)
[11.211s] Level 1:colcon.colcon_core.environment:checking '/home/ethereal/rm_2025/rmul_nav_2025/install/pb_rm_interfaces' for CMake module files
[11.211s] DEBUG:colcon.colcon_core.event_handler.log_command:Invoked command in '/home/ethereal/rm_2025/rmul_nav_2025/build/pb_rm_interfaces' returned '0': CMAKE_PREFIX_PATH=/opt/ros/humble PS1=\[\e[1;32m\]\u@\h\[\e[0m\]:\[\e[1;34m\]\w\[\e[0m\]\$ /usr/bin/cmake --install /home/ethereal/rm_2025/rmul_nav_2025/build/pb_rm_interfaces
[11.212s] Level 1:colcon.colcon_core.environment:checking '/home/ethereal/rm_2025/rmul_nav_2025/install/pb_rm_interfaces' for CMake config files
[11.212s] Level 1:colcon.colcon_core.shell:create_environment_hook('pb_rm_interfaces', 'cmake_prefix_path')
[11.212s] INFO:colcon.colcon_core.shell:Creating environment hook '/home/ethereal/rm_2025/rmul_nav_2025/install/pb_rm_interfaces/share/pb_rm_interfaces/hook/cmake_prefix_path.ps1'
[11.213s] INFO:colcon.colcon_core.shell:Creating environment descriptor '/home/ethereal/rm_2025/rmul_nav_2025/install/pb_rm_interfaces/share/pb_rm_interfaces/hook/cmake_prefix_path.dsv'
[11.213s] INFO:colcon.colcon_core.shell:Creating environment hook '/home/ethereal/rm_2025/rmul_nav_2025/install/pb_rm_interfaces/share/pb_rm_interfaces/hook/cmake_prefix_path.sh'
[11.214s] Level 1:colcon.colcon_core.environment:checking '/home/ethereal/rm_2025/rmul_nav_2025/install/pb_rm_interfaces/lib'
[11.214s] Level 1:colcon.colcon_core.shell:create_environment_hook('pb_rm_interfaces', 'ld_library_path_lib')
[11.214s] INFO:colcon.colcon_core.shell:Creating environment hook '/home/ethereal/rm_2025/rmul_nav_2025/install/pb_rm_interfaces/share/pb_rm_interfaces/hook/ld_library_path_lib.ps1'
[11.214s] INFO:colcon.colcon_core.shell:Creating environment descriptor '/home/ethereal/rm_2025/rmul_nav_2025/install/pb_rm_interfaces/share/pb_rm_interfaces/hook/ld_library_path_lib.dsv'
[11.215s] INFO:colcon.colcon_core.shell:Creating environment hook '/home/ethereal/rm_2025/rmul_nav_2025/install/pb_rm_interfaces/share/pb_rm_interfaces/hook/ld_library_path_lib.sh'
[11.215s] Level 1:colcon.colcon_core.environment:checking '/home/ethereal/rm_2025/rmul_nav_2025/install/pb_rm_interfaces/bin'
[11.215s] Level 1:colcon.colcon_core.environment:checking '/home/ethereal/rm_2025/rmul_nav_2025/install/pb_rm_interfaces/lib/pkgconfig/pb_rm_interfaces.pc'
[11.215s] Level 1:colcon.colcon_core.environment:checking '/home/ethereal/rm_2025/rmul_nav_2025/install/pb_rm_interfaces/lib/python3.10/site-packages'
[11.215s] Level 1:colcon.colcon_core.environment:checking '/home/ethereal/rm_2025/rmul_nav_2025/install/pb_rm_interfaces/bin'
[11.216s] INFO:colcon.colcon_core.shell:Creating package script '/home/ethereal/rm_2025/rmul_nav_2025/install/pb_rm_interfaces/share/pb_rm_interfaces/package.ps1'
[11.216s] INFO:colcon.colcon_core.shell:Creating package descriptor '/home/ethereal/rm_2025/rmul_nav_2025/install/pb_rm_interfaces/share/pb_rm_interfaces/package.dsv'
[11.216s] INFO:colcon.colcon_core.shell:Creating package script '/home/ethereal/rm_2025/rmul_nav_2025/install/pb_rm_interfaces/share/pb_rm_interfaces/package.sh'
[11.217s] INFO:colcon.colcon_core.shell:Creating package script '/home/ethereal/rm_2025/rmul_nav_2025/install/pb_rm_interfaces/share/pb_rm_interfaces/package.bash'
[11.217s] INFO:colcon.colcon_core.shell:Creating package script '/home/ethereal/rm_2025/rmul_nav_2025/install/pb_rm_interfaces/share/pb_rm_interfaces/package.zsh'
[11.217s] Level 1:colcon.colcon_core.environment:create_file_with_runtime_dependencies(/home/ethereal/rm_2025/rmul_nav_2025/install/pb_rm_interfaces/share/colcon-core/packages/pb_rm_interfaces)
[11.218s] Level 1:colcon.colcon_core.environment:create_environment_scripts_only(pb_rm_interfaces)
[11.218s] Level 1:colcon.colcon_core.environment:checking '/home/ethereal/rm_2025/rmul_nav_2025/install/pb_rm_interfaces' for CMake module files
[11.219s] Level 1:colcon.colcon_core.environment:checking '/home/ethereal/rm_2025/rmul_nav_2025/install/pb_rm_interfaces' for CMake config files
[11.219s] Level 1:colcon.colcon_core.shell:create_environment_hook('pb_rm_interfaces', 'cmake_prefix_path')
[11.219s] INFO:colcon.colcon_core.shell:Creating environment hook '/home/ethereal/rm_2025/rmul_nav_2025/install/pb_rm_interfaces/share/pb_rm_interfaces/hook/cmake_prefix_path.ps1'
[11.220s] INFO:colcon.colcon_core.shell:Creating environment descriptor '/home/ethereal/rm_2025/rmul_nav_2025/install/pb_rm_interfaces/share/pb_rm_interfaces/hook/cmake_prefix_path.dsv'
[11.220s] INFO:colcon.colcon_core.shell:Creating environment hook '/home/ethereal/rm_2025/rmul_nav_2025/install/pb_rm_interfaces/share/pb_rm_interfaces/hook/cmake_prefix_path.sh'
[11.220s] Level 1:colcon.colcon_core.environment:checking '/home/ethereal/rm_2025/rmul_nav_2025/install/pb_rm_interfaces/lib'
[11.220s] Level 1:colcon.colcon_core.shell:create_environment_hook('pb_rm_interfaces', 'ld_library_path_lib')
[11.221s] INFO:colcon.colcon_core.shell:Creating environment hook '/home/ethereal/rm_2025/rmul_nav_2025/install/pb_rm_interfaces/share/pb_rm_interfaces/hook/ld_library_path_lib.ps1'
[11.221s] INFO:colcon.colcon_core.shell:Creating environment descriptor '/home/ethereal/rm_2025/rmul_nav_2025/install/pb_rm_interfaces/share/pb_rm_interfaces/hook/ld_library_path_lib.dsv'
[11.221s] INFO:colcon.colcon_core.shell:Creating environment hook '/home/ethereal/rm_2025/rmul_nav_2025/install/pb_rm_interfaces/share/pb_rm_interfaces/hook/ld_library_path_lib.sh'
[11.221s] Level 1:colcon.colcon_core.environment:checking '/home/ethereal/rm_2025/rmul_nav_2025/install/pb_rm_interfaces/bin'
[11.221s] Level 1:colcon.colcon_core.environment:checking '/home/ethereal/rm_2025/rmul_nav_2025/install/pb_rm_interfaces/lib/pkgconfig/pb_rm_interfaces.pc'
[11.222s] Level 1:colcon.colcon_core.environment:checking '/home/ethereal/rm_2025/rmul_nav_2025/install/pb_rm_interfaces/lib/python3.10/site-packages'
[11.222s] Level 1:colcon.colcon_core.environment:checking '/home/ethereal/rm_2025/rmul_nav_2025/install/pb_rm_interfaces/bin'
[11.222s] INFO:colcon.colcon_core.shell:Creating package script '/home/ethereal/rm_2025/rmul_nav_2025/install/pb_rm_interfaces/share/pb_rm_interfaces/package.ps1'
[11.223s] INFO:colcon.colcon_core.shell:Creating package descriptor '/home/ethereal/rm_2025/rmul_nav_2025/install/pb_rm_interfaces/share/pb_rm_interfaces/package.dsv'
[11.223s] INFO:colcon.colcon_core.shell:Creating package script '/home/ethereal/rm_2025/rmul_nav_2025/install/pb_rm_interfaces/share/pb_rm_interfaces/package.sh'
[11.224s] INFO:colcon.colcon_core.shell:Creating package script '/home/ethereal/rm_2025/rmul_nav_2025/install/pb_rm_interfaces/share/pb_rm_interfaces/package.bash'
[11.224s] INFO:colcon.colcon_core.shell:Creating package script '/home/ethereal/rm_2025/rmul_nav_2025/install/pb_rm_interfaces/share/pb_rm_interfaces/package.zsh'
[11.224s] Level 1:colcon.colcon_core.environment:create_file_with_runtime_dependencies(/home/ethereal/rm_2025/rmul_nav_2025/install/pb_rm_interfaces/share/colcon-core/packages/pb_rm_interfaces)
[11.225s] INFO:colcon.colcon_ros.task.ament_cmake.build:Building ROS package in '/home/ethereal/rm_2025/rmul_nav_2025/src/Decision/rmul_decision' with build type 'ament_cmake'
[11.225s] INFO:colcon.colcon_cmake.task.cmake.build:Building CMake package in '/home/ethereal/rm_2025/rmul_nav_2025/src/Decision/rmul_decision'
[11.226s] INFO:colcon.colcon_core.shell:Skip shell extension 'powershell' for command environment: Not usable outside of PowerShell
[11.226s] DEBUG:colcon.colcon_core.shell:Skip shell extension 'dsv' for command environment
[11.239s] DEBUG:colcon.colcon_core.event_handler.log_command:Invoking command in '/home/ethereal/rm_2025/rmul_nav_2025/build/rmul_decision': AMENT_PREFIX_PATH=/home/ethereal/rm_2025/rmul_nav_2025/install/pb_rm_interfaces:/home/ethereal/rm_2025/rmul_nav_2025/install/navigator_interfaces:${AMENT_PREFIX_PATH} CMAKE_PREFIX_PATH=/home/ethereal/rm_2025/rmul_nav_2025/install/pb_rm_interfaces:/home/ethereal/rm_2025/rmul_nav_2025/install/navigator_interfaces:/opt/ros/humble LD_LIBRARY_PATH=/home/ethereal/rm_2025/rmul_nav_2025/install/pb_rm_interfaces/lib:/home/ethereal/rm_2025/rmul_nav_2025/install/navigator_interfaces/lib:${LD_LIBRARY_PATH} PS1=\[\e[1;32m\]\u@\h\[\e[0m\]:\[\e[1;34m\]\w\[\e[0m\]\$ PYTHONPATH=/home/ethereal/rm_2025/rmul_nav_2025/install/pb_rm_interfaces/local/lib/python3.10/dist-packages:/home/ethereal/rm_2025/rmul_nav_2025/install/navigator_interfaces/local/lib/python3.10/dist-packages:${PYTHONPATH} /usr/bin/cmake /home/ethereal/rm_2025/rmul_nav_2025/src/Decision/rmul_decision -DCMAKE_INSTALL_PREFIX=/home/ethereal/rm_2025/rmul_nav_2025/install/rmul_decision
[12.291s] DEBUG:colcon.colcon_core.event_handler.log_command:Invoked command in '/home/ethereal/rm_2025/rmul_nav_2025/build/rmul_decision' returned '1': AMENT_PREFIX_PATH=/home/ethereal/rm_2025/rmul_nav_2025/install/pb_rm_interfaces:/home/ethereal/rm_2025/rmul_nav_2025/install/navigator_interfaces:${AMENT_PREFIX_PATH} CMAKE_PREFIX_PATH=/home/ethereal/rm_2025/rmul_nav_2025/install/pb_rm_interfaces:/home/ethereal/rm_2025/rmul_nav_2025/install/navigator_interfaces:/opt/ros/humble LD_LIBRARY_PATH=/home/ethereal/rm_2025/rmul_nav_2025/install/pb_rm_interfaces/lib:/home/ethereal/rm_2025/rmul_nav_2025/install/navigator_interfaces/lib:${LD_LIBRARY_PATH} PS1=\[\e[1;32m\]\u@\h\[\e[0m\]:\[\e[1;34m\]\w\[\e[0m\]\$ PYTHONPATH=/home/ethereal/rm_2025/rmul_nav_2025/install/pb_rm_interfaces/local/lib/python3.10/dist-packages:/home/ethereal/rm_2025/rmul_nav_2025/install/navigator_interfaces/local/lib/python3.10/dist-packages:${PYTHONPATH} /usr/bin/cmake /home/ethereal/rm_2025/rmul_nav_2025/src/Decision/rmul_decision -DCMAKE_INSTALL_PREFIX=/home/ethereal/rm_2025/rmul_nav_2025/install/rmul_decision
[12.298s] Level 1:colcon.colcon_core.environment:create_environment_scripts_only(rmul_decision)
[12.298s] Level 1:colcon.colcon_core.environment:checking '/home/ethereal/rm_2025/rmul_nav_2025/install/rmul_decision' for CMake module files
[12.298s] Level 1:colcon.colcon_core.environment:checking '/home/ethereal/rm_2025/rmul_nav_2025/install/rmul_decision' for CMake config files
[12.298s] Level 1:colcon.colcon_core.environment:checking '/home/ethereal/rm_2025/rmul_nav_2025/install/rmul_decision/bin'
[12.298s] Level 1:colcon.colcon_core.environment:checking '/home/ethereal/rm_2025/rmul_nav_2025/install/rmul_decision/lib/pkgconfig/rmul_decision.pc'
[12.299s] Level 1:colcon.colcon_core.environment:checking '/home/ethereal/rm_2025/rmul_nav_2025/install/rmul_decision/lib/python3.10/site-packages'
[12.299s] Level 1:colcon.colcon_core.environment:checking '/home/ethereal/rm_2025/rmul_nav_2025/install/rmul_decision/bin'
[12.299s] INFO:colcon.colcon_core.shell:Creating package script '/home/ethereal/rm_2025/rmul_nav_2025/install/rmul_decision/share/rmul_decision/package.ps1'
[12.301s] INFO:colcon.colcon_core.shell:Creating package descriptor '/home/ethereal/rm_2025/rmul_nav_2025/install/rmul_decision/share/rmul_decision/package.dsv'
[12.301s] INFO:colcon.colcon_core.shell:Creating package script '/home/ethereal/rm_2025/rmul_nav_2025/install/rmul_decision/share/rmul_decision/package.sh'
[12.301s] INFO:colcon.colcon_core.shell:Creating package script '/home/ethereal/rm_2025/rmul_nav_2025/install/rmul_decision/share/rmul_decision/package.bash'
[12.301s] INFO:colcon.colcon_core.shell:Creating package script '/home/ethereal/rm_2025/rmul_nav_2025/install/rmul_decision/share/rmul_decision/package.zsh'
[12.302s] Level 1:colcon.colcon_core.environment:create_file_with_runtime_dependencies(/home/ethereal/rm_2025/rmul_nav_2025/install/rmul_decision/share/colcon-core/packages/rmul_decision)
[18.945s] DEBUG:colcon.colcon_parallel_executor.executor.parallel:closing loop
[18.945s] DEBUG:colcon.colcon_parallel_executor.executor.parallel:loop closed
[18.945s] DEBUG:colcon.colcon_parallel_executor.executor.parallel:run_until_complete finished with '1'
[18.945s] DEBUG:colcon.colcon_core.event_reactor:joining thread
[18.958s] INFO:colcon.colcon_core.plugin_system:Skipping extension 'colcon_notification.desktop_notification.notify_send': Could not find 'notify-send'
[18.959s] INFO:colcon.colcon_core.plugin_system:Skipping extension 'colcon_notification.desktop_notification.terminal_notifier': Not used on non-Darwin systems
[18.959s] INFO:colcon.colcon_core.plugin_system:Skipping extension 'colcon_notification.desktop_notification.win32': Not used on non-Windows systems
[18.959s] INFO:colcon.colcon_notification.desktop_notification:Sending desktop notification using 'notify2'
[18.959s] DEBUG:colcon.colcon_notification.desktop_notification.notify2:Failed to initialize notify2: org.freedesktop.DBus.Error.NotSupported: Unable to autolaunch a dbus-daemon without a $DISPLAY for X11
[18.959s] DEBUG:colcon.colcon_core.event_reactor:joined thread
[18.959s] INFO:colcon.colcon_core.shell:Creating prefix script '/home/ethereal/rm_2025/rmul_nav_2025/install/local_setup.ps1'
[18.960s] INFO:colcon.colcon_core.shell:Creating prefix util module '/home/ethereal/rm_2025/rmul_nav_2025/install/_local_setup_util_ps1.py'
[18.962s] INFO:colcon.colcon_core.shell:Creating prefix chain script '/home/ethereal/rm_2025/rmul_nav_2025/install/setup.ps1'
[18.963s] INFO:colcon.colcon_core.shell:Creating prefix script '/home/ethereal/rm_2025/rmul_nav_2025/install/local_setup.sh'
[18.963s] INFO:colcon.colcon_core.shell:Creating prefix util module '/home/ethereal/rm_2025/rmul_nav_2025/install/_local_setup_util_sh.py'
[18.964s] INFO:colcon.colcon_core.shell:Creating prefix chain script '/home/ethereal/rm_2025/rmul_nav_2025/install/setup.sh'
[18.965s] INFO:colcon.colcon_core.shell:Creating prefix script '/home/ethereal/rm_2025/rmul_nav_2025/install/local_setup.bash'
[18.965s] INFO:colcon.colcon_core.shell:Creating prefix chain script '/home/ethereal/rm_2025/rmul_nav_2025/install/setup.bash'
[18.966s] INFO:colcon.colcon_core.shell:Creating prefix script '/home/ethereal/rm_2025/rmul_nav_2025/install/local_setup.zsh'
[18.967s] INFO:colcon.colcon_core.shell:Creating prefix chain script '/home/ethereal/rm_2025/rmul_nav_2025/install/setup.zsh'
