[0.074s] DEBUG:colcon:Command line arguments: ['/usr/bin/colcon', 'build']
[0.074s] DEBUG:colcon:Parsed command line arguments: Namespace(log_base=None, log_level=None, verb_name='build', build_base='build', install_base='install', merge_install=False, symlink_install=False, test_result_base=None, continue_on_error=False, executor='parallel', parallel_workers=20, event_handlers=None, ignore_user_meta=False, metas=['./colcon.meta'], base_paths=['.'], packages_ignore=None, packages_ignore_regex=None, paths=None, packages_up_to=None, packages_up_to_regex=None, packages_above=None, packages_above_and_dependencies=None, packages_above_depth=None, packages_select_by_dep=None, packages_skip_by_dep=None, packages_skip_up_to=None, packages_select_build_failed=False, packages_skip_build_finished=False, packages_select_test_failures=False, packages_skip_test_passed=False, packages_select=None, packages_skip=None, packages_select_regex=None, packages_skip_regex=None, packages_start=None, packages_end=None, allow_overriding=[], cmake_args=None, cmake_target=None, cmake_target_skip_unavailable=False, cmake_clean_cache=False, cmake_clean_first=False, cmake_force_configure=False, ament_cmake_args=None, catkin_cmake_args=None, catkin_skip_building_tests=False, mixin_files=None, mixin=None, verb_parser=<colcon_mixin.mixin.mixin_argument.MixinArgumentDecorator object at 0x7f1030c39de0>, verb_extension=<colcon_core.verb.build.BuildVerb object at 0x7f1030c39420>, main=<bound method BuildVerb.main of <colcon_core.verb.build.BuildVerb object at 0x7f1030c39420>>, mixin_verb=('build',))
[0.184s] Level 1:colcon.colcon_core.package_discovery:discover_packages(colcon_meta) check parameters
[0.184s] Level 1:colcon.colcon_core.package_discovery:discover_packages(recursive) check parameters
[0.184s] Level 1:colcon.colcon_core.package_discovery:discover_packages(ignore) check parameters
[0.184s] Level 1:colcon.colcon_core.package_discovery:discover_packages(path) check parameters
[0.184s] Level 1:colcon.colcon_core.package_discovery:discover_packages(colcon_meta) discover
[0.184s] Level 1:colcon.colcon_core.package_discovery:discover_packages(recursive) discover
[0.184s] INFO:colcon.colcon_core.package_discovery:Crawling recursively for packages in '/home/ethereal/rm_2025/rmul_nav_2025'
[0.184s] Level 1:colcon.colcon_core.package_identification:_identify(.) by extensions ['ignore', 'ignore_ament_install']
[0.184s] Level 1:colcon.colcon_core.package_identification:_identify(.) by extension 'ignore'
[0.184s] Level 1:colcon.colcon_core.package_identification:_identify(.) by extension 'ignore_ament_install'
[0.185s] Level 1:colcon.colcon_core.package_identification:_identify(.) by extensions ['colcon_pkg']
[0.185s] Level 1:colcon.colcon_core.package_identification:_identify(.) by extension 'colcon_pkg'
[0.185s] Level 1:colcon.colcon_core.package_identification:_identify(.) by extensions ['colcon_meta']
[0.185s] Level 1:colcon.colcon_core.package_identification:_identify(.) by extension 'colcon_meta'
[0.185s] Level 1:colcon.colcon_core.package_identification:_identify(.) by extensions ['ros']
[0.185s] Level 1:colcon.colcon_core.package_identification:_identify(.) by extension 'ros'
[0.193s] Level 1:colcon.colcon_core.package_identification:_identify(.) by extensions ['cmake', 'python']
[0.193s] Level 1:colcon.colcon_core.package_identification:_identify(.) by extension 'cmake'
[0.193s] Level 1:colcon.colcon_core.package_identification:_identify(.) by extension 'python'
[0.193s] Level 1:colcon.colcon_core.package_identification:_identify(.) by extensions ['python_setup_py']
[0.194s] Level 1:colcon.colcon_core.package_identification:_identify(.) by extension 'python_setup_py'
[0.194s] Level 1:colcon.colcon_core.package_identification:_identify(build) by extensions ['ignore', 'ignore_ament_install']
[0.194s] Level 1:colcon.colcon_core.package_identification:_identify(build) by extension 'ignore'
[0.194s] Level 1:colcon.colcon_core.package_identification:_identify(build) ignored
[0.194s] Level 1:colcon.colcon_core.package_identification:_identify(install) by extensions ['ignore', 'ignore_ament_install']
[0.194s] Level 1:colcon.colcon_core.package_identification:_identify(install) by extension 'ignore'
[0.194s] Level 1:colcon.colcon_core.package_identification:_identify(install) ignored
[0.194s] Level 1:colcon.colcon_core.package_identification:_identify(log) by extensions ['ignore', 'ignore_ament_install']
[0.194s] Level 1:colcon.colcon_core.package_identification:_identify(log) by extension 'ignore'
[0.194s] Level 1:colcon.colcon_core.package_identification:_identify(log) ignored
[0.194s] Level 1:colcon.colcon_core.package_identification:_identify(src) by extensions ['ignore', 'ignore_ament_install']
[0.194s] Level 1:colcon.colcon_core.package_identification:_identify(src) by extension 'ignore'
[0.194s] Level 1:colcon.colcon_core.package_identification:_identify(src) by extension 'ignore_ament_install'
[0.194s] Level 1:colcon.colcon_core.package_identification:_identify(src) by extensions ['colcon_pkg']
[0.194s] Level 1:colcon.colcon_core.package_identification:_identify(src) by extension 'colcon_pkg'
[0.194s] Level 1:colcon.colcon_core.package_identification:_identify(src) by extensions ['colcon_meta']
[0.194s] Level 1:colcon.colcon_core.package_identification:_identify(src) by extension 'colcon_meta'
[0.195s] Level 1:colcon.colcon_core.package_identification:_identify(src) by extensions ['ros']
[0.195s] Level 1:colcon.colcon_core.package_identification:_identify(src) by extension 'ros'
[0.195s] Level 1:colcon.colcon_core.package_identification:_identify(src) by extensions ['cmake', 'python']
[0.195s] Level 1:colcon.colcon_core.package_identification:_identify(src) by extension 'cmake'
[0.195s] Level 1:colcon.colcon_core.package_identification:_identify(src) by extension 'python'
[0.195s] Level 1:colcon.colcon_core.package_identification:_identify(src) by extensions ['python_setup_py']
[0.195s] Level 1:colcon.colcon_core.package_identification:_identify(src) by extension 'python_setup_py'
[0.195s] Level 1:colcon.colcon_core.package_identification:_identify(src/Action) by extensions ['ignore', 'ignore_ament_install']
[0.195s] Level 1:colcon.colcon_core.package_identification:_identify(src/Action) by extension 'ignore'
[0.195s] Level 1:colcon.colcon_core.package_identification:_identify(src/Action) by extension 'ignore_ament_install'
[0.195s] Level 1:colcon.colcon_core.package_identification:_identify(src/Action) by extensions ['colcon_pkg']
[0.195s] Level 1:colcon.colcon_core.package_identification:_identify(src/Action) by extension 'colcon_pkg'
[0.195s] Level 1:colcon.colcon_core.package_identification:_identify(src/Action) by extensions ['colcon_meta']
[0.195s] Level 1:colcon.colcon_core.package_identification:_identify(src/Action) by extension 'colcon_meta'
[0.195s] Level 1:colcon.colcon_core.package_identification:_identify(src/Action) by extensions ['ros']
[0.195s] Level 1:colcon.colcon_core.package_identification:_identify(src/Action) by extension 'ros'
[0.195s] Level 1:colcon.colcon_core.package_identification:_identify(src/Action) by extensions ['cmake', 'python']
[0.195s] Level 1:colcon.colcon_core.package_identification:_identify(src/Action) by extension 'cmake'
[0.195s] Level 1:colcon.colcon_core.package_identification:_identify(src/Action) by extension 'python'
[0.195s] Level 1:colcon.colcon_core.package_identification:_identify(src/Action) by extensions ['python_setup_py']
[0.195s] Level 1:colcon.colcon_core.package_identification:_identify(src/Action) by extension 'python_setup_py'
[0.196s] Level 1:colcon.colcon_core.package_identification:_identify(src/Action/navigator) by extensions ['ignore', 'ignore_ament_install']
[0.196s] Level 1:colcon.colcon_core.package_identification:_identify(src/Action/navigator) by extension 'ignore'
[0.196s] Level 1:colcon.colcon_core.package_identification:_identify(src/Action/navigator) by extension 'ignore_ament_install'
[0.196s] Level 1:colcon.colcon_core.package_identification:_identify(src/Action/navigator) by extensions ['colcon_pkg']
[0.196s] Level 1:colcon.colcon_core.package_identification:_identify(src/Action/navigator) by extension 'colcon_pkg'
[0.196s] Level 1:colcon.colcon_core.package_identification:_identify(src/Action/navigator) by extensions ['colcon_meta']
[0.196s] Level 1:colcon.colcon_core.package_identification:_identify(src/Action/navigator) by extension 'colcon_meta'
[0.196s] Level 1:colcon.colcon_core.package_identification:_identify(src/Action/navigator) by extensions ['ros']
[0.196s] Level 1:colcon.colcon_core.package_identification:_identify(src/Action/navigator) by extension 'ros'
[0.199s] DEBUG:colcon.colcon_core.package_identification:Package 'src/Action/navigator' with type 'ros.ament_cmake' and name 'navigator'
[0.199s] Level 1:colcon.colcon_core.package_identification:_identify(src/Action/navigator_interfaces) by extensions ['ignore', 'ignore_ament_install']
[0.199s] Level 1:colcon.colcon_core.package_identification:_identify(src/Action/navigator_interfaces) by extension 'ignore'
[0.199s] Level 1:colcon.colcon_core.package_identification:_identify(src/Action/navigator_interfaces) by extension 'ignore_ament_install'
[0.199s] Level 1:colcon.colcon_core.package_identification:_identify(src/Action/navigator_interfaces) by extensions ['colcon_pkg']
[0.199s] Level 1:colcon.colcon_core.package_identification:_identify(src/Action/navigator_interfaces) by extension 'colcon_pkg'
[0.199s] Level 1:colcon.colcon_core.package_identification:_identify(src/Action/navigator_interfaces) by extensions ['colcon_meta']
[0.199s] Level 1:colcon.colcon_core.package_identification:_identify(src/Action/navigator_interfaces) by extension 'colcon_meta'
[0.199s] Level 1:colcon.colcon_core.package_identification:_identify(src/Action/navigator_interfaces) by extensions ['ros']
[0.199s] Level 1:colcon.colcon_core.package_identification:_identify(src/Action/navigator_interfaces) by extension 'ros'
[0.200s] DEBUG:colcon.colcon_core.package_identification:Package 'src/Action/navigator_interfaces' with type 'ros.ament_cmake' and name 'navigator_interfaces'
[0.200s] Level 1:colcon.colcon_core.package_identification:_identify(src/Decision) by extensions ['ignore', 'ignore_ament_install']
[0.200s] Level 1:colcon.colcon_core.package_identification:_identify(src/Decision) by extension 'ignore'
[0.200s] Level 1:colcon.colcon_core.package_identification:_identify(src/Decision) by extension 'ignore_ament_install'
[0.200s] Level 1:colcon.colcon_core.package_identification:_identify(src/Decision) by extensions ['colcon_pkg']
[0.200s] Level 1:colcon.colcon_core.package_identification:_identify(src/Decision) by extension 'colcon_pkg'
[0.200s] Level 1:colcon.colcon_core.package_identification:_identify(src/Decision) by extensions ['colcon_meta']
[0.200s] Level 1:colcon.colcon_core.package_identification:_identify(src/Decision) by extension 'colcon_meta'
[0.200s] Level 1:colcon.colcon_core.package_identification:_identify(src/Decision) by extensions ['ros']
[0.200s] Level 1:colcon.colcon_core.package_identification:_identify(src/Decision) by extension 'ros'
[0.200s] Level 1:colcon.colcon_core.package_identification:_identify(src/Decision) by extensions ['cmake', 'python']
[0.200s] Level 1:colcon.colcon_core.package_identification:_identify(src/Decision) by extension 'cmake'
[0.200s] Level 1:colcon.colcon_core.package_identification:_identify(src/Decision) by extension 'python'
[0.200s] Level 1:colcon.colcon_core.package_identification:_identify(src/Decision) by extensions ['python_setup_py']
[0.200s] Level 1:colcon.colcon_core.package_identification:_identify(src/Decision) by extension 'python_setup_py'
[0.200s] Level 1:colcon.colcon_core.package_identification:_identify(src/Decision/pb_rm_interfaces) by extensions ['ignore', 'ignore_ament_install']
[0.201s] Level 1:colcon.colcon_core.package_identification:_identify(src/Decision/pb_rm_interfaces) by extension 'ignore'
[0.201s] Level 1:colcon.colcon_core.package_identification:_identify(src/Decision/pb_rm_interfaces) by extension 'ignore_ament_install'
[0.201s] Level 1:colcon.colcon_core.package_identification:_identify(src/Decision/pb_rm_interfaces) by extensions ['colcon_pkg']
[0.201s] Level 1:colcon.colcon_core.package_identification:_identify(src/Decision/pb_rm_interfaces) by extension 'colcon_pkg'
[0.201s] Level 1:colcon.colcon_core.package_identification:_identify(src/Decision/pb_rm_interfaces) by extensions ['colcon_meta']
[0.201s] Level 1:colcon.colcon_core.package_identification:_identify(src/Decision/pb_rm_interfaces) by extension 'colcon_meta'
[0.201s] Level 1:colcon.colcon_core.package_identification:_identify(src/Decision/pb_rm_interfaces) by extensions ['ros']
[0.201s] Level 1:colcon.colcon_core.package_identification:_identify(src/Decision/pb_rm_interfaces) by extension 'ros'
[0.201s] DEBUG:colcon.colcon_core.package_identification:Package 'src/Decision/pb_rm_interfaces' with type 'ros.ament_cmake' and name 'pb_rm_interfaces'
[0.201s] Level 1:colcon.colcon_core.package_identification:_identify(src/Decision/rmul_decision) by extensions ['ignore', 'ignore_ament_install']
[0.201s] Level 1:colcon.colcon_core.package_identification:_identify(src/Decision/rmul_decision) by extension 'ignore'
[0.201s] Level 1:colcon.colcon_core.package_identification:_identify(src/Decision/rmul_decision) by extension 'ignore_ament_install'
[0.201s] Level 1:colcon.colcon_core.package_identification:_identify(src/Decision/rmul_decision) by extensions ['colcon_pkg']
[0.201s] Level 1:colcon.colcon_core.package_identification:_identify(src/Decision/rmul_decision) by extension 'colcon_pkg'
[0.202s] Level 1:colcon.colcon_core.package_identification:_identify(src/Decision/rmul_decision) by extensions ['colcon_meta']
[0.202s] Level 1:colcon.colcon_core.package_identification:_identify(src/Decision/rmul_decision) by extension 'colcon_meta'
[0.202s] Level 1:colcon.colcon_core.package_identification:_identify(src/Decision/rmul_decision) by extensions ['ros']
[0.202s] Level 1:colcon.colcon_core.package_identification:_identify(src/Decision/rmul_decision) by extension 'ros'
[0.202s] DEBUG:colcon.colcon_core.package_identification:Package 'src/Decision/rmul_decision' with type 'ros.ament_cmake' and name 'rmul_decision'
[0.202s] Level 1:colcon.colcon_core.package_identification:_identify(src/Tool) by extensions ['ignore', 'ignore_ament_install']
[0.202s] Level 1:colcon.colcon_core.package_identification:_identify(src/Tool) by extension 'ignore'
[0.202s] Level 1:colcon.colcon_core.package_identification:_identify(src/Tool) by extension 'ignore_ament_install'
[0.202s] Level 1:colcon.colcon_core.package_identification:_identify(src/Tool) by extensions ['colcon_pkg']
[0.202s] Level 1:colcon.colcon_core.package_identification:_identify(src/Tool) by extension 'colcon_pkg'
[0.203s] Level 1:colcon.colcon_core.package_identification:_identify(src/Tool) by extensions ['colcon_meta']
[0.203s] Level 1:colcon.colcon_core.package_identification:_identify(src/Tool) by extension 'colcon_meta'
[0.203s] Level 1:colcon.colcon_core.package_identification:_identify(src/Tool) by extensions ['ros']
[0.203s] Level 1:colcon.colcon_core.package_identification:_identify(src/Tool) by extension 'ros'
[0.203s] Level 1:colcon.colcon_core.package_identification:_identify(src/Tool) by extensions ['cmake', 'python']
[0.203s] Level 1:colcon.colcon_core.package_identification:_identify(src/Tool) by extension 'cmake'
[0.203s] Level 1:colcon.colcon_core.package_identification:_identify(src/Tool) by extension 'python'
[0.203s] Level 1:colcon.colcon_core.package_identification:_identify(src/Tool) by extensions ['python_setup_py']
[0.203s] Level 1:colcon.colcon_core.package_identification:_identify(src/Tool) by extension 'python_setup_py'
[0.203s] Level 1:colcon.colcon_core.package_identification:_identify(src/Tool/terminal_listener) by extensions ['ignore', 'ignore_ament_install']
[0.203s] Level 1:colcon.colcon_core.package_identification:_identify(src/Tool/terminal_listener) by extension 'ignore'
[0.203s] Level 1:colcon.colcon_core.package_identification:_identify(src/Tool/terminal_listener) by extension 'ignore_ament_install'
[0.203s] Level 1:colcon.colcon_core.package_identification:_identify(src/Tool/terminal_listener) by extensions ['colcon_pkg']
[0.203s] Level 1:colcon.colcon_core.package_identification:_identify(src/Tool/terminal_listener) by extension 'colcon_pkg'
[0.203s] Level 1:colcon.colcon_core.package_identification:_identify(src/Tool/terminal_listener) by extensions ['colcon_meta']
[0.203s] Level 1:colcon.colcon_core.package_identification:_identify(src/Tool/terminal_listener) by extension 'colcon_meta'
[0.203s] Level 1:colcon.colcon_core.package_identification:_identify(src/Tool/terminal_listener) by extensions ['ros']
[0.203s] Level 1:colcon.colcon_core.package_identification:_identify(src/Tool/terminal_listener) by extension 'ros'
[0.204s] DEBUG:colcon.colcon_core.package_identification:Package 'src/Tool/terminal_listener' with type 'ros.ament_cmake' and name 'terminal_listener'
[0.204s] Level 1:colcon.colcon_core.package_discovery:discover_packages(recursive) using defaults
[0.204s] Level 1:colcon.colcon_core.package_discovery:discover_packages(ignore) discover
[0.204s] Level 1:colcon.colcon_core.package_discovery:discover_packages(ignore) using defaults
[0.204s] Level 1:colcon.colcon_core.package_discovery:discover_packages(path) discover
[0.204s] Level 1:colcon.colcon_core.package_discovery:discover_packages(path) using defaults
[0.226s] Level 1:colcon.colcon_core.package_discovery:discover_packages(prefix_path) check parameters
[0.226s] Level 1:colcon.colcon_core.package_discovery:discover_packages(prefix_path) discover
[0.228s] DEBUG:colcon.colcon_installed_package_information.package_discovery:Found 292 installed packages in /opt/ros/humble
[0.229s] Level 1:colcon.colcon_core.package_discovery:discover_packages(prefix_path) using defaults
[0.259s] Level 5:colcon.colcon_core.verb:set package 'navigator_interfaces' build argument 'cmake_args' from command line to 'None'
[0.259s] Level 5:colcon.colcon_core.verb:set package 'navigator_interfaces' build argument 'cmake_target' from command line to 'None'
[0.259s] Level 5:colcon.colcon_core.verb:set package 'navigator_interfaces' build argument 'cmake_target_skip_unavailable' from command line to 'False'
[0.259s] Level 5:colcon.colcon_core.verb:set package 'navigator_interfaces' build argument 'cmake_clean_cache' from command line to 'False'
[0.259s] Level 5:colcon.colcon_core.verb:set package 'navigator_interfaces' build argument 'cmake_clean_first' from command line to 'False'
[0.259s] Level 5:colcon.colcon_core.verb:set package 'navigator_interfaces' build argument 'cmake_force_configure' from command line to 'False'
[0.259s] Level 5:colcon.colcon_core.verb:set package 'navigator_interfaces' build argument 'ament_cmake_args' from command line to 'None'
[0.259s] Level 5:colcon.colcon_core.verb:set package 'navigator_interfaces' build argument 'catkin_cmake_args' from command line to 'None'
[0.259s] Level 5:colcon.colcon_core.verb:set package 'navigator_interfaces' build argument 'catkin_skip_building_tests' from command line to 'False'
[0.259s] DEBUG:colcon.colcon_core.verb:Building package 'navigator_interfaces' with the following arguments: {'ament_cmake_args': None, 'build_base': '/home/ethereal/rm_2025/rmul_nav_2025/build/navigator_interfaces', 'catkin_cmake_args': None, 'catkin_skip_building_tests': False, 'cmake_args': None, 'cmake_clean_cache': False, 'cmake_clean_first': False, 'cmake_force_configure': False, 'cmake_target': None, 'cmake_target_skip_unavailable': False, 'install_base': '/home/ethereal/rm_2025/rmul_nav_2025/install/navigator_interfaces', 'merge_install': False, 'path': '/home/ethereal/rm_2025/rmul_nav_2025/src/Action/navigator_interfaces', 'symlink_install': False, 'test_result_base': None}
[0.259s] Level 5:colcon.colcon_core.verb:set package 'pb_rm_interfaces' build argument 'cmake_args' from command line to 'None'
[0.259s] Level 5:colcon.colcon_core.verb:set package 'pb_rm_interfaces' build argument 'cmake_target' from command line to 'None'
[0.259s] Level 5:colcon.colcon_core.verb:set package 'pb_rm_interfaces' build argument 'cmake_target_skip_unavailable' from command line to 'False'
[0.259s] Level 5:colcon.colcon_core.verb:set package 'pb_rm_interfaces' build argument 'cmake_clean_cache' from command line to 'False'
[0.259s] Level 5:colcon.colcon_core.verb:set package 'pb_rm_interfaces' build argument 'cmake_clean_first' from command line to 'False'
[0.259s] Level 5:colcon.colcon_core.verb:set package 'pb_rm_interfaces' build argument 'cmake_force_configure' from command line to 'False'
[0.259s] Level 5:colcon.colcon_core.verb:set package 'pb_rm_interfaces' build argument 'ament_cmake_args' from command line to 'None'
[0.259s] Level 5:colcon.colcon_core.verb:set package 'pb_rm_interfaces' build argument 'catkin_cmake_args' from command line to 'None'
[0.259s] Level 5:colcon.colcon_core.verb:set package 'pb_rm_interfaces' build argument 'catkin_skip_building_tests' from command line to 'False'
[0.259s] DEBUG:colcon.colcon_core.verb:Building package 'pb_rm_interfaces' with the following arguments: {'ament_cmake_args': None, 'build_base': '/home/ethereal/rm_2025/rmul_nav_2025/build/pb_rm_interfaces', 'catkin_cmake_args': None, 'catkin_skip_building_tests': False, 'cmake_args': None, 'cmake_clean_cache': False, 'cmake_clean_first': False, 'cmake_force_configure': False, 'cmake_target': None, 'cmake_target_skip_unavailable': False, 'install_base': '/home/ethereal/rm_2025/rmul_nav_2025/install/pb_rm_interfaces', 'merge_install': False, 'path': '/home/ethereal/rm_2025/rmul_nav_2025/src/Decision/pb_rm_interfaces', 'symlink_install': False, 'test_result_base': None}
[0.260s] Level 5:colcon.colcon_core.verb:set package 'navigator' build argument 'cmake_args' from command line to 'None'
[0.260s] Level 5:colcon.colcon_core.verb:set package 'navigator' build argument 'cmake_target' from command line to 'None'
[0.260s] Level 5:colcon.colcon_core.verb:set package 'navigator' build argument 'cmake_target_skip_unavailable' from command line to 'False'
[0.260s] Level 5:colcon.colcon_core.verb:set package 'navigator' build argument 'cmake_clean_cache' from command line to 'False'
[0.260s] Level 5:colcon.colcon_core.verb:set package 'navigator' build argument 'cmake_clean_first' from command line to 'False'
[0.260s] Level 5:colcon.colcon_core.verb:set package 'navigator' build argument 'cmake_force_configure' from command line to 'False'
[0.260s] Level 5:colcon.colcon_core.verb:set package 'navigator' build argument 'ament_cmake_args' from command line to 'None'
[0.260s] Level 5:colcon.colcon_core.verb:set package 'navigator' build argument 'catkin_cmake_args' from command line to 'None'
[0.260s] Level 5:colcon.colcon_core.verb:set package 'navigator' build argument 'catkin_skip_building_tests' from command line to 'False'
[0.260s] DEBUG:colcon.colcon_core.verb:Building package 'navigator' with the following arguments: {'ament_cmake_args': None, 'build_base': '/home/ethereal/rm_2025/rmul_nav_2025/build/navigator', 'catkin_cmake_args': None, 'catkin_skip_building_tests': False, 'cmake_args': None, 'cmake_clean_cache': False, 'cmake_clean_first': False, 'cmake_force_configure': False, 'cmake_target': None, 'cmake_target_skip_unavailable': False, 'install_base': '/home/ethereal/rm_2025/rmul_nav_2025/install/navigator', 'merge_install': False, 'path': '/home/ethereal/rm_2025/rmul_nav_2025/src/Action/navigator', 'symlink_install': False, 'test_result_base': None}
[0.260s] Level 5:colcon.colcon_core.verb:set package 'rmul_decision' build argument 'cmake_args' from command line to 'None'
[0.260s] Level 5:colcon.colcon_core.verb:set package 'rmul_decision' build argument 'cmake_target' from command line to 'None'
[0.260s] Level 5:colcon.colcon_core.verb:set package 'rmul_decision' build argument 'cmake_target_skip_unavailable' from command line to 'False'
[0.260s] Level 5:colcon.colcon_core.verb:set package 'rmul_decision' build argument 'cmake_clean_cache' from command line to 'False'
[0.260s] Level 5:colcon.colcon_core.verb:set package 'rmul_decision' build argument 'cmake_clean_first' from command line to 'False'
[0.260s] Level 5:colcon.colcon_core.verb:set package 'rmul_decision' build argument 'cmake_force_configure' from command line to 'False'
[0.260s] Level 5:colcon.colcon_core.verb:set package 'rmul_decision' build argument 'ament_cmake_args' from command line to 'None'
[0.260s] Level 5:colcon.colcon_core.verb:set package 'rmul_decision' build argument 'catkin_cmake_args' from command line to 'None'
[0.260s] Level 5:colcon.colcon_core.verb:set package 'rmul_decision' build argument 'catkin_skip_building_tests' from command line to 'False'
[0.260s] DEBUG:colcon.colcon_core.verb:Building package 'rmul_decision' with the following arguments: {'ament_cmake_args': None, 'build_base': '/home/ethereal/rm_2025/rmul_nav_2025/build/rmul_decision', 'catkin_cmake_args': None, 'catkin_skip_building_tests': False, 'cmake_args': None, 'cmake_clean_cache': False, 'cmake_clean_first': False, 'cmake_force_configure': False, 'cmake_target': None, 'cmake_target_skip_unavailable': False, 'install_base': '/home/ethereal/rm_2025/rmul_nav_2025/install/rmul_decision', 'merge_install': False, 'path': '/home/ethereal/rm_2025/rmul_nav_2025/src/Decision/rmul_decision', 'symlink_install': False, 'test_result_base': None}
[0.261s] Level 5:colcon.colcon_core.verb:set package 'terminal_listener' build argument 'cmake_args' from command line to 'None'
[0.261s] Level 5:colcon.colcon_core.verb:set package 'terminal_listener' build argument 'cmake_target' from command line to 'None'
[0.261s] Level 5:colcon.colcon_core.verb:set package 'terminal_listener' build argument 'cmake_target_skip_unavailable' from command line to 'False'
[0.261s] Level 5:colcon.colcon_core.verb:set package 'terminal_listener' build argument 'cmake_clean_cache' from command line to 'False'
[0.261s] Level 5:colcon.colcon_core.verb:set package 'terminal_listener' build argument 'cmake_clean_first' from command line to 'False'
[0.261s] Level 5:colcon.colcon_core.verb:set package 'terminal_listener' build argument 'cmake_force_configure' from command line to 'False'
[0.261s] Level 5:colcon.colcon_core.verb:set package 'terminal_listener' build argument 'ament_cmake_args' from command line to 'None'
[0.261s] Level 5:colcon.colcon_core.verb:set package 'terminal_listener' build argument 'catkin_cmake_args' from command line to 'None'
[0.261s] Level 5:colcon.colcon_core.verb:set package 'terminal_listener' build argument 'catkin_skip_building_tests' from command line to 'False'
[0.261s] DEBUG:colcon.colcon_core.verb:Building package 'terminal_listener' with the following arguments: {'ament_cmake_args': None, 'build_base': '/home/ethereal/rm_2025/rmul_nav_2025/build/terminal_listener', 'catkin_cmake_args': None, 'catkin_skip_building_tests': False, 'cmake_args': None, 'cmake_clean_cache': False, 'cmake_clean_first': False, 'cmake_force_configure': False, 'cmake_target': None, 'cmake_target_skip_unavailable': False, 'install_base': '/home/ethereal/rm_2025/rmul_nav_2025/install/terminal_listener', 'merge_install': False, 'path': '/home/ethereal/rm_2025/rmul_nav_2025/src/Tool/terminal_listener', 'symlink_install': False, 'test_result_base': None}
[0.261s] INFO:colcon.colcon_core.executor:Executing jobs using 'parallel' executor
[0.262s] DEBUG:colcon.colcon_parallel_executor.executor.parallel:run_until_complete
[0.262s] INFO:colcon.colcon_ros.task.ament_cmake.build:Building ROS package in '/home/ethereal/rm_2025/rmul_nav_2025/src/Action/navigator_interfaces' with build type 'ament_cmake'
[0.262s] INFO:colcon.colcon_cmake.task.cmake.build:Building CMake package in '/home/ethereal/rm_2025/rmul_nav_2025/src/Action/navigator_interfaces'
[0.264s] INFO:colcon.colcon_core.plugin_system:Skipping extension 'colcon_core.shell.bat': Not used on non-Windows systems
[0.264s] INFO:colcon.colcon_core.shell:Skip shell extension 'powershell' for command environment: Not usable outside of PowerShell
[0.264s] DEBUG:colcon.colcon_core.shell:Skip shell extension 'dsv' for command environment
[0.266s] INFO:colcon.colcon_ros.task.ament_cmake.build:Building ROS package in '/home/ethereal/rm_2025/rmul_nav_2025/src/Decision/pb_rm_interfaces' with build type 'ament_cmake'
[0.266s] INFO:colcon.colcon_cmake.task.cmake.build:Building CMake package in '/home/ethereal/rm_2025/rmul_nav_2025/src/Decision/pb_rm_interfaces'
[0.266s] INFO:colcon.colcon_core.shell:Skip shell extension 'powershell' for command environment: Not usable outside of PowerShell
[0.266s] DEBUG:colcon.colcon_core.shell:Skip shell extension 'dsv' for command environment
[0.274s] DEBUG:colcon.colcon_core.event_handler.log_command:Invoking command in '/home/ethereal/rm_2025/rmul_nav_2025/build/navigator_interfaces': CMAKE_PREFIX_PATH=/opt/ros/humble PS1=\[\e[1;32m\]\u@\h\[\e[0m\]:\[\e[1;34m\]\w\[\e[0m\]\$ /usr/bin/cmake --build /home/ethereal/rm_2025/rmul_nav_2025/build/navigator_interfaces -- -j20 -l20
[0.278s] DEBUG:colcon.colcon_core.event_handler.log_command:Invoking command in '/home/ethereal/rm_2025/rmul_nav_2025/build/pb_rm_interfaces': CMAKE_PREFIX_PATH=/opt/ros/humble PS1=\[\e[1;32m\]\u@\h\[\e[0m\]:\[\e[1;34m\]\w\[\e[0m\]\$ /usr/bin/cmake --build /home/ethereal/rm_2025/rmul_nav_2025/build/pb_rm_interfaces -- -j20 -l20
[0.538s] DEBUG:colcon.colcon_core.event_handler.log_command:Invoked command in '/home/ethereal/rm_2025/rmul_nav_2025/build/navigator_interfaces' returned '0': CMAKE_PREFIX_PATH=/opt/ros/humble PS1=\[\e[1;32m\]\u@\h\[\e[0m\]:\[\e[1;34m\]\w\[\e[0m\]\$ /usr/bin/cmake --build /home/ethereal/rm_2025/rmul_nav_2025/build/navigator_interfaces -- -j20 -l20
[0.544s] DEBUG:colcon.colcon_core.event_handler.log_command:Invoking command in '/home/ethereal/rm_2025/rmul_nav_2025/build/navigator_interfaces': CMAKE_PREFIX_PATH=/opt/ros/humble PS1=\[\e[1;32m\]\u@\h\[\e[0m\]:\[\e[1;34m\]\w\[\e[0m\]\$ /usr/bin/cmake --install /home/ethereal/rm_2025/rmul_nav_2025/build/navigator_interfaces
[0.555s] DEBUG:colcon.colcon_core.event_handler.log_command:Invoked command in '/home/ethereal/rm_2025/rmul_nav_2025/build/pb_rm_interfaces' returned '0': CMAKE_PREFIX_PATH=/opt/ros/humble PS1=\[\e[1;32m\]\u@\h\[\e[0m\]:\[\e[1;34m\]\w\[\e[0m\]\$ /usr/bin/cmake --build /home/ethereal/rm_2025/rmul_nav_2025/build/pb_rm_interfaces -- -j20 -l20
[0.559s] DEBUG:colcon.colcon_core.event_handler.log_command:Invoking command in '/home/ethereal/rm_2025/rmul_nav_2025/build/pb_rm_interfaces': CMAKE_PREFIX_PATH=/opt/ros/humble PS1=\[\e[1;32m\]\u@\h\[\e[0m\]:\[\e[1;34m\]\w\[\e[0m\]\$ /usr/bin/cmake --install /home/ethereal/rm_2025/rmul_nav_2025/build/pb_rm_interfaces
[0.584s] Level 1:colcon.colcon_core.environment:create_environment_scripts_only(navigator_interfaces)
[0.593s] DEBUG:colcon.colcon_core.event_handler.log_command:Invoked command in '/home/ethereal/rm_2025/rmul_nav_2025/build/navigator_interfaces' returned '0': CMAKE_PREFIX_PATH=/opt/ros/humble PS1=\[\e[1;32m\]\u@\h\[\e[0m\]:\[\e[1;34m\]\w\[\e[0m\]\$ /usr/bin/cmake --install /home/ethereal/rm_2025/rmul_nav_2025/build/navigator_interfaces
[0.595s] Level 1:colcon.colcon_core.environment:checking '/home/ethereal/rm_2025/rmul_nav_2025/install/navigator_interfaces' for CMake module files
[0.596s] Level 1:colcon.colcon_core.environment:checking '/home/ethereal/rm_2025/rmul_nav_2025/install/navigator_interfaces' for CMake config files
[0.597s] Level 1:colcon.colcon_core.shell:create_environment_hook('navigator_interfaces', 'cmake_prefix_path')
[0.597s] INFO:colcon.colcon_core.shell:Creating environment hook '/home/ethereal/rm_2025/rmul_nav_2025/install/navigator_interfaces/share/navigator_interfaces/hook/cmake_prefix_path.ps1'
[0.598s] INFO:colcon.colcon_core.shell:Creating environment descriptor '/home/ethereal/rm_2025/rmul_nav_2025/install/navigator_interfaces/share/navigator_interfaces/hook/cmake_prefix_path.dsv'
[0.599s] INFO:colcon.colcon_core.shell:Creating environment hook '/home/ethereal/rm_2025/rmul_nav_2025/install/navigator_interfaces/share/navigator_interfaces/hook/cmake_prefix_path.sh'
[0.605s] Level 1:colcon.colcon_core.environment:checking '/home/ethereal/rm_2025/rmul_nav_2025/install/navigator_interfaces/lib'
[0.608s] Level 1:colcon.colcon_core.shell:create_environment_hook('navigator_interfaces', 'ld_library_path_lib')
[0.608s] INFO:colcon.colcon_core.shell:Creating environment hook '/home/ethereal/rm_2025/rmul_nav_2025/install/navigator_interfaces/share/navigator_interfaces/hook/ld_library_path_lib.ps1'
[0.609s] INFO:colcon.colcon_core.shell:Creating environment descriptor '/home/ethereal/rm_2025/rmul_nav_2025/install/navigator_interfaces/share/navigator_interfaces/hook/ld_library_path_lib.dsv'
[0.609s] INFO:colcon.colcon_core.shell:Creating environment hook '/home/ethereal/rm_2025/rmul_nav_2025/install/navigator_interfaces/share/navigator_interfaces/hook/ld_library_path_lib.sh'
[0.610s] Level 1:colcon.colcon_core.environment:checking '/home/ethereal/rm_2025/rmul_nav_2025/install/navigator_interfaces/bin'
[0.610s] Level 1:colcon.colcon_core.environment:checking '/home/ethereal/rm_2025/rmul_nav_2025/install/navigator_interfaces/lib/pkgconfig/navigator_interfaces.pc'
[0.610s] Level 1:colcon.colcon_core.environment:checking '/home/ethereal/rm_2025/rmul_nav_2025/install/navigator_interfaces/lib/python3.10/site-packages'
[0.610s] Level 1:colcon.colcon_core.environment:checking '/home/ethereal/rm_2025/rmul_nav_2025/install/navigator_interfaces/bin'
[0.610s] INFO:colcon.colcon_core.shell:Creating package script '/home/ethereal/rm_2025/rmul_nav_2025/install/navigator_interfaces/share/navigator_interfaces/package.ps1'
[0.611s] INFO:colcon.colcon_core.shell:Creating package descriptor '/home/ethereal/rm_2025/rmul_nav_2025/install/navigator_interfaces/share/navigator_interfaces/package.dsv'
[0.611s] INFO:colcon.colcon_core.shell:Creating package script '/home/ethereal/rm_2025/rmul_nav_2025/install/navigator_interfaces/share/navigator_interfaces/package.sh'
[0.612s] INFO:colcon.colcon_core.shell:Creating package script '/home/ethereal/rm_2025/rmul_nav_2025/install/navigator_interfaces/share/navigator_interfaces/package.bash'
[0.612s] INFO:colcon.colcon_core.shell:Creating package script '/home/ethereal/rm_2025/rmul_nav_2025/install/navigator_interfaces/share/navigator_interfaces/package.zsh'
[0.613s] Level 1:colcon.colcon_core.environment:create_file_with_runtime_dependencies(/home/ethereal/rm_2025/rmul_nav_2025/install/navigator_interfaces/share/colcon-core/packages/navigator_interfaces)
[0.613s] Level 1:colcon.colcon_core.environment:create_environment_scripts_only(navigator_interfaces)
[0.614s] Level 1:colcon.colcon_core.environment:checking '/home/ethereal/rm_2025/rmul_nav_2025/install/navigator_interfaces' for CMake module files
[0.614s] Level 1:colcon.colcon_core.environment:checking '/home/ethereal/rm_2025/rmul_nav_2025/install/navigator_interfaces' for CMake config files
[0.614s] Level 1:colcon.colcon_core.shell:create_environment_hook('navigator_interfaces', 'cmake_prefix_path')
[0.615s] INFO:colcon.colcon_core.shell:Creating environment hook '/home/ethereal/rm_2025/rmul_nav_2025/install/navigator_interfaces/share/navigator_interfaces/hook/cmake_prefix_path.ps1'
[0.615s] INFO:colcon.colcon_core.shell:Creating environment descriptor '/home/ethereal/rm_2025/rmul_nav_2025/install/navigator_interfaces/share/navigator_interfaces/hook/cmake_prefix_path.dsv'
[0.615s] INFO:colcon.colcon_core.shell:Creating environment hook '/home/ethereal/rm_2025/rmul_nav_2025/install/navigator_interfaces/share/navigator_interfaces/hook/cmake_prefix_path.sh'
[0.616s] Level 1:colcon.colcon_core.environment:checking '/home/ethereal/rm_2025/rmul_nav_2025/install/navigator_interfaces/lib'
[0.616s] Level 1:colcon.colcon_core.shell:create_environment_hook('navigator_interfaces', 'ld_library_path_lib')
[0.616s] INFO:colcon.colcon_core.shell:Creating environment hook '/home/ethereal/rm_2025/rmul_nav_2025/install/navigator_interfaces/share/navigator_interfaces/hook/ld_library_path_lib.ps1'
[0.616s] INFO:colcon.colcon_core.shell:Creating environment descriptor '/home/ethereal/rm_2025/rmul_nav_2025/install/navigator_interfaces/share/navigator_interfaces/hook/ld_library_path_lib.dsv'
[0.616s] INFO:colcon.colcon_core.shell:Creating environment hook '/home/ethereal/rm_2025/rmul_nav_2025/install/navigator_interfaces/share/navigator_interfaces/hook/ld_library_path_lib.sh'
[0.617s] Level 1:colcon.colcon_core.environment:checking '/home/ethereal/rm_2025/rmul_nav_2025/install/navigator_interfaces/bin'
[0.617s] Level 1:colcon.colcon_core.environment:checking '/home/ethereal/rm_2025/rmul_nav_2025/install/navigator_interfaces/lib/pkgconfig/navigator_interfaces.pc'
[0.617s] Level 1:colcon.colcon_core.environment:checking '/home/ethereal/rm_2025/rmul_nav_2025/install/navigator_interfaces/lib/python3.10/site-packages'
[0.617s] Level 1:colcon.colcon_core.environment:checking '/home/ethereal/rm_2025/rmul_nav_2025/install/navigator_interfaces/bin'
[0.617s] INFO:colcon.colcon_core.shell:Creating package script '/home/ethereal/rm_2025/rmul_nav_2025/install/navigator_interfaces/share/navigator_interfaces/package.ps1'
[0.618s] INFO:colcon.colcon_core.shell:Creating package descriptor '/home/ethereal/rm_2025/rmul_nav_2025/install/navigator_interfaces/share/navigator_interfaces/package.dsv'
[0.618s] INFO:colcon.colcon_core.shell:Creating package script '/home/ethereal/rm_2025/rmul_nav_2025/install/navigator_interfaces/share/navigator_interfaces/package.sh'
[0.618s] INFO:colcon.colcon_core.shell:Creating package script '/home/ethereal/rm_2025/rmul_nav_2025/install/navigator_interfaces/share/navigator_interfaces/package.bash'
[0.618s] INFO:colcon.colcon_core.shell:Creating package script '/home/ethereal/rm_2025/rmul_nav_2025/install/navigator_interfaces/share/navigator_interfaces/package.zsh'
[0.619s] Level 1:colcon.colcon_core.environment:create_file_with_runtime_dependencies(/home/ethereal/rm_2025/rmul_nav_2025/install/navigator_interfaces/share/colcon-core/packages/navigator_interfaces)
[0.619s] INFO:colcon.colcon_ros.task.ament_cmake.build:Building ROS package in '/home/ethereal/rm_2025/rmul_nav_2025/src/Action/navigator' with build type 'ament_cmake'
[0.619s] INFO:colcon.colcon_cmake.task.cmake.build:Building CMake package in '/home/ethereal/rm_2025/rmul_nav_2025/src/Action/navigator'
[0.620s] INFO:colcon.colcon_core.shell:Skip shell extension 'powershell' for command environment: Not usable outside of PowerShell
[0.620s] DEBUG:colcon.colcon_core.shell:Skip shell extension 'dsv' for command environment
[0.624s] INFO:colcon.colcon_ros.task.ament_cmake.build:Building ROS package in '/home/ethereal/rm_2025/rmul_nav_2025/src/Tool/terminal_listener' with build type 'ament_cmake'
[0.624s] INFO:colcon.colcon_cmake.task.cmake.build:Building CMake package in '/home/ethereal/rm_2025/rmul_nav_2025/src/Tool/terminal_listener'
[0.624s] INFO:colcon.colcon_core.shell:Skip shell extension 'powershell' for command environment: Not usable outside of PowerShell
[0.625s] DEBUG:colcon.colcon_core.shell:Skip shell extension 'dsv' for command environment
[0.629s] Level 1:colcon.colcon_core.environment:create_environment_scripts_only(pb_rm_interfaces)
[0.630s] Level 1:colcon.colcon_core.environment:checking '/home/ethereal/rm_2025/rmul_nav_2025/install/pb_rm_interfaces' for CMake module files
[0.631s] DEBUG:colcon.colcon_core.event_handler.log_command:Invoked command in '/home/ethereal/rm_2025/rmul_nav_2025/build/pb_rm_interfaces' returned '0': CMAKE_PREFIX_PATH=/opt/ros/humble PS1=\[\e[1;32m\]\u@\h\[\e[0m\]:\[\e[1;34m\]\w\[\e[0m\]\$ /usr/bin/cmake --install /home/ethereal/rm_2025/rmul_nav_2025/build/pb_rm_interfaces
[0.632s] Level 1:colcon.colcon_core.environment:checking '/home/ethereal/rm_2025/rmul_nav_2025/install/pb_rm_interfaces' for CMake config files
[0.632s] Level 1:colcon.colcon_core.shell:create_environment_hook('pb_rm_interfaces', 'cmake_prefix_path')
[0.632s] INFO:colcon.colcon_core.shell:Creating environment hook '/home/ethereal/rm_2025/rmul_nav_2025/install/pb_rm_interfaces/share/pb_rm_interfaces/hook/cmake_prefix_path.ps1'
[0.633s] INFO:colcon.colcon_core.shell:Creating environment descriptor '/home/ethereal/rm_2025/rmul_nav_2025/install/pb_rm_interfaces/share/pb_rm_interfaces/hook/cmake_prefix_path.dsv'
[0.633s] INFO:colcon.colcon_core.shell:Creating environment hook '/home/ethereal/rm_2025/rmul_nav_2025/install/pb_rm_interfaces/share/pb_rm_interfaces/hook/cmake_prefix_path.sh'
[0.634s] Level 1:colcon.colcon_core.environment:checking '/home/ethereal/rm_2025/rmul_nav_2025/install/pb_rm_interfaces/lib'
[0.634s] Level 1:colcon.colcon_core.shell:create_environment_hook('pb_rm_interfaces', 'ld_library_path_lib')
[0.634s] INFO:colcon.colcon_core.shell:Creating environment hook '/home/ethereal/rm_2025/rmul_nav_2025/install/pb_rm_interfaces/share/pb_rm_interfaces/hook/ld_library_path_lib.ps1'
[0.634s] INFO:colcon.colcon_core.shell:Creating environment descriptor '/home/ethereal/rm_2025/rmul_nav_2025/install/pb_rm_interfaces/share/pb_rm_interfaces/hook/ld_library_path_lib.dsv'
[0.634s] INFO:colcon.colcon_core.shell:Creating environment hook '/home/ethereal/rm_2025/rmul_nav_2025/install/pb_rm_interfaces/share/pb_rm_interfaces/hook/ld_library_path_lib.sh'
[0.635s] Level 1:colcon.colcon_core.environment:checking '/home/ethereal/rm_2025/rmul_nav_2025/install/pb_rm_interfaces/bin'
[0.635s] Level 1:colcon.colcon_core.environment:checking '/home/ethereal/rm_2025/rmul_nav_2025/install/pb_rm_interfaces/lib/pkgconfig/pb_rm_interfaces.pc'
[0.635s] Level 1:colcon.colcon_core.environment:checking '/home/ethereal/rm_2025/rmul_nav_2025/install/pb_rm_interfaces/lib/python3.10/site-packages'
[0.635s] Level 1:colcon.colcon_core.environment:checking '/home/ethereal/rm_2025/rmul_nav_2025/install/pb_rm_interfaces/bin'
[0.635s] INFO:colcon.colcon_core.shell:Creating package script '/home/ethereal/rm_2025/rmul_nav_2025/install/pb_rm_interfaces/share/pb_rm_interfaces/package.ps1'
[0.636s] INFO:colcon.colcon_core.shell:Creating package descriptor '/home/ethereal/rm_2025/rmul_nav_2025/install/pb_rm_interfaces/share/pb_rm_interfaces/package.dsv'
[0.636s] INFO:colcon.colcon_core.shell:Creating package script '/home/ethereal/rm_2025/rmul_nav_2025/install/pb_rm_interfaces/share/pb_rm_interfaces/package.sh'
[0.636s] INFO:colcon.colcon_core.shell:Creating package script '/home/ethereal/rm_2025/rmul_nav_2025/install/pb_rm_interfaces/share/pb_rm_interfaces/package.bash'
[0.637s] INFO:colcon.colcon_core.shell:Creating package script '/home/ethereal/rm_2025/rmul_nav_2025/install/pb_rm_interfaces/share/pb_rm_interfaces/package.zsh'
[0.637s] Level 1:colcon.colcon_core.environment:create_file_with_runtime_dependencies(/home/ethereal/rm_2025/rmul_nav_2025/install/pb_rm_interfaces/share/colcon-core/packages/pb_rm_interfaces)
[0.638s] Level 1:colcon.colcon_core.environment:create_environment_scripts_only(pb_rm_interfaces)
[0.638s] Level 1:colcon.colcon_core.environment:checking '/home/ethereal/rm_2025/rmul_nav_2025/install/pb_rm_interfaces' for CMake module files
[0.639s] Level 1:colcon.colcon_core.environment:checking '/home/ethereal/rm_2025/rmul_nav_2025/install/pb_rm_interfaces' for CMake config files
[0.639s] Level 1:colcon.colcon_core.shell:create_environment_hook('pb_rm_interfaces', 'cmake_prefix_path')
[0.639s] INFO:colcon.colcon_core.shell:Creating environment hook '/home/ethereal/rm_2025/rmul_nav_2025/install/pb_rm_interfaces/share/pb_rm_interfaces/hook/cmake_prefix_path.ps1'
[0.640s] INFO:colcon.colcon_core.shell:Creating environment descriptor '/home/ethereal/rm_2025/rmul_nav_2025/install/pb_rm_interfaces/share/pb_rm_interfaces/hook/cmake_prefix_path.dsv'
[0.640s] INFO:colcon.colcon_core.shell:Creating environment hook '/home/ethereal/rm_2025/rmul_nav_2025/install/pb_rm_interfaces/share/pb_rm_interfaces/hook/cmake_prefix_path.sh'
[0.640s] Level 1:colcon.colcon_core.environment:checking '/home/ethereal/rm_2025/rmul_nav_2025/install/pb_rm_interfaces/lib'
[0.640s] Level 1:colcon.colcon_core.shell:create_environment_hook('pb_rm_interfaces', 'ld_library_path_lib')
[0.641s] INFO:colcon.colcon_core.shell:Creating environment hook '/home/ethereal/rm_2025/rmul_nav_2025/install/pb_rm_interfaces/share/pb_rm_interfaces/hook/ld_library_path_lib.ps1'
[0.641s] INFO:colcon.colcon_core.shell:Creating environment descriptor '/home/ethereal/rm_2025/rmul_nav_2025/install/pb_rm_interfaces/share/pb_rm_interfaces/hook/ld_library_path_lib.dsv'
[0.641s] INFO:colcon.colcon_core.shell:Creating environment hook '/home/ethereal/rm_2025/rmul_nav_2025/install/pb_rm_interfaces/share/pb_rm_interfaces/hook/ld_library_path_lib.sh'
[0.641s] Level 1:colcon.colcon_core.environment:checking '/home/ethereal/rm_2025/rmul_nav_2025/install/pb_rm_interfaces/bin'
[0.642s] Level 1:colcon.colcon_core.environment:checking '/home/ethereal/rm_2025/rmul_nav_2025/install/pb_rm_interfaces/lib/pkgconfig/pb_rm_interfaces.pc'
[0.642s] Level 1:colcon.colcon_core.environment:checking '/home/ethereal/rm_2025/rmul_nav_2025/install/pb_rm_interfaces/lib/python3.10/site-packages'
[0.642s] Level 1:colcon.colcon_core.environment:checking '/home/ethereal/rm_2025/rmul_nav_2025/install/pb_rm_interfaces/bin'
[0.642s] INFO:colcon.colcon_core.shell:Creating package script '/home/ethereal/rm_2025/rmul_nav_2025/install/pb_rm_interfaces/share/pb_rm_interfaces/package.ps1'
[0.643s] INFO:colcon.colcon_core.shell:Creating package descriptor '/home/ethereal/rm_2025/rmul_nav_2025/install/pb_rm_interfaces/share/pb_rm_interfaces/package.dsv'
[0.643s] INFO:colcon.colcon_core.shell:Creating package script '/home/ethereal/rm_2025/rmul_nav_2025/install/pb_rm_interfaces/share/pb_rm_interfaces/package.sh'
[0.644s] INFO:colcon.colcon_core.shell:Creating package script '/home/ethereal/rm_2025/rmul_nav_2025/install/pb_rm_interfaces/share/pb_rm_interfaces/package.bash'
[0.644s] INFO:colcon.colcon_core.shell:Creating package script '/home/ethereal/rm_2025/rmul_nav_2025/install/pb_rm_interfaces/share/pb_rm_interfaces/package.zsh'
[0.644s] Level 1:colcon.colcon_core.environment:create_file_with_runtime_dependencies(/home/ethereal/rm_2025/rmul_nav_2025/install/pb_rm_interfaces/share/colcon-core/packages/pb_rm_interfaces)
[0.645s] INFO:colcon.colcon_ros.task.ament_cmake.build:Building ROS package in '/home/ethereal/rm_2025/rmul_nav_2025/src/Decision/rmul_decision' with build type 'ament_cmake'
[0.645s] INFO:colcon.colcon_cmake.task.cmake.build:Building CMake package in '/home/ethereal/rm_2025/rmul_nav_2025/src/Decision/rmul_decision'
[0.646s] INFO:colcon.colcon_core.shell:Skip shell extension 'powershell' for command environment: Not usable outside of PowerShell
[0.646s] DEBUG:colcon.colcon_core.shell:Skip shell extension 'dsv' for command environment
[0.652s] DEBUG:colcon.colcon_core.event_handler.log_command:Invoking command in '/home/ethereal/rm_2025/rmul_nav_2025/build/navigator': AMENT_PREFIX_PATH=/home/ethereal/rm_2025/rmul_nav_2025/install/navigator_interfaces:${AMENT_PREFIX_PATH} CMAKE_PREFIX_PATH=/home/ethereal/rm_2025/rmul_nav_2025/install/navigator_interfaces:/opt/ros/humble LD_LIBRARY_PATH=/home/ethereal/rm_2025/rmul_nav_2025/install/navigator_interfaces/lib:${LD_LIBRARY_PATH} PS1=\[\e[1;32m\]\u@\h\[\e[0m\]:\[\e[1;34m\]\w\[\e[0m\]\$ PYTHONPATH=/home/ethereal/rm_2025/rmul_nav_2025/install/navigator_interfaces/local/lib/python3.10/dist-packages:${PYTHONPATH} /usr/bin/cmake --build /home/ethereal/rm_2025/rmul_nav_2025/build/navigator -- -j20 -l20
[0.658s] DEBUG:colcon.colcon_core.event_handler.log_command:Invoking command in '/home/ethereal/rm_2025/rmul_nav_2025/build/terminal_listener': AMENT_PREFIX_PATH=/home/ethereal/rm_2025/rmul_nav_2025/install/navigator_interfaces:${AMENT_PREFIX_PATH} CMAKE_PREFIX_PATH=/home/ethereal/rm_2025/rmul_nav_2025/install/navigator_interfaces:/opt/ros/humble LD_LIBRARY_PATH=/home/ethereal/rm_2025/rmul_nav_2025/install/navigator_interfaces/lib:${LD_LIBRARY_PATH} PS1=\[\e[1;32m\]\u@\h\[\e[0m\]:\[\e[1;34m\]\w\[\e[0m\]\$ PYTHONPATH=/home/ethereal/rm_2025/rmul_nav_2025/install/navigator_interfaces/local/lib/python3.10/dist-packages:${PYTHONPATH} /usr/bin/cmake --build /home/ethereal/rm_2025/rmul_nav_2025/build/terminal_listener -- -j20 -l20
[0.662s] DEBUG:colcon.colcon_core.event_handler.log_command:Invoking command in '/home/ethereal/rm_2025/rmul_nav_2025/build/rmul_decision': AMENT_PREFIX_PATH=/home/ethereal/rm_2025/rmul_nav_2025/install/pb_rm_interfaces:/home/ethereal/rm_2025/rmul_nav_2025/install/navigator_interfaces:${AMENT_PREFIX_PATH} CMAKE_PREFIX_PATH=/home/ethereal/rm_2025/rmul_nav_2025/install/pb_rm_interfaces:/home/ethereal/rm_2025/rmul_nav_2025/install/navigator_interfaces:/opt/ros/humble LD_LIBRARY_PATH=/home/ethereal/rm_2025/rmul_nav_2025/install/pb_rm_interfaces/lib:/home/ethereal/rm_2025/rmul_nav_2025/install/navigator_interfaces/lib:${LD_LIBRARY_PATH} PS1=\[\e[1;32m\]\u@\h\[\e[0m\]:\[\e[1;34m\]\w\[\e[0m\]\$ PYTHONPATH=/home/ethereal/rm_2025/rmul_nav_2025/install/pb_rm_interfaces/local/lib/python3.10/dist-packages:/home/ethereal/rm_2025/rmul_nav_2025/install/navigator_interfaces/local/lib/python3.10/dist-packages:${PYTHONPATH} /usr/bin/cmake --build /home/ethereal/rm_2025/rmul_nav_2025/build/rmul_decision -- -j20 -l20
[0.699s] DEBUG:colcon.colcon_core.event_handler.log_command:Invoked command in '/home/ethereal/rm_2025/rmul_nav_2025/build/terminal_listener' returned '0': AMENT_PREFIX_PATH=/home/ethereal/rm_2025/rmul_nav_2025/install/navigator_interfaces:${AMENT_PREFIX_PATH} CMAKE_PREFIX_PATH=/home/ethereal/rm_2025/rmul_nav_2025/install/navigator_interfaces:/opt/ros/humble LD_LIBRARY_PATH=/home/ethereal/rm_2025/rmul_nav_2025/install/navigator_interfaces/lib:${LD_LIBRARY_PATH} PS1=\[\e[1;32m\]\u@\h\[\e[0m\]:\[\e[1;34m\]\w\[\e[0m\]\$ PYTHONPATH=/home/ethereal/rm_2025/rmul_nav_2025/install/navigator_interfaces/local/lib/python3.10/dist-packages:${PYTHONPATH} /usr/bin/cmake --build /home/ethereal/rm_2025/rmul_nav_2025/build/terminal_listener -- -j20 -l20
[0.701s] DEBUG:colcon.colcon_core.event_handler.log_command:Invoking command in '/home/ethereal/rm_2025/rmul_nav_2025/build/terminal_listener': AMENT_PREFIX_PATH=/home/ethereal/rm_2025/rmul_nav_2025/install/navigator_interfaces:${AMENT_PREFIX_PATH} CMAKE_PREFIX_PATH=/home/ethereal/rm_2025/rmul_nav_2025/install/navigator_interfaces:/opt/ros/humble LD_LIBRARY_PATH=/home/ethereal/rm_2025/rmul_nav_2025/install/navigator_interfaces/lib:${LD_LIBRARY_PATH} PS1=\[\e[1;32m\]\u@\h\[\e[0m\]:\[\e[1;34m\]\w\[\e[0m\]\$ PYTHONPATH=/home/ethereal/rm_2025/rmul_nav_2025/install/navigator_interfaces/local/lib/python3.10/dist-packages:${PYTHONPATH} /usr/bin/cmake --install /home/ethereal/rm_2025/rmul_nav_2025/build/terminal_listener
[0.709s] Level 1:colcon.colcon_core.environment:create_environment_scripts_only(terminal_listener)
[0.710s] Level 1:colcon.colcon_core.environment:checking '/home/ethereal/rm_2025/rmul_nav_2025/install/terminal_listener' for CMake module files
[0.712s] DEBUG:colcon.colcon_core.event_handler.log_command:Invoked command in '/home/ethereal/rm_2025/rmul_nav_2025/build/terminal_listener' returned '0': AMENT_PREFIX_PATH=/home/ethereal/rm_2025/rmul_nav_2025/install/navigator_interfaces:${AMENT_PREFIX_PATH} CMAKE_PREFIX_PATH=/home/ethereal/rm_2025/rmul_nav_2025/install/navigator_interfaces:/opt/ros/humble LD_LIBRARY_PATH=/home/ethereal/rm_2025/rmul_nav_2025/install/navigator_interfaces/lib:${LD_LIBRARY_PATH} PS1=\[\e[1;32m\]\u@\h\[\e[0m\]:\[\e[1;34m\]\w\[\e[0m\]\$ PYTHONPATH=/home/ethereal/rm_2025/rmul_nav_2025/install/navigator_interfaces/local/lib/python3.10/dist-packages:${PYTHONPATH} /usr/bin/cmake --install /home/ethereal/rm_2025/rmul_nav_2025/build/terminal_listener
[0.712s] Level 1:colcon.colcon_core.environment:checking '/home/ethereal/rm_2025/rmul_nav_2025/install/terminal_listener' for CMake config files
[0.713s] Level 1:colcon.colcon_core.shell:create_environment_hook('terminal_listener', 'cmake_prefix_path')
[0.713s] INFO:colcon.colcon_core.shell:Creating environment hook '/home/ethereal/rm_2025/rmul_nav_2025/install/terminal_listener/share/terminal_listener/hook/cmake_prefix_path.ps1'
[0.713s] INFO:colcon.colcon_core.shell:Creating environment descriptor '/home/ethereal/rm_2025/rmul_nav_2025/install/terminal_listener/share/terminal_listener/hook/cmake_prefix_path.dsv'
[0.714s] INFO:colcon.colcon_core.shell:Creating environment hook '/home/ethereal/rm_2025/rmul_nav_2025/install/terminal_listener/share/terminal_listener/hook/cmake_prefix_path.sh'
[0.714s] Level 1:colcon.colcon_core.environment:checking '/home/ethereal/rm_2025/rmul_nav_2025/install/terminal_listener/lib'
[0.714s] Level 1:colcon.colcon_core.environment:checking '/home/ethereal/rm_2025/rmul_nav_2025/install/terminal_listener/bin'
[0.714s] Level 1:colcon.colcon_core.environment:checking '/home/ethereal/rm_2025/rmul_nav_2025/install/terminal_listener/lib/pkgconfig/terminal_listener.pc'
[0.715s] Level 1:colcon.colcon_core.environment:checking '/home/ethereal/rm_2025/rmul_nav_2025/install/terminal_listener/lib/python3.10/site-packages'
[0.715s] Level 1:colcon.colcon_core.environment:checking '/home/ethereal/rm_2025/rmul_nav_2025/install/terminal_listener/bin'
[0.715s] INFO:colcon.colcon_core.shell:Creating package script '/home/ethereal/rm_2025/rmul_nav_2025/install/terminal_listener/share/terminal_listener/package.ps1'
[0.715s] INFO:colcon.colcon_core.shell:Creating package descriptor '/home/ethereal/rm_2025/rmul_nav_2025/install/terminal_listener/share/terminal_listener/package.dsv'
[0.716s] INFO:colcon.colcon_core.shell:Creating package script '/home/ethereal/rm_2025/rmul_nav_2025/install/terminal_listener/share/terminal_listener/package.sh'
[0.716s] INFO:colcon.colcon_core.shell:Creating package script '/home/ethereal/rm_2025/rmul_nav_2025/install/terminal_listener/share/terminal_listener/package.bash'
[0.717s] INFO:colcon.colcon_core.shell:Creating package script '/home/ethereal/rm_2025/rmul_nav_2025/install/terminal_listener/share/terminal_listener/package.zsh'
[0.717s] Level 1:colcon.colcon_core.environment:create_file_with_runtime_dependencies(/home/ethereal/rm_2025/rmul_nav_2025/install/terminal_listener/share/colcon-core/packages/terminal_listener)
[0.717s] Level 1:colcon.colcon_core.environment:create_environment_scripts_only(terminal_listener)
[0.718s] Level 1:colcon.colcon_core.environment:checking '/home/ethereal/rm_2025/rmul_nav_2025/install/terminal_listener' for CMake module files
[0.718s] Level 1:colcon.colcon_core.environment:checking '/home/ethereal/rm_2025/rmul_nav_2025/install/terminal_listener' for CMake config files
[0.718s] Level 1:colcon.colcon_core.shell:create_environment_hook('terminal_listener', 'cmake_prefix_path')
[0.719s] INFO:colcon.colcon_core.shell:Creating environment hook '/home/ethereal/rm_2025/rmul_nav_2025/install/terminal_listener/share/terminal_listener/hook/cmake_prefix_path.ps1'
[0.719s] INFO:colcon.colcon_core.shell:Creating environment descriptor '/home/ethereal/rm_2025/rmul_nav_2025/install/terminal_listener/share/terminal_listener/hook/cmake_prefix_path.dsv'
[0.720s] INFO:colcon.colcon_core.shell:Creating environment hook '/home/ethereal/rm_2025/rmul_nav_2025/install/terminal_listener/share/terminal_listener/hook/cmake_prefix_path.sh'
[0.720s] Level 1:colcon.colcon_core.environment:checking '/home/ethereal/rm_2025/rmul_nav_2025/install/terminal_listener/lib'
[0.720s] Level 1:colcon.colcon_core.environment:checking '/home/ethereal/rm_2025/rmul_nav_2025/install/terminal_listener/bin'
[0.720s] Level 1:colcon.colcon_core.environment:checking '/home/ethereal/rm_2025/rmul_nav_2025/install/terminal_listener/lib/pkgconfig/terminal_listener.pc'
[0.721s] Level 1:colcon.colcon_core.environment:checking '/home/ethereal/rm_2025/rmul_nav_2025/install/terminal_listener/lib/python3.10/site-packages'
[0.721s] Level 1:colcon.colcon_core.environment:checking '/home/ethereal/rm_2025/rmul_nav_2025/install/terminal_listener/bin'
[0.721s] INFO:colcon.colcon_core.shell:Creating package script '/home/ethereal/rm_2025/rmul_nav_2025/install/terminal_listener/share/terminal_listener/package.ps1'
[0.722s] INFO:colcon.colcon_core.shell:Creating package descriptor '/home/ethereal/rm_2025/rmul_nav_2025/install/terminal_listener/share/terminal_listener/package.dsv'
[0.722s] INFO:colcon.colcon_core.shell:Creating package script '/home/ethereal/rm_2025/rmul_nav_2025/install/terminal_listener/share/terminal_listener/package.sh'
[0.723s] INFO:colcon.colcon_core.shell:Creating package script '/home/ethereal/rm_2025/rmul_nav_2025/install/terminal_listener/share/terminal_listener/package.bash'
[0.723s] INFO:colcon.colcon_core.shell:Creating package script '/home/ethereal/rm_2025/rmul_nav_2025/install/terminal_listener/share/terminal_listener/package.zsh'
[0.723s] Level 1:colcon.colcon_core.environment:create_file_with_runtime_dependencies(/home/ethereal/rm_2025/rmul_nav_2025/install/terminal_listener/share/colcon-core/packages/terminal_listener)
[0.727s] DEBUG:colcon.colcon_core.event_handler.log_command:Invoked command in '/home/ethereal/rm_2025/rmul_nav_2025/build/navigator' returned '0': AMENT_PREFIX_PATH=/home/ethereal/rm_2025/rmul_nav_2025/install/navigator_interfaces:${AMENT_PREFIX_PATH} CMAKE_PREFIX_PATH=/home/ethereal/rm_2025/rmul_nav_2025/install/navigator_interfaces:/opt/ros/humble LD_LIBRARY_PATH=/home/ethereal/rm_2025/rmul_nav_2025/install/navigator_interfaces/lib:${LD_LIBRARY_PATH} PS1=\[\e[1;32m\]\u@\h\[\e[0m\]:\[\e[1;34m\]\w\[\e[0m\]\$ PYTHONPATH=/home/ethereal/rm_2025/rmul_nav_2025/install/navigator_interfaces/local/lib/python3.10/dist-packages:${PYTHONPATH} /usr/bin/cmake --build /home/ethereal/rm_2025/rmul_nav_2025/build/navigator -- -j20 -l20
[0.728s] DEBUG:colcon.colcon_core.event_handler.log_command:Invoking command in '/home/ethereal/rm_2025/rmul_nav_2025/build/navigator': AMENT_PREFIX_PATH=/home/ethereal/rm_2025/rmul_nav_2025/install/navigator_interfaces:${AMENT_PREFIX_PATH} CMAKE_PREFIX_PATH=/home/ethereal/rm_2025/rmul_nav_2025/install/navigator_interfaces:/opt/ros/humble LD_LIBRARY_PATH=/home/ethereal/rm_2025/rmul_nav_2025/install/navigator_interfaces/lib:${LD_LIBRARY_PATH} PS1=\[\e[1;32m\]\u@\h\[\e[0m\]:\[\e[1;34m\]\w\[\e[0m\]\$ PYTHONPATH=/home/ethereal/rm_2025/rmul_nav_2025/install/navigator_interfaces/local/lib/python3.10/dist-packages:${PYTHONPATH} /usr/bin/cmake --install /home/ethereal/rm_2025/rmul_nav_2025/build/navigator
[0.736s] Level 1:colcon.colcon_core.environment:create_environment_scripts_only(navigator)
[0.736s] Level 1:colcon.colcon_core.environment:checking '/home/ethereal/rm_2025/rmul_nav_2025/install/navigator' for CMake module files
[0.737s] DEBUG:colcon.colcon_core.event_handler.log_command:Invoked command in '/home/ethereal/rm_2025/rmul_nav_2025/build/navigator' returned '0': AMENT_PREFIX_PATH=/home/ethereal/rm_2025/rmul_nav_2025/install/navigator_interfaces:${AMENT_PREFIX_PATH} CMAKE_PREFIX_PATH=/home/ethereal/rm_2025/rmul_nav_2025/install/navigator_interfaces:/opt/ros/humble LD_LIBRARY_PATH=/home/ethereal/rm_2025/rmul_nav_2025/install/navigator_interfaces/lib:${LD_LIBRARY_PATH} PS1=\[\e[1;32m\]\u@\h\[\e[0m\]:\[\e[1;34m\]\w\[\e[0m\]\$ PYTHONPATH=/home/ethereal/rm_2025/rmul_nav_2025/install/navigator_interfaces/local/lib/python3.10/dist-packages:${PYTHONPATH} /usr/bin/cmake --install /home/ethereal/rm_2025/rmul_nav_2025/build/navigator
[0.737s] Level 1:colcon.colcon_core.environment:checking '/home/ethereal/rm_2025/rmul_nav_2025/install/navigator' for CMake config files
[0.738s] Level 1:colcon.colcon_core.shell:create_environment_hook('navigator', 'cmake_prefix_path')
[0.738s] INFO:colcon.colcon_core.shell:Creating environment hook '/home/ethereal/rm_2025/rmul_nav_2025/install/navigator/share/navigator/hook/cmake_prefix_path.ps1'
[0.739s] INFO:colcon.colcon_core.shell:Creating environment descriptor '/home/ethereal/rm_2025/rmul_nav_2025/install/navigator/share/navigator/hook/cmake_prefix_path.dsv'
[0.739s] INFO:colcon.colcon_core.shell:Creating environment hook '/home/ethereal/rm_2025/rmul_nav_2025/install/navigator/share/navigator/hook/cmake_prefix_path.sh'
[0.739s] Level 1:colcon.colcon_core.environment:checking '/home/ethereal/rm_2025/rmul_nav_2025/install/navigator/lib'
[0.739s] Level 1:colcon.colcon_core.shell:create_environment_hook('navigator', 'ld_library_path_lib')
[0.740s] INFO:colcon.colcon_core.shell:Creating environment hook '/home/ethereal/rm_2025/rmul_nav_2025/install/navigator/share/navigator/hook/ld_library_path_lib.ps1'
[0.740s] INFO:colcon.colcon_core.shell:Creating environment descriptor '/home/ethereal/rm_2025/rmul_nav_2025/install/navigator/share/navigator/hook/ld_library_path_lib.dsv'
[0.740s] INFO:colcon.colcon_core.shell:Creating environment hook '/home/ethereal/rm_2025/rmul_nav_2025/install/navigator/share/navigator/hook/ld_library_path_lib.sh'
[0.741s] Level 1:colcon.colcon_core.environment:checking '/home/ethereal/rm_2025/rmul_nav_2025/install/navigator/bin'
[0.741s] Level 1:colcon.colcon_core.environment:checking '/home/ethereal/rm_2025/rmul_nav_2025/install/navigator/lib/pkgconfig/navigator.pc'
[0.741s] Level 1:colcon.colcon_core.environment:checking '/home/ethereal/rm_2025/rmul_nav_2025/install/navigator/lib/python3.10/site-packages'
[0.741s] Level 1:colcon.colcon_core.environment:checking '/home/ethereal/rm_2025/rmul_nav_2025/install/navigator/bin'
[0.742s] INFO:colcon.colcon_core.shell:Creating package script '/home/ethereal/rm_2025/rmul_nav_2025/install/navigator/share/navigator/package.ps1'
[0.742s] INFO:colcon.colcon_core.shell:Creating package descriptor '/home/ethereal/rm_2025/rmul_nav_2025/install/navigator/share/navigator/package.dsv'
[0.742s] INFO:colcon.colcon_core.shell:Creating package script '/home/ethereal/rm_2025/rmul_nav_2025/install/navigator/share/navigator/package.sh'
[0.743s] INFO:colcon.colcon_core.shell:Creating package script '/home/ethereal/rm_2025/rmul_nav_2025/install/navigator/share/navigator/package.bash'
[0.743s] INFO:colcon.colcon_core.shell:Creating package script '/home/ethereal/rm_2025/rmul_nav_2025/install/navigator/share/navigator/package.zsh'
[0.743s] Level 1:colcon.colcon_core.environment:create_file_with_runtime_dependencies(/home/ethereal/rm_2025/rmul_nav_2025/install/navigator/share/colcon-core/packages/navigator)
[0.744s] Level 1:colcon.colcon_core.environment:create_environment_scripts_only(navigator)
[0.744s] Level 1:colcon.colcon_core.environment:checking '/home/ethereal/rm_2025/rmul_nav_2025/install/navigator' for CMake module files
[0.745s] Level 1:colcon.colcon_core.environment:checking '/home/ethereal/rm_2025/rmul_nav_2025/install/navigator' for CMake config files
[0.745s] Level 1:colcon.colcon_core.shell:create_environment_hook('navigator', 'cmake_prefix_path')
[0.745s] INFO:colcon.colcon_core.shell:Creating environment hook '/home/ethereal/rm_2025/rmul_nav_2025/install/navigator/share/navigator/hook/cmake_prefix_path.ps1'
[0.745s] INFO:colcon.colcon_core.shell:Creating environment descriptor '/home/ethereal/rm_2025/rmul_nav_2025/install/navigator/share/navigator/hook/cmake_prefix_path.dsv'
[0.746s] INFO:colcon.colcon_core.shell:Creating environment hook '/home/ethereal/rm_2025/rmul_nav_2025/install/navigator/share/navigator/hook/cmake_prefix_path.sh'
[0.746s] Level 1:colcon.colcon_core.environment:checking '/home/ethereal/rm_2025/rmul_nav_2025/install/navigator/lib'
[0.746s] Level 1:colcon.colcon_core.shell:create_environment_hook('navigator', 'ld_library_path_lib')
[0.747s] INFO:colcon.colcon_core.shell:Creating environment hook '/home/ethereal/rm_2025/rmul_nav_2025/install/navigator/share/navigator/hook/ld_library_path_lib.ps1'
[0.747s] INFO:colcon.colcon_core.shell:Creating environment descriptor '/home/ethereal/rm_2025/rmul_nav_2025/install/navigator/share/navigator/hook/ld_library_path_lib.dsv'
[0.747s] INFO:colcon.colcon_core.shell:Creating environment hook '/home/ethereal/rm_2025/rmul_nav_2025/install/navigator/share/navigator/hook/ld_library_path_lib.sh'
[0.747s] Level 1:colcon.colcon_core.environment:checking '/home/ethereal/rm_2025/rmul_nav_2025/install/navigator/bin'
[0.748s] Level 1:colcon.colcon_core.environment:checking '/home/ethereal/rm_2025/rmul_nav_2025/install/navigator/lib/pkgconfig/navigator.pc'
[0.748s] Level 1:colcon.colcon_core.environment:checking '/home/ethereal/rm_2025/rmul_nav_2025/install/navigator/lib/python3.10/site-packages'
[0.748s] Level 1:colcon.colcon_core.environment:checking '/home/ethereal/rm_2025/rmul_nav_2025/install/navigator/bin'
[0.748s] INFO:colcon.colcon_core.shell:Creating package script '/home/ethereal/rm_2025/rmul_nav_2025/install/navigator/share/navigator/package.ps1'
[0.749s] INFO:colcon.colcon_core.shell:Creating package descriptor '/home/ethereal/rm_2025/rmul_nav_2025/install/navigator/share/navigator/package.dsv'
[0.749s] INFO:colcon.colcon_core.shell:Creating package script '/home/ethereal/rm_2025/rmul_nav_2025/install/navigator/share/navigator/package.sh'
[0.750s] INFO:colcon.colcon_core.shell:Creating package script '/home/ethereal/rm_2025/rmul_nav_2025/install/navigator/share/navigator/package.bash'
[0.750s] INFO:colcon.colcon_core.shell:Creating package script '/home/ethereal/rm_2025/rmul_nav_2025/install/navigator/share/navigator/package.zsh'
[0.750s] Level 1:colcon.colcon_core.environment:create_file_with_runtime_dependencies(/home/ethereal/rm_2025/rmul_nav_2025/install/navigator/share/colcon-core/packages/navigator)
[12.992s] DEBUG:colcon.colcon_core.event_handler.log_command:Invoked command in '/home/ethereal/rm_2025/rmul_nav_2025/build/rmul_decision' returned '2': AMENT_PREFIX_PATH=/home/ethereal/rm_2025/rmul_nav_2025/install/pb_rm_interfaces:/home/ethereal/rm_2025/rmul_nav_2025/install/navigator_interfaces:${AMENT_PREFIX_PATH} CMAKE_PREFIX_PATH=/home/ethereal/rm_2025/rmul_nav_2025/install/pb_rm_interfaces:/home/ethereal/rm_2025/rmul_nav_2025/install/navigator_interfaces:/opt/ros/humble LD_LIBRARY_PATH=/home/ethereal/rm_2025/rmul_nav_2025/install/pb_rm_interfaces/lib:/home/ethereal/rm_2025/rmul_nav_2025/install/navigator_interfaces/lib:${LD_LIBRARY_PATH} PS1=\[\e[1;32m\]\u@\h\[\e[0m\]:\[\e[1;34m\]\w\[\e[0m\]\$ PYTHONPATH=/home/ethereal/rm_2025/rmul_nav_2025/install/pb_rm_interfaces/local/lib/python3.10/dist-packages:/home/ethereal/rm_2025/rmul_nav_2025/install/navigator_interfaces/local/lib/python3.10/dist-packages:${PYTHONPATH} /usr/bin/cmake --build /home/ethereal/rm_2025/rmul_nav_2025/build/rmul_decision -- -j20 -l20
[12.993s] Level 1:colcon.colcon_core.environment:create_environment_scripts_only(rmul_decision)
[12.993s] Level 1:colcon.colcon_core.environment:checking '/home/ethereal/rm_2025/rmul_nav_2025/install/rmul_decision' for CMake module files
[12.993s] Level 1:colcon.colcon_core.environment:checking '/home/ethereal/rm_2025/rmul_nav_2025/install/rmul_decision' for CMake config files
[12.994s] Level 1:colcon.colcon_core.shell:create_environment_hook('rmul_decision', 'cmake_prefix_path')
[12.994s] INFO:colcon.colcon_core.shell:Creating environment hook '/home/ethereal/rm_2025/rmul_nav_2025/install/rmul_decision/share/rmul_decision/hook/cmake_prefix_path.ps1'
[12.994s] INFO:colcon.colcon_core.shell:Creating environment descriptor '/home/ethereal/rm_2025/rmul_nav_2025/install/rmul_decision/share/rmul_decision/hook/cmake_prefix_path.dsv'
[12.994s] INFO:colcon.colcon_core.shell:Creating environment hook '/home/ethereal/rm_2025/rmul_nav_2025/install/rmul_decision/share/rmul_decision/hook/cmake_prefix_path.sh'
[12.995s] Level 1:colcon.colcon_core.environment:checking '/home/ethereal/rm_2025/rmul_nav_2025/install/rmul_decision/lib'
[12.995s] Level 1:colcon.colcon_core.shell:create_environment_hook('rmul_decision', 'ld_library_path_lib')
[12.995s] INFO:colcon.colcon_core.shell:Creating environment hook '/home/ethereal/rm_2025/rmul_nav_2025/install/rmul_decision/share/rmul_decision/hook/ld_library_path_lib.ps1'
[12.995s] INFO:colcon.colcon_core.shell:Creating environment descriptor '/home/ethereal/rm_2025/rmul_nav_2025/install/rmul_decision/share/rmul_decision/hook/ld_library_path_lib.dsv'
[12.995s] INFO:colcon.colcon_core.shell:Creating environment hook '/home/ethereal/rm_2025/rmul_nav_2025/install/rmul_decision/share/rmul_decision/hook/ld_library_path_lib.sh'
[12.996s] Level 1:colcon.colcon_core.environment:checking '/home/ethereal/rm_2025/rmul_nav_2025/install/rmul_decision/bin'
[12.996s] Level 1:colcon.colcon_core.environment:checking '/home/ethereal/rm_2025/rmul_nav_2025/install/rmul_decision/lib/pkgconfig/rmul_decision.pc'
[12.996s] Level 1:colcon.colcon_core.environment:checking '/home/ethereal/rm_2025/rmul_nav_2025/install/rmul_decision/lib/python3.10/site-packages'
[12.996s] Level 1:colcon.colcon_core.environment:checking '/home/ethereal/rm_2025/rmul_nav_2025/install/rmul_decision/bin'
[12.996s] INFO:colcon.colcon_core.shell:Creating package script '/home/ethereal/rm_2025/rmul_nav_2025/install/rmul_decision/share/rmul_decision/package.ps1'
[12.997s] INFO:colcon.colcon_core.shell:Creating package descriptor '/home/ethereal/rm_2025/rmul_nav_2025/install/rmul_decision/share/rmul_decision/package.dsv'
[12.997s] INFO:colcon.colcon_core.shell:Creating package script '/home/ethereal/rm_2025/rmul_nav_2025/install/rmul_decision/share/rmul_decision/package.sh'
[12.997s] INFO:colcon.colcon_core.shell:Creating package script '/home/ethereal/rm_2025/rmul_nav_2025/install/rmul_decision/share/rmul_decision/package.bash'
[12.997s] INFO:colcon.colcon_core.shell:Creating package script '/home/ethereal/rm_2025/rmul_nav_2025/install/rmul_decision/share/rmul_decision/package.zsh'
[12.998s] Level 1:colcon.colcon_core.environment:create_file_with_runtime_dependencies(/home/ethereal/rm_2025/rmul_nav_2025/install/rmul_decision/share/colcon-core/packages/rmul_decision)
[13.008s] DEBUG:colcon.colcon_parallel_executor.executor.parallel:closing loop
[13.008s] DEBUG:colcon.colcon_parallel_executor.executor.parallel:loop closed
[13.008s] DEBUG:colcon.colcon_parallel_executor.executor.parallel:run_until_complete finished with '2'
[13.008s] DEBUG:colcon.colcon_core.event_reactor:joining thread
[13.013s] INFO:colcon.colcon_core.plugin_system:Skipping extension 'colcon_notification.desktop_notification.notify_send': Could not find 'notify-send'
[13.013s] INFO:colcon.colcon_core.plugin_system:Skipping extension 'colcon_notification.desktop_notification.terminal_notifier': Not used on non-Darwin systems
[13.013s] INFO:colcon.colcon_core.plugin_system:Skipping extension 'colcon_notification.desktop_notification.win32': Not used on non-Windows systems
[13.013s] INFO:colcon.colcon_notification.desktop_notification:Sending desktop notification using 'notify2'
[13.013s] DEBUG:colcon.colcon_notification.desktop_notification.notify2:Failed to initialize notify2: org.freedesktop.DBus.Error.NotSupported: Unable to autolaunch a dbus-daemon without a $DISPLAY for X11
[13.013s] DEBUG:colcon.colcon_core.event_reactor:joined thread
[13.013s] INFO:colcon.colcon_core.shell:Creating prefix script '/home/ethereal/rm_2025/rmul_nav_2025/install/local_setup.ps1'
[13.014s] INFO:colcon.colcon_core.shell:Creating prefix util module '/home/ethereal/rm_2025/rmul_nav_2025/install/_local_setup_util_ps1.py'
[13.015s] INFO:colcon.colcon_core.shell:Creating prefix chain script '/home/ethereal/rm_2025/rmul_nav_2025/install/setup.ps1'
[13.016s] INFO:colcon.colcon_core.shell:Creating prefix script '/home/ethereal/rm_2025/rmul_nav_2025/install/local_setup.sh'
[13.016s] INFO:colcon.colcon_core.shell:Creating prefix util module '/home/ethereal/rm_2025/rmul_nav_2025/install/_local_setup_util_sh.py'
[13.017s] INFO:colcon.colcon_core.shell:Creating prefix chain script '/home/ethereal/rm_2025/rmul_nav_2025/install/setup.sh'
[13.018s] INFO:colcon.colcon_core.shell:Creating prefix script '/home/ethereal/rm_2025/rmul_nav_2025/install/local_setup.bash'
[13.018s] INFO:colcon.colcon_core.shell:Creating prefix chain script '/home/ethereal/rm_2025/rmul_nav_2025/install/setup.bash'
[13.019s] INFO:colcon.colcon_core.shell:Creating prefix script '/home/ethereal/rm_2025/rmul_nav_2025/install/local_setup.zsh'
[13.019s] INFO:colcon.colcon_core.shell:Creating prefix chain script '/home/ethereal/rm_2025/rmul_nav_2025/install/setup.zsh'
