[0.012s] Invoking command in '/home/ethereal/rm_2025/rmul_nav_2025/build/navigator_interfaces': CMAKE_PREFIX_PATH=/opt/ros/humble PS1=\[\e[1;32m\]\u@\h\[\e[0m\]:\[\e[1;34m\]\w\[\e[0m\]\$ /usr/bin/cmake --build /home/ethereal/rm_2025/rmul_nav_2025/build/navigator_interfaces -- -j20 -l20
[0.039s] [  9%] Built target navigator_interfaces__rosidl_generator_c
[0.040s] [ 12%] Built target navigator_interfaces__cpp
[0.045s] [ 12%] Built target ament_cmake_python_copy_navigator_interfaces
[0.059s] [ 22%] Built target navigator_interfaces__rosidl_typesupport_fastrtps_c
[0.060s] [ 32%] Built target navigator_interfaces__rosidl_typesupport_c
[0.060s] [ 41%] Built target navigator_interfaces__rosidl_typesupport_introspection_c
[0.062s] [ 51%] Built target navigator_interfaces__rosidl_typesupport_introspection_cpp
[0.066s] [ 61%] Built target navigator_interfaces__rosidl_typesupport_cpp
[0.068s] [ 70%] Built target navigator_interfaces__rosidl_typesupport_fastrtps_cpp
[0.085s] [ 70%] Built target navigator_interfaces
[0.100s] [ 74%] Built target navigator_interfaces__py
[0.114s] [ 80%] Built target navigator_interfaces__rosidl_generator_py
[0.132s] [ 93%] Built target navigator_interfaces__rosidl_typesupport_fastrtps_c__pyext
[0.132s] [ 93%] Built target navigator_interfaces__rosidl_typesupport_introspection_c__pyext
[0.135s] [100%] Built target navigator_interfaces__rosidl_typesupport_c__pyext
[0.249s] running egg_info
[0.249s] writing navigator_interfaces.egg-info/PKG-INFO
[0.250s] writing dependency_links to navigator_interfaces.egg-info/dependency_links.txt
[0.250s] writing top-level names to navigator_interfaces.egg-info/top_level.txt
[0.251s] reading manifest file 'navigator_interfaces.egg-info/SOURCES.txt'
[0.251s] writing manifest file 'navigator_interfaces.egg-info/SOURCES.txt'
[0.269s] [100%] Built target ament_cmake_python_build_navigator_interfaces_egg
[0.276s] Invoked command in '/home/ethereal/rm_2025/rmul_nav_2025/build/navigator_interfaces' returned '0': CMAKE_PREFIX_PATH=/opt/ros/humble PS1=\[\e[1;32m\]\u@\h\[\e[0m\]:\[\e[1;34m\]\w\[\e[0m\]\$ /usr/bin/cmake --build /home/ethereal/rm_2025/rmul_nav_2025/build/navigator_interfaces -- -j20 -l20
[0.282s] Invoking command in '/home/ethereal/rm_2025/rmul_nav_2025/build/navigator_interfaces': CMAKE_PREFIX_PATH=/opt/ros/humble PS1=\[\e[1;32m\]\u@\h\[\e[0m\]:\[\e[1;34m\]\w\[\e[0m\]\$ /usr/bin/cmake --install /home/ethereal/rm_2025/rmul_nav_2025/build/navigator_interfaces
[0.286s] -- Install configuration: ""
[0.286s] -- Up-to-date: /home/ethereal/rm_2025/rmul_nav_2025/install/navigator_interfaces/share/ament_index/resource_index/rosidl_interfaces/navigator_interfaces
[0.287s] -- Up-to-date: /home/ethereal/rm_2025/rmul_nav_2025/install/navigator_interfaces/include/navigator_interfaces/navigator_interfaces
[0.287s] -- Up-to-date: /home/ethereal/rm_2025/rmul_nav_2025/install/navigator_interfaces/include/navigator_interfaces/navigator_interfaces/msg
[0.287s] -- Up-to-date: /home/ethereal/rm_2025/rmul_nav_2025/install/navigator_interfaces/include/navigator_interfaces/navigator_interfaces/msg/detail
[0.288s] -- Up-to-date: /home/ethereal/rm_2025/rmul_nav_2025/install/navigator_interfaces/include/navigator_interfaces/navigator_interfaces/msg/detail/navigate__type_support.h
[0.288s] -- Up-to-date: /home/ethereal/rm_2025/rmul_nav_2025/install/navigator_interfaces/include/navigator_interfaces/navigator_interfaces/msg/detail/navigate__functions.c
[0.288s] -- Up-to-date: /home/ethereal/rm_2025/rmul_nav_2025/install/navigator_interfaces/include/navigator_interfaces/navigator_interfaces/msg/detail/navigate__functions.h
[0.288s] -- Up-to-date: /home/ethereal/rm_2025/rmul_nav_2025/install/navigator_interfaces/include/navigator_interfaces/navigator_interfaces/msg/detail/navigate__struct.h
[0.289s] -- Up-to-date: /home/ethereal/rm_2025/rmul_nav_2025/install/navigator_interfaces/include/navigator_interfaces/navigator_interfaces/msg/navigate.h
[0.289s] -- Up-to-date: /home/ethereal/rm_2025/rmul_nav_2025/install/navigator_interfaces/include/navigator_interfaces/navigator_interfaces/msg/rosidl_generator_c__visibility_control.h
[0.289s] -- Up-to-date: /home/ethereal/rm_2025/rmul_nav_2025/install/navigator_interfaces/share/navigator_interfaces/environment/library_path.sh
[0.289s] -- Up-to-date: /home/ethereal/rm_2025/rmul_nav_2025/install/navigator_interfaces/share/navigator_interfaces/environment/library_path.dsv
[0.289s] -- Up-to-date: /home/ethereal/rm_2025/rmul_nav_2025/install/navigator_interfaces/lib/libnavigator_interfaces__rosidl_generator_c.so
[0.289s] -- Up-to-date: /home/ethereal/rm_2025/rmul_nav_2025/install/navigator_interfaces/include/navigator_interfaces/navigator_interfaces
[0.289s] -- Up-to-date: /home/ethereal/rm_2025/rmul_nav_2025/install/navigator_interfaces/include/navigator_interfaces/navigator_interfaces/msg
[0.289s] -- Up-to-date: /home/ethereal/rm_2025/rmul_nav_2025/install/navigator_interfaces/include/navigator_interfaces/navigator_interfaces/msg/detail
[0.290s] -- Up-to-date: /home/ethereal/rm_2025/rmul_nav_2025/install/navigator_interfaces/include/navigator_interfaces/navigator_interfaces/msg/detail/navigate__rosidl_typesupport_fastrtps_c.h
[0.290s] -- Up-to-date: /home/ethereal/rm_2025/rmul_nav_2025/install/navigator_interfaces/include/navigator_interfaces/navigator_interfaces/msg/rosidl_typesupport_fastrtps_c__visibility_control.h
[0.290s] -- Up-to-date: /home/ethereal/rm_2025/rmul_nav_2025/install/navigator_interfaces/lib/libnavigator_interfaces__rosidl_typesupport_fastrtps_c.so
[0.290s] -- Up-to-date: /home/ethereal/rm_2025/rmul_nav_2025/install/navigator_interfaces/include/navigator_interfaces/navigator_interfaces
[0.290s] -- Up-to-date: /home/ethereal/rm_2025/rmul_nav_2025/install/navigator_interfaces/include/navigator_interfaces/navigator_interfaces/msg
[0.290s] -- Up-to-date: /home/ethereal/rm_2025/rmul_nav_2025/install/navigator_interfaces/include/navigator_interfaces/navigator_interfaces/msg/navigate.hpp
[0.290s] -- Up-to-date: /home/ethereal/rm_2025/rmul_nav_2025/install/navigator_interfaces/include/navigator_interfaces/navigator_interfaces/msg/detail
[0.290s] -- Up-to-date: /home/ethereal/rm_2025/rmul_nav_2025/install/navigator_interfaces/include/navigator_interfaces/navigator_interfaces/msg/detail/navigate__traits.hpp
[0.291s] -- Up-to-date: /home/ethereal/rm_2025/rmul_nav_2025/install/navigator_interfaces/include/navigator_interfaces/navigator_interfaces/msg/detail/navigate__builder.hpp
[0.291s] -- Up-to-date: /home/ethereal/rm_2025/rmul_nav_2025/install/navigator_interfaces/include/navigator_interfaces/navigator_interfaces/msg/detail/navigate__struct.hpp
[0.291s] -- Up-to-date: /home/ethereal/rm_2025/rmul_nav_2025/install/navigator_interfaces/include/navigator_interfaces/navigator_interfaces/msg/detail/navigate__type_support.hpp
[0.291s] -- Up-to-date: /home/ethereal/rm_2025/rmul_nav_2025/install/navigator_interfaces/include/navigator_interfaces/navigator_interfaces/msg/rosidl_generator_cpp__visibility_control.hpp
[0.291s] -- Up-to-date: /home/ethereal/rm_2025/rmul_nav_2025/install/navigator_interfaces/include/navigator_interfaces/navigator_interfaces
[0.291s] -- Up-to-date: /home/ethereal/rm_2025/rmul_nav_2025/install/navigator_interfaces/include/navigator_interfaces/navigator_interfaces/msg
[0.291s] -- Up-to-date: /home/ethereal/rm_2025/rmul_nav_2025/install/navigator_interfaces/include/navigator_interfaces/navigator_interfaces/msg/detail
[0.291s] -- Up-to-date: /home/ethereal/rm_2025/rmul_nav_2025/install/navigator_interfaces/include/navigator_interfaces/navigator_interfaces/msg/detail/dds_fastrtps
[0.291s] -- Up-to-date: /home/ethereal/rm_2025/rmul_nav_2025/install/navigator_interfaces/include/navigator_interfaces/navigator_interfaces/msg/detail/navigate__rosidl_typesupport_fastrtps_cpp.hpp
[0.292s] -- Up-to-date: /home/ethereal/rm_2025/rmul_nav_2025/install/navigator_interfaces/include/navigator_interfaces/navigator_interfaces/msg/rosidl_typesupport_fastrtps_cpp__visibility_control.h
[0.292s] -- Up-to-date: /home/ethereal/rm_2025/rmul_nav_2025/install/navigator_interfaces/lib/libnavigator_interfaces__rosidl_typesupport_fastrtps_cpp.so
[0.292s] -- Up-to-date: /home/ethereal/rm_2025/rmul_nav_2025/install/navigator_interfaces/include/navigator_interfaces/navigator_interfaces
[0.292s] -- Up-to-date: /home/ethereal/rm_2025/rmul_nav_2025/install/navigator_interfaces/include/navigator_interfaces/navigator_interfaces/msg
[0.292s] -- Up-to-date: /home/ethereal/rm_2025/rmul_nav_2025/install/navigator_interfaces/include/navigator_interfaces/navigator_interfaces/msg/detail
[0.292s] -- Up-to-date: /home/ethereal/rm_2025/rmul_nav_2025/install/navigator_interfaces/include/navigator_interfaces/navigator_interfaces/msg/detail/navigate__type_support.c
[0.292s] -- Up-to-date: /home/ethereal/rm_2025/rmul_nav_2025/install/navigator_interfaces/include/navigator_interfaces/navigator_interfaces/msg/detail/navigate__rosidl_typesupport_introspection_c.h
[0.292s] -- Up-to-date: /home/ethereal/rm_2025/rmul_nav_2025/install/navigator_interfaces/include/navigator_interfaces/navigator_interfaces/msg/rosidl_typesupport_introspection_c__visibility_control.h
[0.292s] -- Up-to-date: /home/ethereal/rm_2025/rmul_nav_2025/install/navigator_interfaces/lib/libnavigator_interfaces__rosidl_typesupport_introspection_c.so
[0.292s] -- Up-to-date: /home/ethereal/rm_2025/rmul_nav_2025/install/navigator_interfaces/lib/libnavigator_interfaces__rosidl_typesupport_c.so
[0.292s] -- Up-to-date: /home/ethereal/rm_2025/rmul_nav_2025/install/navigator_interfaces/include/navigator_interfaces/navigator_interfaces
[0.292s] -- Up-to-date: /home/ethereal/rm_2025/rmul_nav_2025/install/navigator_interfaces/include/navigator_interfaces/navigator_interfaces/msg
[0.293s] -- Up-to-date: /home/ethereal/rm_2025/rmul_nav_2025/install/navigator_interfaces/include/navigator_interfaces/navigator_interfaces/msg/detail
[0.293s] -- Up-to-date: /home/ethereal/rm_2025/rmul_nav_2025/install/navigator_interfaces/include/navigator_interfaces/navigator_interfaces/msg/detail/navigate__rosidl_typesupport_introspection_cpp.hpp
[0.293s] -- Up-to-date: /home/ethereal/rm_2025/rmul_nav_2025/install/navigator_interfaces/include/navigator_interfaces/navigator_interfaces/msg/detail/navigate__type_support.cpp
[0.294s] -- Up-to-date: /home/ethereal/rm_2025/rmul_nav_2025/install/navigator_interfaces/lib/libnavigator_interfaces__rosidl_typesupport_introspection_cpp.so
[0.294s] -- Up-to-date: /home/ethereal/rm_2025/rmul_nav_2025/install/navigator_interfaces/lib/libnavigator_interfaces__rosidl_typesupport_cpp.so
[0.294s] -- Up-to-date: /home/ethereal/rm_2025/rmul_nav_2025/install/navigator_interfaces/share/navigator_interfaces/environment/pythonpath.sh
[0.294s] -- Up-to-date: /home/ethereal/rm_2025/rmul_nav_2025/install/navigator_interfaces/share/navigator_interfaces/environment/pythonpath.dsv
[0.294s] -- Up-to-date: /home/ethereal/rm_2025/rmul_nav_2025/install/navigator_interfaces/local/lib/python3.10/dist-packages/navigator_interfaces-0.0.0-py3.10.egg-info
[0.294s] -- Installing: /home/ethereal/rm_2025/rmul_nav_2025/install/navigator_interfaces/local/lib/python3.10/dist-packages/navigator_interfaces-0.0.0-py3.10.egg-info/SOURCES.txt
[0.294s] -- Installing: /home/ethereal/rm_2025/rmul_nav_2025/install/navigator_interfaces/local/lib/python3.10/dist-packages/navigator_interfaces-0.0.0-py3.10.egg-info/top_level.txt
[0.294s] -- Installing: /home/ethereal/rm_2025/rmul_nav_2025/install/navigator_interfaces/local/lib/python3.10/dist-packages/navigator_interfaces-0.0.0-py3.10.egg-info/dependency_links.txt
[0.294s] -- Installing: /home/ethereal/rm_2025/rmul_nav_2025/install/navigator_interfaces/local/lib/python3.10/dist-packages/navigator_interfaces-0.0.0-py3.10.egg-info/PKG-INFO
[0.294s] -- Up-to-date: /home/ethereal/rm_2025/rmul_nav_2025/install/navigator_interfaces/local/lib/python3.10/dist-packages/navigator_interfaces
[0.295s] -- Up-to-date: /home/ethereal/rm_2025/rmul_nav_2025/install/navigator_interfaces/local/lib/python3.10/dist-packages/navigator_interfaces/_navigator_interfaces_s.ep.rosidl_typesupport_fastrtps_c.c
[0.295s] -- Up-to-date: /home/ethereal/rm_2025/rmul_nav_2025/install/navigator_interfaces/local/lib/python3.10/dist-packages/navigator_interfaces/libnavigator_interfaces__rosidl_generator_py.so
[0.295s] -- Up-to-date: /home/ethereal/rm_2025/rmul_nav_2025/install/navigator_interfaces/local/lib/python3.10/dist-packages/navigator_interfaces/msg
[0.295s] -- Up-to-date: /home/ethereal/rm_2025/rmul_nav_2025/install/navigator_interfaces/local/lib/python3.10/dist-packages/navigator_interfaces/msg/_navigate.py
[0.295s] -- Up-to-date: /home/ethereal/rm_2025/rmul_nav_2025/install/navigator_interfaces/local/lib/python3.10/dist-packages/navigator_interfaces/msg/_navigate_s.c
[0.295s] -- Up-to-date: /home/ethereal/rm_2025/rmul_nav_2025/install/navigator_interfaces/local/lib/python3.10/dist-packages/navigator_interfaces/msg/__init__.py
[0.295s] -- Up-to-date: /home/ethereal/rm_2025/rmul_nav_2025/install/navigator_interfaces/local/lib/python3.10/dist-packages/navigator_interfaces/navigator_interfaces_s__rosidl_typesupport_fastrtps_c.cpython-310-x86_64-linux-gnu.so
[0.295s] -- Up-to-date: /home/ethereal/rm_2025/rmul_nav_2025/install/navigator_interfaces/local/lib/python3.10/dist-packages/navigator_interfaces/navigator_interfaces_s__rosidl_typesupport_introspection_c.cpython-310-x86_64-linux-gnu.so
[0.296s] -- Up-to-date: /home/ethereal/rm_2025/rmul_nav_2025/install/navigator_interfaces/local/lib/python3.10/dist-packages/navigator_interfaces/navigator_interfaces_s__rosidl_typesupport_c.cpython-310-x86_64-linux-gnu.so
[0.296s] -- Up-to-date: /home/ethereal/rm_2025/rmul_nav_2025/install/navigator_interfaces/local/lib/python3.10/dist-packages/navigator_interfaces/_navigator_interfaces_s.ep.rosidl_typesupport_c.c
[0.296s] -- Up-to-date: /home/ethereal/rm_2025/rmul_nav_2025/install/navigator_interfaces/local/lib/python3.10/dist-packages/navigator_interfaces/__init__.py
[0.296s] -- Up-to-date: /home/ethereal/rm_2025/rmul_nav_2025/install/navigator_interfaces/local/lib/python3.10/dist-packages/navigator_interfaces/_navigator_interfaces_s.ep.rosidl_typesupport_introspection_c.c
[0.326s] Listing '/home/ethereal/rm_2025/rmul_nav_2025/install/navigator_interfaces/local/lib/python3.10/dist-packages/navigator_interfaces'...
[0.326s] Listing '/home/ethereal/rm_2025/rmul_nav_2025/install/navigator_interfaces/local/lib/python3.10/dist-packages/navigator_interfaces/msg'...
[0.326s] -- Up-to-date: /home/ethereal/rm_2025/rmul_nav_2025/install/navigator_interfaces/local/lib/python3.10/dist-packages/navigator_interfaces/navigator_interfaces_s__rosidl_typesupport_fastrtps_c.cpython-310-x86_64-linux-gnu.so
[0.326s] -- Up-to-date: /home/ethereal/rm_2025/rmul_nav_2025/install/navigator_interfaces/local/lib/python3.10/dist-packages/navigator_interfaces/navigator_interfaces_s__rosidl_typesupport_introspection_c.cpython-310-x86_64-linux-gnu.so
[0.326s] -- Up-to-date: /home/ethereal/rm_2025/rmul_nav_2025/install/navigator_interfaces/local/lib/python3.10/dist-packages/navigator_interfaces/navigator_interfaces_s__rosidl_typesupport_c.cpython-310-x86_64-linux-gnu.so
[0.326s] -- Up-to-date: /home/ethereal/rm_2025/rmul_nav_2025/install/navigator_interfaces/lib/libnavigator_interfaces__rosidl_generator_py.so
[0.326s] -- Up-to-date: /home/ethereal/rm_2025/rmul_nav_2025/install/navigator_interfaces/share/navigator_interfaces/msg/Navigate.idl
[0.327s] -- Up-to-date: /home/ethereal/rm_2025/rmul_nav_2025/install/navigator_interfaces/share/navigator_interfaces/msg/Navigate.msg
[0.327s] -- Up-to-date: /home/ethereal/rm_2025/rmul_nav_2025/install/navigator_interfaces/share/ament_index/resource_index/package_run_dependencies/navigator_interfaces
[0.327s] -- Up-to-date: /home/ethereal/rm_2025/rmul_nav_2025/install/navigator_interfaces/share/ament_index/resource_index/parent_prefix_path/navigator_interfaces
[0.327s] -- Up-to-date: /home/ethereal/rm_2025/rmul_nav_2025/install/navigator_interfaces/share/navigator_interfaces/environment/ament_prefix_path.sh
[0.327s] -- Up-to-date: /home/ethereal/rm_2025/rmul_nav_2025/install/navigator_interfaces/share/navigator_interfaces/environment/ament_prefix_path.dsv
[0.327s] -- Up-to-date: /home/ethereal/rm_2025/rmul_nav_2025/install/navigator_interfaces/share/navigator_interfaces/environment/path.sh
[0.327s] -- Up-to-date: /home/ethereal/rm_2025/rmul_nav_2025/install/navigator_interfaces/share/navigator_interfaces/environment/path.dsv
[0.327s] -- Up-to-date: /home/ethereal/rm_2025/rmul_nav_2025/install/navigator_interfaces/share/navigator_interfaces/local_setup.bash
[0.327s] -- Up-to-date: /home/ethereal/rm_2025/rmul_nav_2025/install/navigator_interfaces/share/navigator_interfaces/local_setup.sh
[0.328s] -- Up-to-date: /home/ethereal/rm_2025/rmul_nav_2025/install/navigator_interfaces/share/navigator_interfaces/local_setup.zsh
[0.328s] -- Up-to-date: /home/ethereal/rm_2025/rmul_nav_2025/install/navigator_interfaces/share/navigator_interfaces/local_setup.dsv
[0.328s] -- Installing: /home/ethereal/rm_2025/rmul_nav_2025/install/navigator_interfaces/share/navigator_interfaces/package.dsv
[0.328s] -- Up-to-date: /home/ethereal/rm_2025/rmul_nav_2025/install/navigator_interfaces/share/ament_index/resource_index/packages/navigator_interfaces
[0.328s] -- Up-to-date: /home/ethereal/rm_2025/rmul_nav_2025/install/navigator_interfaces/share/navigator_interfaces/cmake/export_navigator_interfaces__rosidl_generator_cExport.cmake
[0.328s] -- Up-to-date: /home/ethereal/rm_2025/rmul_nav_2025/install/navigator_interfaces/share/navigator_interfaces/cmake/export_navigator_interfaces__rosidl_generator_cExport-noconfig.cmake
[0.328s] -- Up-to-date: /home/ethereal/rm_2025/rmul_nav_2025/install/navigator_interfaces/share/navigator_interfaces/cmake/export_navigator_interfaces__rosidl_typesupport_fastrtps_cExport.cmake
[0.328s] -- Up-to-date: /home/ethereal/rm_2025/rmul_nav_2025/install/navigator_interfaces/share/navigator_interfaces/cmake/export_navigator_interfaces__rosidl_typesupport_fastrtps_cExport-noconfig.cmake
[0.328s] -- Up-to-date: /home/ethereal/rm_2025/rmul_nav_2025/install/navigator_interfaces/share/navigator_interfaces/cmake/export_navigator_interfaces__rosidl_generator_cppExport.cmake
[0.328s] -- Up-to-date: /home/ethereal/rm_2025/rmul_nav_2025/install/navigator_interfaces/share/navigator_interfaces/cmake/export_navigator_interfaces__rosidl_typesupport_fastrtps_cppExport.cmake
[0.329s] -- Up-to-date: /home/ethereal/rm_2025/rmul_nav_2025/install/navigator_interfaces/share/navigator_interfaces/cmake/export_navigator_interfaces__rosidl_typesupport_fastrtps_cppExport-noconfig.cmake
[0.329s] -- Up-to-date: /home/ethereal/rm_2025/rmul_nav_2025/install/navigator_interfaces/share/navigator_interfaces/cmake/navigator_interfaces__rosidl_typesupport_introspection_cExport.cmake
[0.329s] -- Up-to-date: /home/ethereal/rm_2025/rmul_nav_2025/install/navigator_interfaces/share/navigator_interfaces/cmake/navigator_interfaces__rosidl_typesupport_introspection_cExport-noconfig.cmake
[0.329s] -- Up-to-date: /home/ethereal/rm_2025/rmul_nav_2025/install/navigator_interfaces/share/navigator_interfaces/cmake/navigator_interfaces__rosidl_typesupport_cExport.cmake
[0.329s] -- Up-to-date: /home/ethereal/rm_2025/rmul_nav_2025/install/navigator_interfaces/share/navigator_interfaces/cmake/navigator_interfaces__rosidl_typesupport_cExport-noconfig.cmake
[0.329s] -- Up-to-date: /home/ethereal/rm_2025/rmul_nav_2025/install/navigator_interfaces/share/navigator_interfaces/cmake/navigator_interfaces__rosidl_typesupport_introspection_cppExport.cmake
[0.329s] -- Up-to-date: /home/ethereal/rm_2025/rmul_nav_2025/install/navigator_interfaces/share/navigator_interfaces/cmake/navigator_interfaces__rosidl_typesupport_introspection_cppExport-noconfig.cmake
[0.329s] -- Up-to-date: /home/ethereal/rm_2025/rmul_nav_2025/install/navigator_interfaces/share/navigator_interfaces/cmake/navigator_interfaces__rosidl_typesupport_cppExport.cmake
[0.329s] -- Up-to-date: /home/ethereal/rm_2025/rmul_nav_2025/install/navigator_interfaces/share/navigator_interfaces/cmake/navigator_interfaces__rosidl_typesupport_cppExport-noconfig.cmake
[0.329s] -- Up-to-date: /home/ethereal/rm_2025/rmul_nav_2025/install/navigator_interfaces/share/navigator_interfaces/cmake/export_navigator_interfaces__rosidl_generator_pyExport.cmake
[0.330s] -- Up-to-date: /home/ethereal/rm_2025/rmul_nav_2025/install/navigator_interfaces/share/navigator_interfaces/cmake/export_navigator_interfaces__rosidl_generator_pyExport-noconfig.cmake
[0.330s] -- Up-to-date: /home/ethereal/rm_2025/rmul_nav_2025/install/navigator_interfaces/share/navigator_interfaces/cmake/rosidl_cmake-extras.cmake
[0.330s] -- Up-to-date: /home/ethereal/rm_2025/rmul_nav_2025/install/navigator_interfaces/share/navigator_interfaces/cmake/ament_cmake_export_dependencies-extras.cmake
[0.330s] -- Up-to-date: /home/ethereal/rm_2025/rmul_nav_2025/install/navigator_interfaces/share/navigator_interfaces/cmake/ament_cmake_export_include_directories-extras.cmake
[0.330s] -- Up-to-date: /home/ethereal/rm_2025/rmul_nav_2025/install/navigator_interfaces/share/navigator_interfaces/cmake/ament_cmake_export_libraries-extras.cmake
[0.330s] -- Up-to-date: /home/ethereal/rm_2025/rmul_nav_2025/install/navigator_interfaces/share/navigator_interfaces/cmake/ament_cmake_export_targets-extras.cmake
[0.330s] -- Up-to-date: /home/ethereal/rm_2025/rmul_nav_2025/install/navigator_interfaces/share/navigator_interfaces/cmake/rosidl_cmake_export_typesupport_targets-extras.cmake
[0.330s] -- Up-to-date: /home/ethereal/rm_2025/rmul_nav_2025/install/navigator_interfaces/share/navigator_interfaces/cmake/rosidl_cmake_export_typesupport_libraries-extras.cmake
[0.330s] -- Up-to-date: /home/ethereal/rm_2025/rmul_nav_2025/install/navigator_interfaces/share/navigator_interfaces/cmake/navigator_interfacesConfig.cmake
[0.331s] -- Up-to-date: /home/ethereal/rm_2025/rmul_nav_2025/install/navigator_interfaces/share/navigator_interfaces/cmake/navigator_interfacesConfig-version.cmake
[0.331s] -- Up-to-date: /home/ethereal/rm_2025/rmul_nav_2025/install/navigator_interfaces/share/navigator_interfaces/package.xml
[0.331s] Invoked command in '/home/ethereal/rm_2025/rmul_nav_2025/build/navigator_interfaces' returned '0': CMAKE_PREFIX_PATH=/opt/ros/humble PS1=\[\e[1;32m\]\u@\h\[\e[0m\]:\[\e[1;34m\]\w\[\e[0m\]\$ /usr/bin/cmake --install /home/ethereal/rm_2025/rmul_nav_2025/build/navigator_interfaces
