[0.195s] DEBUG:colcon:Command line arguments: ['/usr/bin/colcon', 'build']
[0.195s] DEBUG:colcon:Parsed command line arguments: Namespace(log_base=None, log_level=None, verb_name='build', build_base='build', install_base='install', merge_install=False, symlink_install=False, test_result_base=None, continue_on_error=False, executor='parallel', parallel_workers=20, event_handlers=None, ignore_user_meta=False, metas=['./colcon.meta'], base_paths=['.'], packages_ignore=None, packages_ignore_regex=None, paths=None, packages_up_to=None, packages_up_to_regex=None, packages_above=None, packages_above_and_dependencies=None, packages_above_depth=None, packages_select_by_dep=None, packages_skip_by_dep=None, packages_skip_up_to=None, packages_select_build_failed=False, packages_skip_build_finished=False, packages_select_test_failures=False, packages_skip_test_passed=False, packages_select=None, packages_skip=None, packages_select_regex=None, packages_skip_regex=None, packages_start=None, packages_end=None, allow_overriding=[], cmake_args=None, cmake_target=None, cmake_target_skip_unavailable=False, cmake_clean_cache=False, cmake_clean_first=False, cmake_force_configure=False, ament_cmake_args=None, catkin_cmake_args=None, catkin_skip_building_tests=False, mixin_files=None, mixin=None, verb_parser=<colcon_mixin.mixin.mixin_argument.MixinArgumentDecorator object at 0x7f95f319dde0>, verb_extension=<colcon_core.verb.build.BuildVerb object at 0x7f95f319d420>, main=<bound method BuildVerb.main of <colcon_core.verb.build.BuildVerb object at 0x7f95f319d420>>, mixin_verb=('build',))
[0.486s] Level 1:colcon.colcon_core.package_discovery:discover_packages(colcon_meta) check parameters
[0.486s] Level 1:colcon.colcon_core.package_discovery:discover_packages(recursive) check parameters
[0.486s] Level 1:colcon.colcon_core.package_discovery:discover_packages(ignore) check parameters
[0.486s] Level 1:colcon.colcon_core.package_discovery:discover_packages(path) check parameters
[0.486s] Level 1:colcon.colcon_core.package_discovery:discover_packages(colcon_meta) discover
[0.486s] Level 1:colcon.colcon_core.package_discovery:discover_packages(recursive) discover
[0.486s] INFO:colcon.colcon_core.package_discovery:Crawling recursively for packages in '/home/ethereal/rm_2025/rmul_nav_2025'
[0.486s] Level 1:colcon.colcon_core.package_identification:_identify(.) by extensions ['ignore', 'ignore_ament_install']
[0.487s] Level 1:colcon.colcon_core.package_identification:_identify(.) by extension 'ignore'
[0.487s] Level 1:colcon.colcon_core.package_identification:_identify(.) by extension 'ignore_ament_install'
[0.487s] Level 1:colcon.colcon_core.package_identification:_identify(.) by extensions ['colcon_pkg']
[0.487s] Level 1:colcon.colcon_core.package_identification:_identify(.) by extension 'colcon_pkg'
[0.487s] Level 1:colcon.colcon_core.package_identification:_identify(.) by extensions ['colcon_meta']
[0.487s] Level 1:colcon.colcon_core.package_identification:_identify(.) by extension 'colcon_meta'
[0.487s] Level 1:colcon.colcon_core.package_identification:_identify(.) by extensions ['ros']
[0.487s] Level 1:colcon.colcon_core.package_identification:_identify(.) by extension 'ros'
[0.501s] Level 1:colcon.colcon_core.package_identification:_identify(.) by extensions ['cmake', 'python']
[0.501s] Level 1:colcon.colcon_core.package_identification:_identify(.) by extension 'cmake'
[0.501s] Level 1:colcon.colcon_core.package_identification:_identify(.) by extension 'python'
[0.501s] Level 1:colcon.colcon_core.package_identification:_identify(.) by extensions ['python_setup_py']
[0.501s] Level 1:colcon.colcon_core.package_identification:_identify(.) by extension 'python_setup_py'
[0.501s] Level 1:colcon.colcon_core.package_identification:_identify(build) by extensions ['ignore', 'ignore_ament_install']
[0.502s] Level 1:colcon.colcon_core.package_identification:_identify(build) by extension 'ignore'
[0.502s] Level 1:colcon.colcon_core.package_identification:_identify(build) ignored
[0.502s] Level 1:colcon.colcon_core.package_identification:_identify(install) by extensions ['ignore', 'ignore_ament_install']
[0.502s] Level 1:colcon.colcon_core.package_identification:_identify(install) by extension 'ignore'
[0.502s] Level 1:colcon.colcon_core.package_identification:_identify(install) ignored
[0.502s] Level 1:colcon.colcon_core.package_identification:_identify(log) by extensions ['ignore', 'ignore_ament_install']
[0.502s] Level 1:colcon.colcon_core.package_identification:_identify(log) by extension 'ignore'
[0.502s] Level 1:colcon.colcon_core.package_identification:_identify(log) ignored
[0.502s] Level 1:colcon.colcon_core.package_identification:_identify(src) by extensions ['ignore', 'ignore_ament_install']
[0.502s] Level 1:colcon.colcon_core.package_identification:_identify(src) by extension 'ignore'
[0.502s] Level 1:colcon.colcon_core.package_identification:_identify(src) by extension 'ignore_ament_install'
[0.502s] Level 1:colcon.colcon_core.package_identification:_identify(src) by extensions ['colcon_pkg']
[0.502s] Level 1:colcon.colcon_core.package_identification:_identify(src) by extension 'colcon_pkg'
[0.502s] Level 1:colcon.colcon_core.package_identification:_identify(src) by extensions ['colcon_meta']
[0.502s] Level 1:colcon.colcon_core.package_identification:_identify(src) by extension 'colcon_meta'
[0.502s] Level 1:colcon.colcon_core.package_identification:_identify(src) by extensions ['ros']
[0.502s] Level 1:colcon.colcon_core.package_identification:_identify(src) by extension 'ros'
[0.502s] Level 1:colcon.colcon_core.package_identification:_identify(src) by extensions ['cmake', 'python']
[0.502s] Level 1:colcon.colcon_core.package_identification:_identify(src) by extension 'cmake'
[0.502s] Level 1:colcon.colcon_core.package_identification:_identify(src) by extension 'python'
[0.502s] Level 1:colcon.colcon_core.package_identification:_identify(src) by extensions ['python_setup_py']
[0.502s] Level 1:colcon.colcon_core.package_identification:_identify(src) by extension 'python_setup_py'
[0.503s] Level 1:colcon.colcon_core.package_identification:_identify(src/Action) by extensions ['ignore', 'ignore_ament_install']
[0.503s] Level 1:colcon.colcon_core.package_identification:_identify(src/Action) by extension 'ignore'
[0.503s] Level 1:colcon.colcon_core.package_identification:_identify(src/Action) by extension 'ignore_ament_install'
[0.503s] Level 1:colcon.colcon_core.package_identification:_identify(src/Action) by extensions ['colcon_pkg']
[0.503s] Level 1:colcon.colcon_core.package_identification:_identify(src/Action) by extension 'colcon_pkg'
[0.503s] Level 1:colcon.colcon_core.package_identification:_identify(src/Action) by extensions ['colcon_meta']
[0.503s] Level 1:colcon.colcon_core.package_identification:_identify(src/Action) by extension 'colcon_meta'
[0.503s] Level 1:colcon.colcon_core.package_identification:_identify(src/Action) by extensions ['ros']
[0.503s] Level 1:colcon.colcon_core.package_identification:_identify(src/Action) by extension 'ros'
[0.503s] Level 1:colcon.colcon_core.package_identification:_identify(src/Action) by extensions ['cmake', 'python']
[0.503s] Level 1:colcon.colcon_core.package_identification:_identify(src/Action) by extension 'cmake'
[0.503s] Level 1:colcon.colcon_core.package_identification:_identify(src/Action) by extension 'python'
[0.503s] Level 1:colcon.colcon_core.package_identification:_identify(src/Action) by extensions ['python_setup_py']
[0.503s] Level 1:colcon.colcon_core.package_identification:_identify(src/Action) by extension 'python_setup_py'
[0.503s] Level 1:colcon.colcon_core.package_identification:_identify(src/Action/navigator) by extensions ['ignore', 'ignore_ament_install']
[0.503s] Level 1:colcon.colcon_core.package_identification:_identify(src/Action/navigator) by extension 'ignore'
[0.503s] Level 1:colcon.colcon_core.package_identification:_identify(src/Action/navigator) by extension 'ignore_ament_install'
[0.503s] Level 1:colcon.colcon_core.package_identification:_identify(src/Action/navigator) by extensions ['colcon_pkg']
[0.503s] Level 1:colcon.colcon_core.package_identification:_identify(src/Action/navigator) by extension 'colcon_pkg'
[0.503s] Level 1:colcon.colcon_core.package_identification:_identify(src/Action/navigator) by extensions ['colcon_meta']
[0.503s] Level 1:colcon.colcon_core.package_identification:_identify(src/Action/navigator) by extension 'colcon_meta'
[0.503s] Level 1:colcon.colcon_core.package_identification:_identify(src/Action/navigator) by extensions ['ros']
[0.503s] Level 1:colcon.colcon_core.package_identification:_identify(src/Action/navigator) by extension 'ros'
[0.508s] DEBUG:colcon.colcon_core.package_identification:Package 'src/Action/navigator' with type 'ros.ament_cmake' and name 'navigator'
[0.508s] Level 1:colcon.colcon_core.package_identification:_identify(src/Action/navigator_interfaces) by extensions ['ignore', 'ignore_ament_install']
[0.508s] Level 1:colcon.colcon_core.package_identification:_identify(src/Action/navigator_interfaces) by extension 'ignore'
[0.508s] Level 1:colcon.colcon_core.package_identification:_identify(src/Action/navigator_interfaces) by extension 'ignore_ament_install'
[0.508s] Level 1:colcon.colcon_core.package_identification:_identify(src/Action/navigator_interfaces) by extensions ['colcon_pkg']
[0.508s] Level 1:colcon.colcon_core.package_identification:_identify(src/Action/navigator_interfaces) by extension 'colcon_pkg'
[0.508s] Level 1:colcon.colcon_core.package_identification:_identify(src/Action/navigator_interfaces) by extensions ['colcon_meta']
[0.508s] Level 1:colcon.colcon_core.package_identification:_identify(src/Action/navigator_interfaces) by extension 'colcon_meta'
[0.508s] Level 1:colcon.colcon_core.package_identification:_identify(src/Action/navigator_interfaces) by extensions ['ros']
[0.508s] Level 1:colcon.colcon_core.package_identification:_identify(src/Action/navigator_interfaces) by extension 'ros'
[0.509s] DEBUG:colcon.colcon_core.package_identification:Package 'src/Action/navigator_interfaces' with type 'ros.ament_cmake' and name 'navigator_interfaces'
[0.509s] Level 1:colcon.colcon_core.package_identification:_identify(src/Decision) by extensions ['ignore', 'ignore_ament_install']
[0.509s] Level 1:colcon.colcon_core.package_identification:_identify(src/Decision) by extension 'ignore'
[0.509s] Level 1:colcon.colcon_core.package_identification:_identify(src/Decision) by extension 'ignore_ament_install'
[0.509s] Level 1:colcon.colcon_core.package_identification:_identify(src/Decision) by extensions ['colcon_pkg']
[0.509s] Level 1:colcon.colcon_core.package_identification:_identify(src/Decision) by extension 'colcon_pkg'
[0.509s] Level 1:colcon.colcon_core.package_identification:_identify(src/Decision) by extensions ['colcon_meta']
[0.509s] Level 1:colcon.colcon_core.package_identification:_identify(src/Decision) by extension 'colcon_meta'
[0.509s] Level 1:colcon.colcon_core.package_identification:_identify(src/Decision) by extensions ['ros']
[0.509s] Level 1:colcon.colcon_core.package_identification:_identify(src/Decision) by extension 'ros'
[0.510s] Level 1:colcon.colcon_core.package_identification:_identify(src/Decision) by extensions ['cmake', 'python']
[0.510s] Level 1:colcon.colcon_core.package_identification:_identify(src/Decision) by extension 'cmake'
[0.510s] Level 1:colcon.colcon_core.package_identification:_identify(src/Decision) by extension 'python'
[0.510s] Level 1:colcon.colcon_core.package_identification:_identify(src/Decision) by extensions ['python_setup_py']
[0.510s] Level 1:colcon.colcon_core.package_identification:_identify(src/Decision) by extension 'python_setup_py'
[0.510s] Level 1:colcon.colcon_core.package_identification:_identify(src/Decision/pb_rm_interfaces) by extensions ['ignore', 'ignore_ament_install']
[0.510s] Level 1:colcon.colcon_core.package_identification:_identify(src/Decision/pb_rm_interfaces) by extension 'ignore'
[0.510s] Level 1:colcon.colcon_core.package_identification:_identify(src/Decision/pb_rm_interfaces) by extension 'ignore_ament_install'
[0.510s] Level 1:colcon.colcon_core.package_identification:_identify(src/Decision/pb_rm_interfaces) by extensions ['colcon_pkg']
[0.510s] Level 1:colcon.colcon_core.package_identification:_identify(src/Decision/pb_rm_interfaces) by extension 'colcon_pkg'
[0.510s] Level 1:colcon.colcon_core.package_identification:_identify(src/Decision/pb_rm_interfaces) by extensions ['colcon_meta']
[0.510s] Level 1:colcon.colcon_core.package_identification:_identify(src/Decision/pb_rm_interfaces) by extension 'colcon_meta'
[0.510s] Level 1:colcon.colcon_core.package_identification:_identify(src/Decision/pb_rm_interfaces) by extensions ['ros']
[0.510s] Level 1:colcon.colcon_core.package_identification:_identify(src/Decision/pb_rm_interfaces) by extension 'ros'
[0.511s] DEBUG:colcon.colcon_core.package_identification:Package 'src/Decision/pb_rm_interfaces' with type 'ros.ament_cmake' and name 'pb_rm_interfaces'
[0.511s] Level 1:colcon.colcon_core.package_identification:_identify(src/Decision/rmul_decision) by extensions ['ignore', 'ignore_ament_install']
[0.511s] Level 1:colcon.colcon_core.package_identification:_identify(src/Decision/rmul_decision) by extension 'ignore'
[0.511s] Level 1:colcon.colcon_core.package_identification:_identify(src/Decision/rmul_decision) by extension 'ignore_ament_install'
[0.511s] Level 1:colcon.colcon_core.package_identification:_identify(src/Decision/rmul_decision) by extensions ['colcon_pkg']
[0.511s] Level 1:colcon.colcon_core.package_identification:_identify(src/Decision/rmul_decision) by extension 'colcon_pkg'
[0.511s] Level 1:colcon.colcon_core.package_identification:_identify(src/Decision/rmul_decision) by extensions ['colcon_meta']
[0.511s] Level 1:colcon.colcon_core.package_identification:_identify(src/Decision/rmul_decision) by extension 'colcon_meta'
[0.511s] Level 1:colcon.colcon_core.package_identification:_identify(src/Decision/rmul_decision) by extensions ['ros']
[0.511s] Level 1:colcon.colcon_core.package_identification:_identify(src/Decision/rmul_decision) by extension 'ros'
[0.512s] DEBUG:colcon.colcon_core.package_identification:Package 'src/Decision/rmul_decision' with type 'ros.ament_cmake' and name 'rmul_decision'
[0.512s] Level 1:colcon.colcon_core.package_identification:_identify(src/Tool) by extensions ['ignore', 'ignore_ament_install']
[0.512s] Level 1:colcon.colcon_core.package_identification:_identify(src/Tool) by extension 'ignore'
[0.512s] Level 1:colcon.colcon_core.package_identification:_identify(src/Tool) by extension 'ignore_ament_install'
[0.512s] Level 1:colcon.colcon_core.package_identification:_identify(src/Tool) by extensions ['colcon_pkg']
[0.512s] Level 1:colcon.colcon_core.package_identification:_identify(src/Tool) by extension 'colcon_pkg'
[0.512s] Level 1:colcon.colcon_core.package_identification:_identify(src/Tool) by extensions ['colcon_meta']
[0.512s] Level 1:colcon.colcon_core.package_identification:_identify(src/Tool) by extension 'colcon_meta'
[0.512s] Level 1:colcon.colcon_core.package_identification:_identify(src/Tool) by extensions ['ros']
[0.512s] Level 1:colcon.colcon_core.package_identification:_identify(src/Tool) by extension 'ros'
[0.512s] Level 1:colcon.colcon_core.package_identification:_identify(src/Tool) by extensions ['cmake', 'python']
[0.512s] Level 1:colcon.colcon_core.package_identification:_identify(src/Tool) by extension 'cmake'
[0.512s] Level 1:colcon.colcon_core.package_identification:_identify(src/Tool) by extension 'python'
[0.512s] Level 1:colcon.colcon_core.package_identification:_identify(src/Tool) by extensions ['python_setup_py']
[0.513s] Level 1:colcon.colcon_core.package_identification:_identify(src/Tool) by extension 'python_setup_py'
[0.513s] Level 1:colcon.colcon_core.package_identification:_identify(src/Tool/terminal_listener) by extensions ['ignore', 'ignore_ament_install']
[0.513s] Level 1:colcon.colcon_core.package_identification:_identify(src/Tool/terminal_listener) by extension 'ignore'
[0.513s] Level 1:colcon.colcon_core.package_identification:_identify(src/Tool/terminal_listener) by extension 'ignore_ament_install'
[0.513s] Level 1:colcon.colcon_core.package_identification:_identify(src/Tool/terminal_listener) by extensions ['colcon_pkg']
[0.513s] Level 1:colcon.colcon_core.package_identification:_identify(src/Tool/terminal_listener) by extension 'colcon_pkg'
[0.513s] Level 1:colcon.colcon_core.package_identification:_identify(src/Tool/terminal_listener) by extensions ['colcon_meta']
[0.513s] Level 1:colcon.colcon_core.package_identification:_identify(src/Tool/terminal_listener) by extension 'colcon_meta'
[0.513s] Level 1:colcon.colcon_core.package_identification:_identify(src/Tool/terminal_listener) by extensions ['ros']
[0.513s] Level 1:colcon.colcon_core.package_identification:_identify(src/Tool/terminal_listener) by extension 'ros'
[0.514s] DEBUG:colcon.colcon_core.package_identification:Package 'src/Tool/terminal_listener' with type 'ros.ament_cmake' and name 'terminal_listener'
[0.514s] Level 1:colcon.colcon_core.package_discovery:discover_packages(recursive) using defaults
[0.514s] Level 1:colcon.colcon_core.package_discovery:discover_packages(ignore) discover
[0.514s] Level 1:colcon.colcon_core.package_discovery:discover_packages(ignore) using defaults
[0.514s] Level 1:colcon.colcon_core.package_discovery:discover_packages(path) discover
[0.514s] Level 1:colcon.colcon_core.package_discovery:discover_packages(path) using defaults
[0.551s] Level 1:colcon.colcon_core.package_discovery:discover_packages(prefix_path) check parameters
[0.551s] Level 1:colcon.colcon_core.package_discovery:discover_packages(prefix_path) discover
[0.554s] DEBUG:colcon.colcon_installed_package_information.package_discovery:Found 292 installed packages in /opt/ros/humble
[0.555s] Level 1:colcon.colcon_core.package_discovery:discover_packages(prefix_path) using defaults
[0.629s] Level 5:colcon.colcon_core.verb:set package 'navigator_interfaces' build argument 'cmake_args' from command line to 'None'
[0.629s] Level 5:colcon.colcon_core.verb:set package 'navigator_interfaces' build argument 'cmake_target' from command line to 'None'
[0.629s] Level 5:colcon.colcon_core.verb:set package 'navigator_interfaces' build argument 'cmake_target_skip_unavailable' from command line to 'False'
[0.629s] Level 5:colcon.colcon_core.verb:set package 'navigator_interfaces' build argument 'cmake_clean_cache' from command line to 'False'
[0.629s] Level 5:colcon.colcon_core.verb:set package 'navigator_interfaces' build argument 'cmake_clean_first' from command line to 'False'
[0.629s] Level 5:colcon.colcon_core.verb:set package 'navigator_interfaces' build argument 'cmake_force_configure' from command line to 'False'
[0.629s] Level 5:colcon.colcon_core.verb:set package 'navigator_interfaces' build argument 'ament_cmake_args' from command line to 'None'
[0.629s] Level 5:colcon.colcon_core.verb:set package 'navigator_interfaces' build argument 'catkin_cmake_args' from command line to 'None'
[0.629s] Level 5:colcon.colcon_core.verb:set package 'navigator_interfaces' build argument 'catkin_skip_building_tests' from command line to 'False'
[0.630s] DEBUG:colcon.colcon_core.verb:Building package 'navigator_interfaces' with the following arguments: {'ament_cmake_args': None, 'build_base': '/home/ethereal/rm_2025/rmul_nav_2025/build/navigator_interfaces', 'catkin_cmake_args': None, 'catkin_skip_building_tests': False, 'cmake_args': None, 'cmake_clean_cache': False, 'cmake_clean_first': False, 'cmake_force_configure': False, 'cmake_target': None, 'cmake_target_skip_unavailable': False, 'install_base': '/home/ethereal/rm_2025/rmul_nav_2025/install/navigator_interfaces', 'merge_install': False, 'path': '/home/ethereal/rm_2025/rmul_nav_2025/src/Action/navigator_interfaces', 'symlink_install': False, 'test_result_base': None}
[0.630s] Level 5:colcon.colcon_core.verb:set package 'pb_rm_interfaces' build argument 'cmake_args' from command line to 'None'
[0.630s] Level 5:colcon.colcon_core.verb:set package 'pb_rm_interfaces' build argument 'cmake_target' from command line to 'None'
[0.630s] Level 5:colcon.colcon_core.verb:set package 'pb_rm_interfaces' build argument 'cmake_target_skip_unavailable' from command line to 'False'
[0.630s] Level 5:colcon.colcon_core.verb:set package 'pb_rm_interfaces' build argument 'cmake_clean_cache' from command line to 'False'
[0.630s] Level 5:colcon.colcon_core.verb:set package 'pb_rm_interfaces' build argument 'cmake_clean_first' from command line to 'False'
[0.630s] Level 5:colcon.colcon_core.verb:set package 'pb_rm_interfaces' build argument 'cmake_force_configure' from command line to 'False'
[0.630s] Level 5:colcon.colcon_core.verb:set package 'pb_rm_interfaces' build argument 'ament_cmake_args' from command line to 'None'
[0.630s] Level 5:colcon.colcon_core.verb:set package 'pb_rm_interfaces' build argument 'catkin_cmake_args' from command line to 'None'
[0.630s] Level 5:colcon.colcon_core.verb:set package 'pb_rm_interfaces' build argument 'catkin_skip_building_tests' from command line to 'False'
[0.630s] DEBUG:colcon.colcon_core.verb:Building package 'pb_rm_interfaces' with the following arguments: {'ament_cmake_args': None, 'build_base': '/home/ethereal/rm_2025/rmul_nav_2025/build/pb_rm_interfaces', 'catkin_cmake_args': None, 'catkin_skip_building_tests': False, 'cmake_args': None, 'cmake_clean_cache': False, 'cmake_clean_first': False, 'cmake_force_configure': False, 'cmake_target': None, 'cmake_target_skip_unavailable': False, 'install_base': '/home/ethereal/rm_2025/rmul_nav_2025/install/pb_rm_interfaces', 'merge_install': False, 'path': '/home/ethereal/rm_2025/rmul_nav_2025/src/Decision/pb_rm_interfaces', 'symlink_install': False, 'test_result_base': None}
[0.630s] Level 5:colcon.colcon_core.verb:set package 'navigator' build argument 'cmake_args' from command line to 'None'
[0.630s] Level 5:colcon.colcon_core.verb:set package 'navigator' build argument 'cmake_target' from command line to 'None'
[0.630s] Level 5:colcon.colcon_core.verb:set package 'navigator' build argument 'cmake_target_skip_unavailable' from command line to 'False'
[0.630s] Level 5:colcon.colcon_core.verb:set package 'navigator' build argument 'cmake_clean_cache' from command line to 'False'
[0.630s] Level 5:colcon.colcon_core.verb:set package 'navigator' build argument 'cmake_clean_first' from command line to 'False'
[0.630s] Level 5:colcon.colcon_core.verb:set package 'navigator' build argument 'cmake_force_configure' from command line to 'False'
[0.630s] Level 5:colcon.colcon_core.verb:set package 'navigator' build argument 'ament_cmake_args' from command line to 'None'
[0.630s] Level 5:colcon.colcon_core.verb:set package 'navigator' build argument 'catkin_cmake_args' from command line to 'None'
[0.630s] Level 5:colcon.colcon_core.verb:set package 'navigator' build argument 'catkin_skip_building_tests' from command line to 'False'
[0.630s] DEBUG:colcon.colcon_core.verb:Building package 'navigator' with the following arguments: {'ament_cmake_args': None, 'build_base': '/home/ethereal/rm_2025/rmul_nav_2025/build/navigator', 'catkin_cmake_args': None, 'catkin_skip_building_tests': False, 'cmake_args': None, 'cmake_clean_cache': False, 'cmake_clean_first': False, 'cmake_force_configure': False, 'cmake_target': None, 'cmake_target_skip_unavailable': False, 'install_base': '/home/ethereal/rm_2025/rmul_nav_2025/install/navigator', 'merge_install': False, 'path': '/home/ethereal/rm_2025/rmul_nav_2025/src/Action/navigator', 'symlink_install': False, 'test_result_base': None}
[0.631s] Level 5:colcon.colcon_core.verb:set package 'rmul_decision' build argument 'cmake_args' from command line to 'None'
[0.631s] Level 5:colcon.colcon_core.verb:set package 'rmul_decision' build argument 'cmake_target' from command line to 'None'
[0.631s] Level 5:colcon.colcon_core.verb:set package 'rmul_decision' build argument 'cmake_target_skip_unavailable' from command line to 'False'
[0.631s] Level 5:colcon.colcon_core.verb:set package 'rmul_decision' build argument 'cmake_clean_cache' from command line to 'False'
[0.631s] Level 5:colcon.colcon_core.verb:set package 'rmul_decision' build argument 'cmake_clean_first' from command line to 'False'
[0.631s] Level 5:colcon.colcon_core.verb:set package 'rmul_decision' build argument 'cmake_force_configure' from command line to 'False'
[0.631s] Level 5:colcon.colcon_core.verb:set package 'rmul_decision' build argument 'ament_cmake_args' from command line to 'None'
[0.631s] Level 5:colcon.colcon_core.verb:set package 'rmul_decision' build argument 'catkin_cmake_args' from command line to 'None'
[0.631s] Level 5:colcon.colcon_core.verb:set package 'rmul_decision' build argument 'catkin_skip_building_tests' from command line to 'False'
[0.631s] DEBUG:colcon.colcon_core.verb:Building package 'rmul_decision' with the following arguments: {'ament_cmake_args': None, 'build_base': '/home/ethereal/rm_2025/rmul_nav_2025/build/rmul_decision', 'catkin_cmake_args': None, 'catkin_skip_building_tests': False, 'cmake_args': None, 'cmake_clean_cache': False, 'cmake_clean_first': False, 'cmake_force_configure': False, 'cmake_target': None, 'cmake_target_skip_unavailable': False, 'install_base': '/home/ethereal/rm_2025/rmul_nav_2025/install/rmul_decision', 'merge_install': False, 'path': '/home/ethereal/rm_2025/rmul_nav_2025/src/Decision/rmul_decision', 'symlink_install': False, 'test_result_base': None}
[0.631s] Level 5:colcon.colcon_core.verb:set package 'terminal_listener' build argument 'cmake_args' from command line to 'None'
[0.631s] Level 5:colcon.colcon_core.verb:set package 'terminal_listener' build argument 'cmake_target' from command line to 'None'
[0.631s] Level 5:colcon.colcon_core.verb:set package 'terminal_listener' build argument 'cmake_target_skip_unavailable' from command line to 'False'
[0.631s] Level 5:colcon.colcon_core.verb:set package 'terminal_listener' build argument 'cmake_clean_cache' from command line to 'False'
[0.631s] Level 5:colcon.colcon_core.verb:set package 'terminal_listener' build argument 'cmake_clean_first' from command line to 'False'
[0.631s] Level 5:colcon.colcon_core.verb:set package 'terminal_listener' build argument 'cmake_force_configure' from command line to 'False'
[0.631s] Level 5:colcon.colcon_core.verb:set package 'terminal_listener' build argument 'ament_cmake_args' from command line to 'None'
[0.631s] Level 5:colcon.colcon_core.verb:set package 'terminal_listener' build argument 'catkin_cmake_args' from command line to 'None'
[0.631s] Level 5:colcon.colcon_core.verb:set package 'terminal_listener' build argument 'catkin_skip_building_tests' from command line to 'False'
[0.631s] DEBUG:colcon.colcon_core.verb:Building package 'terminal_listener' with the following arguments: {'ament_cmake_args': None, 'build_base': '/home/ethereal/rm_2025/rmul_nav_2025/build/terminal_listener', 'catkin_cmake_args': None, 'catkin_skip_building_tests': False, 'cmake_args': None, 'cmake_clean_cache': False, 'cmake_clean_first': False, 'cmake_force_configure': False, 'cmake_target': None, 'cmake_target_skip_unavailable': False, 'install_base': '/home/ethereal/rm_2025/rmul_nav_2025/install/terminal_listener', 'merge_install': False, 'path': '/home/ethereal/rm_2025/rmul_nav_2025/src/Tool/terminal_listener', 'symlink_install': False, 'test_result_base': None}
[0.631s] INFO:colcon.colcon_core.executor:Executing jobs using 'parallel' executor
[0.632s] DEBUG:colcon.colcon_parallel_executor.executor.parallel:run_until_complete
[0.632s] INFO:colcon.colcon_ros.task.ament_cmake.build:Building ROS package in '/home/ethereal/rm_2025/rmul_nav_2025/src/Action/navigator_interfaces' with build type 'ament_cmake'
[0.633s] INFO:colcon.colcon_cmake.task.cmake.build:Building CMake package in '/home/ethereal/rm_2025/rmul_nav_2025/src/Action/navigator_interfaces'
[0.637s] INFO:colcon.colcon_core.plugin_system:Skipping extension 'colcon_core.shell.bat': Not used on non-Windows systems
[0.637s] INFO:colcon.colcon_core.shell:Skip shell extension 'powershell' for command environment: Not usable outside of PowerShell
[0.637s] DEBUG:colcon.colcon_core.shell:Skip shell extension 'dsv' for command environment
[0.640s] INFO:colcon.colcon_ros.task.ament_cmake.build:Building ROS package in '/home/ethereal/rm_2025/rmul_nav_2025/src/Decision/pb_rm_interfaces' with build type 'ament_cmake'
[0.640s] INFO:colcon.colcon_cmake.task.cmake.build:Building CMake package in '/home/ethereal/rm_2025/rmul_nav_2025/src/Decision/pb_rm_interfaces'
[0.640s] INFO:colcon.colcon_core.shell:Skip shell extension 'powershell' for command environment: Not usable outside of PowerShell
[0.641s] DEBUG:colcon.colcon_core.shell:Skip shell extension 'dsv' for command environment
[0.647s] DEBUG:colcon.colcon_core.event_handler.log_command:Invoking command in '/home/ethereal/rm_2025/rmul_nav_2025/build/navigator_interfaces': CMAKE_PREFIX_PATH=/opt/ros/humble PS1=\[\e[1;32m\]\u@\h\[\e[0m\]:\[\e[1;34m\]\w\[\e[0m\]\$ /usr/bin/cmake --build /home/ethereal/rm_2025/rmul_nav_2025/build/navigator_interfaces -- -j20 -l20
[0.654s] DEBUG:colcon.colcon_core.event_handler.log_command:Invoking command in '/home/ethereal/rm_2025/rmul_nav_2025/build/pb_rm_interfaces': CMAKE_PREFIX_PATH=/opt/ros/humble PS1=\[\e[1;32m\]\u@\h\[\e[0m\]:\[\e[1;34m\]\w\[\e[0m\]\$ /usr/bin/cmake --build /home/ethereal/rm_2025/rmul_nav_2025/build/pb_rm_interfaces -- -j20 -l20
[1.000s] DEBUG:colcon.colcon_core.event_handler.log_command:Invoked command in '/home/ethereal/rm_2025/rmul_nav_2025/build/navigator_interfaces' returned '0': CMAKE_PREFIX_PATH=/opt/ros/humble PS1=\[\e[1;32m\]\u@\h\[\e[0m\]:\[\e[1;34m\]\w\[\e[0m\]\$ /usr/bin/cmake --build /home/ethereal/rm_2025/rmul_nav_2025/build/navigator_interfaces -- -j20 -l20
[1.007s] DEBUG:colcon.colcon_core.event_handler.log_command:Invoking command in '/home/ethereal/rm_2025/rmul_nav_2025/build/navigator_interfaces': CMAKE_PREFIX_PATH=/opt/ros/humble PS1=\[\e[1;32m\]\u@\h\[\e[0m\]:\[\e[1;34m\]\w\[\e[0m\]\$ /usr/bin/cmake --install /home/ethereal/rm_2025/rmul_nav_2025/build/navigator_interfaces
[1.010s] DEBUG:colcon.colcon_core.event_handler.log_command:Invoked command in '/home/ethereal/rm_2025/rmul_nav_2025/build/pb_rm_interfaces' returned '0': CMAKE_PREFIX_PATH=/opt/ros/humble PS1=\[\e[1;32m\]\u@\h\[\e[0m\]:\[\e[1;34m\]\w\[\e[0m\]\$ /usr/bin/cmake --build /home/ethereal/rm_2025/rmul_nav_2025/build/pb_rm_interfaces -- -j20 -l20
[1.012s] DEBUG:colcon.colcon_core.event_handler.log_command:Invoking command in '/home/ethereal/rm_2025/rmul_nav_2025/build/pb_rm_interfaces': CMAKE_PREFIX_PATH=/opt/ros/humble PS1=\[\e[1;32m\]\u@\h\[\e[0m\]:\[\e[1;34m\]\w\[\e[0m\]\$ /usr/bin/cmake --install /home/ethereal/rm_2025/rmul_nav_2025/build/pb_rm_interfaces
[1.061s] Level 1:colcon.colcon_core.environment:create_environment_scripts_only(navigator_interfaces)
[1.062s] DEBUG:colcon.colcon_core.event_handler.log_command:Invoked command in '/home/ethereal/rm_2025/rmul_nav_2025/build/navigator_interfaces' returned '0': CMAKE_PREFIX_PATH=/opt/ros/humble PS1=\[\e[1;32m\]\u@\h\[\e[0m\]:\[\e[1;34m\]\w\[\e[0m\]\$ /usr/bin/cmake --install /home/ethereal/rm_2025/rmul_nav_2025/build/navigator_interfaces
[1.080s] Level 1:colcon.colcon_core.environment:checking '/home/ethereal/rm_2025/rmul_nav_2025/install/navigator_interfaces' for CMake module files
[1.080s] Level 1:colcon.colcon_core.environment:checking '/home/ethereal/rm_2025/rmul_nav_2025/install/navigator_interfaces' for CMake config files
[1.081s] Level 1:colcon.colcon_core.shell:create_environment_hook('navigator_interfaces', 'cmake_prefix_path')
[1.081s] INFO:colcon.colcon_core.shell:Creating environment hook '/home/ethereal/rm_2025/rmul_nav_2025/install/navigator_interfaces/share/navigator_interfaces/hook/cmake_prefix_path.ps1'
[1.082s] INFO:colcon.colcon_core.shell:Creating environment descriptor '/home/ethereal/rm_2025/rmul_nav_2025/install/navigator_interfaces/share/navigator_interfaces/hook/cmake_prefix_path.dsv'
[1.083s] INFO:colcon.colcon_core.shell:Creating environment hook '/home/ethereal/rm_2025/rmul_nav_2025/install/navigator_interfaces/share/navigator_interfaces/hook/cmake_prefix_path.sh'
[1.083s] Level 1:colcon.colcon_core.environment:checking '/home/ethereal/rm_2025/rmul_nav_2025/install/navigator_interfaces/lib'
[1.084s] Level 1:colcon.colcon_core.shell:create_environment_hook('navigator_interfaces', 'ld_library_path_lib')
[1.084s] INFO:colcon.colcon_core.shell:Creating environment hook '/home/ethereal/rm_2025/rmul_nav_2025/install/navigator_interfaces/share/navigator_interfaces/hook/ld_library_path_lib.ps1'
[1.084s] INFO:colcon.colcon_core.shell:Creating environment descriptor '/home/ethereal/rm_2025/rmul_nav_2025/install/navigator_interfaces/share/navigator_interfaces/hook/ld_library_path_lib.dsv'
[1.085s] INFO:colcon.colcon_core.shell:Creating environment hook '/home/ethereal/rm_2025/rmul_nav_2025/install/navigator_interfaces/share/navigator_interfaces/hook/ld_library_path_lib.sh'
[1.085s] Level 1:colcon.colcon_core.environment:checking '/home/ethereal/rm_2025/rmul_nav_2025/install/navigator_interfaces/bin'
[1.085s] Level 1:colcon.colcon_core.environment:checking '/home/ethereal/rm_2025/rmul_nav_2025/install/navigator_interfaces/lib/pkgconfig/navigator_interfaces.pc'
[1.085s] Level 1:colcon.colcon_core.environment:checking '/home/ethereal/rm_2025/rmul_nav_2025/install/navigator_interfaces/lib/python3.10/site-packages'
[1.085s] Level 1:colcon.colcon_core.environment:checking '/home/ethereal/rm_2025/rmul_nav_2025/install/navigator_interfaces/bin'
[1.086s] INFO:colcon.colcon_core.shell:Creating package script '/home/ethereal/rm_2025/rmul_nav_2025/install/navigator_interfaces/share/navigator_interfaces/package.ps1'
[1.087s] INFO:colcon.colcon_core.shell:Creating package descriptor '/home/ethereal/rm_2025/rmul_nav_2025/install/navigator_interfaces/share/navigator_interfaces/package.dsv'
[1.087s] INFO:colcon.colcon_core.shell:Creating package script '/home/ethereal/rm_2025/rmul_nav_2025/install/navigator_interfaces/share/navigator_interfaces/package.sh'
[1.088s] INFO:colcon.colcon_core.shell:Creating package script '/home/ethereal/rm_2025/rmul_nav_2025/install/navigator_interfaces/share/navigator_interfaces/package.bash'
[1.089s] INFO:colcon.colcon_core.shell:Creating package script '/home/ethereal/rm_2025/rmul_nav_2025/install/navigator_interfaces/share/navigator_interfaces/package.zsh'
[1.090s] Level 1:colcon.colcon_core.environment:create_file_with_runtime_dependencies(/home/ethereal/rm_2025/rmul_nav_2025/install/navigator_interfaces/share/colcon-core/packages/navigator_interfaces)
[1.090s] Level 1:colcon.colcon_core.environment:create_environment_scripts_only(navigator_interfaces)
[1.091s] Level 1:colcon.colcon_core.environment:checking '/home/ethereal/rm_2025/rmul_nav_2025/install/navigator_interfaces' for CMake module files
[1.091s] Level 1:colcon.colcon_core.environment:checking '/home/ethereal/rm_2025/rmul_nav_2025/install/navigator_interfaces' for CMake config files
[1.091s] Level 1:colcon.colcon_core.shell:create_environment_hook('navigator_interfaces', 'cmake_prefix_path')
[1.092s] INFO:colcon.colcon_core.shell:Creating environment hook '/home/ethereal/rm_2025/rmul_nav_2025/install/navigator_interfaces/share/navigator_interfaces/hook/cmake_prefix_path.ps1'
[1.092s] INFO:colcon.colcon_core.shell:Creating environment descriptor '/home/ethereal/rm_2025/rmul_nav_2025/install/navigator_interfaces/share/navigator_interfaces/hook/cmake_prefix_path.dsv'
[1.092s] INFO:colcon.colcon_core.shell:Creating environment hook '/home/ethereal/rm_2025/rmul_nav_2025/install/navigator_interfaces/share/navigator_interfaces/hook/cmake_prefix_path.sh'
[1.093s] Level 1:colcon.colcon_core.environment:checking '/home/ethereal/rm_2025/rmul_nav_2025/install/navigator_interfaces/lib'
[1.093s] Level 1:colcon.colcon_core.shell:create_environment_hook('navigator_interfaces', 'ld_library_path_lib')
[1.093s] INFO:colcon.colcon_core.shell:Creating environment hook '/home/ethereal/rm_2025/rmul_nav_2025/install/navigator_interfaces/share/navigator_interfaces/hook/ld_library_path_lib.ps1'
[1.093s] INFO:colcon.colcon_core.shell:Creating environment descriptor '/home/ethereal/rm_2025/rmul_nav_2025/install/navigator_interfaces/share/navigator_interfaces/hook/ld_library_path_lib.dsv'
[1.094s] INFO:colcon.colcon_core.shell:Creating environment hook '/home/ethereal/rm_2025/rmul_nav_2025/install/navigator_interfaces/share/navigator_interfaces/hook/ld_library_path_lib.sh'
[1.094s] Level 1:colcon.colcon_core.environment:checking '/home/ethereal/rm_2025/rmul_nav_2025/install/navigator_interfaces/bin'
[1.094s] Level 1:colcon.colcon_core.environment:checking '/home/ethereal/rm_2025/rmul_nav_2025/install/navigator_interfaces/lib/pkgconfig/navigator_interfaces.pc'
[1.094s] Level 1:colcon.colcon_core.environment:checking '/home/ethereal/rm_2025/rmul_nav_2025/install/navigator_interfaces/lib/python3.10/site-packages'
[1.094s] Level 1:colcon.colcon_core.environment:checking '/home/ethereal/rm_2025/rmul_nav_2025/install/navigator_interfaces/bin'
[1.095s] INFO:colcon.colcon_core.shell:Creating package script '/home/ethereal/rm_2025/rmul_nav_2025/install/navigator_interfaces/share/navigator_interfaces/package.ps1'
[1.096s] INFO:colcon.colcon_core.shell:Creating package descriptor '/home/ethereal/rm_2025/rmul_nav_2025/install/navigator_interfaces/share/navigator_interfaces/package.dsv'
[1.096s] INFO:colcon.colcon_core.shell:Creating package script '/home/ethereal/rm_2025/rmul_nav_2025/install/navigator_interfaces/share/navigator_interfaces/package.sh'
[1.096s] INFO:colcon.colcon_core.shell:Creating package script '/home/ethereal/rm_2025/rmul_nav_2025/install/navigator_interfaces/share/navigator_interfaces/package.bash'
[1.097s] INFO:colcon.colcon_core.shell:Creating package script '/home/ethereal/rm_2025/rmul_nav_2025/install/navigator_interfaces/share/navigator_interfaces/package.zsh'
[1.097s] Level 1:colcon.colcon_core.environment:create_file_with_runtime_dependencies(/home/ethereal/rm_2025/rmul_nav_2025/install/navigator_interfaces/share/colcon-core/packages/navigator_interfaces)
[1.097s] INFO:colcon.colcon_ros.task.ament_cmake.build:Building ROS package in '/home/ethereal/rm_2025/rmul_nav_2025/src/Action/navigator' with build type 'ament_cmake'
[1.097s] INFO:colcon.colcon_cmake.task.cmake.build:Building CMake package in '/home/ethereal/rm_2025/rmul_nav_2025/src/Action/navigator'
[1.098s] INFO:colcon.colcon_core.shell:Skip shell extension 'powershell' for command environment: Not usable outside of PowerShell
[1.098s] DEBUG:colcon.colcon_core.shell:Skip shell extension 'dsv' for command environment
[1.101s] INFO:colcon.colcon_ros.task.ament_cmake.build:Building ROS package in '/home/ethereal/rm_2025/rmul_nav_2025/src/Tool/terminal_listener' with build type 'ament_cmake'
[1.102s] INFO:colcon.colcon_cmake.task.cmake.build:Building CMake package in '/home/ethereal/rm_2025/rmul_nav_2025/src/Tool/terminal_listener'
[1.102s] INFO:colcon.colcon_core.shell:Skip shell extension 'powershell' for command environment: Not usable outside of PowerShell
[1.102s] DEBUG:colcon.colcon_core.shell:Skip shell extension 'dsv' for command environment
[1.106s] Level 1:colcon.colcon_core.environment:create_environment_scripts_only(pb_rm_interfaces)
[1.106s] DEBUG:colcon.colcon_core.event_handler.log_command:Invoked command in '/home/ethereal/rm_2025/rmul_nav_2025/build/pb_rm_interfaces' returned '0': CMAKE_PREFIX_PATH=/opt/ros/humble PS1=\[\e[1;32m\]\u@\h\[\e[0m\]:\[\e[1;34m\]\w\[\e[0m\]\$ /usr/bin/cmake --install /home/ethereal/rm_2025/rmul_nav_2025/build/pb_rm_interfaces
[1.106s] Level 1:colcon.colcon_core.environment:checking '/home/ethereal/rm_2025/rmul_nav_2025/install/pb_rm_interfaces' for CMake module files
[1.107s] Level 1:colcon.colcon_core.environment:checking '/home/ethereal/rm_2025/rmul_nav_2025/install/pb_rm_interfaces' for CMake config files
[1.108s] Level 1:colcon.colcon_core.shell:create_environment_hook('pb_rm_interfaces', 'cmake_prefix_path')
[1.108s] INFO:colcon.colcon_core.shell:Creating environment hook '/home/ethereal/rm_2025/rmul_nav_2025/install/pb_rm_interfaces/share/pb_rm_interfaces/hook/cmake_prefix_path.ps1'
[1.109s] INFO:colcon.colcon_core.shell:Creating environment descriptor '/home/ethereal/rm_2025/rmul_nav_2025/install/pb_rm_interfaces/share/pb_rm_interfaces/hook/cmake_prefix_path.dsv'
[1.109s] INFO:colcon.colcon_core.shell:Creating environment hook '/home/ethereal/rm_2025/rmul_nav_2025/install/pb_rm_interfaces/share/pb_rm_interfaces/hook/cmake_prefix_path.sh'
[1.110s] Level 1:colcon.colcon_core.environment:checking '/home/ethereal/rm_2025/rmul_nav_2025/install/pb_rm_interfaces/lib'
[1.110s] Level 1:colcon.colcon_core.shell:create_environment_hook('pb_rm_interfaces', 'ld_library_path_lib')
[1.110s] INFO:colcon.colcon_core.shell:Creating environment hook '/home/ethereal/rm_2025/rmul_nav_2025/install/pb_rm_interfaces/share/pb_rm_interfaces/hook/ld_library_path_lib.ps1'
[1.111s] INFO:colcon.colcon_core.shell:Creating environment descriptor '/home/ethereal/rm_2025/rmul_nav_2025/install/pb_rm_interfaces/share/pb_rm_interfaces/hook/ld_library_path_lib.dsv'
[1.111s] INFO:colcon.colcon_core.shell:Creating environment hook '/home/ethereal/rm_2025/rmul_nav_2025/install/pb_rm_interfaces/share/pb_rm_interfaces/hook/ld_library_path_lib.sh'
[1.111s] Level 1:colcon.colcon_core.environment:checking '/home/ethereal/rm_2025/rmul_nav_2025/install/pb_rm_interfaces/bin'
[1.111s] Level 1:colcon.colcon_core.environment:checking '/home/ethereal/rm_2025/rmul_nav_2025/install/pb_rm_interfaces/lib/pkgconfig/pb_rm_interfaces.pc'
[1.112s] Level 1:colcon.colcon_core.environment:checking '/home/ethereal/rm_2025/rmul_nav_2025/install/pb_rm_interfaces/lib/python3.10/site-packages'
[1.112s] Level 1:colcon.colcon_core.environment:checking '/home/ethereal/rm_2025/rmul_nav_2025/install/pb_rm_interfaces/bin'
[1.112s] INFO:colcon.colcon_core.shell:Creating package script '/home/ethereal/rm_2025/rmul_nav_2025/install/pb_rm_interfaces/share/pb_rm_interfaces/package.ps1'
[1.113s] INFO:colcon.colcon_core.shell:Creating package descriptor '/home/ethereal/rm_2025/rmul_nav_2025/install/pb_rm_interfaces/share/pb_rm_interfaces/package.dsv'
[1.113s] INFO:colcon.colcon_core.shell:Creating package script '/home/ethereal/rm_2025/rmul_nav_2025/install/pb_rm_interfaces/share/pb_rm_interfaces/package.sh'
[1.114s] INFO:colcon.colcon_core.shell:Creating package script '/home/ethereal/rm_2025/rmul_nav_2025/install/pb_rm_interfaces/share/pb_rm_interfaces/package.bash'
[1.114s] INFO:colcon.colcon_core.shell:Creating package script '/home/ethereal/rm_2025/rmul_nav_2025/install/pb_rm_interfaces/share/pb_rm_interfaces/package.zsh'
[1.115s] Level 1:colcon.colcon_core.environment:create_file_with_runtime_dependencies(/home/ethereal/rm_2025/rmul_nav_2025/install/pb_rm_interfaces/share/colcon-core/packages/pb_rm_interfaces)
[1.115s] Level 1:colcon.colcon_core.environment:create_environment_scripts_only(pb_rm_interfaces)
[1.116s] Level 1:colcon.colcon_core.environment:checking '/home/ethereal/rm_2025/rmul_nav_2025/install/pb_rm_interfaces' for CMake module files
[1.116s] Level 1:colcon.colcon_core.environment:checking '/home/ethereal/rm_2025/rmul_nav_2025/install/pb_rm_interfaces' for CMake config files
[1.116s] Level 1:colcon.colcon_core.shell:create_environment_hook('pb_rm_interfaces', 'cmake_prefix_path')
[1.117s] INFO:colcon.colcon_core.shell:Creating environment hook '/home/ethereal/rm_2025/rmul_nav_2025/install/pb_rm_interfaces/share/pb_rm_interfaces/hook/cmake_prefix_path.ps1'
[1.117s] INFO:colcon.colcon_core.shell:Creating environment descriptor '/home/ethereal/rm_2025/rmul_nav_2025/install/pb_rm_interfaces/share/pb_rm_interfaces/hook/cmake_prefix_path.dsv'
[1.117s] INFO:colcon.colcon_core.shell:Creating environment hook '/home/ethereal/rm_2025/rmul_nav_2025/install/pb_rm_interfaces/share/pb_rm_interfaces/hook/cmake_prefix_path.sh'
[1.118s] Level 1:colcon.colcon_core.environment:checking '/home/ethereal/rm_2025/rmul_nav_2025/install/pb_rm_interfaces/lib'
[1.118s] Level 1:colcon.colcon_core.shell:create_environment_hook('pb_rm_interfaces', 'ld_library_path_lib')
[1.118s] INFO:colcon.colcon_core.shell:Creating environment hook '/home/ethereal/rm_2025/rmul_nav_2025/install/pb_rm_interfaces/share/pb_rm_interfaces/hook/ld_library_path_lib.ps1'
[1.118s] INFO:colcon.colcon_core.shell:Creating environment descriptor '/home/ethereal/rm_2025/rmul_nav_2025/install/pb_rm_interfaces/share/pb_rm_interfaces/hook/ld_library_path_lib.dsv'
[1.119s] INFO:colcon.colcon_core.shell:Creating environment hook '/home/ethereal/rm_2025/rmul_nav_2025/install/pb_rm_interfaces/share/pb_rm_interfaces/hook/ld_library_path_lib.sh'
[1.119s] Level 1:colcon.colcon_core.environment:checking '/home/ethereal/rm_2025/rmul_nav_2025/install/pb_rm_interfaces/bin'
[1.119s] Level 1:colcon.colcon_core.environment:checking '/home/ethereal/rm_2025/rmul_nav_2025/install/pb_rm_interfaces/lib/pkgconfig/pb_rm_interfaces.pc'
[1.119s] Level 1:colcon.colcon_core.environment:checking '/home/ethereal/rm_2025/rmul_nav_2025/install/pb_rm_interfaces/lib/python3.10/site-packages'
[1.120s] Level 1:colcon.colcon_core.environment:checking '/home/ethereal/rm_2025/rmul_nav_2025/install/pb_rm_interfaces/bin'
[1.120s] INFO:colcon.colcon_core.shell:Creating package script '/home/ethereal/rm_2025/rmul_nav_2025/install/pb_rm_interfaces/share/pb_rm_interfaces/package.ps1'
[1.120s] INFO:colcon.colcon_core.shell:Creating package descriptor '/home/ethereal/rm_2025/rmul_nav_2025/install/pb_rm_interfaces/share/pb_rm_interfaces/package.dsv'
[1.121s] INFO:colcon.colcon_core.shell:Creating package script '/home/ethereal/rm_2025/rmul_nav_2025/install/pb_rm_interfaces/share/pb_rm_interfaces/package.sh'
[1.121s] INFO:colcon.colcon_core.shell:Creating package script '/home/ethereal/rm_2025/rmul_nav_2025/install/pb_rm_interfaces/share/pb_rm_interfaces/package.bash'
[1.121s] INFO:colcon.colcon_core.shell:Creating package script '/home/ethereal/rm_2025/rmul_nav_2025/install/pb_rm_interfaces/share/pb_rm_interfaces/package.zsh'
[1.122s] Level 1:colcon.colcon_core.environment:create_file_with_runtime_dependencies(/home/ethereal/rm_2025/rmul_nav_2025/install/pb_rm_interfaces/share/colcon-core/packages/pb_rm_interfaces)
[1.123s] INFO:colcon.colcon_ros.task.ament_cmake.build:Building ROS package in '/home/ethereal/rm_2025/rmul_nav_2025/src/Decision/rmul_decision' with build type 'ament_cmake'
[1.123s] INFO:colcon.colcon_cmake.task.cmake.build:Building CMake package in '/home/ethereal/rm_2025/rmul_nav_2025/src/Decision/rmul_decision'
[1.123s] INFO:colcon.colcon_core.shell:Skip shell extension 'powershell' for command environment: Not usable outside of PowerShell
[1.123s] DEBUG:colcon.colcon_core.shell:Skip shell extension 'dsv' for command environment
[1.130s] DEBUG:colcon.colcon_core.event_handler.log_command:Invoking command in '/home/ethereal/rm_2025/rmul_nav_2025/build/navigator': AMENT_PREFIX_PATH=/home/ethereal/rm_2025/rmul_nav_2025/install/navigator_interfaces:${AMENT_PREFIX_PATH} CMAKE_PREFIX_PATH=/home/ethereal/rm_2025/rmul_nav_2025/install/navigator_interfaces:/opt/ros/humble LD_LIBRARY_PATH=/home/ethereal/rm_2025/rmul_nav_2025/install/navigator_interfaces/lib:${LD_LIBRARY_PATH} PS1=\[\e[1;32m\]\u@\h\[\e[0m\]:\[\e[1;34m\]\w\[\e[0m\]\$ PYTHONPATH=/home/ethereal/rm_2025/rmul_nav_2025/install/navigator_interfaces/local/lib/python3.10/dist-packages:${PYTHONPATH} /usr/bin/cmake --build /home/ethereal/rm_2025/rmul_nav_2025/build/navigator -- -j20 -l20
[1.135s] DEBUG:colcon.colcon_core.event_handler.log_command:Invoking command in '/home/ethereal/rm_2025/rmul_nav_2025/build/terminal_listener': AMENT_PREFIX_PATH=/home/ethereal/rm_2025/rmul_nav_2025/install/navigator_interfaces:${AMENT_PREFIX_PATH} CMAKE_PREFIX_PATH=/home/ethereal/rm_2025/rmul_nav_2025/install/navigator_interfaces:/opt/ros/humble LD_LIBRARY_PATH=/home/ethereal/rm_2025/rmul_nav_2025/install/navigator_interfaces/lib:${LD_LIBRARY_PATH} PS1=\[\e[1;32m\]\u@\h\[\e[0m\]:\[\e[1;34m\]\w\[\e[0m\]\$ PYTHONPATH=/home/ethereal/rm_2025/rmul_nav_2025/install/navigator_interfaces/local/lib/python3.10/dist-packages:${PYTHONPATH} /usr/bin/cmake --build /home/ethereal/rm_2025/rmul_nav_2025/build/terminal_listener -- -j20 -l20
[1.139s] DEBUG:colcon.colcon_core.event_handler.log_command:Invoking command in '/home/ethereal/rm_2025/rmul_nav_2025/build/rmul_decision': AMENT_PREFIX_PATH=/home/ethereal/rm_2025/rmul_nav_2025/install/pb_rm_interfaces:/home/ethereal/rm_2025/rmul_nav_2025/install/navigator_interfaces:${AMENT_PREFIX_PATH} CMAKE_PREFIX_PATH=/home/ethereal/rm_2025/rmul_nav_2025/install/pb_rm_interfaces:/home/ethereal/rm_2025/rmul_nav_2025/install/navigator_interfaces:/opt/ros/humble LD_LIBRARY_PATH=/home/ethereal/rm_2025/rmul_nav_2025/install/pb_rm_interfaces/lib:/home/ethereal/rm_2025/rmul_nav_2025/install/navigator_interfaces/lib:${LD_LIBRARY_PATH} PS1=\[\e[1;32m\]\u@\h\[\e[0m\]:\[\e[1;34m\]\w\[\e[0m\]\$ PYTHONPATH=/home/ethereal/rm_2025/rmul_nav_2025/install/pb_rm_interfaces/local/lib/python3.10/dist-packages:/home/ethereal/rm_2025/rmul_nav_2025/install/navigator_interfaces/local/lib/python3.10/dist-packages:${PYTHONPATH} /usr/bin/cmake --build /home/ethereal/rm_2025/rmul_nav_2025/build/rmul_decision -- -j20 -l20
[1.185s] DEBUG:colcon.colcon_core.event_handler.log_command:Invoked command in '/home/ethereal/rm_2025/rmul_nav_2025/build/terminal_listener' returned '0': AMENT_PREFIX_PATH=/home/ethereal/rm_2025/rmul_nav_2025/install/navigator_interfaces:${AMENT_PREFIX_PATH} CMAKE_PREFIX_PATH=/home/ethereal/rm_2025/rmul_nav_2025/install/navigator_interfaces:/opt/ros/humble LD_LIBRARY_PATH=/home/ethereal/rm_2025/rmul_nav_2025/install/navigator_interfaces/lib:${LD_LIBRARY_PATH} PS1=\[\e[1;32m\]\u@\h\[\e[0m\]:\[\e[1;34m\]\w\[\e[0m\]\$ PYTHONPATH=/home/ethereal/rm_2025/rmul_nav_2025/install/navigator_interfaces/local/lib/python3.10/dist-packages:${PYTHONPATH} /usr/bin/cmake --build /home/ethereal/rm_2025/rmul_nav_2025/build/terminal_listener -- -j20 -l20
[1.188s] DEBUG:colcon.colcon_core.event_handler.log_command:Invoking command in '/home/ethereal/rm_2025/rmul_nav_2025/build/terminal_listener': AMENT_PREFIX_PATH=/home/ethereal/rm_2025/rmul_nav_2025/install/navigator_interfaces:${AMENT_PREFIX_PATH} CMAKE_PREFIX_PATH=/home/ethereal/rm_2025/rmul_nav_2025/install/navigator_interfaces:/opt/ros/humble LD_LIBRARY_PATH=/home/ethereal/rm_2025/rmul_nav_2025/install/navigator_interfaces/lib:${LD_LIBRARY_PATH} PS1=\[\e[1;32m\]\u@\h\[\e[0m\]:\[\e[1;34m\]\w\[\e[0m\]\$ PYTHONPATH=/home/ethereal/rm_2025/rmul_nav_2025/install/navigator_interfaces/local/lib/python3.10/dist-packages:${PYTHONPATH} /usr/bin/cmake --install /home/ethereal/rm_2025/rmul_nav_2025/build/terminal_listener
[1.196s] Level 1:colcon.colcon_core.environment:create_environment_scripts_only(terminal_listener)
[1.197s] Level 1:colcon.colcon_core.environment:checking '/home/ethereal/rm_2025/rmul_nav_2025/install/terminal_listener' for CMake module files
[1.198s] DEBUG:colcon.colcon_core.event_handler.log_command:Invoked command in '/home/ethereal/rm_2025/rmul_nav_2025/build/terminal_listener' returned '0': AMENT_PREFIX_PATH=/home/ethereal/rm_2025/rmul_nav_2025/install/navigator_interfaces:${AMENT_PREFIX_PATH} CMAKE_PREFIX_PATH=/home/ethereal/rm_2025/rmul_nav_2025/install/navigator_interfaces:/opt/ros/humble LD_LIBRARY_PATH=/home/ethereal/rm_2025/rmul_nav_2025/install/navigator_interfaces/lib:${LD_LIBRARY_PATH} PS1=\[\e[1;32m\]\u@\h\[\e[0m\]:\[\e[1;34m\]\w\[\e[0m\]\$ PYTHONPATH=/home/ethereal/rm_2025/rmul_nav_2025/install/navigator_interfaces/local/lib/python3.10/dist-packages:${PYTHONPATH} /usr/bin/cmake --install /home/ethereal/rm_2025/rmul_nav_2025/build/terminal_listener
[1.198s] Level 1:colcon.colcon_core.environment:checking '/home/ethereal/rm_2025/rmul_nav_2025/install/terminal_listener' for CMake config files
[1.199s] Level 1:colcon.colcon_core.shell:create_environment_hook('terminal_listener', 'cmake_prefix_path')
[1.199s] INFO:colcon.colcon_core.shell:Creating environment hook '/home/ethereal/rm_2025/rmul_nav_2025/install/terminal_listener/share/terminal_listener/hook/cmake_prefix_path.ps1'
[1.200s] INFO:colcon.colcon_core.shell:Creating environment descriptor '/home/ethereal/rm_2025/rmul_nav_2025/install/terminal_listener/share/terminal_listener/hook/cmake_prefix_path.dsv'
[1.200s] INFO:colcon.colcon_core.shell:Creating environment hook '/home/ethereal/rm_2025/rmul_nav_2025/install/terminal_listener/share/terminal_listener/hook/cmake_prefix_path.sh'
[1.201s] Level 1:colcon.colcon_core.environment:checking '/home/ethereal/rm_2025/rmul_nav_2025/install/terminal_listener/lib'
[1.201s] Level 1:colcon.colcon_core.environment:checking '/home/ethereal/rm_2025/rmul_nav_2025/install/terminal_listener/bin'
[1.201s] Level 1:colcon.colcon_core.environment:checking '/home/ethereal/rm_2025/rmul_nav_2025/install/terminal_listener/lib/pkgconfig/terminal_listener.pc'
[1.201s] Level 1:colcon.colcon_core.environment:checking '/home/ethereal/rm_2025/rmul_nav_2025/install/terminal_listener/lib/python3.10/site-packages'
[1.201s] Level 1:colcon.colcon_core.environment:checking '/home/ethereal/rm_2025/rmul_nav_2025/install/terminal_listener/bin'
[1.202s] INFO:colcon.colcon_core.shell:Creating package script '/home/ethereal/rm_2025/rmul_nav_2025/install/terminal_listener/share/terminal_listener/package.ps1'
[1.202s] INFO:colcon.colcon_core.shell:Creating package descriptor '/home/ethereal/rm_2025/rmul_nav_2025/install/terminal_listener/share/terminal_listener/package.dsv'
[1.203s] INFO:colcon.colcon_core.shell:Creating package script '/home/ethereal/rm_2025/rmul_nav_2025/install/terminal_listener/share/terminal_listener/package.sh'
[1.203s] INFO:colcon.colcon_core.shell:Creating package script '/home/ethereal/rm_2025/rmul_nav_2025/install/terminal_listener/share/terminal_listener/package.bash'
[1.203s] INFO:colcon.colcon_core.shell:Creating package script '/home/ethereal/rm_2025/rmul_nav_2025/install/terminal_listener/share/terminal_listener/package.zsh'
[1.204s] Level 1:colcon.colcon_core.environment:create_file_with_runtime_dependencies(/home/ethereal/rm_2025/rmul_nav_2025/install/terminal_listener/share/colcon-core/packages/terminal_listener)
[1.204s] Level 1:colcon.colcon_core.environment:create_environment_scripts_only(terminal_listener)
[1.204s] Level 1:colcon.colcon_core.environment:checking '/home/ethereal/rm_2025/rmul_nav_2025/install/terminal_listener' for CMake module files
[1.205s] Level 1:colcon.colcon_core.environment:checking '/home/ethereal/rm_2025/rmul_nav_2025/install/terminal_listener' for CMake config files
[1.205s] Level 1:colcon.colcon_core.shell:create_environment_hook('terminal_listener', 'cmake_prefix_path')
[1.206s] INFO:colcon.colcon_core.shell:Creating environment hook '/home/ethereal/rm_2025/rmul_nav_2025/install/terminal_listener/share/terminal_listener/hook/cmake_prefix_path.ps1'
[1.206s] INFO:colcon.colcon_core.shell:Creating environment descriptor '/home/ethereal/rm_2025/rmul_nav_2025/install/terminal_listener/share/terminal_listener/hook/cmake_prefix_path.dsv'
[1.206s] INFO:colcon.colcon_core.shell:Creating environment hook '/home/ethereal/rm_2025/rmul_nav_2025/install/terminal_listener/share/terminal_listener/hook/cmake_prefix_path.sh'
[1.207s] Level 1:colcon.colcon_core.environment:checking '/home/ethereal/rm_2025/rmul_nav_2025/install/terminal_listener/lib'
[1.207s] Level 1:colcon.colcon_core.environment:checking '/home/ethereal/rm_2025/rmul_nav_2025/install/terminal_listener/bin'
[1.207s] Level 1:colcon.colcon_core.environment:checking '/home/ethereal/rm_2025/rmul_nav_2025/install/terminal_listener/lib/pkgconfig/terminal_listener.pc'
[1.207s] Level 1:colcon.colcon_core.environment:checking '/home/ethereal/rm_2025/rmul_nav_2025/install/terminal_listener/lib/python3.10/site-packages'
[1.207s] Level 1:colcon.colcon_core.environment:checking '/home/ethereal/rm_2025/rmul_nav_2025/install/terminal_listener/bin'
[1.207s] INFO:colcon.colcon_core.shell:Creating package script '/home/ethereal/rm_2025/rmul_nav_2025/install/terminal_listener/share/terminal_listener/package.ps1'
[1.208s] INFO:colcon.colcon_core.shell:Creating package descriptor '/home/ethereal/rm_2025/rmul_nav_2025/install/terminal_listener/share/terminal_listener/package.dsv'
[1.208s] INFO:colcon.colcon_core.shell:Creating package script '/home/ethereal/rm_2025/rmul_nav_2025/install/terminal_listener/share/terminal_listener/package.sh'
[1.208s] INFO:colcon.colcon_core.shell:Creating package script '/home/ethereal/rm_2025/rmul_nav_2025/install/terminal_listener/share/terminal_listener/package.bash'
[1.209s] INFO:colcon.colcon_core.shell:Creating package script '/home/ethereal/rm_2025/rmul_nav_2025/install/terminal_listener/share/terminal_listener/package.zsh'
[1.209s] Level 1:colcon.colcon_core.environment:create_file_with_runtime_dependencies(/home/ethereal/rm_2025/rmul_nav_2025/install/terminal_listener/share/colcon-core/packages/terminal_listener)
[1.211s] DEBUG:colcon.colcon_core.event_handler.log_command:Invoked command in '/home/ethereal/rm_2025/rmul_nav_2025/build/navigator' returned '0': AMENT_PREFIX_PATH=/home/ethereal/rm_2025/rmul_nav_2025/install/navigator_interfaces:${AMENT_PREFIX_PATH} CMAKE_PREFIX_PATH=/home/ethereal/rm_2025/rmul_nav_2025/install/navigator_interfaces:/opt/ros/humble LD_LIBRARY_PATH=/home/ethereal/rm_2025/rmul_nav_2025/install/navigator_interfaces/lib:${LD_LIBRARY_PATH} PS1=\[\e[1;32m\]\u@\h\[\e[0m\]:\[\e[1;34m\]\w\[\e[0m\]\$ PYTHONPATH=/home/ethereal/rm_2025/rmul_nav_2025/install/navigator_interfaces/local/lib/python3.10/dist-packages:${PYTHONPATH} /usr/bin/cmake --build /home/ethereal/rm_2025/rmul_nav_2025/build/navigator -- -j20 -l20
[1.213s] DEBUG:colcon.colcon_core.event_handler.log_command:Invoking command in '/home/ethereal/rm_2025/rmul_nav_2025/build/navigator': AMENT_PREFIX_PATH=/home/ethereal/rm_2025/rmul_nav_2025/install/navigator_interfaces:${AMENT_PREFIX_PATH} CMAKE_PREFIX_PATH=/home/ethereal/rm_2025/rmul_nav_2025/install/navigator_interfaces:/opt/ros/humble LD_LIBRARY_PATH=/home/ethereal/rm_2025/rmul_nav_2025/install/navigator_interfaces/lib:${LD_LIBRARY_PATH} PS1=\[\e[1;32m\]\u@\h\[\e[0m\]:\[\e[1;34m\]\w\[\e[0m\]\$ PYTHONPATH=/home/ethereal/rm_2025/rmul_nav_2025/install/navigator_interfaces/local/lib/python3.10/dist-packages:${PYTHONPATH} /usr/bin/cmake --install /home/ethereal/rm_2025/rmul_nav_2025/build/navigator
[1.225s] Level 1:colcon.colcon_core.environment:create_environment_scripts_only(navigator)
[1.226s] Level 1:colcon.colcon_core.environment:checking '/home/ethereal/rm_2025/rmul_nav_2025/install/navigator' for CMake module files
[1.226s] DEBUG:colcon.colcon_core.event_handler.log_command:Invoked command in '/home/ethereal/rm_2025/rmul_nav_2025/build/navigator' returned '0': AMENT_PREFIX_PATH=/home/ethereal/rm_2025/rmul_nav_2025/install/navigator_interfaces:${AMENT_PREFIX_PATH} CMAKE_PREFIX_PATH=/home/ethereal/rm_2025/rmul_nav_2025/install/navigator_interfaces:/opt/ros/humble LD_LIBRARY_PATH=/home/ethereal/rm_2025/rmul_nav_2025/install/navigator_interfaces/lib:${LD_LIBRARY_PATH} PS1=\[\e[1;32m\]\u@\h\[\e[0m\]:\[\e[1;34m\]\w\[\e[0m\]\$ PYTHONPATH=/home/ethereal/rm_2025/rmul_nav_2025/install/navigator_interfaces/local/lib/python3.10/dist-packages:${PYTHONPATH} /usr/bin/cmake --install /home/ethereal/rm_2025/rmul_nav_2025/build/navigator
[1.227s] Level 1:colcon.colcon_core.environment:checking '/home/ethereal/rm_2025/rmul_nav_2025/install/navigator' for CMake config files
[1.227s] Level 1:colcon.colcon_core.shell:create_environment_hook('navigator', 'cmake_prefix_path')
[1.227s] INFO:colcon.colcon_core.shell:Creating environment hook '/home/ethereal/rm_2025/rmul_nav_2025/install/navigator/share/navigator/hook/cmake_prefix_path.ps1'
[1.227s] INFO:colcon.colcon_core.shell:Creating environment descriptor '/home/ethereal/rm_2025/rmul_nav_2025/install/navigator/share/navigator/hook/cmake_prefix_path.dsv'
[1.228s] INFO:colcon.colcon_core.shell:Creating environment hook '/home/ethereal/rm_2025/rmul_nav_2025/install/navigator/share/navigator/hook/cmake_prefix_path.sh'
[1.228s] Level 1:colcon.colcon_core.environment:checking '/home/ethereal/rm_2025/rmul_nav_2025/install/navigator/lib'
[1.228s] Level 1:colcon.colcon_core.shell:create_environment_hook('navigator', 'ld_library_path_lib')
[1.228s] INFO:colcon.colcon_core.shell:Creating environment hook '/home/ethereal/rm_2025/rmul_nav_2025/install/navigator/share/navigator/hook/ld_library_path_lib.ps1'
[1.229s] INFO:colcon.colcon_core.shell:Creating environment descriptor '/home/ethereal/rm_2025/rmul_nav_2025/install/navigator/share/navigator/hook/ld_library_path_lib.dsv'
[1.229s] INFO:colcon.colcon_core.shell:Creating environment hook '/home/ethereal/rm_2025/rmul_nav_2025/install/navigator/share/navigator/hook/ld_library_path_lib.sh'
[1.229s] Level 1:colcon.colcon_core.environment:checking '/home/ethereal/rm_2025/rmul_nav_2025/install/navigator/bin'
[1.229s] Level 1:colcon.colcon_core.environment:checking '/home/ethereal/rm_2025/rmul_nav_2025/install/navigator/lib/pkgconfig/navigator.pc'
[1.229s] Level 1:colcon.colcon_core.environment:checking '/home/ethereal/rm_2025/rmul_nav_2025/install/navigator/lib/python3.10/site-packages'
[1.230s] Level 1:colcon.colcon_core.environment:checking '/home/ethereal/rm_2025/rmul_nav_2025/install/navigator/bin'
[1.230s] INFO:colcon.colcon_core.shell:Creating package script '/home/ethereal/rm_2025/rmul_nav_2025/install/navigator/share/navigator/package.ps1'
[1.230s] INFO:colcon.colcon_core.shell:Creating package descriptor '/home/ethereal/rm_2025/rmul_nav_2025/install/navigator/share/navigator/package.dsv'
[1.230s] INFO:colcon.colcon_core.shell:Creating package script '/home/ethereal/rm_2025/rmul_nav_2025/install/navigator/share/navigator/package.sh'
[1.231s] INFO:colcon.colcon_core.shell:Creating package script '/home/ethereal/rm_2025/rmul_nav_2025/install/navigator/share/navigator/package.bash'
[1.231s] INFO:colcon.colcon_core.shell:Creating package script '/home/ethereal/rm_2025/rmul_nav_2025/install/navigator/share/navigator/package.zsh'
[1.231s] Level 1:colcon.colcon_core.environment:create_file_with_runtime_dependencies(/home/ethereal/rm_2025/rmul_nav_2025/install/navigator/share/colcon-core/packages/navigator)
[1.232s] Level 1:colcon.colcon_core.environment:create_environment_scripts_only(navigator)
[1.232s] Level 1:colcon.colcon_core.environment:checking '/home/ethereal/rm_2025/rmul_nav_2025/install/navigator' for CMake module files
[1.233s] Level 1:colcon.colcon_core.environment:checking '/home/ethereal/rm_2025/rmul_nav_2025/install/navigator' for CMake config files
[1.233s] Level 1:colcon.colcon_core.shell:create_environment_hook('navigator', 'cmake_prefix_path')
[1.233s] INFO:colcon.colcon_core.shell:Creating environment hook '/home/ethereal/rm_2025/rmul_nav_2025/install/navigator/share/navigator/hook/cmake_prefix_path.ps1'
[1.233s] INFO:colcon.colcon_core.shell:Creating environment descriptor '/home/ethereal/rm_2025/rmul_nav_2025/install/navigator/share/navigator/hook/cmake_prefix_path.dsv'
[1.233s] INFO:colcon.colcon_core.shell:Creating environment hook '/home/ethereal/rm_2025/rmul_nav_2025/install/navigator/share/navigator/hook/cmake_prefix_path.sh'
[1.234s] Level 1:colcon.colcon_core.environment:checking '/home/ethereal/rm_2025/rmul_nav_2025/install/navigator/lib'
[1.234s] Level 1:colcon.colcon_core.shell:create_environment_hook('navigator', 'ld_library_path_lib')
[1.234s] INFO:colcon.colcon_core.shell:Creating environment hook '/home/ethereal/rm_2025/rmul_nav_2025/install/navigator/share/navigator/hook/ld_library_path_lib.ps1'
[1.234s] INFO:colcon.colcon_core.shell:Creating environment descriptor '/home/ethereal/rm_2025/rmul_nav_2025/install/navigator/share/navigator/hook/ld_library_path_lib.dsv'
[1.234s] INFO:colcon.colcon_core.shell:Creating environment hook '/home/ethereal/rm_2025/rmul_nav_2025/install/navigator/share/navigator/hook/ld_library_path_lib.sh'
[1.235s] Level 1:colcon.colcon_core.environment:checking '/home/ethereal/rm_2025/rmul_nav_2025/install/navigator/bin'
[1.235s] Level 1:colcon.colcon_core.environment:checking '/home/ethereal/rm_2025/rmul_nav_2025/install/navigator/lib/pkgconfig/navigator.pc'
[1.235s] Level 1:colcon.colcon_core.environment:checking '/home/ethereal/rm_2025/rmul_nav_2025/install/navigator/lib/python3.10/site-packages'
[1.235s] Level 1:colcon.colcon_core.environment:checking '/home/ethereal/rm_2025/rmul_nav_2025/install/navigator/bin'
[1.235s] INFO:colcon.colcon_core.shell:Creating package script '/home/ethereal/rm_2025/rmul_nav_2025/install/navigator/share/navigator/package.ps1'
[1.236s] INFO:colcon.colcon_core.shell:Creating package descriptor '/home/ethereal/rm_2025/rmul_nav_2025/install/navigator/share/navigator/package.dsv'
[1.236s] INFO:colcon.colcon_core.shell:Creating package script '/home/ethereal/rm_2025/rmul_nav_2025/install/navigator/share/navigator/package.sh'
[1.236s] INFO:colcon.colcon_core.shell:Creating package script '/home/ethereal/rm_2025/rmul_nav_2025/install/navigator/share/navigator/package.bash'
[1.237s] INFO:colcon.colcon_core.shell:Creating package script '/home/ethereal/rm_2025/rmul_nav_2025/install/navigator/share/navigator/package.zsh'
[1.237s] Level 1:colcon.colcon_core.environment:create_file_with_runtime_dependencies(/home/ethereal/rm_2025/rmul_nav_2025/install/navigator/share/colcon-core/packages/navigator)
[7.277s] DEBUG:colcon.colcon_core.event_handler.log_command:Invoked command in '/home/ethereal/rm_2025/rmul_nav_2025/build/rmul_decision' returned '2': AMENT_PREFIX_PATH=/home/ethereal/rm_2025/rmul_nav_2025/install/pb_rm_interfaces:/home/ethereal/rm_2025/rmul_nav_2025/install/navigator_interfaces:${AMENT_PREFIX_PATH} CMAKE_PREFIX_PATH=/home/ethereal/rm_2025/rmul_nav_2025/install/pb_rm_interfaces:/home/ethereal/rm_2025/rmul_nav_2025/install/navigator_interfaces:/opt/ros/humble LD_LIBRARY_PATH=/home/ethereal/rm_2025/rmul_nav_2025/install/pb_rm_interfaces/lib:/home/ethereal/rm_2025/rmul_nav_2025/install/navigator_interfaces/lib:${LD_LIBRARY_PATH} PS1=\[\e[1;32m\]\u@\h\[\e[0m\]:\[\e[1;34m\]\w\[\e[0m\]\$ PYTHONPATH=/home/ethereal/rm_2025/rmul_nav_2025/install/pb_rm_interfaces/local/lib/python3.10/dist-packages:/home/ethereal/rm_2025/rmul_nav_2025/install/navigator_interfaces/local/lib/python3.10/dist-packages:${PYTHONPATH} /usr/bin/cmake --build /home/ethereal/rm_2025/rmul_nav_2025/build/rmul_decision -- -j20 -l20
[7.278s] Level 1:colcon.colcon_core.environment:create_environment_scripts_only(rmul_decision)
[7.278s] Level 1:colcon.colcon_core.environment:checking '/home/ethereal/rm_2025/rmul_nav_2025/install/rmul_decision' for CMake module files
[7.278s] Level 1:colcon.colcon_core.environment:checking '/home/ethereal/rm_2025/rmul_nav_2025/install/rmul_decision' for CMake config files
[7.278s] Level 1:colcon.colcon_core.shell:create_environment_hook('rmul_decision', 'cmake_prefix_path')
[7.279s] INFO:colcon.colcon_core.shell:Creating environment hook '/home/ethereal/rm_2025/rmul_nav_2025/install/rmul_decision/share/rmul_decision/hook/cmake_prefix_path.ps1'
[7.279s] INFO:colcon.colcon_core.shell:Creating environment descriptor '/home/ethereal/rm_2025/rmul_nav_2025/install/rmul_decision/share/rmul_decision/hook/cmake_prefix_path.dsv'
[7.279s] INFO:colcon.colcon_core.shell:Creating environment hook '/home/ethereal/rm_2025/rmul_nav_2025/install/rmul_decision/share/rmul_decision/hook/cmake_prefix_path.sh'
[7.280s] Level 1:colcon.colcon_core.environment:checking '/home/ethereal/rm_2025/rmul_nav_2025/install/rmul_decision/lib'
[7.280s] Level 1:colcon.colcon_core.shell:create_environment_hook('rmul_decision', 'ld_library_path_lib')
[7.280s] INFO:colcon.colcon_core.shell:Creating environment hook '/home/ethereal/rm_2025/rmul_nav_2025/install/rmul_decision/share/rmul_decision/hook/ld_library_path_lib.ps1'
[7.280s] INFO:colcon.colcon_core.shell:Creating environment descriptor '/home/ethereal/rm_2025/rmul_nav_2025/install/rmul_decision/share/rmul_decision/hook/ld_library_path_lib.dsv'
[7.280s] INFO:colcon.colcon_core.shell:Creating environment hook '/home/ethereal/rm_2025/rmul_nav_2025/install/rmul_decision/share/rmul_decision/hook/ld_library_path_lib.sh'
[7.281s] Level 1:colcon.colcon_core.environment:checking '/home/ethereal/rm_2025/rmul_nav_2025/install/rmul_decision/bin'
[7.281s] Level 1:colcon.colcon_core.environment:checking '/home/ethereal/rm_2025/rmul_nav_2025/install/rmul_decision/lib/pkgconfig/rmul_decision.pc'
[7.281s] Level 1:colcon.colcon_core.environment:checking '/home/ethereal/rm_2025/rmul_nav_2025/install/rmul_decision/lib/python3.10/site-packages'
[7.281s] Level 1:colcon.colcon_core.environment:checking '/home/ethereal/rm_2025/rmul_nav_2025/install/rmul_decision/bin'
[7.281s] INFO:colcon.colcon_core.shell:Creating package script '/home/ethereal/rm_2025/rmul_nav_2025/install/rmul_decision/share/rmul_decision/package.ps1'
[7.282s] INFO:colcon.colcon_core.shell:Creating package descriptor '/home/ethereal/rm_2025/rmul_nav_2025/install/rmul_decision/share/rmul_decision/package.dsv'
[7.282s] INFO:colcon.colcon_core.shell:Creating package script '/home/ethereal/rm_2025/rmul_nav_2025/install/rmul_decision/share/rmul_decision/package.sh'
[7.282s] INFO:colcon.colcon_core.shell:Creating package script '/home/ethereal/rm_2025/rmul_nav_2025/install/rmul_decision/share/rmul_decision/package.bash'
[7.282s] INFO:colcon.colcon_core.shell:Creating package script '/home/ethereal/rm_2025/rmul_nav_2025/install/rmul_decision/share/rmul_decision/package.zsh'
[7.283s] Level 1:colcon.colcon_core.environment:create_file_with_runtime_dependencies(/home/ethereal/rm_2025/rmul_nav_2025/install/rmul_decision/share/colcon-core/packages/rmul_decision)
[7.293s] DEBUG:colcon.colcon_parallel_executor.executor.parallel:closing loop
[7.294s] DEBUG:colcon.colcon_parallel_executor.executor.parallel:loop closed
[7.294s] DEBUG:colcon.colcon_parallel_executor.executor.parallel:run_until_complete finished with '2'
[7.294s] DEBUG:colcon.colcon_core.event_reactor:joining thread
[7.305s] INFO:colcon.colcon_core.plugin_system:Skipping extension 'colcon_notification.desktop_notification.notify_send': Could not find 'notify-send'
[7.305s] INFO:colcon.colcon_core.plugin_system:Skipping extension 'colcon_notification.desktop_notification.terminal_notifier': Not used on non-Darwin systems
[7.305s] INFO:colcon.colcon_core.plugin_system:Skipping extension 'colcon_notification.desktop_notification.win32': Not used on non-Windows systems
[7.305s] INFO:colcon.colcon_notification.desktop_notification:Sending desktop notification using 'notify2'
[7.305s] DEBUG:colcon.colcon_notification.desktop_notification.notify2:Failed to initialize notify2: org.freedesktop.DBus.Error.NotSupported: Unable to autolaunch a dbus-daemon without a $DISPLAY for X11
[7.305s] DEBUG:colcon.colcon_core.event_reactor:joined thread
[7.305s] INFO:colcon.colcon_core.shell:Creating prefix script '/home/ethereal/rm_2025/rmul_nav_2025/install/local_setup.ps1'
[7.306s] INFO:colcon.colcon_core.shell:Creating prefix util module '/home/ethereal/rm_2025/rmul_nav_2025/install/_local_setup_util_ps1.py'
[7.308s] INFO:colcon.colcon_core.shell:Creating prefix chain script '/home/ethereal/rm_2025/rmul_nav_2025/install/setup.ps1'
[7.309s] INFO:colcon.colcon_core.shell:Creating prefix script '/home/ethereal/rm_2025/rmul_nav_2025/install/local_setup.sh'
[7.310s] INFO:colcon.colcon_core.shell:Creating prefix util module '/home/ethereal/rm_2025/rmul_nav_2025/install/_local_setup_util_sh.py'
[7.311s] INFO:colcon.colcon_core.shell:Creating prefix chain script '/home/ethereal/rm_2025/rmul_nav_2025/install/setup.sh'
[7.312s] INFO:colcon.colcon_core.shell:Creating prefix script '/home/ethereal/rm_2025/rmul_nav_2025/install/local_setup.bash'
[7.313s] INFO:colcon.colcon_core.shell:Creating prefix chain script '/home/ethereal/rm_2025/rmul_nav_2025/install/setup.bash'
[7.314s] INFO:colcon.colcon_core.shell:Creating prefix script '/home/ethereal/rm_2025/rmul_nav_2025/install/local_setup.zsh'
[7.316s] INFO:colcon.colcon_core.shell:Creating prefix chain script '/home/ethereal/rm_2025/rmul_nav_2025/install/setup.zsh'
